nohup: ignoring input
usage: evaluate_nonrepeated.py [-h] [--batch_size BATCH_SIZE]
                               [--data_dir DATA_DIR]
                               [--dataset {cifar10,cifar100}]
                               [--epochs EPOCHS]
                               [--network {ResNet18,WideResNet34}]
                               [--worker WORKER]
                               [--lr_schedule {cyclic,multistep,cosine}]
                               [--lr_min LR_MIN] [--lr_max LR_MAX]
                               [--weight_decay WEIGHT_DECAY]
                               [--momentum MOMENTUM] [--none_random_training]
                               [--rand_deform_training]
                               [--randpos_deform_training]
                               [--randpos_multi_deform_training]
                               [--is_n_repeat] [--reNum RENUM]
                               [--only_adv_randpos_training]
                               [--rand_path_training] [--epsilon EPSILON]
                               [--alpha ALPHA] [--c C] [--steps STEPS]
                               [--seed SEED] [--attack_iters ATTACK_ITERS]
                               [--restarts RESTARTS] [--save_dir SAVE_DIR]
                               [--pretrain PRETRAIN] [--continue_training]
                               [--lb LB] [--pos POS] [--eot]
                               [--bapp_iterations BAPP_ITERATIONS]
                               [--bapp_stepsize {adaptive,geometric_progression}]
                               [--bapp_max_evals BAPP_MAX_EVALS]
                               [--bapp_initial_evals BAPP_INITIAL_EVALS]
                               [--hang] [--device DEVICE]
evaluate_nonrepeated.py: error: unrecognized arguments: --
