nohup: ignoring input
wandb: Currently logged in as: xuanzhu_07 (xuanzhu_07-university-of-sydney). Use `wandb login --relogin` to force relogin
wandb: - Waiting for wandb.init()...
wandb: \ Waiting for wandb.init()...
wandb: | Waiting for wandb.init()...
wandb: wandb version 0.18.7 is available!  To upgrade, please run:
wandb:  $ pip install wandb --upgrade
wandb: Tracking run with wandb version 0.17.5
wandb: Run data is saved locally in /home/yxma/hzx/hzx/rand_defence/wandb/run-20241120_143009-aqpdk3rp
wandb: Run `wandb offline` to turn off syncing.
wandb: Syncing run vivid-paper-18
wandb: ⭐️ View project at https://wandb.ai/xuanzhu_07-university-of-sydney/-Test-boundary
wandb: 🚀 View run at https://wandb.ai/xuanzhu_07-university-of-sydney/-Test-boundary/runs/aqpdk3rp
[2024/11/20 14:30:14] - Namespace(batch_size=128, data_dir='~/datasets/CIFAR10/', dataset='cifar10', epochs=200, network='ResNet18', worker=4, lr_schedule='multistep', lr_min=0.0, lr_max=0.1, weight_decay=0.0005, momentum=0.9, none_random_training=True, rand_deform_training=False, randpos_deform_training=True, randpos_multi_deform_training=False, is_n_repeat=False, reNum=5, only_adv_randpos_training=False, rand_path_training=False, epsilon=8, alpha=2, c=0.0001, steps=1000, seed=0, attack_iters=20, restarts=1, save_dir='logs/ResNet18_DeformableConvolution', pretrain='/home/yxma/hzx/hzx/rand_defence/ckpt/cifar10/ResNet18/ckpt/model_20241119172159.pth', continue_training=False, lb=2048, pos=0, eot=False, hang=False, device=0)
[2024/11/20 14:30:14] - Dataset: cifar10
[2024/11/20 14:30:19] - Evaluating with standard images with random mask...
Process ID: 934678
Pretrain model path: /home/yxma/hzx/hzx/rand_defence/ckpt/cifar10/ResNet18/ckpt/model_20241119172159.pth
Does pretrain model path exist? True
Files already downloaded and verified
Files already downloaded and verified
ResNetPartmask5(
  (conv1): Conv2d(3, 64, kernel_size=(3, 3), stride=(1, 1), padding=(1, 1), bias=False)
  (bn1): BatchNorm2d(64, eps=1e-05, momentum=0.1, affine=True, track_running_stats=True)
  (layer1): ModuleList(
    (0): RandonBasicBlock045(
      (bn1): BatchNorm2d(64, eps=1e-05, momentum=0.1, affine=True, track_running_stats=True)
      (conv1): MaskedConv2d(64, 64, kernel_size=(5, 5), stride=(1, 1), padding=(2, 2), bias=False)
      (bn2): BatchNorm2d(64, eps=1e-05, momentum=0.1, affine=True, track_running_stats=True)
      (conv2): Conv2d(64, 64, kernel_size=(3, 3), stride=(1, 1), padding=(1, 1), bias=False)
      (shortcut): Sequential()
    )
  )
  (layer11): ModuleList(
    (0): BasicBlock(
      (bn1): BatchNorm2d(64, eps=1e-05, momentum=0.1, affine=True, track_running_stats=True)
      (conv1): Conv2d(64, 64, kernel_size=(3, 3), stride=(1, 1), padding=(1, 1), bias=False)
      (bn2): BatchNorm2d(64, eps=1e-05, momentum=0.1, affine=True, track_running_stats=True)
      (conv2): Conv2d(64, 64, kernel_size=(3, 3), stride=(1, 1), padding=(1, 1), bias=False)
      (shortcut): Sequential()
    )
  )
  (layer2): ModuleList(
    (0): BasicBlock(
      (bn1): BatchNorm2d(128, eps=1e-05, momentum=0.1, affine=True, track_running_stats=True)
      (conv1): Conv2d(64, 128, kernel_size=(3, 3), stride=(2, 2), padding=(1, 1), bias=False)
      (bn2): BatchNorm2d(128, eps=1e-05, momentum=0.1, affine=True, track_running_stats=True)
      (conv2): Conv2d(128, 128, kernel_size=(3, 3), stride=(1, 1), padding=(1, 1), bias=False)
      (shortcut): Sequential(
        (0): Conv2d(64, 128, kernel_size=(1, 1), stride=(2, 2), bias=False)
        (1): BatchNorm2d(128, eps=1e-05, momentum=0.1, affine=True, track_running_stats=True)
      )
    )
    (1): BasicBlock(
      (bn1): BatchNorm2d(128, eps=1e-05, momentum=0.1, affine=True, track_running_stats=True)
      (conv1): Conv2d(128, 128, kernel_size=(3, 3), stride=(1, 1), padding=(1, 1), bias=False)
      (bn2): BatchNorm2d(128, eps=1e-05, momentum=0.1, affine=True, track_running_stats=True)
      (conv2): Conv2d(128, 128, kernel_size=(3, 3), stride=(1, 1), padding=(1, 1), bias=False)
      (shortcut): Sequential()
    )
  )
  (layer3): ModuleList(
    (0): BasicBlock(
      (bn1): BatchNorm2d(256, eps=1e-05, momentum=0.1, affine=True, track_running_stats=True)
      (conv1): Conv2d(128, 256, kernel_size=(3, 3), stride=(2, 2), padding=(1, 1), bias=False)
      (bn2): BatchNorm2d(256, eps=1e-05, momentum=0.1, affine=True, track_running_stats=True)
      (conv2): Conv2d(256, 256, kernel_size=(3, 3), stride=(1, 1), padding=(1, 1), bias=False)
      (shortcut): Sequential(
        (0): Conv2d(128, 256, kernel_size=(1, 1), stride=(2, 2), bias=False)
        (1): BatchNorm2d(256, eps=1e-05, momentum=0.1, affine=True, track_running_stats=True)
      )
    )
    (1): BasicBlock(
      (bn1): BatchNorm2d(256, eps=1e-05, momentum=0.1, affine=True, track_running_stats=True)
      (conv1): Conv2d(256, 256, kernel_size=(3, 3), stride=(1, 1), padding=(1, 1), bias=False)
      (bn2): BatchNorm2d(256, eps=1e-05, momentum=0.1, affine=True, track_running_stats=True)
      (conv2): Conv2d(256, 256, kernel_size=(3, 3), stride=(1, 1), padding=(1, 1), bias=False)
      (shortcut): Sequential()
    )
  )
  (layer4): ModuleList(
    (0): BasicBlock(
      (bn1): BatchNorm2d(512, eps=1e-05, momentum=0.1, affine=True, track_running_stats=True)
      (conv1): Conv2d(256, 512, kernel_size=(3, 3), stride=(2, 2), padding=(1, 1), bias=False)
      (bn2): BatchNorm2d(512, eps=1e-05, momentum=0.1, affine=True, track_running_stats=True)
      (conv2): Conv2d(512, 512, kernel_size=(3, 3), stride=(1, 1), padding=(1, 1), bias=False)
      (shortcut): Sequential(
        (0): Conv2d(256, 512, kernel_size=(1, 1), stride=(2, 2), bias=False)
        (1): BatchNorm2d(512, eps=1e-05, momentum=0.1, affine=True, track_running_stats=True)
      )
    )
    (1): BasicBlock(
      (bn1): BatchNorm2d(512, eps=1e-05, momentum=0.1, affine=True, track_running_stats=True)
      (conv1): Conv2d(512, 512, kernel_size=(3, 3), stride=(1, 1), padding=(1, 1), bias=False)
      (bn2): BatchNorm2d(512, eps=1e-05, momentum=0.1, affine=True, track_running_stats=True)
      (conv2): Conv2d(512, 512, kernel_size=(3, 3), stride=(1, 1), padding=(1, 1), bias=False)
      (shortcut): Sequential()
    )
  )
  (linear): Linear(in_features=512, out_features=10, bias=True)
  (normalize): NormalizeByChannelMeanStd(mean=tensor([0.4914, 0.4822, 0.4465], device='cuda:0'), std=tensor([0.2471, 0.2435, 0.2616], device='cuda:0'))
)
Different keys:
normalize.mean
normalize.std
Nature:
[2024/11/20 14:30:31] - Evaluating with standard images with random mask...
tensor([[[[0., 1., 0., 1., 0.],
          [0., 0., 0., 1., 0.],
          [1., 0., 0., 0., 0.],
          [1., 0., 0., 0., 0.],
          [0., 0., 0., 0., 1.]]],


        [[[0., 1., 0., 1., 0.],
          [0., 0., 0., 1., 0.],
          [1., 0., 0., 0., 0.],
          [1., 0., 0., 0., 0.],
          [0., 0., 0., 0., 1.]]],


        [[[0., 1., 0., 1., 0.],
          [0., 0., 0., 1., 0.],
          [1., 0., 0., 0., 0.],
          [1., 0., 0., 0., 0.],
          [0., 0., 0., 0., 1.]]],


        ...,


        [[[0., 1., 0., 1., 0.],
          [0., 0., 0., 1., 0.],
          [1., 0., 0., 0., 0.],
          [1., 0., 0., 0., 0.],
          [0., 0., 0., 0., 1.]]],


        [[[0., 1., 0., 1., 0.],
          [0., 0., 0., 1., 0.],
          [1., 0., 0., 0., 0.],
          [1., 0., 0., 0., 0.],
          [0., 0., 0., 0., 1.]]],


        [[[0., 1., 0., 1., 0.],
          [0., 0., 0., 1., 0.],
          [1., 0., 0., 0., 0.],
          [1., 0., 0., 0., 0.],
          [0., 0., 0., 0., 1.]]]], device='cuda:0')
[2024/11/20 14:30:34] - Evaluating with standard images with random mask...
[2024/11/20 14:30:37] - Evaluating with standard images with random mask...
[2024/11/20 14:30:40] - Evaluating with standard images with random mask...
[2024/11/20 14:30:43] - Nature Acc Mean: 0.8654, Std: 0.0007
PGD attacking

[00:00<?,?it/s]
[00:00<01:17, 1.01it/s]
[00:01<01:15, 1.01it/s]
[00:02<01:14, 1.02it/s]
[00:03<01:13, 1.02it/s]
[00:04<01:12, 1.02it/s]
[00:05<01:11, 1.02it/s]
[00:06<01:10, 1.02it/s]
[00:07<01:09, 1.02it/s]
[00:08<01:08, 1.02it/s]
[00:09<01:07, 1.02it/s]
[00:10<01:06, 1.02it/s]
[00:11<01:05, 1.02it/s]
[00:12<01:05, 1.01it/s]
[00:13<01:03, 1.02it/s]
[00:14<01:02, 1.02it/s]
[00:15<01:02, 1.02it/s]
[00:16<01:01, 1.02it/s]
[00:17<01:00, 1.01it/s]
[00:18<00:59, 1.02it/s]
[00:19<00:58, 1.01it/s]
[00:20<00:57, 1.02it/s]
[00:21<00:56, 1.02it/s]
[00:22<00:55, 1.02it/s]
[00:23<00:54, 1.02it/s]
[00:24<00:52, 1.04it/s]
[00:25<00:51, 1.03it/s]
[00:26<00:50, 1.03it/s]
[00:27<00:49, 1.03it/s]
[00:28<00:48, 1.02it/s]
[00:29<00:48, 1.02it/s]
[00:30<00:47, 1.02it/s]
[00:31<00:46, 1.02it/s]
[00:32<00:45, 1.02it/s]
[00:33<00:44, 1.02it/s]
[00:34<00:43, 1.02it/s]
[00:35<00:42, 1.02it/s]
[00:36<00:41, 1.02it/s]
[00:37<00:40, 1.02it/s]
[00:38<00:39, 1.02it/s]
[00:39<00:38, 1.02it/s]
[00:40<00:37, 1.02it/s]
[00:41<00:36, 1.02it/s]
[00:42<00:34, 1.04it/s]
[00:43<00:33, 1.03it/s]
[00:44<00:33, 1.03it/s]
[00:45<00:32, 1.03it/s]
[00:46<00:31, 1.02it/s]
[00:47<00:30, 1.02it/s]
[00:48<00:29, 1.02it/s]
[00:49<00:28, 1.02it/s]
[00:50<00:27, 1.02it/s]
[00:50<00:26, 1.02it/s]
[00:51<00:25, 1.02it/s]
[00:52<00:24, 1.02it/s]
[00:53<00:23, 1.02it/s]
[00:54<00:22, 1.02it/s]
[00:55<00:21, 1.01it/s]
[00:56<00:20, 1.02it/s]
[00:57<00:19, 1.02it/s]
[00:58<00:18, 1.02it/s]
[00:59<00:17, 1.02it/s]
[01:00<00:16, 1.01it/s]
[01:01<00:15, 1.02it/s]
[01:02<00:14, 1.02it/s]
[01:03<00:13, 1.02it/s]
[01:04<00:12, 1.02it/s]
[01:05<00:11, 1.02it/s]
[01:06<00:10, 1.02it/s]
[01:07<00:09, 1.02it/s]
[01:08<00:08, 1.02it/s]
[01:09<00:07, 1.02it/s]
[01:10<00:06, 1.02it/s]
[01:11<00:05, 1.02it/s]
[01:12<00:04, 1.02it/s]
[01:13<00:03, 1.02it/s]
[01:14<00:02, 1.02it/s]
[01:15<00:01, 1.02it/s]
[01:16<00:00, 1.02it/s]
[01:16<00:00, 1.32it/s]
[01:16<00:00, 1.03it/s][2024/11/20 14:32:00] - pgd - Run 79: Accuracy: 0.4800


[00:00<?,?it/s]
[00:00<01:16, 1.02it/s]
[00:01<01:15, 1.02it/s]
[00:02<01:14, 1.02it/s]
[00:03<01:13, 1.02it/s]
[00:04<01:12, 1.02it/s]
[00:05<01:11, 1.02it/s]
[00:06<01:10, 1.02it/s]
[00:07<01:09, 1.02it/s]
[00:08<01:08, 1.02it/s]
[00:09<01:07, 1.02it/s]
[00:10<01:06, 1.02it/s]
[00:11<01:05, 1.02it/s]
[00:12<01:04, 1.02it/s]
[00:13<01:03, 1.02it/s]
[00:14<01:02, 1.02it/s]
[00:15<01:02, 1.02it/s]
[00:16<01:00, 1.02it/s]
[00:17<01:00, 1.02it/s]
[00:18<00:58, 1.02it/s]
[00:19<00:57, 1.02it/s]
[00:20<00:56, 1.02it/s]
[00:21<00:55, 1.02it/s]
[00:22<00:54, 1.02it/s]
[00:23<00:54, 1.02it/s]
[00:24<00:51, 1.04it/s]
[00:25<00:51, 1.03it/s]
[00:26<00:50, 1.03it/s]
[00:27<00:49, 1.03it/s]
[00:28<00:48, 1.02it/s]
[00:29<00:47, 1.02it/s]
[00:30<00:47, 1.02it/s]
[00:31<00:46, 1.02it/s]
[00:32<00:45, 1.02it/s]
[00:33<00:44, 1.02it/s]
[00:34<00:43, 1.02it/s]
[00:35<00:42, 1.02it/s]
[00:36<00:41, 1.02it/s]
[00:37<00:40, 1.02it/s]
[00:38<00:39, 1.02it/s]
[00:39<00:38, 1.02it/s]
[00:40<00:37, 1.02it/s]
[00:41<00:36, 1.02it/s]
[00:42<00:35, 1.02it/s]
[00:43<00:34, 1.02it/s]
[00:44<00:32, 1.03it/s]
[00:45<00:32, 1.03it/s]
[00:46<00:31, 1.03it/s]
[00:47<00:30, 1.02it/s]
[00:48<00:29, 1.02it/s]
[00:49<00:28, 1.02it/s]
[00:50<00:27, 1.02it/s]
[00:50<00:26, 1.02it/s]
[00:51<00:25, 1.02it/s]
[00:52<00:24, 1.02it/s]
[00:53<00:23, 1.02it/s]
[00:54<00:22, 1.02it/s]
[00:55<00:21, 1.02it/s]
[00:56<00:20, 1.02it/s]
[00:57<00:19, 1.02it/s]
[00:58<00:18, 1.02it/s]
[00:59<00:17, 1.02it/s]
[01:00<00:16, 1.02it/s]
[01:01<00:15, 1.02it/s]
[01:02<00:14, 1.02it/s]
[01:03<00:13, 1.02it/s]
[01:04<00:12, 1.02it/s]
[01:05<00:11, 1.02it/s]
[01:06<00:10, 1.02it/s]
[01:07<00:09, 1.02it/s]
[01:08<00:08, 1.02it/s]
[01:09<00:07, 1.02it/s]
[01:10<00:06, 1.02it/s]
[01:11<00:05, 1.02it/s]
[01:12<00:04, 1.02it/s]
[01:13<00:03, 1.02it/s]
[01:14<00:02, 1.02it/s]
[01:15<00:01, 1.02it/s]
[01:16<00:00, 1.02it/s]
[01:16<00:00, 1.33it/s]
[01:16<00:00, 1.03it/s][2024/11/20 14:33:17] - pgd - Run 79: Accuracy: 0.5076


[00:00<?,?it/s]
[00:00<01:16, 1.02it/s]
[00:01<01:15, 1.03it/s]
[00:02<01:14, 1.02it/s]
[00:03<01:13, 1.02it/s]
[00:04<01:12, 1.02it/s]
[00:05<01:11, 1.01it/s]
[00:06<01:10, 1.02it/s]
[00:07<01:09, 1.02it/s]
[00:08<01:08, 1.02it/s]
[00:09<01:07, 1.02it/s]
[00:10<01:06, 1.02it/s]
[00:11<01:05, 1.02it/s]
[00:12<01:04, 1.02it/s]
[00:13<01:03, 1.02it/s]
[00:14<01:02, 1.02it/s]
[00:15<01:01, 1.02it/s]
[00:16<01:01, 1.02it/s]
[00:17<01:00, 1.02it/s]
[00:18<00:59, 1.02it/s]
[00:19<00:57, 1.02it/s]
[00:20<00:56, 1.02it/s]
[00:21<00:56, 1.02it/s]
[00:22<00:55, 1.02it/s]
[00:23<00:54, 1.02it/s]
[00:24<00:52, 1.03it/s]
[00:25<00:51, 1.03it/s]
[00:26<00:50, 1.03it/s]
[00:27<00:49, 1.02it/s]
[00:28<00:48, 1.02it/s]
[00:29<00:48, 1.02it/s]
[00:30<00:47, 1.02it/s]
[00:31<00:46, 1.02it/s]
[00:32<00:45, 1.02it/s]
[00:33<00:44, 1.02it/s]
[00:34<00:43, 1.02it/s]
[00:35<00:42, 1.02it/s]
[00:36<00:41, 1.02it/s]
[00:37<00:40, 1.02it/s]
[00:38<00:39, 1.02it/s]
[00:39<00:38, 1.02it/s]
[00:40<00:37, 1.02it/s]
[00:41<00:36, 1.02it/s]
[00:42<00:35, 1.02it/s]
[00:43<00:34, 1.02it/s]
[00:44<00:33, 1.02it/s]
[00:45<00:31, 1.03it/s]
[00:46<00:31, 1.03it/s]
[00:47<00:30, 1.03it/s]
[00:48<00:29, 1.02it/s]
[00:49<00:28, 1.02it/s]
[00:50<00:27, 1.02it/s]
[00:50<00:26, 1.02it/s]
[00:51<00:25, 1.02it/s]
[00:52<00:24, 1.02it/s]
[00:53<00:23, 1.02it/s]
[00:54<00:22, 1.02it/s]
[00:55<00:21, 1.02it/s]
[00:56<00:20, 1.02it/s]
[00:57<00:19, 1.02it/s]
[00:58<00:18, 1.02it/s]
[00:59<00:17, 1.02it/s]
[01:00<00:16, 1.01it/s]
[01:01<00:15, 1.01it/s]
[01:02<00:14, 1.01it/s]
[01:03<00:13, 1.01it/s]
[01:04<00:12, 1.01it/s]
[01:05<00:11, 1.01it/s]
[01:06<00:10, 1.01it/s]
[01:07<00:09, 1.02it/s]
[01:08<00:08, 1.02it/s]
[01:09<00:07, 1.02it/s]
[01:10<00:06, 1.02it/s]
[01:11<00:05, 1.02it/s]
[01:12<00:04, 1.02it/s]
[01:13<00:03, 1.02it/s]
[01:14<00:02, 1.02it/s]
[01:15<00:01, 1.02it/s]
[01:16<00:00, 1.02it/s]
[01:16<00:00, 1.32it/s]
[01:16<00:00, 1.03it/s][2024/11/20 14:34:34] - pgd - Run 79: Accuracy: 0.4934


[00:00<?,?it/s]
[00:00<01:16, 1.02it/s]
[00:01<01:15, 1.02it/s]
[00:02<01:14, 1.01it/s]
[00:03<01:14, 1.01it/s]
[00:04<01:13, 1.01it/s]
[00:05<01:11, 1.01it/s]
[00:06<01:11, 1.01it/s]
[00:07<01:10, 1.01it/s]
[00:08<01:09, 1.01it/s]
[00:09<01:07, 1.02it/s]
[00:10<01:06, 1.02it/s]
[00:11<01:05, 1.02it/s]
[00:12<01:04, 1.02it/s]
[00:13<01:03, 1.02it/s]
[00:14<01:02, 1.02it/s]
[00:15<01:01, 1.02it/s]
[00:16<01:00, 1.02it/s]
[00:17<00:59, 1.02it/s]
[00:18<00:59, 1.02it/s]
[00:19<00:57, 1.02it/s]
[00:20<00:57, 1.02it/s]
[00:21<00:55, 1.02it/s]
[00:22<00:54, 1.02it/s]
[00:23<00:53, 1.02it/s]
[00:24<00:52, 1.03it/s]
[00:25<00:51, 1.03it/s]
[00:26<00:50, 1.03it/s]
[00:27<00:49, 1.03it/s]
[00:28<00:48, 1.02it/s]
[00:29<00:48, 1.02it/s]
[00:30<00:47, 1.02it/s]
[00:31<00:46, 1.02it/s]
[00:32<00:45, 1.02it/s]
[00:33<00:44, 1.02it/s]
[00:34<00:43, 1.02it/s]
[00:35<00:42, 1.02it/s]
[00:36<00:41, 1.02it/s]
[00:37<00:40, 1.02it/s]
[00:38<00:39, 1.02it/s]
[00:39<00:38, 1.02it/s]
[00:40<00:37, 1.02it/s]
[00:41<00:36, 1.02it/s]
[00:42<00:35, 1.02it/s]
[00:43<00:34, 1.02it/s]
[00:44<00:33, 1.02it/s]
[00:45<00:32, 1.02it/s]
[00:46<00:31, 1.02it/s]
[00:47<00:29, 1.03it/s]
[00:48<00:29, 1.03it/s]
[00:49<00:28, 1.03it/s]
[00:50<00:27, 1.02it/s]
[00:51<00:26, 1.02it/s]
[00:51<00:25, 1.02it/s]
[00:52<00:24, 1.02it/s]
[00:53<00:23, 1.02it/s]
[00:54<00:22, 1.02it/s]
[00:55<00:21, 1.02it/s]
[00:56<00:20, 1.02it/s]
[00:57<00:19, 1.02it/s]
[00:58<00:18, 1.02it/s]
[00:59<00:17, 1.02it/s]
[01:00<00:16, 1.02it/s]
[01:01<00:15, 1.02it/s]
[01:02<00:14, 1.02it/s]
[01:03<00:13, 1.02it/s]
[01:04<00:12, 1.02it/s]
[01:05<00:11, 1.02it/s]
[01:06<00:10, 1.02it/s]
[01:07<00:09, 1.02it/s]
[01:08<00:08, 1.02it/s]
[01:09<00:07, 1.02it/s]
[01:10<00:06, 1.02it/s]
[01:11<00:05, 1.02it/s]
[01:12<00:04, 1.02it/s]
[01:13<00:03, 1.02it/s]
[01:14<00:02, 1.02it/s]
[01:15<00:01, 1.02it/s]
[01:16<00:00, 1.02it/s]
[01:16<00:00, 1.33it/s]
[01:16<00:00, 1.03it/s][2024/11/20 14:35:51] - pgd - Run 79: Accuracy: 0.5619


[00:00<?,?it/s]
[00:00<01:16, 1.02it/s]
[00:01<01:15, 1.02it/s]
[00:02<01:14, 1.02it/s]
[00:03<01:13, 1.02it/s]
[00:04<01:12, 1.02it/s]
[00:05<01:11, 1.02it/s]
[00:06<01:10, 1.02it/s]
[00:07<01:09, 1.02it/s]
[00:08<01:08, 1.02it/s]
[00:09<01:07, 1.02it/s]
[00:10<01:06, 1.02it/s]
[00:11<01:05, 1.02it/s]
[00:12<01:04, 1.02it/s]
[00:13<01:03, 1.02it/s]
[00:14<01:02, 1.02it/s]
[00:15<01:01, 1.02it/s]
[00:16<01:01, 1.02it/s]
[00:17<01:00, 1.02it/s]
[00:18<00:58, 1.02it/s]
[00:19<00:57, 1.02it/s]
[00:20<00:56, 1.02it/s]
[00:21<00:55, 1.02it/s]
[00:22<00:54, 1.02it/s]
[00:23<00:53, 1.02it/s]
[00:24<00:52, 1.02it/s]
[00:25<00:51, 1.04it/s]
[00:26<00:50, 1.03it/s]
[00:27<00:49, 1.03it/s]
[00:28<00:48, 1.02it/s]
[00:29<00:47, 1.02it/s]
[00:30<00:46, 1.02it/s]
[00:31<00:46, 1.02it/s]
[00:32<00:45, 1.02it/s]
[00:33<00:44, 1.02it/s]
[00:34<00:43, 1.02it/s]
[00:35<00:42, 1.02it/s]
[00:36<00:41, 1.02it/s]
[00:37<00:40, 1.02it/s]
[00:38<00:39, 1.02it/s]
[00:39<00:38, 1.02it/s]
[00:40<00:37, 1.02it/s]
[00:41<00:36, 1.02it/s]
[00:42<00:35, 1.02it/s]
[00:43<00:34, 1.02it/s]
[00:44<00:33, 1.02it/s]
[00:45<00:32, 1.02it/s]
[00:46<00:31, 1.02it/s]
[00:47<00:30, 1.02it/s]
[00:48<00:28, 1.04it/s]
[00:49<00:28, 1.03it/s]
[00:49<00:27, 1.03it/s]
[00:50<00:26, 1.02it/s]
[00:51<00:25, 1.02it/s]
[00:52<00:24, 1.02it/s]
[00:53<00:23, 1.02it/s]
[00:54<00:22, 1.02it/s]
[00:55<00:21, 1.02it/s]
[00:56<00:20, 1.02it/s]
[00:57<00:19, 1.02it/s]
[00:58<00:18, 1.02it/s]
[00:59<00:17, 1.02it/s]
[01:00<00:16, 1.02it/s]
[01:01<00:15, 1.02it/s]
[01:02<00:14, 1.02it/s]
[01:03<00:13, 1.02it/s]
[01:04<00:12, 1.02it/s]
[01:05<00:11, 1.02it/s]
[01:06<00:10, 1.01it/s]
[01:07<00:09, 1.01it/s]
[01:08<00:08, 1.01it/s]
[01:09<00:07, 1.01it/s]
[01:10<00:06, 1.02it/s]
[01:11<00:05, 1.02it/s]
[01:12<00:04, 1.02it/s]
[01:13<00:03, 1.02it/s]
[01:14<00:02, 1.02it/s]
[01:15<00:01, 1.02it/s]
[01:16<00:00, 1.02it/s]
[01:16<00:00, 1.33it/s]
[01:16<00:00, 1.03it/s][2024/11/20 14:37:08] - pgd - Run 79: Accuracy: 0.5743


[00:00<?,?it/s]
[00:00<01:16, 1.02it/s]
[00:01<01:15, 1.02it/s]
[00:02<01:14, 1.02it/s]
[00:03<01:13, 1.02it/s]
[00:04<01:12, 1.02it/s]
[00:05<01:11, 1.02it/s]
[00:06<01:10, 1.02it/s]
[00:07<01:09, 1.02it/s]
[00:08<01:08, 1.02it/s]
[00:09<01:08, 1.01it/s]
[00:10<01:06, 1.02it/s]
[00:11<01:05, 1.02it/s]
[00:12<01:04, 1.02it/s]
[00:13<01:03, 1.02it/s]
[00:14<01:02, 1.02it/s]
[00:15<01:01, 1.02it/s]
[00:16<01:00, 1.02it/s]
[00:17<00:59, 1.02it/s]
[00:18<00:59, 1.02it/s]
[00:19<00:58, 1.02it/s]
[00:20<00:57, 1.02it/s]
[00:21<00:56, 1.02it/s]
[00:22<00:54, 1.02it/s]
[00:23<00:54, 1.02it/s]
[00:24<00:53, 1.02it/s]
[00:25<00:51, 1.04it/s]
[00:26<00:50, 1.03it/s]
[00:27<00:49, 1.03it/s]
[00:28<00:48, 1.02it/s]
[00:29<00:47, 1.02it/s]
[00:30<00:47, 1.02it/s]
[00:31<00:46, 1.02it/s]
[00:32<00:45, 1.02it/s]
[00:33<00:44, 1.02it/s]
[00:34<00:43, 1.02it/s]
[00:35<00:42, 1.02it/s]
[00:36<00:41, 1.02it/s]
[00:37<00:40, 1.02it/s]
[00:38<00:39, 1.02it/s]
[00:39<00:38, 1.02it/s]
[00:40<00:37, 1.02it/s]
[00:41<00:36, 1.02it/s]
[00:42<00:35, 1.02it/s]
[00:43<00:34, 1.02it/s]
[00:44<00:33, 1.02it/s]
[00:45<00:32, 1.02it/s]
[00:46<00:31, 1.02it/s]
[00:47<00:30, 1.02it/s]
[00:48<00:29, 1.02it/s]
[00:49<00:28, 1.02it/s]
[00:50<00:27, 1.03it/s]
[00:51<00:26, 1.03it/s]
[00:51<00:25, 1.02it/s]
[00:52<00:24, 1.02it/s]
[00:53<00:23, 1.02it/s]
[00:54<00:22, 1.02it/s]
[00:55<00:21, 1.02it/s]
[00:56<00:20, 1.02it/s]
[00:57<00:19, 1.02it/s]
[00:58<00:18, 1.02it/s]
[00:59<00:17, 1.02it/s]
[01:00<00:16, 1.02it/s]
[01:01<00:15, 1.02it/s]
[01:02<00:14, 1.02it/s]
[01:03<00:13, 1.02it/s]
[01:04<00:12, 1.02it/s]
[01:05<00:11, 1.02it/s]
[01:06<00:10, 1.02it/s]
[01:07<00:09, 1.02it/s]
[01:08<00:08, 1.02it/s]
[01:09<00:07, 1.02it/s]
[01:10<00:06, 1.02it/s]
[01:11<00:05, 1.02it/s]
[01:12<00:04, 1.02it/s]
[01:13<00:03, 1.02it/s]
[01:14<00:02, 1.02it/s]
[01:15<00:01, 1.02it/s]
[01:16<00:00, 1.02it/s]
[01:16<00:00, 1.32it/s]
[01:16<00:00, 1.03it/s][2024/11/20 14:38:25] - pgd - Run 79: Accuracy: 0.5490


[00:00<?,?it/s]
[00:00<01:17, 1.01it/s]
[00:01<01:15, 1.02it/s]
[00:02<01:14, 1.01it/s]
[00:03<01:13, 1.01it/s]
[00:04<01:12, 1.02it/s]
[00:05<01:11, 1.02it/s]
[00:06<01:10, 1.02it/s]
[00:07<01:09, 1.02it/s]
[00:08<01:08, 1.02it/s]
[00:09<01:07, 1.02it/s]
[00:10<01:06, 1.02it/s]
[00:11<01:05, 1.02it/s]
[00:12<01:04, 1.02it/s]
[00:13<01:03, 1.02it/s]
[00:14<01:02, 1.02it/s]
[00:15<01:01, 1.02it/s]
[00:16<01:00, 1.02it/s]
[00:17<01:00, 1.02it/s]
[00:18<00:59, 1.02it/s]
[00:19<00:57, 1.02it/s]
[00:20<00:56, 1.02it/s]
[00:21<00:55, 1.02it/s]
[00:22<00:54, 1.02it/s]
[00:23<00:54, 1.02it/s]
[00:24<00:53, 1.02it/s]
[00:25<00:51, 1.04it/s]
[00:26<00:50, 1.03it/s]
[00:27<00:49, 1.03it/s]
[00:28<00:48, 1.02it/s]
[00:29<00:47, 1.02it/s]
[00:30<00:47, 1.02it/s]
[00:31<00:46, 1.02it/s]
[00:32<00:45, 1.02it/s]
[00:33<00:44, 1.02it/s]
[00:34<00:43, 1.02it/s]
[00:35<00:42, 1.02it/s]
[00:36<00:41, 1.02it/s]
[00:37<00:40, 1.02it/s]
[00:38<00:39, 1.02it/s]
[00:39<00:38, 1.02it/s]
[00:40<00:37, 1.02it/s]
[00:41<00:36, 1.02it/s]
[00:42<00:35, 1.02it/s]
[00:43<00:34, 1.02it/s]
[00:44<00:33, 1.02it/s]
[00:45<00:32, 1.02it/s]
[00:46<00:31, 1.02it/s]
[00:47<00:30, 1.02it/s]
[00:48<00:29, 1.02it/s]
[00:49<00:28, 1.02it/s]
[00:50<00:27, 1.02it/s]
[00:50<00:26, 1.03it/s]
[00:51<00:25, 1.03it/s]
[00:52<00:24, 1.02it/s]
[00:53<00:23, 1.02it/s]
[00:54<00:22, 1.02it/s]
[00:55<00:21, 1.02it/s]
[00:56<00:20, 1.02it/s]
[00:57<00:19, 1.02it/s]
[00:58<00:18, 1.02it/s]
[00:59<00:17, 1.02it/s]
[01:00<00:16, 1.02it/s]
[01:01<00:15, 1.02it/s]
[01:02<00:14, 1.01it/s]
[01:03<00:13, 1.02it/s]
[01:04<00:12, 1.01it/s]
[01:05<00:11, 1.02it/s]
[01:06<00:10, 1.02it/s]
[01:07<00:09, 1.02it/s]
[01:08<00:08, 1.02it/s]
[01:09<00:07, 1.02it/s]
[01:10<00:06, 1.02it/s]
[01:11<00:05, 1.02it/s]
[01:12<00:04, 1.01it/s]
[01:13<00:03, 1.02it/s]
[01:14<00:02, 1.02it/s]
[01:15<00:01, 1.02it/s]
[01:16<00:00, 1.02it/s]
[01:16<00:00, 1.33it/s]
[01:16<00:00, 1.03it/s][2024/11/20 14:39:41] - pgd - Run 79: Accuracy: 0.5473


[00:00<?,?it/s]
[00:00<01:16, 1.02it/s]
[00:01<01:15, 1.02it/s]
[00:02<01:14, 1.02it/s]
[00:03<01:13, 1.02it/s]
[00:04<01:12, 1.02it/s]
[00:05<01:11, 1.02it/s]
[00:06<01:10, 1.02it/s]
[00:07<01:09, 1.02it/s]
[00:08<01:08, 1.02it/s]
[00:09<01:07, 1.02it/s]
[00:10<01:06, 1.02it/s]
[00:11<01:05, 1.02it/s]
[00:12<01:04, 1.02it/s]
[00:13<01:03, 1.02it/s]
[00:14<01:02, 1.02it/s]
[00:15<01:02, 1.01it/s]
[00:16<01:01, 1.01it/s]
[00:17<01:00, 1.01it/s]
[00:18<00:59, 1.01it/s]
[00:19<00:58, 1.01it/s]
[00:20<00:57, 1.02it/s]
[00:21<00:56, 1.02it/s]
[00:22<00:54, 1.02it/s]
[00:23<00:53, 1.02it/s]
[00:24<00:52, 1.02it/s]
[00:25<00:51, 1.04it/s]
[00:26<00:50, 1.03it/s]
[00:27<00:49, 1.03it/s]
[00:28<00:48, 1.02it/s]
[00:29<00:47, 1.02it/s]
[00:30<00:47, 1.02it/s]
[00:31<00:46, 1.02it/s]
[00:32<00:45, 1.02it/s]
[00:33<00:44, 1.01it/s]
[00:34<00:43, 1.02it/s]
[00:35<00:42, 1.02it/s]
[00:36<00:41, 1.02it/s]
[00:37<00:40, 1.02it/s]
[00:38<00:39, 1.02it/s]
[00:39<00:38, 1.02it/s]
[00:40<00:37, 1.02it/s]
[00:41<00:36, 1.02it/s]
[00:42<00:35, 1.02it/s]
[00:43<00:34, 1.02it/s]
[00:44<00:33, 1.02it/s]
[00:45<00:32, 1.02it/s]
[00:46<00:31, 1.01it/s]
[00:47<00:30, 1.02it/s]
[00:48<00:29, 1.02it/s]
[00:49<00:28, 1.02it/s]
[00:50<00:27, 1.02it/s]
[00:51<00:26, 1.02it/s]
[00:52<00:25, 1.03it/s]
[00:52<00:24, 1.03it/s]
[00:53<00:23, 1.03it/s]
[00:54<00:22, 1.02it/s]
[00:55<00:21, 1.02it/s]
[00:56<00:20, 1.02it/s]
[00:57<00:19, 1.02it/s]
[00:58<00:18, 1.02it/s]
[00:59<00:17, 1.02it/s]
[01:00<00:16, 1.02it/s]
[01:01<00:15, 1.02it/s]
[01:02<00:14, 1.02it/s]
[01:03<00:13, 1.02it/s]
[01:04<00:12, 1.02it/s]
[01:05<00:11, 1.02it/s]
[01:06<00:10, 1.02it/s]
[01:07<00:09, 1.02it/s]
[01:08<00:08, 1.02it/s]
[01:09<00:07, 1.02it/s]
[01:10<00:06, 1.02it/s]
[01:11<00:05, 1.02it/s]
[01:12<00:04, 1.02it/s]
[01:13<00:03, 1.02it/s]
[01:14<00:02, 1.02it/s]
[01:15<00:01, 1.02it/s]
[01:16<00:00, 1.02it/s]
[01:16<00:00, 1.32it/s]
[01:16<00:00, 1.03it/s][2024/11/20 14:40:58] - pgd - Run 79: Accuracy: 0.6506


[00:00<?,?it/s]
[00:00<01:16, 1.02it/s]
[00:01<01:15, 1.02it/s]
[00:02<01:14, 1.02it/s]
[00:03<01:13, 1.02it/s]
[00:04<01:12, 1.01it/s]
[00:05<01:11, 1.02it/s]
[00:06<01:10, 1.02it/s]
[00:07<01:09, 1.02it/s]
[00:08<01:08, 1.02it/s]
[00:09<01:08, 1.01it/s]
[00:10<01:07, 1.01it/s]
[00:11<01:06, 1.01it/s]
[00:12<01:04, 1.02it/s]
[00:13<01:03, 1.02it/s]
[00:14<01:02, 1.02it/s]
[00:15<01:01, 1.02it/s]
[00:16<01:00, 1.02it/s]
[00:17<00:59, 1.02it/s]
[00:18<00:59, 1.02it/s]
[00:19<00:58, 1.02it/s]
[00:20<00:57, 1.02it/s]
[00:21<00:56, 1.02it/s]
[00:22<00:55, 1.02it/s]
[00:23<00:54, 1.02it/s]
[00:24<00:53, 1.02it/s]
[00:25<00:48, 1.10it/s]
[00:25<00:43, 1.20it/s]
[00:26<00:39, 1.29it/s]
[00:27<00:37, 1.35it/s]
[00:27<00:35, 1.40it/s]
[00:28<00:33, 1.43it/s]
[00:29<00:32, 1.46it/s]
[00:29<00:31, 1.48it/s]
[00:30<00:30, 1.49it/s]
[00:31<00:29, 1.50it/s]
[00:31<00:28, 1.51it/s]
[00:32<00:27, 1.51it/s]
[00:33<00:27, 1.52it/s]
[00:33<00:26, 1.52it/s]
[00:34<00:25, 1.52it/s]
[00:35<00:24, 1.52it/s]
[00:35<00:24, 1.52it/s]
[00:36<00:23, 1.53it/s]
[00:37<00:22, 1.53it/s]
[00:37<00:22, 1.53it/s]
[00:38<00:21, 1.52it/s]
[00:39<00:21, 1.52it/s]
[00:39<00:20, 1.52it/s]
[00:40<00:19, 1.52it/s]
[00:41<00:19, 1.52it/s]
[00:41<00:18, 1.52it/s]
[00:42<00:17, 1.52it/s]
[00:43<00:17, 1.52it/s]
[00:43<00:16, 1.53it/s]
[00:44<00:14, 1.62it/s]
[00:44<00:14, 1.59it/s]
[00:45<00:14, 1.57it/s]
[00:46<00:13, 1.56it/s]
[00:46<00:12, 1.55it/s]
[00:47<00:12, 1.54it/s]
[00:48<00:11, 1.54it/s]
[00:48<00:11, 1.53it/s]
[00:49<00:10, 1.53it/s]
[00:50<00:09, 1.53it/s]
[00:50<00:09, 1.53it/s]
[00:51<00:08, 1.53it/s]
[00:52<00:07, 1.53it/s]
[00:52<00:07, 1.53it/s]
[00:53<00:06, 1.53it/s]
[00:54<00:05, 1.52it/s]
[00:54<00:05, 1.52it/s]
[00:55<00:04, 1.52it/s]
[00:56<00:03, 1.52it/s]
[00:56<00:03, 1.53it/s]
[00:57<00:02, 1.52it/s]
[00:57<00:01, 1.52it/s]
[00:58<00:01, 1.52it/s]
[00:59<00:00, 1.53it/s]
[00:59<00:00, 2.00it/s]
[00:59<00:00, 1.33it/s][2024/11/20 14:41:58] - pgd - Run 79: Accuracy: 0.4960


[00:00<?,?it/s]
[00:00<00:50, 1.53it/s]
[00:01<00:50, 1.52it/s]
[00:01<00:50, 1.52it/s]
[00:02<00:49, 1.52it/s]
[00:03<00:48, 1.52it/s]
[00:03<00:47, 1.53it/s]
[00:04<00:47, 1.53it/s]
[00:05<00:46, 1.53it/s]
[00:05<00:45, 1.53it/s]
[00:06<00:45, 1.53it/s]
[00:07<00:44, 1.53it/s]
[00:07<00:43, 1.53it/s]
[00:08<00:43, 1.53it/s]
[00:09<00:42, 1.53it/s]
[00:09<00:41, 1.53it/s]
[00:10<00:41, 1.53it/s]
[00:11<00:40, 1.53it/s]
[00:11<00:39, 1.53it/s]
[00:12<00:39, 1.53it/s]
[00:13<00:38, 1.53it/s]
[00:13<00:38, 1.52it/s]
[00:14<00:37, 1.52it/s]
[00:15<00:36, 1.52it/s]
[00:15<00:36, 1.52it/s]
[00:16<00:35, 1.52it/s]
[00:17<00:34, 1.52it/s]
[00:17<00:34, 1.52it/s]
[00:18<00:33, 1.52it/s]
[00:19<00:32, 1.52it/s]
[00:19<00:32, 1.53it/s]
[00:20<00:31, 1.52it/s]
[00:20<00:30, 1.52it/s]
[00:21<00:30, 1.52it/s]
[00:22<00:29, 1.53it/s]
[00:22<00:28, 1.53it/s]
[00:23<00:28, 1.53it/s]
[00:24<00:27, 1.53it/s]
[00:24<00:26, 1.53it/s]
[00:25<00:26, 1.53it/s]
[00:26<00:25, 1.53it/s]
[00:26<00:24, 1.52it/s]
[00:27<00:24, 1.52it/s]
[00:28<00:23, 1.52it/s]
[00:28<00:22, 1.52it/s]
[00:29<00:22, 1.53it/s]
[00:30<00:21, 1.53it/s]
[00:30<00:20, 1.53it/s]
[00:31<00:20, 1.53it/s]
[00:32<00:19, 1.53it/s]
[00:32<00:18, 1.53it/s]
[00:33<00:18, 1.53it/s]
[00:34<00:17, 1.53it/s]
[00:34<00:17, 1.52it/s]
[00:35<00:16, 1.52it/s]
[00:36<00:15, 1.53it/s]
[00:36<00:14, 1.56it/s]
[00:37<00:13, 1.61it/s]
[00:37<00:13, 1.58it/s]
[00:38<00:12, 1.57it/s]
[00:39<00:12, 1.55it/s]
[00:39<00:11, 1.55it/s]
[00:40<00:11, 1.54it/s]
[00:41<00:10, 1.54it/s]
[00:41<00:09, 1.53it/s]
[00:42<00:09, 1.53it/s]
[00:43<00:08, 1.53it/s]
[00:43<00:07, 1.53it/s]
[00:44<00:07, 1.53it/s]
[00:45<00:06, 1.52it/s]
[00:45<00:05, 1.52it/s]
[00:46<00:05, 1.52it/s]
[00:47<00:04, 1.52it/s]
[00:47<00:03, 1.53it/s]
[00:48<00:03, 1.53it/s]
[00:49<00:02, 1.53it/s]
[00:49<00:01, 1.53it/s]
[00:50<00:01, 1.53it/s]
[00:50<00:00, 1.53it/s]
[00:51<00:00, 1.99it/s]
[00:51<00:00, 1.54it/s][2024/11/20 14:42:49] - pgd - Run 79: Accuracy: 0.5636


[00:00<?,?it/s]
[00:00<00:51, 1.53it/s]
[00:01<00:50, 1.53it/s]
[00:01<00:49, 1.53it/s]
[00:02<00:49, 1.53it/s]
[00:03<00:48, 1.53it/s]
[00:03<00:47, 1.53it/s]
[00:04<00:47, 1.53it/s]
[00:05<00:46, 1.53it/s]
[00:05<00:45, 1.53it/s]
[00:06<00:45, 1.53it/s]
[00:07<00:44, 1.53it/s]
[00:07<00:43, 1.53it/s]
[00:08<00:43, 1.53it/s]
[00:09<00:42, 1.53it/s]
[00:09<00:41, 1.53it/s]
[00:10<00:41, 1.53it/s]
[00:11<00:40, 1.53it/s]
[00:11<00:39, 1.53it/s]
[00:12<00:39, 1.53it/s]
[00:13<00:38, 1.53it/s]
[00:13<00:38, 1.53it/s]
[00:14<00:37, 1.53it/s]
[00:15<00:36, 1.53it/s]
[00:15<00:35, 1.53it/s]
[00:16<00:35, 1.53it/s]
[00:17<00:34, 1.53it/s]
[00:17<00:34, 1.53it/s]
[00:18<00:33, 1.53it/s]
[00:19<00:32, 1.52it/s]
[00:19<00:32, 1.52it/s]
[00:20<00:31, 1.52it/s]
[00:20<00:30, 1.52it/s]
[00:21<00:30, 1.52it/s]
[00:22<00:29, 1.52it/s]
[00:22<00:28, 1.52it/s]
[00:23<00:28, 1.52it/s]
[00:24<00:27, 1.53it/s]
[00:24<00:26, 1.53it/s]
[00:25<00:26, 1.53it/s]
[00:26<00:25, 1.52it/s]
[00:26<00:24, 1.52it/s]
[00:27<00:24, 1.53it/s]
[00:28<00:23, 1.53it/s]
[00:28<00:22, 1.53it/s]
[00:29<00:22, 1.52it/s]
[00:30<00:21, 1.52it/s]
[00:30<00:20, 1.53it/s]
[00:31<00:20, 1.53it/s]
[00:32<00:19, 1.53it/s]
[00:32<00:19, 1.53it/s]
[00:33<00:18, 1.52it/s]
[00:34<00:17, 1.52it/s]
[00:34<00:17, 1.52it/s]
[00:35<00:16, 1.52it/s]
[00:36<00:15, 1.52it/s]
[00:36<00:15, 1.52it/s]
[00:37<00:14, 1.52it/s]
[00:37<00:12, 1.62it/s]
[00:38<00:12, 1.59it/s]
[00:39<00:12, 1.57it/s]
[00:39<00:11, 1.55it/s]
[00:40<00:10, 1.55it/s]
[00:41<00:10, 1.54it/s]
[00:41<00:09, 1.53it/s]
[00:42<00:09, 1.53it/s]
[00:43<00:08, 1.53it/s]
[00:43<00:07, 1.53it/s]
[00:44<00:07, 1.53it/s]
[00:45<00:06, 1.53it/s]
[00:45<00:05, 1.52it/s]
[00:46<00:05, 1.52it/s]
[00:47<00:04, 1.52it/s]
[00:47<00:03, 1.53it/s]
[00:48<00:03, 1.53it/s]
[00:49<00:02, 1.52it/s]
[00:49<00:01, 1.53it/s]
[00:50<00:01, 1.52it/s]
[00:51<00:00, 1.52it/s]
[00:51<00:00, 1.98it/s]
[00:51<00:00, 1.54it/s][2024/11/20 14:43:40] - pgd - Run 79: Accuracy: 0.6609


[00:00<?,?it/s]
[00:00<00:50, 1.53it/s]
[00:01<00:50, 1.53it/s]
[00:01<00:49, 1.53it/s]
[00:02<00:49, 1.53it/s]
[00:03<00:48, 1.52it/s]
[00:03<00:47, 1.52it/s]
[00:04<00:47, 1.53it/s]
[00:05<00:46, 1.53it/s]
[00:05<00:45, 1.52it/s]
[00:06<00:45, 1.53it/s]
[00:07<00:44, 1.52it/s]
[00:07<00:43, 1.52it/s]
[00:08<00:43, 1.52it/s]
[00:09<00:42, 1.53it/s]
[00:09<00:41, 1.53it/s]
[00:10<00:41, 1.52it/s]
[00:11<00:40, 1.53it/s]
[00:11<00:39, 1.53it/s]
[00:12<00:39, 1.53it/s]
[00:13<00:38, 1.53it/s]
[00:13<00:37, 1.53it/s]
[00:14<00:37, 1.53it/s]
[00:15<00:36, 1.52it/s]
[00:15<00:36, 1.53it/s]
[00:16<00:35, 1.53it/s]
[00:17<00:34, 1.53it/s]
[00:17<00:34, 1.53it/s]
[00:18<00:33, 1.53it/s]
[00:19<00:32, 1.53it/s]
[00:19<00:32, 1.52it/s]
[00:20<00:31, 1.52it/s]
[00:20<00:30, 1.52it/s]
[00:21<00:30, 1.52it/s]
[00:22<00:29, 1.52it/s]
[00:22<00:28, 1.52it/s]
[00:23<00:28, 1.52it/s]
[00:24<00:27, 1.52it/s]
[00:24<00:26, 1.53it/s]
[00:25<00:26, 1.53it/s]
[00:26<00:25, 1.53it/s]
[00:26<00:24, 1.53it/s]
[00:27<00:24, 1.53it/s]
[00:28<00:23, 1.53it/s]
[00:28<00:22, 1.53it/s]
[00:29<00:22, 1.53it/s]
[00:30<00:21, 1.53it/s]
[00:30<00:20, 1.53it/s]
[00:31<00:20, 1.53it/s]
[00:32<00:19, 1.52it/s]
[00:32<00:19, 1.53it/s]
[00:33<00:18, 1.53it/s]
[00:34<00:17, 1.52it/s]
[00:34<00:17, 1.52it/s]
[00:35<00:16, 1.52it/s]
[00:36<00:15, 1.53it/s]
[00:36<00:15, 1.53it/s]
[00:37<00:14, 1.53it/s]
[00:38<00:13, 1.53it/s]
[00:38<00:12, 1.59it/s]
[00:39<00:11, 1.59it/s]
[00:39<00:11, 1.57it/s]
[00:40<00:10, 1.56it/s]
[00:41<00:10, 1.55it/s]
[00:41<00:09, 1.54it/s]
[00:42<00:09, 1.53it/s]
[00:43<00:08, 1.53it/s]
[00:43<00:07, 1.53it/s]
[00:44<00:07, 1.53it/s]
[00:45<00:06, 1.53it/s]
[00:45<00:05, 1.52it/s]
[00:46<00:05, 1.52it/s]
[00:47<00:04, 1.52it/s]
[00:47<00:03, 1.53it/s]
[00:48<00:03, 1.53it/s]
[00:49<00:02, 1.53it/s]
[00:49<00:01, 1.53it/s]
[00:50<00:01, 1.52it/s]
[00:51<00:00, 1.53it/s]
[00:51<00:00, 1.99it/s]
[00:51<00:00, 1.54it/s][2024/11/20 14:44:32] - pgd - Run 79: Accuracy: 0.4602


[00:00<?,?it/s]
[00:00<00:50, 1.53it/s]
[00:01<00:50, 1.53it/s]
[00:01<00:49, 1.53it/s]
[00:02<00:49, 1.52it/s]
[00:03<00:48, 1.52it/s]
[00:03<00:47, 1.53it/s]
[00:04<00:47, 1.53it/s]
[00:05<00:46, 1.52it/s]
[00:05<00:46, 1.52it/s]
[00:06<00:45, 1.52it/s]
[00:07<00:44, 1.52it/s]
[00:07<00:43, 1.52it/s]
[00:08<00:43, 1.52it/s]
[00:09<00:42, 1.53it/s]
[00:09<00:41, 1.53it/s]
[00:10<00:41, 1.53it/s]
[00:11<00:40, 1.53it/s]
[00:11<00:39, 1.53it/s]
[00:12<00:39, 1.53it/s]
[00:13<00:38, 1.53it/s]
[00:13<00:38, 1.52it/s]
[00:14<00:37, 1.52it/s]
[00:15<00:36, 1.53it/s]
[00:15<00:36, 1.53it/s]
[00:16<00:35, 1.53it/s]
[00:17<00:34, 1.53it/s]
[00:17<00:34, 1.53it/s]
[00:18<00:33, 1.52it/s]
[00:19<00:32, 1.52it/s]
[00:19<00:32, 1.52it/s]
[00:20<00:31, 1.52it/s]
[00:20<00:30, 1.52it/s]
[00:21<00:30, 1.52it/s]
[00:22<00:29, 1.52it/s]
[00:22<00:28, 1.53it/s]
[00:23<00:28, 1.53it/s]
[00:24<00:27, 1.53it/s]
[00:24<00:26, 1.53it/s]
[00:25<00:26, 1.53it/s]
[00:26<00:25, 1.53it/s]
[00:26<00:24, 1.52it/s]
[00:27<00:24, 1.53it/s]
[00:28<00:23, 1.53it/s]
[00:28<00:22, 1.53it/s]
[00:29<00:22, 1.53it/s]
[00:30<00:21, 1.53it/s]
[00:30<00:20, 1.53it/s]
[00:31<00:20, 1.53it/s]
[00:32<00:19, 1.53it/s]
[00:32<00:18, 1.53it/s]
[00:33<00:18, 1.53it/s]
[00:34<00:17, 1.53it/s]
[00:34<00:17, 1.53it/s]
[00:35<00:16, 1.53it/s]
[00:36<00:15, 1.53it/s]
[00:36<00:15, 1.53it/s]
[00:37<00:14, 1.53it/s]
[00:38<00:13, 1.53it/s]
[00:38<00:13, 1.53it/s]
[00:39<00:12, 1.52it/s]
[00:39<00:11, 1.62it/s]
[00:40<00:10, 1.59it/s]
[00:41<00:10, 1.57it/s]
[00:41<00:09, 1.56it/s]
[00:42<00:09, 1.55it/s]
[00:43<00:08, 1.54it/s]
[00:43<00:07, 1.54it/s]
[00:44<00:07, 1.53it/s]
[00:45<00:06, 1.53it/s]
[00:45<00:05, 1.53it/s]
[00:46<00:05, 1.53it/s]
[00:47<00:04, 1.53it/s]
[00:47<00:03, 1.52it/s]
[00:48<00:03, 1.52it/s]
[00:49<00:02, 1.52it/s]
[00:49<00:01, 1.52it/s]
[00:50<00:01, 1.52it/s]
[00:51<00:00, 1.53it/s]
[00:51<00:00, 1.99it/s]
[00:51<00:00, 1.54it/s][2024/11/20 14:45:23] - pgd - Run 79: Accuracy: 0.5868


[00:00<?,?it/s]
[00:00<00:50, 1.53it/s]
[00:01<00:50, 1.53it/s]
[00:01<00:49, 1.53it/s]
[00:02<00:49, 1.53it/s]
[00:03<00:48, 1.53it/s]
[00:03<00:47, 1.53it/s]
[00:04<00:47, 1.53it/s]
[00:05<00:46, 1.53it/s]
[00:05<00:45, 1.53it/s]
[00:06<00:45, 1.53it/s]
[00:07<00:44, 1.53it/s]
[00:07<00:43, 1.53it/s]
[00:08<00:43, 1.53it/s]
[00:09<00:42, 1.52it/s]
[00:09<00:41, 1.53it/s]
[00:10<00:41, 1.53it/s]
[00:11<00:40, 1.53it/s]
[00:11<00:39, 1.53it/s]
[00:12<00:39, 1.53it/s]
[00:13<00:38, 1.53it/s]
[00:13<00:37, 1.53it/s]
[00:14<00:37, 1.53it/s]
[00:15<00:36, 1.53it/s]
[00:15<00:36, 1.53it/s]
[00:16<00:35, 1.53it/s]
[00:17<00:34, 1.52it/s]
[00:17<00:34, 1.52it/s]
[00:18<00:33, 1.52it/s]
[00:18<00:32, 1.52it/s]
[00:19<00:32, 1.53it/s]
[00:20<00:31, 1.52it/s]
[00:20<00:30, 1.52it/s]
[00:21<00:30, 1.52it/s]
[00:22<00:29, 1.52it/s]
[00:22<00:28, 1.53it/s]
[00:23<00:28, 1.52it/s]
[00:24<00:27, 1.52it/s]
[00:24<00:26, 1.52it/s]
[00:25<00:26, 1.52it/s]
[00:26<00:25, 1.52it/s]
[00:26<00:24, 1.52it/s]
[00:27<00:24, 1.52it/s]
[00:28<00:23, 1.52it/s]
[00:28<00:22, 1.52it/s]
[00:29<00:22, 1.52it/s]
[00:30<00:21, 1.53it/s]
[00:30<00:20, 1.53it/s]
[00:31<00:20, 1.53it/s]
[00:32<00:19, 1.53it/s]
[00:32<00:18, 1.53it/s]
[00:33<00:18, 1.53it/s]
[00:34<00:17, 1.53it/s]
[00:34<00:17, 1.53it/s]
[00:35<00:16, 1.52it/s]
[00:36<00:15, 1.52it/s]
[00:36<00:15, 1.52it/s]
[00:37<00:14, 1.52it/s]
[00:38<00:13, 1.53it/s]
[00:38<00:13, 1.53it/s]
[00:39<00:12, 1.53it/s]
[00:39<00:11, 1.53it/s]
[00:40<00:10, 1.62it/s]
[00:41<00:10, 1.59it/s]
[00:41<00:09, 1.57it/s]
[00:42<00:09, 1.56it/s]
[00:43<00:08, 1.55it/s]
[00:43<00:07, 1.54it/s]
[00:44<00:07, 1.54it/s]
[00:45<00:06, 1.53it/s]
[00:45<00:05, 1.53it/s]
[00:46<00:05, 1.53it/s]
[00:47<00:04, 1.53it/s]
[00:47<00:03, 1.53it/s]
[00:48<00:03, 1.53it/s]
[00:49<00:02, 1.53it/s]
[00:49<00:01, 1.53it/s]
[00:50<00:01, 1.53it/s]
[00:51<00:00, 1.53it/s]
[00:51<00:00, 1.99it/s]
[00:51<00:00, 1.54it/s][2024/11/20 14:46:14] - pgd - Run 79: Accuracy: 0.4720


[00:00<?,?it/s]
[00:00<00:50, 1.54it/s]
[00:01<00:50, 1.52it/s]
[00:01<00:49, 1.53it/s]
[00:02<00:49, 1.53it/s]
[00:03<00:48, 1.53it/s]
[00:03<00:47, 1.53it/s]
[00:04<00:47, 1.53it/s]
[00:05<00:46, 1.53it/s]
[00:05<00:45, 1.52it/s]
[00:06<00:45, 1.52it/s]
[00:07<00:44, 1.52it/s]
[00:07<00:43, 1.52it/s]
[00:08<00:43, 1.53it/s]
[00:09<00:42, 1.53it/s]
[00:09<00:42, 1.52it/s]
[00:10<00:41, 1.52it/s]
[00:11<00:40, 1.52it/s]
[00:11<00:40, 1.52it/s]
[00:12<00:39, 1.52it/s]
[00:13<00:38, 1.53it/s]
[00:13<00:37, 1.53it/s]
[00:14<00:37, 1.52it/s]
[00:15<00:36, 1.53it/s]
[00:15<00:36, 1.53it/s]
[00:16<00:35, 1.53it/s]
[00:17<00:34, 1.53it/s]
[00:17<00:34, 1.52it/s]
[00:18<00:33, 1.52it/s]
[00:19<00:32, 1.53it/s]
[00:19<00:32, 1.53it/s]
[00:20<00:31, 1.52it/s]
[00:20<00:30, 1.52it/s]
[00:21<00:30, 1.52it/s]
[00:22<00:29, 1.52it/s]
[00:22<00:28, 1.52it/s]
[00:23<00:28, 1.52it/s]
[00:24<00:27, 1.52it/s]
[00:24<00:26, 1.53it/s]
[00:25<00:26, 1.52it/s]
[00:26<00:25, 1.52it/s]
[00:26<00:24, 1.52it/s]
[00:27<00:24, 1.52it/s]
[00:28<00:23, 1.53it/s]
[00:28<00:22, 1.53it/s]
[00:29<00:22, 1.53it/s]
[00:30<00:21, 1.53it/s]
[00:30<00:20, 1.53it/s]
[00:31<00:20, 1.53it/s]
[00:32<00:19, 1.53it/s]
[00:32<00:18, 1.53it/s]
[00:33<00:18, 1.53it/s]
[00:34<00:17, 1.53it/s]
[00:34<00:17, 1.53it/s]
[00:35<00:16, 1.53it/s]
[00:36<00:15, 1.53it/s]
[00:36<00:15, 1.53it/s]
[00:37<00:14, 1.53it/s]
[00:38<00:13, 1.52it/s]
[00:38<00:13, 1.52it/s]
[00:39<00:12, 1.53it/s]
[00:39<00:11, 1.53it/s]
[00:40<00:11, 1.53it/s]
[00:41<00:10, 1.53it/s]
[00:41<00:09, 1.60it/s]
[00:42<00:08, 1.58it/s]
[00:43<00:08, 1.56it/s]
[00:43<00:07, 1.55it/s]
[00:44<00:07, 1.55it/s]
[00:45<00:06, 1.54it/s]
[00:45<00:05, 1.54it/s]
[00:46<00:05, 1.53it/s]
[00:47<00:04, 1.53it/s]
[00:47<00:03, 1.53it/s]
[00:48<00:03, 1.53it/s]
[00:49<00:02, 1.53it/s]
[00:49<00:01, 1.52it/s]
[00:50<00:01, 1.53it/s]
[00:51<00:00, 1.52it/s]
[00:51<00:00, 1.98it/s]
[00:51<00:00, 1.54it/s][2024/11/20 14:47:05] - pgd - Run 79: Accuracy: 0.6239


[00:00<?,?it/s]
[00:00<00:50, 1.53it/s]
[00:01<00:50, 1.53it/s]
[00:01<00:49, 1.52it/s]
[00:02<00:49, 1.53it/s]
[00:03<00:48, 1.53it/s]
[00:03<00:47, 1.53it/s]
[00:04<00:47, 1.53it/s]
[00:05<00:46, 1.53it/s]
[00:05<00:45, 1.53it/s]
[00:06<00:45, 1.53it/s]
[00:07<00:44, 1.53it/s]
[00:07<00:43, 1.53it/s]
[00:08<00:43, 1.53it/s]
[00:09<00:42, 1.52it/s]
[00:09<00:41, 1.53it/s]
[00:10<00:41, 1.53it/s]
[00:11<00:40, 1.53it/s]
[00:11<00:39, 1.53it/s]
[00:12<00:39, 1.53it/s]
[00:13<00:38, 1.53it/s]
[00:13<00:37, 1.53it/s]
[00:14<00:37, 1.53it/s]
[00:15<00:36, 1.52it/s]
[00:15<00:36, 1.53it/s]
[00:16<00:35, 1.53it/s]
[00:17<00:34, 1.53it/s]
[00:17<00:34, 1.53it/s]
[00:18<00:33, 1.52it/s]
[00:19<00:32, 1.52it/s]
[00:19<00:32, 1.52it/s]
[00:20<00:31, 1.52it/s]
[00:20<00:30, 1.52it/s]
[00:21<00:30, 1.52it/s]
[00:22<00:29, 1.52it/s]
[00:22<00:28, 1.52it/s]
[00:23<00:28, 1.52it/s]
[00:24<00:27, 1.52it/s]
[00:24<00:26, 1.52it/s]
[00:25<00:26, 1.53it/s]
[00:26<00:25, 1.53it/s]
[00:26<00:24, 1.52it/s]
[00:27<00:24, 1.52it/s]
[00:28<00:23, 1.53it/s]
[00:28<00:22, 1.53it/s]
[00:29<00:22, 1.53it/s]
[00:30<00:21, 1.53it/s]
[00:30<00:21, 1.52it/s]
[00:31<00:20, 1.52it/s]
[00:32<00:19, 1.52it/s]
[00:32<00:19, 1.52it/s]
[00:33<00:18, 1.52it/s]
[00:34<00:17, 1.52it/s]
[00:34<00:17, 1.52it/s]
[00:35<00:16, 1.52it/s]
[00:36<00:15, 1.52it/s]
[00:36<00:15, 1.52it/s]
[00:37<00:14, 1.53it/s]
[00:38<00:13, 1.52it/s]
[00:38<00:13, 1.52it/s]
[00:39<00:12, 1.53it/s]
[00:40<00:11, 1.53it/s]
[00:40<00:11, 1.53it/s]
[00:41<00:10, 1.52it/s]
[00:41<00:09, 1.53it/s]
[00:42<00:08, 1.62it/s]
[00:43<00:08, 1.60it/s]
[00:43<00:07, 1.58it/s]
[00:44<00:07, 1.56it/s]
[00:45<00:06, 1.55it/s]
[00:45<00:05, 1.54it/s]
[00:46<00:05, 1.54it/s]
[00:47<00:04, 1.54it/s]
[00:47<00:03, 1.53it/s]
[00:48<00:03, 1.53it/s]
[00:49<00:02, 1.53it/s]
[00:49<00:01, 1.52it/s]
[00:50<00:01, 1.53it/s]
[00:51<00:00, 1.53it/s]
[00:51<00:00, 2.00it/s]
[00:51<00:00, 1.54it/s][2024/11/20 14:47:57] - pgd - Run 79: Accuracy: 0.5458


[00:00<?,?it/s]
[00:00<00:50, 1.54it/s]
[00:01<00:50, 1.53it/s]
[00:01<00:49, 1.53it/s]
[00:02<00:49, 1.53it/s]
[00:03<00:48, 1.53it/s]
[00:03<00:47, 1.53it/s]
[00:04<00:47, 1.53it/s]
[00:05<00:46, 1.52it/s]
[00:05<00:45, 1.53it/s]
[00:06<00:45, 1.53it/s]
[00:07<00:44, 1.53it/s]
[00:07<00:43, 1.53it/s]
[00:08<00:43, 1.53it/s]
[00:09<00:42, 1.52it/s]
[00:09<00:41, 1.53it/s]
[00:10<00:41, 1.53it/s]
[00:11<00:40, 1.52it/s]
[00:11<00:39, 1.53it/s]
[00:12<00:39, 1.53it/s]
[00:13<00:38, 1.53it/s]
[00:13<00:38, 1.53it/s]
[00:14<00:37, 1.53it/s]
[00:15<00:36, 1.53it/s]
[00:15<00:36, 1.53it/s]
[00:16<00:35, 1.53it/s]
[00:17<00:34, 1.53it/s]
[00:17<00:34, 1.53it/s]
[00:18<00:33, 1.52it/s]
[00:19<00:32, 1.52it/s]
[00:19<00:32, 1.52it/s]
[00:20<00:31, 1.52it/s]
[00:20<00:30, 1.52it/s]
[00:21<00:30, 1.53it/s]
[00:22<00:29, 1.52it/s]
[00:22<00:28, 1.53it/s]
[00:23<00:28, 1.53it/s]
[00:24<00:27, 1.53it/s]
[00:24<00:26, 1.53it/s]
[00:25<00:26, 1.53it/s]
[00:26<00:25, 1.53it/s]
[00:26<00:24, 1.53it/s]
[00:27<00:24, 1.53it/s]
[00:28<00:23, 1.53it/s]
[00:28<00:22, 1.53it/s]
[00:29<00:22, 1.53it/s]
[00:30<00:21, 1.53it/s]
[00:30<00:20, 1.53it/s]
[00:31<00:20, 1.53it/s]
[00:32<00:19, 1.53it/s]
[00:32<00:18, 1.53it/s]
[00:33<00:18, 1.53it/s]
[00:34<00:17, 1.53it/s]
[00:34<00:17, 1.53it/s]
[00:35<00:16, 1.53it/s]
[00:36<00:15, 1.53it/s]
[00:36<00:15, 1.53it/s]
[00:37<00:14, 1.53it/s]
[00:37<00:13, 1.53it/s]
[00:38<00:13, 1.53it/s]
[00:39<00:12, 1.52it/s]
[00:39<00:11, 1.53it/s]
[00:40<00:11, 1.53it/s]
[00:41<00:10, 1.52it/s]
[00:41<00:09, 1.53it/s]
[00:42<00:09, 1.53it/s]
[00:43<00:08, 1.54it/s]
[00:43<00:06, 1.84it/s]
[00:43<00:05, 2.13it/s]
[00:44<00:04, 2.40it/s]
[00:44<00:03, 2.64it/s]
[00:44<00:02, 2.83it/s]
[00:44<00:02, 2.98it/s]
[00:45<00:01, 3.10it/s]
[00:45<00:01, 3.19it/s]
[00:45<00:01, 3.25it/s]
[00:46<00:00, 3.30it/s]
[00:46<00:00, 3.33it/s]
[00:46<00:00, 3.35it/s]
[00:46<00:00, 1.69it/s][2024/11/20 14:48:44] - pgd - Run 79: Accuracy: 0.5289


[00:00<?,?it/s]
[00:00<00:23, 3.38it/s]
[00:00<00:22, 3.40it/s]
[00:00<00:22, 3.40it/s]
[00:01<00:22, 3.40it/s]
[00:01<00:21, 3.41it/s]
[00:01<00:21, 3.41it/s]
[00:02<00:21, 3.41it/s]
[00:02<00:20, 3.40it/s]
[00:02<00:20, 3.41it/s]
[00:02<00:20, 3.41it/s]
[00:03<00:19, 3.41it/s]
[00:03<00:19, 3.41it/s]
[00:03<00:19, 3.41it/s]
[00:04<00:19, 3.41it/s]
[00:04<00:18, 3.40it/s]
[00:04<00:18, 3.40it/s]
[00:04<00:18, 3.40it/s]
[00:05<00:17, 3.41it/s]
[00:05<00:17, 3.41it/s]
[00:05<00:17, 3.41it/s]
[00:06<00:17, 3.41it/s]
[00:06<00:16, 3.41it/s]
[00:06<00:16, 3.41it/s]
[00:07<00:16, 3.41it/s]
[00:07<00:15, 3.41it/s]
[00:07<00:15, 3.41it/s]
[00:07<00:15, 3.41it/s]
[00:08<00:14, 3.41it/s]
[00:08<00:14, 3.41it/s]
[00:08<00:14, 3.41it/s]
[00:09<00:14, 3.41it/s]
[00:09<00:13, 3.41it/s]
[00:09<00:13, 3.40it/s]
[00:09<00:13, 3.40it/s]
[00:10<00:12, 3.40it/s]
[00:10<00:12, 3.40it/s]
[00:10<00:12, 3.41it/s]
[00:11<00:12, 3.41it/s]
[00:11<00:11, 3.40it/s]
[00:11<00:11, 3.41it/s]
[00:12<00:11, 3.41it/s]
[00:12<00:10, 3.41it/s]
[00:12<00:10, 3.41it/s]
[00:12<00:10, 3.41it/s]
[00:13<00:09, 3.41it/s]
[00:13<00:09, 3.41it/s]
[00:13<00:09, 3.41it/s]
[00:14<00:09, 3.41it/s]
[00:14<00:08, 3.41it/s]
[00:14<00:08, 3.41it/s]
[00:14<00:08, 3.40it/s]
[00:15<00:07, 3.40it/s]
[00:15<00:07, 3.40it/s]
[00:15<00:07, 3.41it/s]
[00:16<00:07, 3.41it/s]
[00:16<00:06, 3.41it/s]
[00:16<00:06, 3.41it/s]
[00:17<00:06, 3.41it/s]
[00:17<00:05, 3.41it/s]
[00:17<00:05, 3.41it/s]
[00:17<00:05, 3.41it/s]
[00:18<00:04, 3.41it/s]
[00:18<00:04, 3.41it/s]
[00:18<00:04, 3.41it/s]
[00:19<00:04, 3.40it/s]
[00:19<00:03, 3.41it/s]
[00:19<00:03, 3.41it/s]
[00:19<00:03, 3.41it/s]
[00:20<00:02, 3.41it/s]
[00:20<00:02, 3.41it/s]
[00:20<00:02, 3.41it/s]
[00:21<00:02, 3.41it/s]
[00:21<00:01, 3.41it/s]
[00:21<00:01, 3.41it/s]
[00:22<00:01, 3.41it/s]
[00:22<00:00, 3.41it/s]
[00:22<00:00, 3.41it/s]
[00:22<00:00, 3.41it/s]
[00:22<00:00, 3.44it/s][2024/11/20 14:49:07] - pgd - Run 79: Accuracy: 0.5285


[00:00<?,?it/s]
[00:00<00:23, 3.38it/s]
[00:00<00:22, 3.40it/s]
[00:00<00:22, 3.40it/s]
[00:01<00:22, 3.40it/s]
[00:01<00:21, 3.40it/s]
[00:01<00:21, 3.40it/s]
[00:02<00:21, 3.40it/s]
[00:02<00:20, 3.41it/s]
[00:02<00:20, 3.41it/s]
[00:02<00:20, 3.41it/s]
[00:03<00:19, 3.41it/s]
[00:03<00:19, 3.41it/s]
[00:03<00:19, 3.41it/s]
[00:04<00:19, 3.41it/s]
[00:04<00:18, 3.41it/s]
[00:04<00:18, 3.41it/s]
[00:04<00:18, 3.41it/s]
[00:05<00:17, 3.41it/s]
[00:05<00:17, 3.41it/s]
[00:05<00:17, 3.41it/s]
[00:06<00:17, 3.41it/s]
[00:06<00:16, 3.41it/s]
[00:06<00:16, 3.40it/s]
[00:07<00:16, 3.40it/s]
[00:07<00:15, 3.40it/s]
[00:07<00:15, 3.41it/s]
[00:07<00:15, 3.41it/s]
[00:08<00:14, 3.41it/s]
[00:08<00:14, 3.41it/s]
[00:08<00:14, 3.41it/s]
[00:09<00:14, 3.41it/s]
[00:09<00:13, 3.41it/s]
[00:09<00:13, 3.41it/s]
[00:09<00:13, 3.41it/s]
[00:10<00:12, 3.41it/s]
[00:10<00:12, 3.41it/s]
[00:10<00:12, 3.41it/s]
[00:11<00:12, 3.41it/s]
[00:11<00:11, 3.41it/s]
[00:11<00:11, 3.41it/s]
[00:12<00:11, 3.41it/s]
[00:12<00:10, 3.41it/s]
[00:12<00:10, 3.41it/s]
[00:12<00:10, 3.41it/s]
[00:13<00:09, 3.41it/s]
[00:13<00:09, 3.41it/s]
[00:13<00:09, 3.41it/s]
[00:14<00:09, 3.41it/s]
[00:14<00:08, 3.41it/s]
[00:14<00:08, 3.41it/s]
[00:14<00:08, 3.41it/s]
[00:15<00:07, 3.41it/s]
[00:15<00:07, 3.41it/s]
[00:15<00:07, 3.41it/s]
[00:16<00:07, 3.41it/s]
[00:16<00:06, 3.41it/s]
[00:16<00:06, 3.41it/s]
[00:17<00:06, 3.41it/s]
[00:17<00:05, 3.41it/s]
[00:17<00:05, 3.41it/s]
[00:17<00:05, 3.41it/s]
[00:18<00:04, 3.41it/s]
[00:18<00:04, 3.41it/s]
[00:18<00:04, 3.40it/s]
[00:19<00:04, 3.41it/s]
[00:19<00:03, 3.41it/s]
[00:19<00:03, 3.40it/s]
[00:19<00:03, 3.40it/s]
[00:20<00:02, 3.41it/s]
[00:20<00:02, 3.40it/s]
[00:20<00:02, 3.41it/s]
[00:21<00:02, 3.41it/s]
[00:21<00:01, 3.41it/s]
[00:21<00:01, 3.41it/s]
[00:22<00:01, 3.41it/s]
[00:22<00:00, 3.41it/s]
[00:22<00:00, 3.41it/s]
[00:22<00:00, 3.41it/s]
[00:22<00:00, 3.44it/s][2024/11/20 14:49:30] - pgd - Run 79: Accuracy: 0.5256


[00:00<?,?it/s]
[00:00<00:23, 3.39it/s]
[00:00<00:22, 3.40it/s]
[00:00<00:22, 3.40it/s]
[00:01<00:22, 3.41it/s]
[00:01<00:21, 3.41it/s]
[00:01<00:21, 3.41it/s]
[00:02<00:21, 3.41it/s]
[00:02<00:20, 3.41it/s]
[00:02<00:20, 3.41it/s]
[00:02<00:20, 3.41it/s]
[00:03<00:19, 3.40it/s]
[00:03<00:19, 3.41it/s]
[00:03<00:19, 3.41it/s]
[00:04<00:19, 3.41it/s]
[00:04<00:18, 3.41it/s]
[00:04<00:18, 3.41it/s]
[00:04<00:18, 3.41it/s]
[00:05<00:17, 3.41it/s]
[00:05<00:17, 3.41it/s]
[00:05<00:17, 3.41it/s]
[00:06<00:17, 3.41it/s]
[00:06<00:16, 3.41it/s]
[00:06<00:16, 3.41it/s]
[00:07<00:16, 3.41it/s]
[00:07<00:15, 3.41it/s]
[00:07<00:15, 3.41it/s]
[00:07<00:15, 3.41it/s]
[00:08<00:14, 3.41it/s]
[00:08<00:14, 3.41it/s]
[00:08<00:14, 3.41it/s]
[00:09<00:14, 3.40it/s]
[00:09<00:13, 3.41it/s]
[00:09<00:13, 3.41it/s]
[00:09<00:13, 3.41it/s]
[00:10<00:12, 3.41it/s]
[00:10<00:12, 3.41it/s]
[00:10<00:12, 3.41it/s]
[00:11<00:12, 3.41it/s]
[00:11<00:11, 3.41it/s]
[00:11<00:11, 3.40it/s]
[00:12<00:11, 3.40it/s]
[00:12<00:10, 3.41it/s]
[00:12<00:10, 3.41it/s]
[00:12<00:10, 3.41it/s]
[00:13<00:09, 3.41it/s]
[00:13<00:09, 3.41it/s]
[00:13<00:09, 3.41it/s]
[00:14<00:09, 3.41it/s]
[00:14<00:08, 3.41it/s]
[00:14<00:08, 3.41it/s]
[00:14<00:08, 3.41it/s]
[00:15<00:07, 3.41it/s]
[00:15<00:07, 3.41it/s]
[00:15<00:07, 3.41it/s]
[00:16<00:07, 3.41it/s]
[00:16<00:06, 3.41it/s]
[00:16<00:06, 3.41it/s]
[00:17<00:06, 3.41it/s]
[00:17<00:05, 3.41it/s]
[00:17<00:05, 3.41it/s]
[00:17<00:05, 3.41it/s]
[00:18<00:04, 3.41it/s]
[00:18<00:04, 3.41it/s]
[00:18<00:04, 3.41it/s]
[00:19<00:04, 3.41it/s]
[00:19<00:03, 3.41it/s]
[00:19<00:03, 3.40it/s]
[00:19<00:03, 3.40it/s]
[00:20<00:02, 3.41it/s]
[00:20<00:02, 3.40it/s]
[00:20<00:02, 3.41it/s]
[00:21<00:02, 3.41it/s]
[00:21<00:01, 3.41it/s]
[00:21<00:01, 3.41it/s]
[00:22<00:01, 3.41it/s]
[00:22<00:00, 3.41it/s]
[00:22<00:00, 3.41it/s]
[00:22<00:00, 3.41it/s]
[00:22<00:00, 3.44it/s][2024/11/20 14:49:53] - pgd - Run 79: Accuracy: 0.5363
[2024/11/20 14:49:53] - pgd Mean: 0.5446, Std: 0.0540
[2024/11/20 14:49:53] - PGD Acc: Mean: 0.5446, Variance: 0.0540
[2024/11/20 14:49:53] - Testing done.

wandb: - 0.005 MB of 0.005 MB uploaded
wandb: \ 0.005 MB of 0.005 MB uploaded
wandb: | 0.005 MB of 0.020 MB uploaded
wandb: / 0.011 MB of 0.020 MB uploaded
wandb: - 0.011 MB of 0.020 MB uploaded
wandb: \ 0.011 MB of 0.020 MB uploaded
wandb: | 0.020 MB of 0.020 MB uploaded
wandb: 
wandb: Run history:
wandb: Nature Acc Mean ▁
wandb:  Nature Acc Std ▁
wandb:    pgd_mean_adv ▁
wandb:     pgd_std_adv ▁
wandb: 
wandb: Run summary:
wandb: Nature Acc Mean 0.86544
wandb:  Nature Acc Std 0.00074
wandb:    pgd_mean_adv 0.54463
wandb:     pgd_std_adv 0.05397
wandb: 
wandb: 🚀 View run vivid-paper-18 at: https://wandb.ai/xuanzhu_07-university-of-sydney/-Test-boundary/runs/aqpdk3rp
wandb: ⭐️ View project at: https://wandb.ai/xuanzhu_07-university-of-sydney/-Test-boundary
wandb: Synced 6 W&B file(s), 0 media file(s), 0 artifact file(s) and 0 other file(s)
wandb: Find logs at: ./wandb/run-20241120_143009-aqpdk3rp/logs
wandb: WARNING The new W&B backend becomes opt-out in version 0.18.0; try it out with `wandb.require("core")`! See https://wandb.me/wandb-core for more information.
