nohup: ignoring input
wandb: Currently logged in as: xuanzhu_07 (xuanzhu_07-university-of-sydney). Use `wandb login --relogin` to force relogin
wandb: - Waiting for wandb.init()...wandb: \ Waiting for wandb.init()...wandb: | Waiting for wandb.init()...wandb: / Waiting for wandb.init()...wandb: wandb version 0.19.8 is available!  To upgrade, please run:
wandb:  $ pip install wandb --upgrade
wandb: Tracking run with wandb version 0.16.3
wandb: Run data is saved locally in /home/yxma/hzx/hzx/hzx/rand_defence/wandb/run-20250330_032518-d004cqwi
wandb: Run `wandb offline` to turn off syncing.
wandb: Syncing run misty-dragon-14
wandb: ⭐️ View project at https://wandb.ai/xuanzhu_07-university-of-sydney/stl
wandb: 🚀 View run at https://wandb.ai/xuanzhu_07-university-of-sydney/stl/runs/d004cqwi
[2025/03/30 03:25:25] - Namespace(batch_size=128, data_dir='~/datasets/CIFAR/', dataset='stl10', epochs=200, network='ResNet18', worker=4, lr_schedule='multistep', lr_min=0.0, lr_max=0.1, weight_decay=0.0005, momentum=0.9, none_random_training=True, rand_deform_training=False, randpos_deform_training=False, randpos_multi_deform_training=False, is_n_repeat=False, reNum=5, only_adv_randpos_training=False, rand_path_training=False, epsilon=8, alpha=2, seed=0, attack_iters=7, restarts=1, none_adv_training=False, save_dir='ckpt/stl10/ResNet18/ckpt', pretrain=None, continue_training=False, lb=2048, pos=0, eot=False, hang=False, device=2, num_classes=10)
[2025/03/30 03:25:34] - ResNet(
  (conv1): Conv2d(3, 64, kernel_size=(3, 3), stride=(1, 1), padding=(1, 1), bias=False)
  (bn1): BatchNorm2d(64, eps=1e-05, momentum=0.1, affine=True, track_running_stats=True)
  (layer1): ModuleList(
    (0-1): 2 x BasicBlock(
      (bn1): BatchNorm2d(64, eps=1e-05, momentum=0.1, affine=True, track_running_stats=True)
      (conv1): Conv2d(64, 64, kernel_size=(3, 3), stride=(1, 1), padding=(1, 1), bias=False)
      (bn2): BatchNorm2d(64, eps=1e-05, momentum=0.1, affine=True, track_running_stats=True)
      (conv2): Conv2d(64, 64, kernel_size=(3, 3), stride=(1, 1), padding=(1, 1), bias=False)
      (shortcut): Sequential()
    )
  )
  (layer2): ModuleList(
    (0): BasicBlock(
      (bn1): BatchNorm2d(128, eps=1e-05, momentum=0.1, affine=True, track_running_stats=True)
      (conv1): Conv2d(64, 128, kernel_size=(3, 3), stride=(2, 2), padding=(1, 1), bias=False)
      (bn2): BatchNorm2d(128, eps=1e-05, momentum=0.1, affine=True, track_running_stats=True)
      (conv2): Conv2d(128, 128, kernel_size=(3, 3), stride=(1, 1), padding=(1, 1), bias=False)
      (shortcut): Sequential(
        (0): Conv2d(64, 128, kernel_size=(1, 1), stride=(2, 2), bias=False)
        (1): BatchNorm2d(128, eps=1e-05, momentum=0.1, affine=True, track_running_stats=True)
      )
    )
    (1): BasicBlock(
      (bn1): BatchNorm2d(128, eps=1e-05, momentum=0.1, affine=True, track_running_stats=True)
      (conv1): Conv2d(128, 128, kernel_size=(3, 3), stride=(1, 1), padding=(1, 1), bias=False)
      (bn2): BatchNorm2d(128, eps=1e-05, momentum=0.1, affine=True, track_running_stats=True)
      (conv2): Conv2d(128, 128, kernel_size=(3, 3), stride=(1, 1), padding=(1, 1), bias=False)
      (shortcut): Sequential()
    )
  )
  (layer3): ModuleList(
    (0): BasicBlock(
      (bn1): BatchNorm2d(256, eps=1e-05, momentum=0.1, affine=True, track_running_stats=True)
      (conv1): Conv2d(128, 256, kernel_size=(3, 3), stride=(2, 2), padding=(1, 1), bias=False)
      (bn2): BatchNorm2d(256, eps=1e-05, momentum=0.1, affine=True, track_running_stats=True)
      (conv2): Conv2d(256, 256, kernel_size=(3, 3), stride=(1, 1), padding=(1, 1), bias=False)
      (shortcut): Sequential(
        (0): Conv2d(128, 256, kernel_size=(1, 1), stride=(2, 2), bias=False)
        (1): BatchNorm2d(256, eps=1e-05, momentum=0.1, affine=True, track_running_stats=True)
      )
    )
    (1): BasicBlock(
      (bn1): BatchNorm2d(256, eps=1e-05, momentum=0.1, affine=True, track_running_stats=True)
      (conv1): Conv2d(256, 256, kernel_size=(3, 3), stride=(1, 1), padding=(1, 1), bias=False)
      (bn2): BatchNorm2d(256, eps=1e-05, momentum=0.1, affine=True, track_running_stats=True)
      (conv2): Conv2d(256, 256, kernel_size=(3, 3), stride=(1, 1), padding=(1, 1), bias=False)
      (shortcut): Sequential()
    )
  )
  (layer4): ModuleList(
    (0): BasicBlock(
      (bn1): BatchNorm2d(512, eps=1e-05, momentum=0.1, affine=True, track_running_stats=True)
      (conv1): Conv2d(256, 512, kernel_size=(3, 3), stride=(2, 2), padding=(1, 1), bias=False)
      (bn2): BatchNorm2d(512, eps=1e-05, momentum=0.1, affine=True, track_running_stats=True)
      (conv2): Conv2d(512, 512, kernel_size=(3, 3), stride=(1, 1), padding=(1, 1), bias=False)
      (shortcut): Sequential(
        (0): Conv2d(256, 512, kernel_size=(1, 1), stride=(2, 2), bias=False)
        (1): BatchNorm2d(512, eps=1e-05, momentum=0.1, affine=True, track_running_stats=True)
      )
    )
    (1): BasicBlock(
      (bn1): BatchNorm2d(512, eps=1e-05, momentum=0.1, affine=True, track_running_stats=True)
      (conv1): Conv2d(512, 512, kernel_size=(3, 3), stride=(1, 1), padding=(1, 1), bias=False)
      (bn2): BatchNorm2d(512, eps=1e-05, momentum=0.1, affine=True, track_running_stats=True)
      (conv2): Conv2d(512, 512, kernel_size=(3, 3), stride=(1, 1), padding=(1, 1), bias=False)
      (shortcut): Sequential()
    )
  )
  (linear): Linear(in_features=512, out_features=10, bias=True)
)
/home/yxma/anaconda3/envs/py39_torch/lib/python3.9/site-packages/torch/optim/lr_scheduler.py:143: UserWarning: Detected call of `lr_scheduler.step()` before `optimizer.step()`. In PyTorch 1.1.0 and later, you should call them in the opposite order: `optimizer.step()` before `lr_scheduler.step()`.  Failure to do this will result in PyTorch skipping the first value of the learning rate schedule. See more details at https://pytorch.org/docs/stable/optim.html#how-to-adjust-learning-rate
  warnings.warn("Detected call of `lr_scheduler.step()` before `optimizer.step()`. "
/home/yxma/anaconda3/envs/py39_torch/lib/python3.9/site-packages/torch/optim/lr_scheduler.py:454: UserWarning: To get the last learning rate computed by the scheduler, please use `get_last_lr()`.
  warnings.warn("To get the last learning rate computed by the scheduler, "
[2025/03/30 03:25:34] - epoch 0 lr 1.000000e-01
start_time 20250330032525
Process ID: 4043030
Files already downloaded and verified
Files already downloaded and verified


No checkpoint. Train from scratch.
Training using fixed weight.


[2025/03/30 03:25:36] - Iter: [0][0/40]	Loss 2.408 (2.408)	Prec@1 0.000 (0.000)	
[2025/03/30 03:26:18] - Evaluating with standard images...
[2025/03/30 03:26:21] - Evaluating with PGD Attack...
[2025/03/30 03:29:14] - Test Loss: 2.5332  	 Test Acc: 0.1140  
 PGD Loss: 2.7853 	 PGD Acc: 0.1016 
 Best PGD Acc: 0.1016 	 Test Acc of best PGD ckpt: 0.1140
[2025/03/30 03:29:14] - epoch 1 lr 1.000000e-01
New Best Adv Training
[2025/03/30 03:29:16] - Iter: [1][0/40]	Loss 2.374 (2.374)	Prec@1 0.047 (0.047)	
[2025/03/30 03:29:58] - Evaluating with standard images...
[2025/03/30 03:30:01] - Evaluating with PGD Attack...
[2025/03/30 03:32:54] - Test Loss: 2.2888  	 Test Acc: 0.1195  
 PGD Loss: 2.2977 	 PGD Acc: 0.1140 
 Best PGD Acc: 0.1140 	 Test Acc of best PGD ckpt: 0.1195
[2025/03/30 03:32:54] - epoch 2 lr 1.000000e-01
New Best Adv Training
[2025/03/30 03:32:55] - Iter: [2][0/40]	Loss 2.321 (2.321)	Prec@1 0.047 (0.047)	
[2025/03/30 03:33:38] - Evaluating with standard images...
[2025/03/30 03:33:40] - Evaluating with PGD Attack...
[2025/03/30 03:36:33] - Test Loss: 2.2671  	 Test Acc: 0.1294  
 PGD Loss: 2.3113 	 PGD Acc: 0.1148 
 Best PGD Acc: 0.1148 	 Test Acc of best PGD ckpt: 0.1294
[2025/03/30 03:36:33] - epoch 3 lr 1.000000e-01
New Best Adv Training
[2025/03/30 03:36:35] - Iter: [3][0/40]	Loss 2.300 (2.300)	Prec@1 0.164 (0.164)	
[2025/03/30 03:37:17] - Evaluating with standard images...
[2025/03/30 03:37:20] - Evaluating with PGD Attack...
[2025/03/30 03:40:13] - Test Loss: 2.2687  	 Test Acc: 0.1209  
 PGD Loss: 2.3594 	 PGD Acc: 0.1115 
 Best PGD Acc: 0.1148 	 Test Acc of best PGD ckpt: 0.1294
[2025/03/30 03:40:13] - epoch 4 lr 1.000000e-01
[2025/03/30 03:40:14] - Iter: [4][0/40]	Loss 2.300 (2.300)	Prec@1 0.102 (0.102)	
[2025/03/30 03:40:56] - Evaluating with standard images...
[2025/03/30 03:40:59] - Evaluating with PGD Attack...
[2025/03/30 03:43:52] - Test Loss: 2.2776  	 Test Acc: 0.1271  
 PGD Loss: 2.2913 	 PGD Acc: 0.1135 
 Best PGD Acc: 0.1148 	 Test Acc of best PGD ckpt: 0.1294
[2025/03/30 03:43:52] - epoch 5 lr 1.000000e-01
[2025/03/30 03:43:53] - Iter: [5][0/40]	Loss 2.283 (2.283)	Prec@1 0.102 (0.102)	
[2025/03/30 03:44:35] - Evaluating with standard images...
[2025/03/30 03:44:38] - Evaluating with PGD Attack...
[2025/03/30 03:47:31] - Test Loss: 2.2552  	 Test Acc: 0.1664  
 PGD Loss: 2.3913 	 PGD Acc: 0.1224 
 Best PGD Acc: 0.1224 	 Test Acc of best PGD ckpt: 0.1664
[2025/03/30 03:47:31] - epoch 6 lr 1.000000e-01
New Best Adv Training
[2025/03/30 03:47:32] - Iter: [6][0/40]	Loss 2.297 (2.297)	Prec@1 0.047 (0.047)	
[2025/03/30 03:48:15] - Evaluating with standard images...
[2025/03/30 03:48:17] - Evaluating with PGD Attack...
[2025/03/30 03:51:10] - Test Loss: 2.1404  	 Test Acc: 0.1727  
 PGD Loss: 2.2342 	 PGD Acc: 0.1294 
 Best PGD Acc: 0.1294 	 Test Acc of best PGD ckpt: 0.1727
[2025/03/30 03:51:10] - epoch 7 lr 1.000000e-01
New Best Adv Training
[2025/03/30 03:51:12] - Iter: [7][0/40]	Loss 2.306 (2.306)	Prec@1 0.133 (0.133)	
[2025/03/30 03:51:54] - Evaluating with standard images...
[2025/03/30 03:51:57] - Evaluating with PGD Attack...
[2025/03/30 03:54:50] - Test Loss: 2.1300  	 Test Acc: 0.1570  
 PGD Loss: 2.2131 	 PGD Acc: 0.1485 
 Best PGD Acc: 0.1485 	 Test Acc of best PGD ckpt: 0.1570
[2025/03/30 03:54:50] - epoch 8 lr 1.000000e-01
New Best Adv Training
[2025/03/30 03:54:51] - Iter: [8][0/40]	Loss 2.133 (2.133)	Prec@1 0.172 (0.172)	
[2025/03/30 03:55:34] - Evaluating with standard images...
[2025/03/30 03:55:36] - Evaluating with PGD Attack...
[2025/03/30 03:58:30] - Test Loss: 2.0506  	 Test Acc: 0.1885  
 PGD Loss: 2.1330 	 PGD Acc: 0.1636 
 Best PGD Acc: 0.1636 	 Test Acc of best PGD ckpt: 0.1885
[2025/03/30 03:58:30] - epoch 9 lr 1.000000e-01
New Best Adv Training
[2025/03/30 03:58:31] - Iter: [9][0/40]	Loss 2.160 (2.160)	Prec@1 0.156 (0.156)	
[2025/03/30 03:59:13] - Evaluating with standard images...
[2025/03/30 03:59:16] - Evaluating with PGD Attack...
[2025/03/30 04:02:09] - Test Loss: 2.2288  	 Test Acc: 0.1966  
 PGD Loss: 2.7061 	 PGD Acc: 0.1280 
 Best PGD Acc: 0.1636 	 Test Acc of best PGD ckpt: 0.1885
[2025/03/30 04:02:09] - epoch 10 lr 1.000000e-01
[2025/03/30 04:02:10] - Iter: [10][0/40]	Loss 2.120 (2.120)	Prec@1 0.156 (0.156)	
[2025/03/30 04:02:53] - Evaluating with standard images...
[2025/03/30 04:02:55] - Evaluating with PGD Attack...
[2025/03/30 04:05:49] - Test Loss: 1.9269  	 Test Acc: 0.2542  
 PGD Loss: 2.0437 	 PGD Acc: 0.2069 
 Best PGD Acc: 0.2069 	 Test Acc of best PGD ckpt: 0.2542
[2025/03/30 04:05:49] - epoch 11 lr 1.000000e-01
New Best Adv Training
[2025/03/30 04:05:50] - Iter: [11][0/40]	Loss 2.131 (2.131)	Prec@1 0.117 (0.117)	
[2025/03/30 04:06:32] - Evaluating with standard images...
[2025/03/30 04:06:35] - Evaluating with PGD Attack...
[2025/03/30 04:09:28] - Test Loss: 1.8638  	 Test Acc: 0.2811  
 PGD Loss: 2.0123 	 PGD Acc: 0.2171 
 Best PGD Acc: 0.2171 	 Test Acc of best PGD ckpt: 0.2811
[2025/03/30 04:09:28] - epoch 12 lr 1.000000e-01
New Best Adv Training
[2025/03/30 04:09:29] - Iter: [12][0/40]	Loss 2.084 (2.084)	Prec@1 0.102 (0.102)	
[2025/03/30 04:10:12] - Evaluating with standard images...
[2025/03/30 04:10:14] - Evaluating with PGD Attack...
[2025/03/30 04:13:08] - Test Loss: 1.9020  	 Test Acc: 0.2619  
 PGD Loss: 2.1813 	 PGD Acc: 0.1950 
 Best PGD Acc: 0.2171 	 Test Acc of best PGD ckpt: 0.2811
[2025/03/30 04:13:08] - epoch 13 lr 1.000000e-01
[2025/03/30 04:13:09] - Iter: [13][0/40]	Loss 1.945 (1.945)	Prec@1 0.273 (0.273)	
[2025/03/30 04:13:51] - Evaluating with standard images...
[2025/03/30 04:13:54] - Evaluating with PGD Attack...
[2025/03/30 04:16:47] - Test Loss: 1.7948  	 Test Acc: 0.3136  
 PGD Loss: 1.9536 	 PGD Acc: 0.2372 
 Best PGD Acc: 0.2372 	 Test Acc of best PGD ckpt: 0.3136
[2025/03/30 04:16:47] - epoch 14 lr 1.000000e-01
New Best Adv Training
[2025/03/30 04:16:48] - Iter: [14][0/40]	Loss 1.950 (1.950)	Prec@1 0.180 (0.180)	
[2025/03/30 04:17:31] - Evaluating with standard images...
[2025/03/30 04:17:33] - Evaluating with PGD Attack...
[2025/03/30 04:20:27] - Test Loss: 1.7841  	 Test Acc: 0.3110  
 PGD Loss: 1.9756 	 PGD Acc: 0.2362 
 Best PGD Acc: 0.2372 	 Test Acc of best PGD ckpt: 0.3136
[2025/03/30 04:20:27] - epoch 15 lr 1.000000e-01
[2025/03/30 04:20:28] - Iter: [15][0/40]	Loss 1.987 (1.987)	Prec@1 0.172 (0.172)	
[2025/03/30 04:21:10] - Evaluating with standard images...
[2025/03/30 04:21:13] - Evaluating with PGD Attack...
[2025/03/30 04:24:06] - Test Loss: 1.7950  	 Test Acc: 0.3310  
 PGD Loss: 2.1392 	 PGD Acc: 0.2329 
 Best PGD Acc: 0.2372 	 Test Acc of best PGD ckpt: 0.3136
[2025/03/30 04:24:06] - epoch 16 lr 1.000000e-01
[2025/03/30 04:24:07] - Iter: [16][0/40]	Loss 1.915 (1.915)	Prec@1 0.242 (0.242)	
[2025/03/30 04:24:50] - Evaluating with standard images...
[2025/03/30 04:24:52] - Evaluating with PGD Attack...
[2025/03/30 04:27:46] - Test Loss: 1.7039  	 Test Acc: 0.3478  
 PGD Loss: 1.8886 	 PGD Acc: 0.2639 
 Best PGD Acc: 0.2639 	 Test Acc of best PGD ckpt: 0.3478
[2025/03/30 04:27:46] - epoch 17 lr 1.000000e-01
New Best Adv Training
[2025/03/30 04:27:47] - Iter: [17][0/40]	Loss 1.916 (1.916)	Prec@1 0.250 (0.250)	
[2025/03/30 04:28:30] - Evaluating with standard images...
[2025/03/30 04:28:32] - Evaluating with PGD Attack...
[2025/03/30 04:31:25] - Test Loss: 1.7286  	 Test Acc: 0.3141  
 PGD Loss: 1.9459 	 PGD Acc: 0.2333 
 Best PGD Acc: 0.2639 	 Test Acc of best PGD ckpt: 0.3478
[2025/03/30 04:31:25] - epoch 18 lr 1.000000e-01
[2025/03/30 04:31:27] - Iter: [18][0/40]	Loss 1.897 (1.897)	Prec@1 0.273 (0.273)	
[2025/03/30 04:32:09] - Evaluating with standard images...
[2025/03/30 04:32:11] - Evaluating with PGD Attack...
[2025/03/30 04:35:05] - Test Loss: 1.7014  	 Test Acc: 0.3342  
 PGD Loss: 1.9032 	 PGD Acc: 0.2492 
 Best PGD Acc: 0.2639 	 Test Acc of best PGD ckpt: 0.3478
[2025/03/30 04:35:05] - epoch 19 lr 1.000000e-01
[2025/03/30 04:35:06] - Iter: [19][0/40]	Loss 1.924 (1.924)	Prec@1 0.227 (0.227)	
[2025/03/30 04:35:48] - Evaluating with standard images...
[2025/03/30 04:35:51] - Evaluating with PGD Attack...
[2025/03/30 04:38:44] - Test Loss: 1.6541  	 Test Acc: 0.3490  
 PGD Loss: 1.8931 	 PGD Acc: 0.2525 
 Best PGD Acc: 0.2639 	 Test Acc of best PGD ckpt: 0.3478
[2025/03/30 04:38:44] - epoch 20 lr 1.000000e-01
[2025/03/30 04:38:45] - Iter: [20][0/40]	Loss 1.874 (1.874)	Prec@1 0.297 (0.297)	
[2025/03/30 04:39:28] - Evaluating with standard images...
[2025/03/30 04:39:30] - Evaluating with PGD Attack...
[2025/03/30 04:42:24] - Test Loss: 1.6027  	 Test Acc: 0.3816  
 PGD Loss: 1.8319 	 PGD Acc: 0.2764 
 Best PGD Acc: 0.2764 	 Test Acc of best PGD ckpt: 0.3816
[2025/03/30 04:42:24] - epoch 21 lr 1.000000e-01
New Best Adv Training
[2025/03/30 04:42:25] - Iter: [21][0/40]	Loss 1.837 (1.837)	Prec@1 0.297 (0.297)	
[2025/03/30 04:43:08] - Evaluating with standard images...
[2025/03/30 04:43:10] - Evaluating with PGD Attack...
[2025/03/30 04:46:04] - Test Loss: 1.5988  	 Test Acc: 0.4149  
 PGD Loss: 1.8305 	 PGD Acc: 0.2881 
 Best PGD Acc: 0.2881 	 Test Acc of best PGD ckpt: 0.4149
[2025/03/30 04:46:04] - epoch 22 lr 1.000000e-01
New Best Adv Training
[2025/03/30 04:46:05] - Iter: [22][0/40]	Loss 1.866 (1.866)	Prec@1 0.320 (0.320)	
[2025/03/30 04:46:48] - Evaluating with standard images...
[2025/03/30 04:46:50] - Evaluating with PGD Attack...
[2025/03/30 04:49:44] - Test Loss: 1.5506  	 Test Acc: 0.4171  
 PGD Loss: 1.8006 	 PGD Acc: 0.2885 
 Best PGD Acc: 0.2885 	 Test Acc of best PGD ckpt: 0.4171
[2025/03/30 04:49:44] - epoch 23 lr 1.000000e-01
New Best Adv Training
[2025/03/30 04:49:45] - Iter: [23][0/40]	Loss 1.799 (1.799)	Prec@1 0.281 (0.281)	
[2025/03/30 04:50:27] - Evaluating with standard images...
[2025/03/30 04:50:30] - Evaluating with PGD Attack...
[2025/03/30 04:53:23] - Test Loss: 1.5788  	 Test Acc: 0.4022  
 PGD Loss: 1.8173 	 PGD Acc: 0.2777 
 Best PGD Acc: 0.2885 	 Test Acc of best PGD ckpt: 0.4171
[2025/03/30 04:53:23] - epoch 24 lr 1.000000e-01
[2025/03/30 04:53:24] - Iter: [24][0/40]	Loss 1.747 (1.747)	Prec@1 0.312 (0.312)	
[2025/03/30 04:54:07] - Evaluating with standard images...
[2025/03/30 04:54:09] - Evaluating with PGD Attack...
[2025/03/30 04:57:04] - Test Loss: 1.5741  	 Test Acc: 0.4135  
 PGD Loss: 1.8041 	 PGD Acc: 0.2913 
 Best PGD Acc: 0.2913 	 Test Acc of best PGD ckpt: 0.4135
[2025/03/30 04:57:04] - epoch 25 lr 1.000000e-01
New Best Adv Training
[2025/03/30 04:57:05] - Iter: [25][0/40]	Loss 1.721 (1.721)	Prec@1 0.359 (0.359)	
[2025/03/30 04:57:48] - Evaluating with standard images...
[2025/03/30 04:57:50] - Evaluating with PGD Attack...
[2025/03/30 05:00:44] - Test Loss: 1.5229  	 Test Acc: 0.4139  
 PGD Loss: 1.8014 	 PGD Acc: 0.2792 
 Best PGD Acc: 0.2913 	 Test Acc of best PGD ckpt: 0.4135
[2025/03/30 05:00:44] - epoch 26 lr 1.000000e-01
[2025/03/30 05:00:45] - Iter: [26][0/40]	Loss 1.743 (1.743)	Prec@1 0.312 (0.312)	
[2025/03/30 05:01:27] - Evaluating with standard images...
[2025/03/30 05:01:30] - Evaluating with PGD Attack...
[2025/03/30 05:04:23] - Test Loss: 1.5739  	 Test Acc: 0.4246  
 PGD Loss: 1.8479 	 PGD Acc: 0.2735 
 Best PGD Acc: 0.2913 	 Test Acc of best PGD ckpt: 0.4135
[2025/03/30 05:04:23] - epoch 27 lr 1.000000e-01
[2025/03/30 05:04:25] - Iter: [27][0/40]	Loss 1.775 (1.775)	Prec@1 0.289 (0.289)	
[2025/03/30 05:05:07] - Evaluating with standard images...
[2025/03/30 05:05:10] - Evaluating with PGD Attack...
[2025/03/30 05:08:03] - Test Loss: 1.5325  	 Test Acc: 0.4422  
 PGD Loss: 1.7972 	 PGD Acc: 0.2926 
 Best PGD Acc: 0.2926 	 Test Acc of best PGD ckpt: 0.4422
[2025/03/30 05:08:03] - epoch 28 lr 1.000000e-01
New Best Adv Training
[2025/03/30 05:08:04] - Iter: [28][0/40]	Loss 1.766 (1.766)	Prec@1 0.328 (0.328)	
[2025/03/30 05:08:47] - Evaluating with standard images...
[2025/03/30 05:08:49] - Evaluating with PGD Attack...
[2025/03/30 05:11:43] - Test Loss: 1.4847  	 Test Acc: 0.4535  
 PGD Loss: 1.7507 	 PGD Acc: 0.3054 
 Best PGD Acc: 0.3054 	 Test Acc of best PGD ckpt: 0.4535
[2025/03/30 05:11:43] - epoch 29 lr 1.000000e-01
New Best Adv Training
[2025/03/30 05:11:44] - Iter: [29][0/40]	Loss 1.892 (1.892)	Prec@1 0.250 (0.250)	
[2025/03/30 05:12:27] - Evaluating with standard images...
[2025/03/30 05:12:29] - Evaluating with PGD Attack...
[2025/03/30 05:15:23] - Test Loss: 1.4893  	 Test Acc: 0.4572  
 PGD Loss: 1.7490 	 PGD Acc: 0.3091 
 Best PGD Acc: 0.3091 	 Test Acc of best PGD ckpt: 0.4572
[2025/03/30 05:15:23] - epoch 30 lr 1.000000e-01
New Best Adv Training
[2025/03/30 05:15:24] - Iter: [30][0/40]	Loss 1.622 (1.622)	Prec@1 0.367 (0.367)	
[2025/03/30 05:16:06] - Evaluating with standard images...
[2025/03/30 05:16:09] - Evaluating with PGD Attack...
[2025/03/30 05:19:02] - Test Loss: 1.4548  	 Test Acc: 0.4671  
 PGD Loss: 1.7324 	 PGD Acc: 0.3126 
 Best PGD Acc: 0.3126 	 Test Acc of best PGD ckpt: 0.4671
[2025/03/30 05:19:02] - epoch 31 lr 1.000000e-01
New Best Adv Training
[2025/03/30 05:19:04] - Iter: [31][0/40]	Loss 1.648 (1.648)	Prec@1 0.281 (0.281)	
[2025/03/30 05:19:46] - Evaluating with standard images...
[2025/03/30 05:19:49] - Evaluating with PGD Attack...
[2025/03/30 05:22:42] - Test Loss: 1.4780  	 Test Acc: 0.4547  
 PGD Loss: 1.7924 	 PGD Acc: 0.2989 
 Best PGD Acc: 0.3126 	 Test Acc of best PGD ckpt: 0.4671
[2025/03/30 05:22:42] - epoch 32 lr 1.000000e-01
[2025/03/30 05:22:43] - Iter: [32][0/40]	Loss 1.644 (1.644)	Prec@1 0.328 (0.328)	
[2025/03/30 05:23:26] - Evaluating with standard images...
[2025/03/30 05:23:28] - Evaluating with PGD Attack...
[2025/03/30 05:26:22] - Test Loss: 1.4712  	 Test Acc: 0.4298  
 PGD Loss: 1.7609 	 PGD Acc: 0.3051 
 Best PGD Acc: 0.3126 	 Test Acc of best PGD ckpt: 0.4671
[2025/03/30 05:26:22] - epoch 33 lr 1.000000e-01
[2025/03/30 05:26:23] - Iter: [33][0/40]	Loss 1.750 (1.750)	Prec@1 0.266 (0.266)	
[2025/03/30 05:27:05] - Evaluating with standard images...
[2025/03/30 05:27:08] - Evaluating with PGD Attack...
[2025/03/30 05:30:01] - Test Loss: 1.4549  	 Test Acc: 0.4706  
 PGD Loss: 1.7386 	 PGD Acc: 0.3089 
 Best PGD Acc: 0.3126 	 Test Acc of best PGD ckpt: 0.4671
[2025/03/30 05:30:01] - epoch 34 lr 1.000000e-01
[2025/03/30 05:30:02] - Iter: [34][0/40]	Loss 1.584 (1.584)	Prec@1 0.344 (0.344)	
[2025/03/30 05:30:45] - Evaluating with standard images...
[2025/03/30 05:30:47] - Evaluating with PGD Attack...
[2025/03/30 05:33:41] - Test Loss: 1.4203  	 Test Acc: 0.4680  
 PGD Loss: 1.7041 	 PGD Acc: 0.3247 
 Best PGD Acc: 0.3247 	 Test Acc of best PGD ckpt: 0.4680
[2025/03/30 05:33:41] - epoch 35 lr 1.000000e-01
New Best Adv Training
[2025/03/30 05:33:42] - Iter: [35][0/40]	Loss 1.643 (1.643)	Prec@1 0.359 (0.359)	
[2025/03/30 05:34:25] - Evaluating with standard images...
[2025/03/30 05:34:27] - Evaluating with PGD Attack...
[2025/03/30 05:37:20] - Test Loss: 1.4353  	 Test Acc: 0.4539  
 PGD Loss: 1.7356 	 PGD Acc: 0.3059 
 Best PGD Acc: 0.3247 	 Test Acc of best PGD ckpt: 0.4680
[2025/03/30 05:37:20] - epoch 36 lr 1.000000e-01
[2025/03/30 05:37:22] - Iter: [36][0/40]	Loss 1.696 (1.696)	Prec@1 0.336 (0.336)	
[2025/03/30 05:38:04] - Evaluating with standard images...
[2025/03/30 05:38:07] - Evaluating with PGD Attack...
[2025/03/30 05:41:00] - Test Loss: 1.4568  	 Test Acc: 0.4654  
 PGD Loss: 1.8301 	 PGD Acc: 0.2805 
 Best PGD Acc: 0.3247 	 Test Acc of best PGD ckpt: 0.4680
[2025/03/30 05:41:00] - epoch 37 lr 1.000000e-01
[2025/03/30 05:41:01] - Iter: [37][0/40]	Loss 1.515 (1.515)	Prec@1 0.398 (0.398)	
[2025/03/30 05:41:44] - Evaluating with standard images...
[2025/03/30 05:41:46] - Evaluating with PGD Attack...
[2025/03/30 05:44:40] - Test Loss: 1.3787  	 Test Acc: 0.4973  
 PGD Loss: 1.7056 	 PGD Acc: 0.3206 
 Best PGD Acc: 0.3247 	 Test Acc of best PGD ckpt: 0.4680
[2025/03/30 05:44:40] - epoch 38 lr 1.000000e-01
[2025/03/30 05:44:41] - Iter: [38][0/40]	Loss 1.604 (1.604)	Prec@1 0.398 (0.398)	
[2025/03/30 05:45:23] - Evaluating with standard images...
[2025/03/30 05:45:26] - Evaluating with PGD Attack...
[2025/03/30 05:48:19] - Test Loss: 1.3981  	 Test Acc: 0.4682  
 PGD Loss: 1.7637 	 PGD Acc: 0.3016 
 Best PGD Acc: 0.3247 	 Test Acc of best PGD ckpt: 0.4680
[2025/03/30 05:48:19] - epoch 39 lr 1.000000e-01
[2025/03/30 05:48:20] - Iter: [39][0/40]	Loss 1.564 (1.564)	Prec@1 0.398 (0.398)	
[2025/03/30 05:49:03] - Evaluating with standard images...
[2025/03/30 05:49:05] - Evaluating with PGD Attack...
[2025/03/30 05:51:59] - Test Loss: 1.4278  	 Test Acc: 0.4690  
 PGD Loss: 1.7275 	 PGD Acc: 0.3110 
 Best PGD Acc: 0.3247 	 Test Acc of best PGD ckpt: 0.4680
[2025/03/30 05:51:59] - epoch 40 lr 1.000000e-01
[2025/03/30 05:52:00] - Iter: [40][0/40]	Loss 1.593 (1.593)	Prec@1 0.445 (0.445)	
[2025/03/30 05:52:42] - Evaluating with standard images...
[2025/03/30 05:52:45] - Evaluating with PGD Attack...
[2025/03/30 05:55:38] - Test Loss: 1.3972  	 Test Acc: 0.4706  
 PGD Loss: 1.7196 	 PGD Acc: 0.3120 
 Best PGD Acc: 0.3247 	 Test Acc of best PGD ckpt: 0.4680
[2025/03/30 05:55:38] - epoch 41 lr 1.000000e-01
[2025/03/30 05:55:40] - Iter: [41][0/40]	Loss 1.562 (1.562)	Prec@1 0.312 (0.312)	
[2025/03/30 05:56:22] - Evaluating with standard images...
[2025/03/30 05:56:25] - Evaluating with PGD Attack...
[2025/03/30 05:59:18] - Test Loss: 1.3726  	 Test Acc: 0.4939  
 PGD Loss: 1.7262 	 PGD Acc: 0.3245 
 Best PGD Acc: 0.3247 	 Test Acc of best PGD ckpt: 0.4680
[2025/03/30 05:59:18] - epoch 42 lr 1.000000e-01
[2025/03/30 05:59:19] - Iter: [42][0/40]	Loss 1.444 (1.444)	Prec@1 0.422 (0.422)	
[2025/03/30 06:00:02] - Evaluating with standard images...
[2025/03/30 06:00:04] - Evaluating with PGD Attack...
[2025/03/30 06:02:57] - Test Loss: 1.3598  	 Test Acc: 0.4780  
 PGD Loss: 1.7052 	 PGD Acc: 0.3244 
 Best PGD Acc: 0.3247 	 Test Acc of best PGD ckpt: 0.4680
[2025/03/30 06:02:57] - epoch 43 lr 1.000000e-01
[2025/03/30 06:02:59] - Iter: [43][0/40]	Loss 1.629 (1.629)	Prec@1 0.391 (0.391)	
[2025/03/30 06:03:41] - Evaluating with standard images...
[2025/03/30 06:03:44] - Evaluating with PGD Attack...
[2025/03/30 06:06:37] - Test Loss: 1.3746  	 Test Acc: 0.4903  
 PGD Loss: 1.7034 	 PGD Acc: 0.3179 
 Best PGD Acc: 0.3247 	 Test Acc of best PGD ckpt: 0.4680
[2025/03/30 06:06:37] - epoch 44 lr 1.000000e-01
[2025/03/30 06:06:38] - Iter: [44][0/40]	Loss 1.577 (1.577)	Prec@1 0.336 (0.336)	
[2025/03/30 06:07:21] - Evaluating with standard images...
[2025/03/30 06:07:23] - Evaluating with PGD Attack...
[2025/03/30 06:10:17] - Test Loss: 1.3683  	 Test Acc: 0.4946  
 PGD Loss: 1.7209 	 PGD Acc: 0.3326 
 Best PGD Acc: 0.3326 	 Test Acc of best PGD ckpt: 0.4946
[2025/03/30 06:10:17] - epoch 45 lr 1.000000e-01
New Best Adv Training
[2025/03/30 06:10:18] - Iter: [45][0/40]	Loss 1.547 (1.547)	Prec@1 0.391 (0.391)	
[2025/03/30 06:11:00] - Evaluating with standard images...
[2025/03/30 06:11:03] - Evaluating with PGD Attack...
[2025/03/30 06:13:56] - Test Loss: 1.3400  	 Test Acc: 0.4966  
 PGD Loss: 1.6887 	 PGD Acc: 0.3276 
 Best PGD Acc: 0.3326 	 Test Acc of best PGD ckpt: 0.4946
[2025/03/30 06:13:56] - epoch 46 lr 1.000000e-01
[2025/03/30 06:13:58] - Iter: [46][0/40]	Loss 1.494 (1.494)	Prec@1 0.414 (0.414)	
[2025/03/30 06:14:40] - Evaluating with standard images...
[2025/03/30 06:14:43] - Evaluating with PGD Attack...
[2025/03/30 06:17:36] - Test Loss: 1.3371  	 Test Acc: 0.5126  
 PGD Loss: 1.6710 	 PGD Acc: 0.3362 
 Best PGD Acc: 0.3362 	 Test Acc of best PGD ckpt: 0.5126
[2025/03/30 06:17:36] - epoch 47 lr 1.000000e-01
New Best Adv Training
[2025/03/30 06:17:37] - Iter: [47][0/40]	Loss 1.523 (1.523)	Prec@1 0.352 (0.352)	
[2025/03/30 06:18:20] - Evaluating with standard images...
[2025/03/30 06:18:22] - Evaluating with PGD Attack...
[2025/03/30 06:21:16] - Test Loss: 1.2924  	 Test Acc: 0.5112  
 PGD Loss: 1.7085 	 PGD Acc: 0.3202 
 Best PGD Acc: 0.3362 	 Test Acc of best PGD ckpt: 0.5126
[2025/03/30 06:21:16] - epoch 48 lr 1.000000e-01
[2025/03/30 06:21:17] - Iter: [48][0/40]	Loss 1.557 (1.557)	Prec@1 0.406 (0.406)	
[2025/03/30 06:21:59] - Evaluating with standard images...
[2025/03/30 06:22:02] - Evaluating with PGD Attack...
[2025/03/30 06:24:55] - Test Loss: 1.3405  	 Test Acc: 0.4760  
 PGD Loss: 1.7219 	 PGD Acc: 0.3265 
 Best PGD Acc: 0.3362 	 Test Acc of best PGD ckpt: 0.5126
[2025/03/30 06:24:55] - epoch 49 lr 1.000000e-01
[2025/03/30 06:24:57] - Iter: [49][0/40]	Loss 1.492 (1.492)	Prec@1 0.461 (0.461)	
[2025/03/30 06:25:39] - Evaluating with standard images...
[2025/03/30 06:25:42] - Evaluating with PGD Attack...
[2025/03/30 06:28:35] - Test Loss: 1.3084  	 Test Acc: 0.5305  
 PGD Loss: 1.7236 	 PGD Acc: 0.3289 
 Best PGD Acc: 0.3362 	 Test Acc of best PGD ckpt: 0.5126
[2025/03/30 06:28:35] - epoch 50 lr 1.000000e-01
[2025/03/30 06:28:36] - Iter: [50][0/40]	Loss 1.433 (1.433)	Prec@1 0.422 (0.422)	
[2025/03/30 06:29:19] - Evaluating with standard images...
[2025/03/30 06:29:21] - Evaluating with PGD Attack...
[2025/03/30 06:32:14] - Test Loss: 1.3225  	 Test Acc: 0.5189  
 PGD Loss: 1.6944 	 PGD Acc: 0.3359 
 Best PGD Acc: 0.3362 	 Test Acc of best PGD ckpt: 0.5126
[2025/03/30 06:32:14] - epoch 51 lr 1.000000e-01
[2025/03/30 06:32:16] - Iter: [51][0/40]	Loss 1.545 (1.545)	Prec@1 0.422 (0.422)	
[2025/03/30 06:32:58] - Evaluating with standard images...
[2025/03/30 06:33:01] - Evaluating with PGD Attack...
[2025/03/30 06:35:54] - Test Loss: 1.2929  	 Test Acc: 0.5345  
 PGD Loss: 1.7046 	 PGD Acc: 0.3332 
 Best PGD Acc: 0.3362 	 Test Acc of best PGD ckpt: 0.5126
[2025/03/30 06:35:54] - epoch 52 lr 1.000000e-01
[2025/03/30 06:35:55] - Iter: [52][0/40]	Loss 1.438 (1.438)	Prec@1 0.359 (0.359)	
[2025/03/30 06:36:38] - Evaluating with standard images...
[2025/03/30 06:36:40] - Evaluating with PGD Attack...
[2025/03/30 06:39:34] - Test Loss: 1.3524  	 Test Acc: 0.4988  
 PGD Loss: 1.7482 	 PGD Acc: 0.3265 
 Best PGD Acc: 0.3362 	 Test Acc of best PGD ckpt: 0.5126
[2025/03/30 06:39:34] - epoch 53 lr 1.000000e-01
[2025/03/30 06:39:35] - Iter: [53][0/40]	Loss 1.489 (1.489)	Prec@1 0.430 (0.430)	
[2025/03/30 06:40:17] - Evaluating with standard images...
[2025/03/30 06:40:20] - Evaluating with PGD Attack...
[2025/03/30 06:43:13] - Test Loss: 1.2551  	 Test Acc: 0.5393  
 PGD Loss: 1.6819 	 PGD Acc: 0.3331 
 Best PGD Acc: 0.3362 	 Test Acc of best PGD ckpt: 0.5126
[2025/03/30 06:43:13] - epoch 54 lr 1.000000e-01
[2025/03/30 06:43:14] - Iter: [54][0/40]	Loss 1.462 (1.462)	Prec@1 0.430 (0.430)	
[2025/03/30 06:43:57] - Evaluating with standard images...
[2025/03/30 06:43:59] - Evaluating with PGD Attack...
[2025/03/30 06:46:53] - Test Loss: 1.2442  	 Test Acc: 0.5516  
 PGD Loss: 1.6798 	 PGD Acc: 0.3351 
 Best PGD Acc: 0.3362 	 Test Acc of best PGD ckpt: 0.5126
[2025/03/30 06:46:53] - epoch 55 lr 1.000000e-01
[2025/03/30 06:46:54] - Iter: [55][0/40]	Loss 1.525 (1.525)	Prec@1 0.445 (0.445)	
[2025/03/30 06:47:36] - Evaluating with standard images...
[2025/03/30 06:47:39] - Evaluating with PGD Attack...
[2025/03/30 06:50:32] - Test Loss: 1.3041  	 Test Acc: 0.5256  
 PGD Loss: 1.8180 	 PGD Acc: 0.2938 
 Best PGD Acc: 0.3362 	 Test Acc of best PGD ckpt: 0.5126
[2025/03/30 06:50:32] - epoch 56 lr 1.000000e-01
[2025/03/30 06:50:34] - Iter: [56][0/40]	Loss 1.374 (1.374)	Prec@1 0.445 (0.445)	
[2025/03/30 06:51:16] - Evaluating with standard images...
[2025/03/30 06:51:19] - Evaluating with PGD Attack...
[2025/03/30 06:54:12] - Test Loss: 1.2291  	 Test Acc: 0.5677  
 PGD Loss: 1.6479 	 PGD Acc: 0.3498 
 Best PGD Acc: 0.3498 	 Test Acc of best PGD ckpt: 0.5677
[2025/03/30 06:54:12] - epoch 57 lr 1.000000e-01
New Best Adv Training
[2025/03/30 06:54:13] - Iter: [57][0/40]	Loss 1.468 (1.468)	Prec@1 0.422 (0.422)	
[2025/03/30 06:54:56] - Evaluating with standard images...
[2025/03/30 06:54:58] - Evaluating with PGD Attack...
[2025/03/30 06:57:52] - Test Loss: 1.2329  	 Test Acc: 0.5467  
 PGD Loss: 1.6537 	 PGD Acc: 0.3550 
 Best PGD Acc: 0.3550 	 Test Acc of best PGD ckpt: 0.5467
[2025/03/30 06:57:52] - epoch 58 lr 1.000000e-01
New Best Adv Training
[2025/03/30 06:57:53] - Iter: [58][0/40]	Loss 1.473 (1.473)	Prec@1 0.406 (0.406)	
[2025/03/30 06:58:35] - Evaluating with standard images...
[2025/03/30 06:58:38] - Evaluating with PGD Attack...
[2025/03/30 07:01:31] - Test Loss: 1.2426  	 Test Acc: 0.5616  
 PGD Loss: 1.6403 	 PGD Acc: 0.3491 
 Best PGD Acc: 0.3550 	 Test Acc of best PGD ckpt: 0.5467
[2025/03/30 07:01:31] - epoch 59 lr 1.000000e-03
[2025/03/30 07:01:32] - Iter: [59][0/40]	Loss 1.407 (1.407)	Prec@1 0.461 (0.461)	
[2025/03/30 07:02:15] - Evaluating with standard images...
[2025/03/30 07:02:17] - Evaluating with PGD Attack...
[2025/03/30 07:05:11] - Test Loss: 1.2776  	 Test Acc: 0.5605  
 PGD Loss: 1.6954 	 PGD Acc: 0.3636 
 Best PGD Acc: 0.3636 	 Test Acc of best PGD ckpt: 0.5605
[2025/03/30 07:05:11] - epoch 60 lr 1.000000e-02
New Best Adv Training
[2025/03/30 07:05:12] - Iter: [60][0/40]	Loss 1.240 (1.240)	Prec@1 0.500 (0.500)	
[2025/03/30 07:05:55] - Evaluating with standard images...
[2025/03/30 07:05:57] - Evaluating with PGD Attack...
[2025/03/30 07:08:50] - Test Loss: 1.1543  	 Test Acc: 0.5994  
 PGD Loss: 1.6407 	 PGD Acc: 0.3578 
 Best PGD Acc: 0.3636 	 Test Acc of best PGD ckpt: 0.5605
[2025/03/30 07:08:50] - epoch 61 lr 1.000000e-02
[2025/03/30 07:08:52] - Iter: [61][0/40]	Loss 1.313 (1.313)	Prec@1 0.500 (0.500)	
[2025/03/30 07:09:34] - Evaluating with standard images...
[2025/03/30 07:09:36] - Evaluating with PGD Attack...
[2025/03/30 07:12:30] - Test Loss: 1.1357  	 Test Acc: 0.5995  
 PGD Loss: 1.6477 	 PGD Acc: 0.3690 
 Best PGD Acc: 0.3690 	 Test Acc of best PGD ckpt: 0.5995
[2025/03/30 07:12:30] - epoch 62 lr 1.000000e-02
New Best Adv Training
[2025/03/30 07:12:31] - Iter: [62][0/40]	Loss 1.265 (1.265)	Prec@1 0.492 (0.492)	
[2025/03/30 07:13:14] - Evaluating with standard images...
[2025/03/30 07:13:16] - Evaluating with PGD Attack...
[2025/03/30 07:16:10] - Test Loss: 1.1374  	 Test Acc: 0.5807  
 PGD Loss: 1.5987 	 PGD Acc: 0.3775 
 Best PGD Acc: 0.3775 	 Test Acc of best PGD ckpt: 0.5807
[2025/03/30 07:16:10] - epoch 63 lr 1.000000e-02
New Best Adv Training
[2025/03/30 07:16:11] - Iter: [63][0/40]	Loss 1.286 (1.286)	Prec@1 0.484 (0.484)	
[2025/03/30 07:16:53] - Evaluating with standard images...
[2025/03/30 07:16:56] - Evaluating with PGD Attack...
[2025/03/30 07:19:49] - Test Loss: 1.1187  	 Test Acc: 0.6089  
 PGD Loss: 1.5765 	 PGD Acc: 0.3792 
 Best PGD Acc: 0.3792 	 Test Acc of best PGD ckpt: 0.6089
[2025/03/30 07:19:49] - epoch 64 lr 1.000000e-02
New Best Adv Training
[2025/03/30 07:19:50] - Iter: [64][0/40]	Loss 1.209 (1.209)	Prec@1 0.562 (0.562)	
[2025/03/30 07:20:33] - Evaluating with standard images...
[2025/03/30 07:20:35] - Evaluating with PGD Attack...
[2025/03/30 07:23:29] - Test Loss: 1.0971  	 Test Acc: 0.6195  
 PGD Loss: 1.5641 	 PGD Acc: 0.3865 
 Best PGD Acc: 0.3865 	 Test Acc of best PGD ckpt: 0.6195
[2025/03/30 07:23:29] - epoch 65 lr 1.000000e-02
New Best Adv Training
[2025/03/30 07:23:30] - Iter: [65][0/40]	Loss 1.198 (1.198)	Prec@1 0.516 (0.516)	
[2025/03/30 07:24:13] - Evaluating with standard images...
[2025/03/30 07:24:15] - Evaluating with PGD Attack...
[2025/03/30 07:27:08] - Test Loss: 1.0992  	 Test Acc: 0.6162  
 PGD Loss: 1.5998 	 PGD Acc: 0.3625 
 Best PGD Acc: 0.3865 	 Test Acc of best PGD ckpt: 0.6195
[2025/03/30 07:27:08] - epoch 66 lr 1.000000e-02
[2025/03/30 07:27:10] - Iter: [66][0/40]	Loss 1.326 (1.326)	Prec@1 0.438 (0.438)	
[2025/03/30 07:27:52] - Evaluating with standard images...
[2025/03/30 07:27:54] - Evaluating with PGD Attack...
[2025/03/30 07:30:48] - Test Loss: 1.1104  	 Test Acc: 0.6096  
 PGD Loss: 1.5746 	 PGD Acc: 0.3754 
 Best PGD Acc: 0.3865 	 Test Acc of best PGD ckpt: 0.6195
[2025/03/30 07:30:48] - epoch 67 lr 1.000000e-02
[2025/03/30 07:30:49] - Iter: [67][0/40]	Loss 1.184 (1.184)	Prec@1 0.531 (0.531)	
[2025/03/30 07:31:31] - Evaluating with standard images...
[2025/03/30 07:31:34] - Evaluating with PGD Attack...
[2025/03/30 07:34:27] - Test Loss: 1.1009  	 Test Acc: 0.6041  
 PGD Loss: 1.6548 	 PGD Acc: 0.3673 
 Best PGD Acc: 0.3865 	 Test Acc of best PGD ckpt: 0.6195
[2025/03/30 07:34:27] - epoch 68 lr 1.000000e-02
[2025/03/30 07:34:28] - Iter: [68][0/40]	Loss 1.294 (1.294)	Prec@1 0.422 (0.422)	
[2025/03/30 07:35:11] - Evaluating with standard images...
[2025/03/30 07:35:13] - Evaluating with PGD Attack...
[2025/03/30 07:38:07] - Test Loss: 1.0914  	 Test Acc: 0.6174  
 PGD Loss: 1.5935 	 PGD Acc: 0.3748 
 Best PGD Acc: 0.3865 	 Test Acc of best PGD ckpt: 0.6195
[2025/03/30 07:38:07] - epoch 69 lr 1.000000e-02
[2025/03/30 07:38:08] - Iter: [69][0/40]	Loss 1.095 (1.095)	Prec@1 0.570 (0.570)	
[2025/03/30 07:38:50] - Evaluating with standard images...
[2025/03/30 07:38:53] - Evaluating with PGD Attack...
[2025/03/30 07:41:46] - Test Loss: 1.1201  	 Test Acc: 0.5985  
 PGD Loss: 1.8196 	 PGD Acc: 0.3344 
 Best PGD Acc: 0.3865 	 Test Acc of best PGD ckpt: 0.6195
[2025/03/30 07:41:46] - epoch 70 lr 1.000000e-02
[2025/03/30 07:41:47] - Iter: [70][0/40]	Loss 1.228 (1.228)	Prec@1 0.531 (0.531)	
[2025/03/30 07:42:30] - Evaluating with standard images...
[2025/03/30 07:42:32] - Evaluating with PGD Attack...
[2025/03/30 07:45:25] - Test Loss: 1.0499  	 Test Acc: 0.6291  
 PGD Loss: 1.5946 	 PGD Acc: 0.3750 
 Best PGD Acc: 0.3865 	 Test Acc of best PGD ckpt: 0.6195
[2025/03/30 07:45:25] - epoch 71 lr 1.000000e-02
[2025/03/30 07:45:27] - Iter: [71][0/40]	Loss 1.176 (1.176)	Prec@1 0.516 (0.516)	
[2025/03/30 07:46:09] - Evaluating with standard images...
[2025/03/30 07:46:11] - Evaluating with PGD Attack...
[2025/03/30 07:49:05] - Test Loss: 1.0637  	 Test Acc: 0.6256  
 PGD Loss: 1.6443 	 PGD Acc: 0.3646 
 Best PGD Acc: 0.3865 	 Test Acc of best PGD ckpt: 0.6195
[2025/03/30 07:49:05] - epoch 72 lr 1.000000e-02
[2025/03/30 07:49:06] - Iter: [72][0/40]	Loss 1.121 (1.121)	Prec@1 0.555 (0.555)	
[2025/03/30 07:49:48] - Evaluating with standard images...
[2025/03/30 07:49:51] - Evaluating with PGD Attack...
[2025/03/30 07:52:44] - Test Loss: 1.0705  	 Test Acc: 0.6239  
 PGD Loss: 1.6217 	 PGD Acc: 0.3698 
 Best PGD Acc: 0.3865 	 Test Acc of best PGD ckpt: 0.6195
[2025/03/30 07:52:44] - epoch 73 lr 1.000000e-02
[2025/03/30 07:52:45] - Iter: [73][0/40]	Loss 1.132 (1.132)	Prec@1 0.539 (0.539)	
[2025/03/30 07:53:27] - Evaluating with standard images...
[2025/03/30 07:53:30] - Evaluating with PGD Attack...
[2025/03/30 07:56:23] - Test Loss: 1.0588  	 Test Acc: 0.6328  
 PGD Loss: 1.6112 	 PGD Acc: 0.3765 
 Best PGD Acc: 0.3865 	 Test Acc of best PGD ckpt: 0.6195
[2025/03/30 07:56:23] - epoch 74 lr 1.000000e-02
[2025/03/30 07:56:24] - Iter: [74][0/40]	Loss 1.208 (1.208)	Prec@1 0.500 (0.500)	
[2025/03/30 07:57:07] - Evaluating with standard images...
[2025/03/30 07:57:09] - Evaluating with PGD Attack...
[2025/03/30 08:00:02] - Test Loss: 1.0729  	 Test Acc: 0.6176  
 PGD Loss: 1.6150 	 PGD Acc: 0.3785 
 Best PGD Acc: 0.3865 	 Test Acc of best PGD ckpt: 0.6195
[2025/03/30 08:00:02] - epoch 75 lr 1.000000e-02
[2025/03/30 08:00:04] - Iter: [75][0/40]	Loss 1.075 (1.075)	Prec@1 0.578 (0.578)	
[2025/03/30 08:00:46] - Evaluating with standard images...
[2025/03/30 08:00:48] - Evaluating with PGD Attack...
[2025/03/30 08:03:42] - Test Loss: 1.0767  	 Test Acc: 0.6176  
 PGD Loss: 1.7338 	 PGD Acc: 0.3556 
 Best PGD Acc: 0.3865 	 Test Acc of best PGD ckpt: 0.6195
[2025/03/30 08:03:42] - epoch 76 lr 1.000000e-02
[2025/03/30 08:03:43] - Iter: [76][0/40]	Loss 1.106 (1.106)	Prec@1 0.594 (0.594)	
[2025/03/30 08:04:25] - Evaluating with standard images...
[2025/03/30 08:04:28] - Evaluating with PGD Attack...
[2025/03/30 08:07:21] - Test Loss: 1.0349  	 Test Acc: 0.6374  
 PGD Loss: 1.6644 	 PGD Acc: 0.3561 
 Best PGD Acc: 0.3865 	 Test Acc of best PGD ckpt: 0.6195
[2025/03/30 08:07:21] - epoch 77 lr 1.000000e-02
[2025/03/30 08:07:22] - Iter: [77][0/40]	Loss 1.126 (1.126)	Prec@1 0.578 (0.578)	
[2025/03/30 08:08:05] - Evaluating with standard images...
[2025/03/30 08:08:07] - Evaluating with PGD Attack...
[2025/03/30 08:11:01] - Test Loss: 1.0948  	 Test Acc: 0.6190  
 PGD Loss: 1.6395 	 PGD Acc: 0.3715 
 Best PGD Acc: 0.3865 	 Test Acc of best PGD ckpt: 0.6195
[2025/03/30 08:11:01] - epoch 78 lr 1.000000e-02
[2025/03/30 08:11:02] - Iter: [78][0/40]	Loss 1.082 (1.082)	Prec@1 0.602 (0.602)	
[2025/03/30 08:11:44] - Evaluating with standard images...
[2025/03/30 08:11:47] - Evaluating with PGD Attack...
[2025/03/30 08:14:40] - Test Loss: 1.0396  	 Test Acc: 0.6254  
 PGD Loss: 1.6497 	 PGD Acc: 0.3766 
 Best PGD Acc: 0.3865 	 Test Acc of best PGD ckpt: 0.6195
[2025/03/30 08:14:40] - epoch 79 lr 1.000000e-02
[2025/03/30 08:14:41] - Iter: [79][0/40]	Loss 1.160 (1.160)	Prec@1 0.523 (0.523)	
[2025/03/30 08:15:24] - Evaluating with standard images...
[2025/03/30 08:15:26] - Evaluating with PGD Attack...
[2025/03/30 08:18:19] - Test Loss: 1.0616  	 Test Acc: 0.6254  
 PGD Loss: 1.6481 	 PGD Acc: 0.3711 
 Best PGD Acc: 0.3865 	 Test Acc of best PGD ckpt: 0.6195
[2025/03/30 08:18:19] - epoch 80 lr 1.000000e-02
[2025/03/30 08:18:21] - Iter: [80][0/40]	Loss 1.133 (1.133)	Prec@1 0.578 (0.578)	
[2025/03/30 08:19:03] - Evaluating with standard images...
[2025/03/30 08:19:06] - Evaluating with PGD Attack...
[2025/03/30 08:21:59] - Test Loss: 1.0625  	 Test Acc: 0.6241  
 PGD Loss: 1.7038 	 PGD Acc: 0.3521 
 Best PGD Acc: 0.3865 	 Test Acc of best PGD ckpt: 0.6195
[2025/03/30 08:21:59] - epoch 81 lr 1.000000e-02
[2025/03/30 08:22:00] - Iter: [81][0/40]	Loss 1.090 (1.090)	Prec@1 0.562 (0.562)	
[2025/03/30 08:22:43] - Evaluating with standard images...
[2025/03/30 08:22:45] - Evaluating with PGD Attack...
[2025/03/30 08:25:38] - Test Loss: 1.1014  	 Test Acc: 0.5962  
 PGD Loss: 1.6567 	 PGD Acc: 0.3585 
 Best PGD Acc: 0.3865 	 Test Acc of best PGD ckpt: 0.6195
[2025/03/30 08:25:38] - epoch 82 lr 1.000000e-02
[2025/03/30 08:25:40] - Iter: [82][0/40]	Loss 1.126 (1.126)	Prec@1 0.570 (0.570)	
[2025/03/30 08:26:22] - Evaluating with standard images...
[2025/03/30 08:26:24] - Evaluating with PGD Attack...
[2025/03/30 08:29:18] - Test Loss: 1.0305  	 Test Acc: 0.6425  
 PGD Loss: 1.6933 	 PGD Acc: 0.3463 
 Best PGD Acc: 0.3865 	 Test Acc of best PGD ckpt: 0.6195
[2025/03/30 08:29:18] - epoch 83 lr 1.000000e-02
[2025/03/30 08:29:19] - Iter: [83][0/40]	Loss 1.150 (1.150)	Prec@1 0.516 (0.516)	
[2025/03/30 08:30:01] - Evaluating with standard images...
[2025/03/30 08:30:04] - Evaluating with PGD Attack...
[2025/03/30 08:32:57] - Test Loss: 1.0314  	 Test Acc: 0.6364  
 PGD Loss: 1.6400 	 PGD Acc: 0.3666 
 Best PGD Acc: 0.3865 	 Test Acc of best PGD ckpt: 0.6195
[2025/03/30 08:32:57] - epoch 84 lr 1.000000e-02
[2025/03/30 08:32:58] - Iter: [84][0/40]	Loss 1.146 (1.146)	Prec@1 0.586 (0.586)	
[2025/03/30 08:33:41] - Evaluating with standard images...
[2025/03/30 08:33:43] - Evaluating with PGD Attack...
[2025/03/30 08:36:36] - Test Loss: 1.0129  	 Test Acc: 0.6432  
 PGD Loss: 1.6640 	 PGD Acc: 0.3660 
 Best PGD Acc: 0.3865 	 Test Acc of best PGD ckpt: 0.6195
[2025/03/30 08:36:36] - epoch 85 lr 1.000000e-02
[2025/03/30 08:36:37] - Iter: [85][0/40]	Loss 1.233 (1.233)	Prec@1 0.484 (0.484)	
[2025/03/30 08:37:20] - Evaluating with standard images...
[2025/03/30 08:37:22] - Evaluating with PGD Attack...
[2025/03/30 08:40:15] - Test Loss: 1.0450  	 Test Acc: 0.6236  
 PGD Loss: 1.6475 	 PGD Acc: 0.3681 
 Best PGD Acc: 0.3865 	 Test Acc of best PGD ckpt: 0.6195
[2025/03/30 08:40:15] - epoch 86 lr 1.000000e-02
[2025/03/30 08:40:17] - Iter: [86][0/40]	Loss 1.056 (1.056)	Prec@1 0.594 (0.594)	
[2025/03/30 08:40:59] - Evaluating with standard images...
[2025/03/30 08:41:01] - Evaluating with PGD Attack...
[2025/03/30 08:43:55] - Test Loss: 1.0954  	 Test Acc: 0.6229  
 PGD Loss: 1.7958 	 PGD Acc: 0.3415 
 Best PGD Acc: 0.3865 	 Test Acc of best PGD ckpt: 0.6195
[2025/03/30 08:43:55] - epoch 87 lr 1.000000e-02
[2025/03/30 08:43:56] - Iter: [87][0/40]	Loss 1.081 (1.081)	Prec@1 0.539 (0.539)	
[2025/03/30 08:44:38] - Evaluating with standard images...
[2025/03/30 08:44:41] - Evaluating with PGD Attack...
[2025/03/30 08:47:34] - Test Loss: 1.0725  	 Test Acc: 0.6208  
 PGD Loss: 1.7885 	 PGD Acc: 0.3440 
 Best PGD Acc: 0.3865 	 Test Acc of best PGD ckpt: 0.6195
[2025/03/30 08:47:34] - epoch 88 lr 1.000000e-02
[2025/03/30 08:47:35] - Iter: [88][0/40]	Loss 1.079 (1.079)	Prec@1 0.602 (0.602)	
[2025/03/30 08:48:17] - Evaluating with standard images...
[2025/03/30 08:48:20] - Evaluating with PGD Attack...
[2025/03/30 08:51:13] - Test Loss: 1.0459  	 Test Acc: 0.6245  
 PGD Loss: 1.6859 	 PGD Acc: 0.3665 
 Best PGD Acc: 0.3865 	 Test Acc of best PGD ckpt: 0.6195
[2025/03/30 08:51:13] - epoch 89 lr 1.000000e-02
[2025/03/30 08:51:14] - Iter: [89][0/40]	Loss 1.217 (1.217)	Prec@1 0.500 (0.500)	
[2025/03/30 08:51:57] - Evaluating with standard images...
[2025/03/30 08:51:59] - Evaluating with PGD Attack...
[2025/03/30 08:54:52] - Test Loss: 1.0010  	 Test Acc: 0.6521  
 PGD Loss: 1.7482 	 PGD Acc: 0.3455 
 Best PGD Acc: 0.3865 	 Test Acc of best PGD ckpt: 0.6195
[2025/03/30 08:54:52] - epoch 90 lr 1.000000e-02
[2025/03/30 08:54:53] - Iter: [90][0/40]	Loss 1.136 (1.136)	Prec@1 0.555 (0.555)	
[2025/03/30 08:55:36] - Evaluating with standard images...
[2025/03/30 08:55:38] - Evaluating with PGD Attack...
[2025/03/30 08:58:31] - Test Loss: 1.0088  	 Test Acc: 0.6399  
 PGD Loss: 1.6652 	 PGD Acc: 0.3705 
 Best PGD Acc: 0.3865 	 Test Acc of best PGD ckpt: 0.6195
[2025/03/30 08:58:31] - epoch 91 lr 1.000000e-02
[2025/03/30 08:58:33] - Iter: [91][0/40]	Loss 1.108 (1.108)	Prec@1 0.516 (0.516)	
[2025/03/30 08:59:15] - Evaluating with standard images...
[2025/03/30 08:59:18] - Evaluating with PGD Attack...
[2025/03/30 09:02:11] - Test Loss: 1.0050  	 Test Acc: 0.6479  
 PGD Loss: 1.6967 	 PGD Acc: 0.3576 
 Best PGD Acc: 0.3865 	 Test Acc of best PGD ckpt: 0.6195
[2025/03/30 09:02:11] - epoch 92 lr 1.000000e-02
[2025/03/30 09:02:12] - Iter: [92][0/40]	Loss 1.000 (1.000)	Prec@1 0.625 (0.625)	
[2025/03/30 09:02:54] - Evaluating with standard images...
[2025/03/30 09:02:57] - Evaluating with PGD Attack...
[2025/03/30 09:05:50] - Test Loss: 1.0297  	 Test Acc: 0.6364  
 PGD Loss: 1.7655 	 PGD Acc: 0.3514 
 Best PGD Acc: 0.3865 	 Test Acc of best PGD ckpt: 0.6195
[2025/03/30 09:05:50] - epoch 93 lr 1.000000e-02
[2025/03/30 09:05:51] - Iter: [93][0/40]	Loss 1.061 (1.061)	Prec@1 0.586 (0.586)	
[2025/03/30 09:06:34] - Evaluating with standard images...
[2025/03/30 09:06:36] - Evaluating with PGD Attack...
[2025/03/30 09:09:29] - Test Loss: 1.0199  	 Test Acc: 0.6359  
 PGD Loss: 1.7266 	 PGD Acc: 0.3538 
 Best PGD Acc: 0.3865 	 Test Acc of best PGD ckpt: 0.6195
[2025/03/30 09:09:29] - epoch 94 lr 1.000000e-02
[2025/03/30 09:09:30] - Iter: [94][0/40]	Loss 0.948 (0.948)	Prec@1 0.648 (0.648)	
[2025/03/30 09:10:13] - Evaluating with standard images...
[2025/03/30 09:10:15] - Evaluating with PGD Attack...
[2025/03/30 09:13:08] - Test Loss: 1.0289  	 Test Acc: 0.6484  
 PGD Loss: 1.6819 	 PGD Acc: 0.3563 
 Best PGD Acc: 0.3865 	 Test Acc of best PGD ckpt: 0.6195
[2025/03/30 09:13:08] - epoch 95 lr 1.000000e-02
[2025/03/30 09:13:10] - Iter: [95][0/40]	Loss 1.069 (1.069)	Prec@1 0.609 (0.609)	
[2025/03/30 09:13:52] - Evaluating with standard images...
[2025/03/30 09:13:55] - Evaluating with PGD Attack...
[2025/03/30 09:16:48] - Test Loss: 1.0144  	 Test Acc: 0.6420  
 PGD Loss: 1.7841 	 PGD Acc: 0.3466 
 Best PGD Acc: 0.3865 	 Test Acc of best PGD ckpt: 0.6195
[2025/03/30 09:16:48] - epoch 96 lr 1.000000e-02
[2025/03/30 09:16:49] - Iter: [96][0/40]	Loss 1.083 (1.083)	Prec@1 0.570 (0.570)	
[2025/03/30 09:17:31] - Evaluating with standard images...
[2025/03/30 09:17:34] - Evaluating with PGD Attack...
[2025/03/30 09:20:27] - Test Loss: 1.0332  	 Test Acc: 0.6366  
 PGD Loss: 1.7166 	 PGD Acc: 0.3631 
 Best PGD Acc: 0.3865 	 Test Acc of best PGD ckpt: 0.6195
[2025/03/30 09:20:27] - epoch 97 lr 1.000000e-02
[2025/03/30 09:20:28] - Iter: [97][0/40]	Loss 0.930 (0.930)	Prec@1 0.633 (0.633)	
[2025/03/30 09:21:10] - Evaluating with standard images...
[2025/03/30 09:21:13] - Evaluating with PGD Attack...
[2025/03/30 09:24:06] - Test Loss: 0.9888  	 Test Acc: 0.6500  
 PGD Loss: 1.7750 	 PGD Acc: 0.3503 
 Best PGD Acc: 0.3865 	 Test Acc of best PGD ckpt: 0.6195
[2025/03/30 09:24:06] - epoch 98 lr 1.000000e-02
[2025/03/30 09:24:07] - Iter: [98][0/40]	Loss 0.987 (0.987)	Prec@1 0.570 (0.570)	
[2025/03/30 09:24:49] - Evaluating with standard images...
[2025/03/30 09:24:52] - Evaluating with PGD Attack...
[2025/03/30 09:27:45] - Test Loss: 1.0098  	 Test Acc: 0.6488  
 PGD Loss: 1.7775 	 PGD Acc: 0.3304 
 Best PGD Acc: 0.3865 	 Test Acc of best PGD ckpt: 0.6195
[2025/03/30 09:27:45] - epoch 99 lr 1.000000e-02
[2025/03/30 09:27:46] - Iter: [99][0/40]	Loss 0.863 (0.863)	Prec@1 0.688 (0.688)	
[2025/03/30 09:28:29] - Evaluating with standard images...
[2025/03/30 09:28:31] - Evaluating with PGD Attack...
[2025/03/30 09:31:24] - Test Loss: 0.9918  	 Test Acc: 0.6459  
 PGD Loss: 1.7670 	 PGD Acc: 0.3556 
 Best PGD Acc: 0.3865 	 Test Acc of best PGD ckpt: 0.6195
[2025/03/30 09:31:24] - epoch 100 lr 1.000000e-02
[2025/03/30 09:31:25] - Iter: [100][0/40]	Loss 1.027 (1.027)	Prec@1 0.539 (0.539)	
[2025/03/30 09:32:08] - Evaluating with standard images...
[2025/03/30 09:32:10] - Evaluating with PGD Attack...
[2025/03/30 09:35:04] - Test Loss: 1.0179  	 Test Acc: 0.6415  
 PGD Loss: 1.8047 	 PGD Acc: 0.3411 
 Best PGD Acc: 0.3865 	 Test Acc of best PGD ckpt: 0.6195
[2025/03/30 09:35:04] - epoch 101 lr 1.000000e-02
[2025/03/30 09:35:05] - Iter: [101][0/40]	Loss 0.879 (0.879)	Prec@1 0.680 (0.680)	
[2025/03/30 09:35:47] - Evaluating with standard images...
[2025/03/30 09:35:50] - Evaluating with PGD Attack...
[2025/03/30 09:38:43] - Test Loss: 0.9951  	 Test Acc: 0.6539  
 PGD Loss: 1.8162 	 PGD Acc: 0.3390 
 Best PGD Acc: 0.3865 	 Test Acc of best PGD ckpt: 0.6195
[2025/03/30 09:38:43] - epoch 102 lr 1.000000e-02
[2025/03/30 09:38:44] - Iter: [102][0/40]	Loss 1.006 (1.006)	Prec@1 0.578 (0.578)	
[2025/03/30 09:39:26] - Evaluating with standard images...
[2025/03/30 09:39:29] - Evaluating with PGD Attack...
[2025/03/30 09:42:22] - Test Loss: 1.0021  	 Test Acc: 0.6455  
 PGD Loss: 1.8349 	 PGD Acc: 0.3544 
 Best PGD Acc: 0.3865 	 Test Acc of best PGD ckpt: 0.6195
[2025/03/30 09:42:22] - epoch 103 lr 1.000000e-02
[2025/03/30 09:42:23] - Iter: [103][0/40]	Loss 0.960 (0.960)	Prec@1 0.641 (0.641)	
[2025/03/30 09:43:06] - Evaluating with standard images...
[2025/03/30 09:43:08] - Evaluating with PGD Attack...
[2025/03/30 09:46:01] - Test Loss: 1.0336  	 Test Acc: 0.6375  
 PGD Loss: 1.7948 	 PGD Acc: 0.3515 
 Best PGD Acc: 0.3865 	 Test Acc of best PGD ckpt: 0.6195
[2025/03/30 09:46:01] - epoch 104 lr 1.000000e-02
[2025/03/30 09:46:03] - Iter: [104][0/40]	Loss 0.991 (0.991)	Prec@1 0.617 (0.617)	
[2025/03/30 09:46:45] - Evaluating with standard images...
[2025/03/30 09:46:47] - Evaluating with PGD Attack...
[2025/03/30 09:49:40] - Test Loss: 1.0348  	 Test Acc: 0.6352  
 PGD Loss: 1.7880 	 PGD Acc: 0.3476 
 Best PGD Acc: 0.3865 	 Test Acc of best PGD ckpt: 0.6195
[2025/03/30 09:49:40] - epoch 105 lr 1.000000e-02
[2025/03/30 09:49:42] - Iter: [105][0/40]	Loss 0.909 (0.909)	Prec@1 0.656 (0.656)	
[2025/03/30 09:50:24] - Evaluating with standard images...
[2025/03/30 09:50:27] - Evaluating with PGD Attack...
[2025/03/30 09:53:20] - Test Loss: 0.9976  	 Test Acc: 0.6381  
 PGD Loss: 1.7854 	 PGD Acc: 0.3589 
 Best PGD Acc: 0.3865 	 Test Acc of best PGD ckpt: 0.6195
[2025/03/30 09:53:20] - epoch 106 lr 1.000000e-02
[2025/03/30 09:53:21] - Iter: [106][0/40]	Loss 0.793 (0.793)	Prec@1 0.711 (0.711)	
[2025/03/30 09:54:03] - Evaluating with standard images...
[2025/03/30 09:54:06] - Evaluating with PGD Attack...
[2025/03/30 09:56:59] - Test Loss: 1.0470  	 Test Acc: 0.6352  
 PGD Loss: 1.8585 	 PGD Acc: 0.3297 
 Best PGD Acc: 0.3865 	 Test Acc of best PGD ckpt: 0.6195
[2025/03/30 09:56:59] - epoch 107 lr 1.000000e-02
[2025/03/30 09:57:00] - Iter: [107][0/40]	Loss 0.819 (0.819)	Prec@1 0.695 (0.695)	
[2025/03/30 09:57:43] - Evaluating with standard images...
[2025/03/30 09:57:45] - Evaluating with PGD Attack...
[2025/03/30 10:00:38] - Test Loss: 1.0194  	 Test Acc: 0.6421  
 PGD Loss: 1.8249 	 PGD Acc: 0.3431 
 Best PGD Acc: 0.3865 	 Test Acc of best PGD ckpt: 0.6195
[2025/03/30 10:00:38] - epoch 108 lr 1.000000e-02
[2025/03/30 10:00:39] - Iter: [108][0/40]	Loss 0.829 (0.829)	Prec@1 0.609 (0.609)	
[2025/03/30 10:01:22] - Evaluating with standard images...
[2025/03/30 10:01:24] - Evaluating with PGD Attack...
[2025/03/30 10:04:17] - Test Loss: 0.9972  	 Test Acc: 0.6464  
 PGD Loss: 1.9672 	 PGD Acc: 0.3315 
 Best PGD Acc: 0.3865 	 Test Acc of best PGD ckpt: 0.6195
[2025/03/30 10:04:17] - epoch 109 lr 1.000000e-02
[2025/03/30 10:04:19] - Iter: [109][0/40]	Loss 0.917 (0.917)	Prec@1 0.648 (0.648)	
[2025/03/30 10:05:01] - Evaluating with standard images...
[2025/03/30 10:05:04] - Evaluating with PGD Attack...
[2025/03/30 10:07:57] - Test Loss: 0.9835  	 Test Acc: 0.6485  
 PGD Loss: 1.7827 	 PGD Acc: 0.3478 
 Best PGD Acc: 0.3865 	 Test Acc of best PGD ckpt: 0.6195
[2025/03/30 10:07:57] - epoch 110 lr 1.000000e-02
[2025/03/30 10:07:58] - Iter: [110][0/40]	Loss 0.891 (0.891)	Prec@1 0.586 (0.586)	
[2025/03/30 10:08:40] - Evaluating with standard images...
[2025/03/30 10:08:43] - Evaluating with PGD Attack...
[2025/03/30 10:11:36] - Test Loss: 1.0085  	 Test Acc: 0.6441  
 PGD Loss: 1.8252 	 PGD Acc: 0.3503 
 Best PGD Acc: 0.3865 	 Test Acc of best PGD ckpt: 0.6195
[2025/03/30 10:11:36] - epoch 111 lr 1.000000e-02
[2025/03/30 10:11:37] - Iter: [111][0/40]	Loss 0.951 (0.951)	Prec@1 0.586 (0.586)	
[2025/03/30 10:12:19] - Evaluating with standard images...
[2025/03/30 10:12:22] - Evaluating with PGD Attack...
[2025/03/30 10:15:15] - Test Loss: 0.9766  	 Test Acc: 0.6599  
 PGD Loss: 1.9760 	 PGD Acc: 0.3354 
 Best PGD Acc: 0.3865 	 Test Acc of best PGD ckpt: 0.6195
[2025/03/30 10:15:15] - epoch 112 lr 1.000000e-02
[2025/03/30 10:15:16] - Iter: [112][0/40]	Loss 0.853 (0.853)	Prec@1 0.680 (0.680)	
[2025/03/30 10:15:59] - Evaluating with standard images...
[2025/03/30 10:16:01] - Evaluating with PGD Attack...
[2025/03/30 10:18:54] - Test Loss: 1.0004  	 Test Acc: 0.6468  
 PGD Loss: 1.9716 	 PGD Acc: 0.3327 
 Best PGD Acc: 0.3865 	 Test Acc of best PGD ckpt: 0.6195
[2025/03/30 10:18:54] - epoch 113 lr 1.000000e-02
[2025/03/30 10:18:55] - Iter: [113][0/40]	Loss 0.848 (0.848)	Prec@1 0.617 (0.617)	
[2025/03/30 10:19:38] - Evaluating with standard images...
[2025/03/30 10:19:40] - Evaluating with PGD Attack...
[2025/03/30 10:22:33] - Test Loss: 0.9933  	 Test Acc: 0.6522  
 PGD Loss: 1.7905 	 PGD Acc: 0.3412 
 Best PGD Acc: 0.3865 	 Test Acc of best PGD ckpt: 0.6195
[2025/03/30 10:22:33] - epoch 114 lr 1.000000e-02
[2025/03/30 10:22:35] - Iter: [114][0/40]	Loss 0.762 (0.762)	Prec@1 0.711 (0.711)	
[2025/03/30 10:23:17] - Evaluating with standard images...
[2025/03/30 10:23:19] - Evaluating with PGD Attack...
[2025/03/30 10:26:13] - Test Loss: 1.0211  	 Test Acc: 0.6424  
 PGD Loss: 2.0204 	 PGD Acc: 0.3199 
 Best PGD Acc: 0.3865 	 Test Acc of best PGD ckpt: 0.6195
[2025/03/30 10:26:13] - epoch 115 lr 1.000000e-02
[2025/03/30 10:26:14] - Iter: [115][0/40]	Loss 0.817 (0.817)	Prec@1 0.648 (0.648)	
[2025/03/30 10:26:56] - Evaluating with standard images...
[2025/03/30 10:26:59] - Evaluating with PGD Attack...
[2025/03/30 10:29:52] - Test Loss: 1.0309  	 Test Acc: 0.6364  
 PGD Loss: 1.9591 	 PGD Acc: 0.3157 
 Best PGD Acc: 0.3865 	 Test Acc of best PGD ckpt: 0.6195
[2025/03/30 10:29:52] - epoch 116 lr 1.000000e-02
[2025/03/30 10:29:53] - Iter: [116][0/40]	Loss 0.946 (0.946)	Prec@1 0.586 (0.586)	
[2025/03/30 10:30:35] - Evaluating with standard images...
[2025/03/30 10:30:38] - Evaluating with PGD Attack...
[2025/03/30 10:33:31] - Test Loss: 1.0235  	 Test Acc: 0.6355  
 PGD Loss: 1.9391 	 PGD Acc: 0.3300 
 Best PGD Acc: 0.3865 	 Test Acc of best PGD ckpt: 0.6195
[2025/03/30 10:33:31] - epoch 117 lr 1.000000e-02
[2025/03/30 10:33:32] - Iter: [117][0/40]	Loss 0.776 (0.776)	Prec@1 0.758 (0.758)	
[2025/03/30 10:34:15] - Evaluating with standard images...
[2025/03/30 10:34:17] - Evaluating with PGD Attack...
[2025/03/30 10:37:10] - Test Loss: 1.0154  	 Test Acc: 0.6452  
 PGD Loss: 2.1043 	 PGD Acc: 0.3038 
 Best PGD Acc: 0.3865 	 Test Acc of best PGD ckpt: 0.6195
[2025/03/30 10:37:10] - epoch 118 lr 1.000000e-02
[2025/03/30 10:37:11] - Iter: [118][0/40]	Loss 0.847 (0.847)	Prec@1 0.672 (0.672)	
[2025/03/30 10:37:54] - Evaluating with standard images...
[2025/03/30 10:37:56] - Evaluating with PGD Attack...
[2025/03/30 10:40:49] - Test Loss: 0.9955  	 Test Acc: 0.6538  
 PGD Loss: 2.0221 	 PGD Acc: 0.3227 
 Best PGD Acc: 0.3865 	 Test Acc of best PGD ckpt: 0.6195
[2025/03/30 10:40:49] - epoch 119 lr 1.000000e-04
[2025/03/30 10:40:51] - Iter: [119][0/40]	Loss 0.752 (0.752)	Prec@1 0.711 (0.711)	
[2025/03/30 10:41:33] - Evaluating with standard images...
[2025/03/30 10:41:36] - Evaluating with PGD Attack...
[2025/03/30 10:44:29] - Test Loss: 0.9454  	 Test Acc: 0.6679  
 PGD Loss: 1.9527 	 PGD Acc: 0.3272 
 Best PGD Acc: 0.3865 	 Test Acc of best PGD ckpt: 0.6195
[2025/03/30 10:44:29] - epoch 120 lr 1.000000e-03
[2025/03/30 10:44:30] - Iter: [120][0/40]	Loss 0.732 (0.732)	Prec@1 0.750 (0.750)	
[2025/03/30 10:45:12] - Evaluating with standard images...
[2025/03/30 10:45:15] - Evaluating with PGD Attack...
[2025/03/30 10:48:08] - Test Loss: 0.9495  	 Test Acc: 0.6699  
 PGD Loss: 1.9160 	 PGD Acc: 0.3345 
 Best PGD Acc: 0.3865 	 Test Acc of best PGD ckpt: 0.6195
[2025/03/30 10:48:08] - epoch 121 lr 1.000000e-03
[2025/03/30 10:48:09] - Iter: [121][0/40]	Loss 0.751 (0.751)	Prec@1 0.703 (0.703)	
[2025/03/30 10:48:52] - Evaluating with standard images...
[2025/03/30 10:48:54] - Evaluating with PGD Attack...
[2025/03/30 10:51:47] - Test Loss: 0.9613  	 Test Acc: 0.6694  
 PGD Loss: 1.9052 	 PGD Acc: 0.3396 
 Best PGD Acc: 0.3865 	 Test Acc of best PGD ckpt: 0.6195
[2025/03/30 10:51:47] - epoch 122 lr 1.000000e-03
[2025/03/30 10:51:48] - Iter: [122][0/40]	Loss 0.749 (0.749)	Prec@1 0.734 (0.734)	
[2025/03/30 10:52:31] - Evaluating with standard images...
[2025/03/30 10:52:33] - Evaluating with PGD Attack...
[2025/03/30 10:55:26] - Test Loss: 0.9372  	 Test Acc: 0.6701  
 PGD Loss: 1.7991 	 PGD Acc: 0.3498 
 Best PGD Acc: 0.3865 	 Test Acc of best PGD ckpt: 0.6195
[2025/03/30 10:55:26] - epoch 123 lr 1.000000e-03
[2025/03/30 10:55:28] - Iter: [123][0/40]	Loss 0.769 (0.769)	Prec@1 0.680 (0.680)	
[2025/03/30 10:56:10] - Evaluating with standard images...
[2025/03/30 10:56:12] - Evaluating with PGD Attack...
[2025/03/30 10:59:06] - Test Loss: 0.9779  	 Test Acc: 0.6590  
 PGD Loss: 1.9894 	 PGD Acc: 0.3217 
 Best PGD Acc: 0.3865 	 Test Acc of best PGD ckpt: 0.6195
[2025/03/30 10:59:06] - epoch 124 lr 1.000000e-03
[2025/03/30 10:59:07] - Iter: [124][0/40]	Loss 0.720 (0.720)	Prec@1 0.758 (0.758)	
[2025/03/30 10:59:49] - Evaluating with standard images...
[2025/03/30 10:59:52] - Evaluating with PGD Attack...
[2025/03/30 11:02:45] - Test Loss: 0.9519  	 Test Acc: 0.6730  
 PGD Loss: 1.9587 	 PGD Acc: 0.3262 
 Best PGD Acc: 0.3865 	 Test Acc of best PGD ckpt: 0.6195
[2025/03/30 11:02:45] - epoch 125 lr 1.000000e-03
[2025/03/30 11:02:46] - Iter: [125][0/40]	Loss 0.867 (0.867)	Prec@1 0.633 (0.633)	
[2025/03/30 11:03:28] - Evaluating with standard images...
[2025/03/30 11:03:31] - Evaluating with PGD Attack...
[2025/03/30 11:06:24] - Test Loss: 0.9414  	 Test Acc: 0.6677  
 PGD Loss: 1.9174 	 PGD Acc: 0.3319 
 Best PGD Acc: 0.3865 	 Test Acc of best PGD ckpt: 0.6195
[2025/03/30 11:06:24] - epoch 126 lr 1.000000e-03
[2025/03/30 11:06:25] - Iter: [126][0/40]	Loss 0.702 (0.702)	Prec@1 0.742 (0.742)	
[2025/03/30 11:07:08] - Evaluating with standard images...
[2025/03/30 11:07:10] - Evaluating with PGD Attack...
[2025/03/30 11:10:03] - Test Loss: 0.9469  	 Test Acc: 0.6687  
 PGD Loss: 2.0196 	 PGD Acc: 0.3201 
 Best PGD Acc: 0.3865 	 Test Acc of best PGD ckpt: 0.6195
[2025/03/30 11:10:03] - epoch 127 lr 1.000000e-03
[2025/03/30 11:10:04] - Iter: [127][0/40]	Loss 0.691 (0.691)	Prec@1 0.750 (0.750)	
[2025/03/30 11:10:47] - Evaluating with standard images...
[2025/03/30 11:10:49] - Evaluating with PGD Attack...
[2025/03/30 11:13:42] - Test Loss: 0.9961  	 Test Acc: 0.6552  
 PGD Loss: 2.3094 	 PGD Acc: 0.2945 
 Best PGD Acc: 0.3865 	 Test Acc of best PGD ckpt: 0.6195
[2025/03/30 11:13:42] - epoch 128 lr 1.000000e-03
[2025/03/30 11:13:44] - Iter: [128][0/40]	Loss 0.741 (0.741)	Prec@1 0.703 (0.703)	
[2025/03/30 11:14:26] - Evaluating with standard images...
[2025/03/30 11:14:29] - Evaluating with PGD Attack...
[2025/03/30 11:17:22] - Test Loss: 0.8983  	 Test Acc: 0.6821  
 PGD Loss: 2.0722 	 PGD Acc: 0.3142 
 Best PGD Acc: 0.3865 	 Test Acc of best PGD ckpt: 0.6195
[2025/03/30 11:17:22] - epoch 129 lr 1.000000e-03
[2025/03/30 11:17:23] - Iter: [129][0/40]	Loss 0.658 (0.658)	Prec@1 0.758 (0.758)	
[2025/03/30 11:18:05] - Evaluating with standard images...
[2025/03/30 11:18:08] - Evaluating with PGD Attack...
[2025/03/30 11:21:01] - Test Loss: 0.9244  	 Test Acc: 0.6789  
 PGD Loss: 1.9106 	 PGD Acc: 0.3299 
 Best PGD Acc: 0.3865 	 Test Acc of best PGD ckpt: 0.6195
[2025/03/30 11:21:01] - epoch 130 lr 1.000000e-03
[2025/03/30 11:21:02] - Iter: [130][0/40]	Loss 0.604 (0.604)	Prec@1 0.828 (0.828)	
[2025/03/30 11:21:45] - Evaluating with standard images...
[2025/03/30 11:21:47] - Evaluating with PGD Attack...
[2025/03/30 11:24:40] - Test Loss: 0.9424  	 Test Acc: 0.6674  
 PGD Loss: 1.8889 	 PGD Acc: 0.3341 
 Best PGD Acc: 0.3865 	 Test Acc of best PGD ckpt: 0.6195
[2025/03/30 11:24:40] - epoch 131 lr 1.000000e-03
[2025/03/30 11:24:41] - Iter: [131][0/40]	Loss 0.630 (0.630)	Prec@1 0.812 (0.812)	
[2025/03/30 11:25:24] - Evaluating with standard images...
[2025/03/30 11:25:26] - Evaluating with PGD Attack...
[2025/03/30 11:28:19] - Test Loss: 0.9669  	 Test Acc: 0.6640  
 PGD Loss: 1.9600 	 PGD Acc: 0.3287 
 Best PGD Acc: 0.3865 	 Test Acc of best PGD ckpt: 0.6195
[2025/03/30 11:28:19] - epoch 132 lr 1.000000e-03
[2025/03/30 11:28:21] - Iter: [132][0/40]	Loss 0.647 (0.647)	Prec@1 0.781 (0.781)	
[2025/03/30 11:29:03] - Evaluating with standard images...
[2025/03/30 11:29:06] - Evaluating with PGD Attack...
[2025/03/30 11:31:58] - Test Loss: 0.9192  	 Test Acc: 0.6775  
 PGD Loss: 1.9849 	 PGD Acc: 0.3216 
 Best PGD Acc: 0.3865 	 Test Acc of best PGD ckpt: 0.6195
[2025/03/30 11:31:58] - epoch 133 lr 1.000000e-03
[2025/03/30 11:32:00] - Iter: [133][0/40]	Loss 0.643 (0.643)	Prec@1 0.805 (0.805)	
[2025/03/30 11:32:42] - Evaluating with standard images...
[2025/03/30 11:32:45] - Evaluating with PGD Attack...
[2025/03/30 11:35:38] - Test Loss: 0.9700  	 Test Acc: 0.6535  
 PGD Loss: 1.8993 	 PGD Acc: 0.3307 
 Best PGD Acc: 0.3865 	 Test Acc of best PGD ckpt: 0.6195
[2025/03/30 11:35:38] - epoch 134 lr 1.000000e-03
[2025/03/30 11:35:39] - Iter: [134][0/40]	Loss 0.703 (0.703)	Prec@1 0.750 (0.750)	
[2025/03/30 11:36:21] - Evaluating with standard images...
[2025/03/30 11:36:24] - Evaluating with PGD Attack...
[2025/03/30 11:39:17] - Test Loss: 0.9354  	 Test Acc: 0.6727  
 PGD Loss: 1.9522 	 PGD Acc: 0.3280 
 Best PGD Acc: 0.3865 	 Test Acc of best PGD ckpt: 0.6195
[2025/03/30 11:39:17] - epoch 135 lr 1.000000e-03
[2025/03/30 11:39:18] - Iter: [135][0/40]	Loss 0.667 (0.667)	Prec@1 0.766 (0.766)	
[2025/03/30 11:40:00] - Evaluating with standard images...
[2025/03/30 11:40:03] - Evaluating with PGD Attack...
[2025/03/30 11:42:56] - Test Loss: 0.9269  	 Test Acc: 0.6637  
 PGD Loss: 1.9661 	 PGD Acc: 0.3326 
 Best PGD Acc: 0.3865 	 Test Acc of best PGD ckpt: 0.6195
[2025/03/30 11:42:56] - epoch 136 lr 1.000000e-03
[2025/03/30 11:42:57] - Iter: [136][0/40]	Loss 0.709 (0.709)	Prec@1 0.719 (0.719)	
[2025/03/30 11:43:39] - Evaluating with standard images...
[2025/03/30 11:43:42] - Evaluating with PGD Attack...
[2025/03/30 11:46:35] - Test Loss: 0.9100  	 Test Acc: 0.6837  
 PGD Loss: 2.1368 	 PGD Acc: 0.3234 
 Best PGD Acc: 0.3865 	 Test Acc of best PGD ckpt: 0.6195
[2025/03/30 11:46:35] - epoch 137 lr 1.000000e-03
[2025/03/30 11:46:36] - Iter: [137][0/40]	Loss 0.617 (0.617)	Prec@1 0.766 (0.766)	
[2025/03/30 11:47:19] - Evaluating with standard images...
[2025/03/30 11:47:21] - Evaluating with PGD Attack...
[2025/03/30 11:50:14] - Test Loss: 0.9596  	 Test Acc: 0.6654  
 PGD Loss: 2.1664 	 PGD Acc: 0.3162 
 Best PGD Acc: 0.3865 	 Test Acc of best PGD ckpt: 0.6195
[2025/03/30 11:50:14] - epoch 138 lr 1.000000e-03
[2025/03/30 11:50:16] - Iter: [138][0/40]	Loss 0.710 (0.710)	Prec@1 0.719 (0.719)	
[2025/03/30 11:50:58] - Evaluating with standard images...
[2025/03/30 11:51:01] - Evaluating with PGD Attack...
[2025/03/30 11:53:54] - Test Loss: 0.9128  	 Test Acc: 0.6769  
 PGD Loss: 2.0414 	 PGD Acc: 0.3132 
 Best PGD Acc: 0.3865 	 Test Acc of best PGD ckpt: 0.6195
[2025/03/30 11:53:54] - epoch 139 lr 1.000000e-03
[2025/03/30 11:53:55] - Iter: [139][0/40]	Loss 0.721 (0.721)	Prec@1 0.727 (0.727)	
[2025/03/30 11:54:37] - Evaluating with standard images...
[2025/03/30 11:54:40] - Evaluating with PGD Attack...
[2025/03/30 11:57:33] - Test Loss: 0.9520  	 Test Acc: 0.6636  
 PGD Loss: 2.0702 	 PGD Acc: 0.3109 
 Best PGD Acc: 0.3865 	 Test Acc of best PGD ckpt: 0.6195
[2025/03/30 11:57:33] - epoch 140 lr 1.000000e-03
[2025/03/30 11:57:34] - Iter: [140][0/40]	Loss 0.551 (0.551)	Prec@1 0.812 (0.812)	
[2025/03/30 11:58:17] - Evaluating with standard images...
[2025/03/30 11:58:19] - Evaluating with PGD Attack...
[2025/03/30 12:01:12] - Test Loss: 1.0382  	 Test Acc: 0.6430  
 PGD Loss: 2.1361 	 PGD Acc: 0.3009 
 Best PGD Acc: 0.3865 	 Test Acc of best PGD ckpt: 0.6195
[2025/03/30 12:01:12] - epoch 141 lr 1.000000e-03
[2025/03/30 12:01:13] - Iter: [141][0/40]	Loss 0.667 (0.667)	Prec@1 0.742 (0.742)	
[2025/03/30 12:01:56] - Evaluating with standard images...
[2025/03/30 12:01:58] - Evaluating with PGD Attack...
[2025/03/30 12:04:51] - Test Loss: 0.9105  	 Test Acc: 0.6781  
 PGD Loss: 2.1495 	 PGD Acc: 0.3257 
 Best PGD Acc: 0.3865 	 Test Acc of best PGD ckpt: 0.6195
[2025/03/30 12:04:51] - epoch 142 lr 1.000000e-03
[2025/03/30 12:04:53] - Iter: [142][0/40]	Loss 0.671 (0.671)	Prec@1 0.750 (0.750)	
[2025/03/30 12:05:35] - Evaluating with standard images...
[2025/03/30 12:05:38] - Evaluating with PGD Attack...
[2025/03/30 12:08:31] - Test Loss: 0.9566  	 Test Acc: 0.6614  
 PGD Loss: 2.1602 	 PGD Acc: 0.3157 
 Best PGD Acc: 0.3865 	 Test Acc of best PGD ckpt: 0.6195
[2025/03/30 12:08:31] - epoch 143 lr 1.000000e-03
[2025/03/30 12:08:32] - Iter: [143][0/40]	Loss 0.632 (0.632)	Prec@1 0.773 (0.773)	
[2025/03/30 12:09:14] - Evaluating with standard images...
[2025/03/30 12:09:17] - Evaluating with PGD Attack...
[2025/03/30 12:12:10] - Test Loss: 0.8830  	 Test Acc: 0.6887  
 PGD Loss: 2.0125 	 PGD Acc: 0.3222 
 Best PGD Acc: 0.3865 	 Test Acc of best PGD ckpt: 0.6195
[2025/03/30 12:12:10] - epoch 144 lr 1.000000e-03
[2025/03/30 12:12:11] - Iter: [144][0/40]	Loss 0.605 (0.605)	Prec@1 0.766 (0.766)	
[2025/03/30 12:12:54] - Evaluating with standard images...
[2025/03/30 12:12:56] - Evaluating with PGD Attack...
[2025/03/30 12:15:49] - Test Loss: 0.9086  	 Test Acc: 0.6786  
 PGD Loss: 2.1194 	 PGD Acc: 0.3096 
 Best PGD Acc: 0.3865 	 Test Acc of best PGD ckpt: 0.6195
[2025/03/30 12:15:49] - epoch 145 lr 1.000000e-03
[2025/03/30 12:15:50] - Iter: [145][0/40]	Loss 0.603 (0.603)	Prec@1 0.789 (0.789)	
[2025/03/30 12:16:33] - Evaluating with standard images...
[2025/03/30 12:16:35] - Evaluating with PGD Attack...
[2025/03/30 12:19:28] - Test Loss: 0.9157  	 Test Acc: 0.6745  
 PGD Loss: 2.1459 	 PGD Acc: 0.3145 
 Best PGD Acc: 0.3865 	 Test Acc of best PGD ckpt: 0.6195
[2025/03/30 12:19:28] - epoch 146 lr 1.000000e-03
[2025/03/30 12:19:30] - Iter: [146][0/40]	Loss 0.555 (0.555)	Prec@1 0.805 (0.805)	
[2025/03/30 12:20:12] - Evaluating with standard images...
[2025/03/30 12:20:15] - Evaluating with PGD Attack...
[2025/03/30 12:23:08] - Test Loss: 0.9292  	 Test Acc: 0.6784  
 PGD Loss: 2.0432 	 PGD Acc: 0.3142 
 Best PGD Acc: 0.3865 	 Test Acc of best PGD ckpt: 0.6195
[2025/03/30 12:23:08] - epoch 147 lr 1.000000e-03
[2025/03/30 12:23:09] - Iter: [147][0/40]	Loss 0.684 (0.684)	Prec@1 0.719 (0.719)	
[2025/03/30 12:23:51] - Evaluating with standard images...
[2025/03/30 12:23:54] - Evaluating with PGD Attack...
[2025/03/30 12:26:47] - Test Loss: 0.9582  	 Test Acc: 0.6676  
 PGD Loss: 2.0893 	 PGD Acc: 0.3103 
 Best PGD Acc: 0.3865 	 Test Acc of best PGD ckpt: 0.6195
[2025/03/30 12:26:47] - epoch 148 lr 1.000000e-03
[2025/03/30 12:26:48] - Iter: [148][0/40]	Loss 0.564 (0.564)	Prec@1 0.828 (0.828)	
[2025/03/30 12:27:31] - Evaluating with standard images...
[2025/03/30 12:27:33] - Evaluating with PGD Attack...
[2025/03/30 12:30:55] - Test Loss: 0.9321  	 Test Acc: 0.6743  
 PGD Loss: 2.2173 	 PGD Acc: 0.3086 
 Best PGD Acc: 0.3865 	 Test Acc of best PGD ckpt: 0.6195
[2025/03/30 12:30:55] - epoch 149 lr 1.000000e-03
[2025/03/30 12:30:57] - Iter: [149][0/40]	Loss 0.589 (0.589)	Prec@1 0.812 (0.812)	
[2025/03/30 12:31:51] - Evaluating with standard images...
[2025/03/30 12:31:55] - Evaluating with PGD Attack...
[2025/03/30 12:34:54] - Test Loss: 0.9276  	 Test Acc: 0.6745  
 PGD Loss: 2.1500 	 PGD Acc: 0.3113 
 Best PGD Acc: 0.3865 	 Test Acc of best PGD ckpt: 0.6195
[2025/03/30 12:34:54] - epoch 150 lr 1.000000e-03
[2025/03/30 12:34:55] - Iter: [150][0/40]	Loss 0.649 (0.649)	Prec@1 0.766 (0.766)	
[2025/03/30 12:35:41] - Evaluating with standard images...
[2025/03/30 12:35:45] - Evaluating with PGD Attack...
[2025/03/30 12:39:30] - Test Loss: 0.9360  	 Test Acc: 0.6671  
 PGD Loss: 2.2528 	 PGD Acc: 0.3018 
 Best PGD Acc: 0.3865 	 Test Acc of best PGD ckpt: 0.6195
[2025/03/30 12:39:30] - epoch 151 lr 1.000000e-03
[2025/03/30 12:39:31] - Iter: [151][0/40]	Loss 0.566 (0.566)	Prec@1 0.820 (0.820)	
[2025/03/30 12:40:26] - Evaluating with standard images...
[2025/03/30 12:40:29] - Evaluating with PGD Attack...
[2025/03/30 12:43:31] - Test Loss: 0.9614  	 Test Acc: 0.6685  
 PGD Loss: 2.2497 	 PGD Acc: 0.2859 
 Best PGD Acc: 0.3865 	 Test Acc of best PGD ckpt: 0.6195
[2025/03/30 12:43:31] - epoch 152 lr 1.000000e-03
[2025/03/30 12:43:32] - Iter: [152][0/40]	Loss 0.549 (0.549)	Prec@1 0.844 (0.844)	
[2025/03/30 12:44:14] - Evaluating with standard images...
[2025/03/30 12:44:17] - Evaluating with PGD Attack...
[2025/03/30 12:47:10] - Test Loss: 0.9909  	 Test Acc: 0.6505  
 PGD Loss: 2.0605 	 PGD Acc: 0.3121 
 Best PGD Acc: 0.3865 	 Test Acc of best PGD ckpt: 0.6195
[2025/03/30 12:47:10] - epoch 153 lr 1.000000e-03
[2025/03/30 12:47:11] - Iter: [153][0/40]	Loss 0.621 (0.621)	Prec@1 0.750 (0.750)	
[2025/03/30 12:47:54] - Evaluating with standard images...
[2025/03/30 12:47:56] - Evaluating with PGD Attack...
[2025/03/30 12:50:49] - Test Loss: 0.9895  	 Test Acc: 0.6539  
 PGD Loss: 2.1304 	 PGD Acc: 0.3120 
 Best PGD Acc: 0.3865 	 Test Acc of best PGD ckpt: 0.6195
[2025/03/30 12:50:49] - epoch 154 lr 1.000000e-03
[2025/03/30 12:50:50] - Iter: [154][0/40]	Loss 0.554 (0.554)	Prec@1 0.781 (0.781)	
[2025/03/30 12:51:33] - Evaluating with standard images...
[2025/03/30 12:51:35] - Evaluating with PGD Attack...
[2025/03/30 12:54:28] - Test Loss: 0.9439  	 Test Acc: 0.6700  
 PGD Loss: 2.0746 	 PGD Acc: 0.3050 
 Best PGD Acc: 0.3865 	 Test Acc of best PGD ckpt: 0.6195
[2025/03/30 12:54:28] - epoch 155 lr 1.000000e-03
[2025/03/30 12:54:29] - Iter: [155][0/40]	Loss 0.471 (0.471)	Prec@1 0.891 (0.891)	
[2025/03/30 12:55:12] - Evaluating with standard images...
[2025/03/30 12:55:14] - Evaluating with PGD Attack...
[2025/03/30 12:58:07] - Test Loss: 0.9402  	 Test Acc: 0.6699  
 PGD Loss: 2.3912 	 PGD Acc: 0.2918 
 Best PGD Acc: 0.3865 	 Test Acc of best PGD ckpt: 0.6195
[2025/03/30 12:58:07] - epoch 156 lr 1.000000e-03
[2025/03/30 12:58:09] - Iter: [156][0/40]	Loss 0.614 (0.614)	Prec@1 0.773 (0.773)	
[2025/03/30 12:58:51] - Evaluating with standard images...
[2025/03/30 12:58:53] - Evaluating with PGD Attack...
[2025/03/30 13:01:46] - Test Loss: 0.8936  	 Test Acc: 0.6889  
 PGD Loss: 2.2099 	 PGD Acc: 0.3011 
 Best PGD Acc: 0.3865 	 Test Acc of best PGD ckpt: 0.6195
[2025/03/30 13:01:46] - epoch 157 lr 1.000000e-03
[2025/03/30 13:01:48] - Iter: [157][0/40]	Loss 0.529 (0.529)	Prec@1 0.828 (0.828)	
[2025/03/30 13:02:30] - Evaluating with standard images...
[2025/03/30 13:02:32] - Evaluating with PGD Attack...
[2025/03/30 13:05:25] - Test Loss: 0.9376  	 Test Acc: 0.6707  
 PGD Loss: 2.0780 	 PGD Acc: 0.3127 
 Best PGD Acc: 0.3865 	 Test Acc of best PGD ckpt: 0.6195
[2025/03/30 13:05:25] - epoch 158 lr 1.000000e-03
[2025/03/30 13:05:27] - Iter: [158][0/40]	Loss 0.640 (0.640)	Prec@1 0.750 (0.750)	
[2025/03/30 13:06:09] - Evaluating with standard images...
[2025/03/30 13:06:12] - Evaluating with PGD Attack...
[2025/03/30 13:09:04] - Test Loss: 0.9454  	 Test Acc: 0.6763  
 PGD Loss: 2.3450 	 PGD Acc: 0.2960 
 Best PGD Acc: 0.3865 	 Test Acc of best PGD ckpt: 0.6195
[2025/03/30 13:09:04] - epoch 159 lr 1.000000e-03
[2025/03/30 13:09:06] - Iter: [159][0/40]	Loss 0.605 (0.605)	Prec@1 0.773 (0.773)	
[2025/03/30 13:09:48] - Evaluating with standard images...
[2025/03/30 13:09:51] - Evaluating with PGD Attack...
[2025/03/30 13:12:44] - Test Loss: 0.9413  	 Test Acc: 0.6699  
 PGD Loss: 2.1472 	 PGD Acc: 0.3149 
 Best PGD Acc: 0.3865 	 Test Acc of best PGD ckpt: 0.6195
[2025/03/30 13:12:44] - epoch 160 lr 1.000000e-03
[2025/03/30 13:12:45] - Iter: [160][0/40]	Loss 0.535 (0.535)	Prec@1 0.836 (0.836)	
[2025/03/30 13:13:27] - Evaluating with standard images...
[2025/03/30 13:13:30] - Evaluating with PGD Attack...
[2025/03/30 13:16:23] - Test Loss: 0.9333  	 Test Acc: 0.6734  
 PGD Loss: 2.0674 	 PGD Acc: 0.3232 
 Best PGD Acc: 0.3865 	 Test Acc of best PGD ckpt: 0.6195
[2025/03/30 13:16:23] - epoch 161 lr 1.000000e-03
[2025/03/30 13:16:24] - Iter: [161][0/40]	Loss 0.508 (0.508)	Prec@1 0.852 (0.852)	
[2025/03/30 13:17:06] - Evaluating with standard images...
[2025/03/30 13:17:09] - Evaluating with PGD Attack...
[2025/03/30 13:20:02] - Test Loss: 0.9509  	 Test Acc: 0.6660  
 PGD Loss: 2.2123 	 PGD Acc: 0.3118 
 Best PGD Acc: 0.3865 	 Test Acc of best PGD ckpt: 0.6195
[2025/03/30 13:20:02] - epoch 162 lr 1.000000e-03
[2025/03/30 13:20:03] - Iter: [162][0/40]	Loss 0.600 (0.600)	Prec@1 0.828 (0.828)	
[2025/03/30 13:20:45] - Evaluating with standard images...
[2025/03/30 13:20:48] - Evaluating with PGD Attack...
[2025/03/30 13:23:59] - Test Loss: 0.9254  	 Test Acc: 0.6796  
 PGD Loss: 2.2074 	 PGD Acc: 0.3014 
 Best PGD Acc: 0.3865 	 Test Acc of best PGD ckpt: 0.6195
[2025/03/30 13:23:59] - epoch 163 lr 1.000000e-03
[2025/03/30 13:24:01] - Iter: [163][0/40]	Loss 0.581 (0.581)	Prec@1 0.789 (0.789)	
[2025/03/30 13:24:45] - Evaluating with standard images...
[2025/03/30 13:24:48] - Evaluating with PGD Attack...
[2025/03/30 13:27:40] - Test Loss: 0.9580  	 Test Acc: 0.6676  
 PGD Loss: 2.3025 	 PGD Acc: 0.2968 
 Best PGD Acc: 0.3865 	 Test Acc of best PGD ckpt: 0.6195
[2025/03/30 13:27:40] - epoch 164 lr 1.000000e-03
[2025/03/30 13:27:42] - Iter: [164][0/40]	Loss 0.565 (0.565)	Prec@1 0.781 (0.781)	
[2025/03/30 13:28:24] - Evaluating with standard images...
[2025/03/30 13:28:27] - Evaluating with PGD Attack...
[2025/03/30 13:31:20] - Test Loss: 0.9720  	 Test Acc: 0.6574  
 PGD Loss: 2.1073 	 PGD Acc: 0.3106 
 Best PGD Acc: 0.3865 	 Test Acc of best PGD ckpt: 0.6195
[2025/03/30 13:31:20] - epoch 165 lr 1.000000e-03
[2025/03/30 13:31:21] - Iter: [165][0/40]	Loss 0.502 (0.502)	Prec@1 0.836 (0.836)	
[2025/03/30 13:32:03] - Evaluating with standard images...
[2025/03/30 13:32:06] - Evaluating with PGD Attack...
[2025/03/30 13:34:59] - Test Loss: 0.9081  	 Test Acc: 0.6850  
 PGD Loss: 2.1618 	 PGD Acc: 0.3136 
 Best PGD Acc: 0.3865 	 Test Acc of best PGD ckpt: 0.6195
[2025/03/30 13:34:59] - epoch 166 lr 1.000000e-03
[2025/03/30 13:35:00] - Iter: [166][0/40]	Loss 0.541 (0.541)	Prec@1 0.836 (0.836)	
[2025/03/30 13:35:42] - Evaluating with standard images...
[2025/03/30 13:35:45] - Evaluating with PGD Attack...
[2025/03/30 13:38:38] - Test Loss: 0.9365  	 Test Acc: 0.6719  
 PGD Loss: 2.2502 	 PGD Acc: 0.3141 
 Best PGD Acc: 0.3865 	 Test Acc of best PGD ckpt: 0.6195
[2025/03/30 13:38:38] - epoch 167 lr 1.000000e-03
[2025/03/30 13:38:39] - Iter: [167][0/40]	Loss 0.572 (0.572)	Prec@1 0.805 (0.805)	
[2025/03/30 13:39:21] - Evaluating with standard images...
[2025/03/30 13:39:24] - Evaluating with PGD Attack...
[2025/03/30 13:42:17] - Test Loss: 0.9658  	 Test Acc: 0.6655  
 PGD Loss: 2.2502 	 PGD Acc: 0.2994 
 Best PGD Acc: 0.3865 	 Test Acc of best PGD ckpt: 0.6195
[2025/03/30 13:42:17] - epoch 168 lr 1.000000e-03
[2025/03/30 13:42:18] - Iter: [168][0/40]	Loss 0.524 (0.524)	Prec@1 0.805 (0.805)	
[2025/03/30 13:43:00] - Evaluating with standard images...
[2025/03/30 13:43:03] - Evaluating with PGD Attack...
[2025/03/30 13:45:56] - Test Loss: 0.9570  	 Test Acc: 0.6629  
 PGD Loss: 2.3618 	 PGD Acc: 0.2885 
 Best PGD Acc: 0.3865 	 Test Acc of best PGD ckpt: 0.6195
[2025/03/30 13:45:56] - epoch 169 lr 1.000000e-03
[2025/03/30 13:45:57] - Iter: [169][0/40]	Loss 0.487 (0.487)	Prec@1 0.836 (0.836)	
[2025/03/30 13:46:40] - Evaluating with standard images...
[2025/03/30 13:46:42] - Evaluating with PGD Attack...
[2025/03/30 13:49:35] - Test Loss: 0.9039  	 Test Acc: 0.6825  
 PGD Loss: 2.1525 	 PGD Acc: 0.2986 
 Best PGD Acc: 0.3865 	 Test Acc of best PGD ckpt: 0.6195
[2025/03/30 13:49:35] - epoch 170 lr 1.000000e-03
[2025/03/30 13:49:36] - Iter: [170][0/40]	Loss 0.575 (0.575)	Prec@1 0.812 (0.812)	
[2025/03/30 13:50:19] - Evaluating with standard images...
[2025/03/30 13:50:21] - Evaluating with PGD Attack...
[2025/03/30 13:53:14] - Test Loss: 0.9281  	 Test Acc: 0.6797  
 PGD Loss: 2.1816 	 PGD Acc: 0.3040 
 Best PGD Acc: 0.3865 	 Test Acc of best PGD ckpt: 0.6195
[2025/03/30 13:53:14] - epoch 171 lr 1.000000e-03
[2025/03/30 13:53:15] - Iter: [171][0/40]	Loss 0.551 (0.551)	Prec@1 0.766 (0.766)	
[2025/03/30 13:53:58] - Evaluating with standard images...
[2025/03/30 13:54:00] - Evaluating with PGD Attack...
[2025/03/30 13:56:53] - Test Loss: 0.9772  	 Test Acc: 0.6542  
 PGD Loss: 2.1526 	 PGD Acc: 0.3124 
 Best PGD Acc: 0.3865 	 Test Acc of best PGD ckpt: 0.6195
[2025/03/30 13:56:53] - epoch 172 lr 1.000000e-03
[2025/03/30 13:56:55] - Iter: [172][0/40]	Loss 0.506 (0.506)	Prec@1 0.844 (0.844)	
[2025/03/30 13:57:37] - Evaluating with standard images...
[2025/03/30 13:57:40] - Evaluating with PGD Attack...
[2025/03/30 14:00:33] - Test Loss: 0.9212  	 Test Acc: 0.6771  
 PGD Loss: 2.3727 	 PGD Acc: 0.2840 
 Best PGD Acc: 0.3865 	 Test Acc of best PGD ckpt: 0.6195
[2025/03/30 14:00:33] - epoch 173 lr 1.000000e-03
[2025/03/30 14:00:34] - Iter: [173][0/40]	Loss 0.502 (0.502)	Prec@1 0.844 (0.844)	
[2025/03/30 14:01:16] - Evaluating with standard images...
[2025/03/30 14:01:19] - Evaluating with PGD Attack...
[2025/03/30 14:04:12] - Test Loss: 0.9304  	 Test Acc: 0.6757  
 PGD Loss: 2.2072 	 PGD Acc: 0.3070 
 Best PGD Acc: 0.3865 	 Test Acc of best PGD ckpt: 0.6195
[2025/03/30 14:04:12] - epoch 174 lr 1.000000e-03
[2025/03/30 14:04:13] - Iter: [174][0/40]	Loss 0.503 (0.503)	Prec@1 0.844 (0.844)	
[2025/03/30 14:04:56] - Evaluating with standard images...
[2025/03/30 14:04:58] - Evaluating with PGD Attack...
[2025/03/30 14:07:51] - Test Loss: 0.9119  	 Test Acc: 0.6805  
 PGD Loss: 2.4033 	 PGD Acc: 0.2874 
 Best PGD Acc: 0.3865 	 Test Acc of best PGD ckpt: 0.6195
[2025/03/30 14:07:51] - epoch 175 lr 1.000000e-03
[2025/03/30 14:07:53] - Iter: [175][0/40]	Loss 0.434 (0.434)	Prec@1 0.875 (0.875)	
[2025/03/30 14:08:35] - Evaluating with standard images...
[2025/03/30 14:08:37] - Evaluating with PGD Attack...
[2025/03/30 14:11:31] - Test Loss: 0.9424  	 Test Acc: 0.6745  
 PGD Loss: 2.2961 	 PGD Acc: 0.2950 
 Best PGD Acc: 0.3865 	 Test Acc of best PGD ckpt: 0.6195
[2025/03/30 14:11:31] - epoch 176 lr 1.000000e-03
[2025/03/30 14:11:32] - Iter: [176][0/40]	Loss 0.532 (0.532)	Prec@1 0.797 (0.797)	
[2025/03/30 14:12:14] - Evaluating with standard images...
[2025/03/30 14:12:17] - Evaluating with PGD Attack...
[2025/03/30 14:15:10] - Test Loss: 0.9408  	 Test Acc: 0.6786  
 PGD Loss: 2.2668 	 PGD Acc: 0.3004 
 Best PGD Acc: 0.3865 	 Test Acc of best PGD ckpt: 0.6195
[2025/03/30 14:15:10] - epoch 177 lr 1.000000e-03
[2025/03/30 14:15:11] - Iter: [177][0/40]	Loss 0.537 (0.537)	Prec@1 0.820 (0.820)	
[2025/03/30 14:15:53] - Evaluating with standard images...
[2025/03/30 14:15:56] - Evaluating with PGD Attack...
[2025/03/30 14:18:49] - Test Loss: 0.9237  	 Test Acc: 0.6763  
 PGD Loss: 2.3219 	 PGD Acc: 0.3060 
 Best PGD Acc: 0.3865 	 Test Acc of best PGD ckpt: 0.6195
[2025/03/30 14:18:49] - epoch 178 lr 1.000000e-03
[2025/03/30 14:18:50] - Iter: [178][0/40]	Loss 0.493 (0.493)	Prec@1 0.820 (0.820)	
[2025/03/30 14:19:33] - Evaluating with standard images...
[2025/03/30 14:19:35] - Evaluating with PGD Attack...
[2025/03/30 14:22:28] - Test Loss: 0.9378  	 Test Acc: 0.6746  
 PGD Loss: 2.1968 	 PGD Acc: 0.3049 
 Best PGD Acc: 0.3865 	 Test Acc of best PGD ckpt: 0.6195
[2025/03/30 14:22:28] - epoch 179 lr 1.000000e-03
[2025/03/30 14:22:30] - Iter: [179][0/40]	Loss 0.553 (0.553)	Prec@1 0.781 (0.781)	
[2025/03/30 14:23:12] - Evaluating with standard images...
[2025/03/30 14:23:14] - Evaluating with PGD Attack...
[2025/03/30 14:26:08] - Test Loss: 0.9639  	 Test Acc: 0.6731  
 PGD Loss: 2.3780 	 PGD Acc: 0.2823 
 Best PGD Acc: 0.3865 	 Test Acc of best PGD ckpt: 0.6195
[2025/03/30 14:26:08] - epoch 180 lr 1.000000e-03
[2025/03/30 14:26:09] - Iter: [180][0/40]	Loss 0.509 (0.509)	Prec@1 0.812 (0.812)	
[2025/03/30 14:26:51] - Evaluating with standard images...
[2025/03/30 14:26:54] - Evaluating with PGD Attack...
[2025/03/30 14:29:47] - Test Loss: 0.9140  	 Test Acc: 0.6833  
 PGD Loss: 2.4466 	 PGD Acc: 0.3006 
 Best PGD Acc: 0.3865 	 Test Acc of best PGD ckpt: 0.6195
[2025/03/30 14:29:47] - epoch 181 lr 1.000000e-03
[2025/03/30 14:29:48] - Iter: [181][0/40]	Loss 0.478 (0.478)	Prec@1 0.812 (0.812)	
[2025/03/30 14:30:30] - Evaluating with standard images...
[2025/03/30 14:30:33] - Evaluating with PGD Attack...
[2025/03/30 14:33:26] - Test Loss: 1.0235  	 Test Acc: 0.6496  
 PGD Loss: 2.7218 	 PGD Acc: 0.2616 
 Best PGD Acc: 0.3865 	 Test Acc of best PGD ckpt: 0.6195
[2025/03/30 14:33:26] - epoch 182 lr 1.000000e-03
[2025/03/30 14:33:27] - Iter: [182][0/40]	Loss 0.500 (0.500)	Prec@1 0.805 (0.805)	
[2025/03/30 14:34:10] - Evaluating with standard images...
[2025/03/30 14:34:12] - Evaluating with PGD Attack...
[2025/03/30 14:37:05] - Test Loss: 0.9759  	 Test Acc: 0.6479  
 PGD Loss: 2.2686 	 PGD Acc: 0.3006 
 Best PGD Acc: 0.3865 	 Test Acc of best PGD ckpt: 0.6195
[2025/03/30 14:37:05] - epoch 183 lr 1.000000e-03
[2025/03/30 14:37:06] - Iter: [183][0/40]	Loss 0.565 (0.565)	Prec@1 0.781 (0.781)	
[2025/03/30 14:37:49] - Evaluating with standard images...
[2025/03/30 14:37:51] - Evaluating with PGD Attack...
[2025/03/30 14:40:44] - Test Loss: 0.9557  	 Test Acc: 0.6687  
 PGD Loss: 2.6173 	 PGD Acc: 0.2760 
 Best PGD Acc: 0.3865 	 Test Acc of best PGD ckpt: 0.6195
[2025/03/30 14:40:44] - epoch 184 lr 1.000000e-03
[2025/03/30 14:40:45] - Iter: [184][0/40]	Loss 0.514 (0.514)	Prec@1 0.789 (0.789)	
[2025/03/30 14:41:28] - Evaluating with standard images...
[2025/03/30 14:41:30] - Evaluating with PGD Attack...
[2025/03/30 14:44:23] - Test Loss: 0.8924  	 Test Acc: 0.6860  
 PGD Loss: 2.1112 	 PGD Acc: 0.3043 
 Best PGD Acc: 0.3865 	 Test Acc of best PGD ckpt: 0.6195
[2025/03/30 14:44:23] - epoch 185 lr 1.000000e-03
[2025/03/30 14:44:24] - Iter: [185][0/40]	Loss 0.413 (0.413)	Prec@1 0.867 (0.867)	
[2025/03/30 14:45:07] - Evaluating with standard images...
[2025/03/30 14:45:09] - Evaluating with PGD Attack...
[2025/03/30 14:48:02] - Test Loss: 0.9188  	 Test Acc: 0.6854  
 PGD Loss: 2.4398 	 PGD Acc: 0.2816 
 Best PGD Acc: 0.3865 	 Test Acc of best PGD ckpt: 0.6195
[2025/03/30 14:48:02] - epoch 186 lr 1.000000e-03
[2025/03/30 14:48:04] - Iter: [186][0/40]	Loss 0.437 (0.437)	Prec@1 0.867 (0.867)	
[2025/03/30 14:48:46] - Evaluating with standard images...
[2025/03/30 14:48:49] - Evaluating with PGD Attack...
[2025/03/30 14:51:42] - Test Loss: 0.9622  	 Test Acc: 0.6655  
 PGD Loss: 2.2287 	 PGD Acc: 0.2939 
 Best PGD Acc: 0.3865 	 Test Acc of best PGD ckpt: 0.6195
[2025/03/30 14:51:42] - epoch 187 lr 1.000000e-03
[2025/03/30 14:51:43] - Iter: [187][0/40]	Loss 0.518 (0.518)	Prec@1 0.797 (0.797)	
[2025/03/30 14:52:25] - Evaluating with standard images...
[2025/03/30 14:52:28] - Evaluating with PGD Attack...
[2025/03/30 14:55:21] - Test Loss: 0.9702  	 Test Acc: 0.6666  
 PGD Loss: 2.4152 	 PGD Acc: 0.2944 
 Best PGD Acc: 0.3865 	 Test Acc of best PGD ckpt: 0.6195
[2025/03/30 14:55:21] - epoch 188 lr 1.000000e-03
[2025/03/30 14:55:22] - Iter: [188][0/40]	Loss 0.456 (0.456)	Prec@1 0.883 (0.883)	
[2025/03/30 14:56:05] - Evaluating with standard images...
[2025/03/30 14:56:07] - Evaluating with PGD Attack...
[2025/03/30 14:59:09] - Test Loss: 0.9366  	 Test Acc: 0.6659  
 PGD Loss: 2.2444 	 PGD Acc: 0.3061 
 Best PGD Acc: 0.3865 	 Test Acc of best PGD ckpt: 0.6195
[2025/03/30 14:59:09] - epoch 189 lr 1.000000e-03
[2025/03/30 14:59:11] - Iter: [189][0/40]	Loss 0.406 (0.406)	Prec@1 0.891 (0.891)	
[2025/03/30 14:59:53] - Evaluating with standard images...
[2025/03/30 14:59:56] - Evaluating with PGD Attack...
[2025/03/30 15:02:55] - Test Loss: 0.9378  	 Test Acc: 0.6706  
 PGD Loss: 2.1887 	 PGD Acc: 0.2964 
 Best PGD Acc: 0.3865 	 Test Acc of best PGD ckpt: 0.6195
[2025/03/30 15:02:55] - epoch 190 lr 1.000000e-03
[2025/03/30 15:02:56] - Iter: [190][0/40]	Loss 0.495 (0.495)	Prec@1 0.789 (0.789)	
[2025/03/30 15:03:38] - Evaluating with standard images...
[2025/03/30 15:03:41] - Evaluating with PGD Attack...
[2025/03/30 15:06:34] - Test Loss: 0.9423  	 Test Acc: 0.6740  
 PGD Loss: 2.3703 	 PGD Acc: 0.2973 
 Best PGD Acc: 0.3865 	 Test Acc of best PGD ckpt: 0.6195
[2025/03/30 15:06:34] - epoch 191 lr 1.000000e-03
[2025/03/30 15:06:35] - Iter: [191][0/40]	Loss 0.428 (0.428)	Prec@1 0.891 (0.891)	
[2025/03/30 15:07:18] - Evaluating with standard images...
[2025/03/30 15:07:20] - Evaluating with PGD Attack...
[2025/03/30 15:10:13] - Test Loss: 0.9335  	 Test Acc: 0.6730  
 PGD Loss: 2.3756 	 PGD Acc: 0.3014 
 Best PGD Acc: 0.3865 	 Test Acc of best PGD ckpt: 0.6195
[2025/03/30 15:10:13] - epoch 192 lr 1.000000e-03
[2025/03/30 15:10:14] - Iter: [192][0/40]	Loss 0.432 (0.432)	Prec@1 0.875 (0.875)	
[2025/03/30 15:10:57] - Evaluating with standard images...
[2025/03/30 15:10:59] - Evaluating with PGD Attack...
[2025/03/30 15:13:52] - Test Loss: 0.9300  	 Test Acc: 0.6717  
 PGD Loss: 2.4078 	 PGD Acc: 0.3004 
 Best PGD Acc: 0.3865 	 Test Acc of best PGD ckpt: 0.6195
[2025/03/30 15:13:52] - epoch 193 lr 1.000000e-03
[2025/03/30 15:13:54] - Iter: [193][0/40]	Loss 0.448 (0.448)	Prec@1 0.875 (0.875)	
[2025/03/30 15:14:36] - Evaluating with standard images...
[2025/03/30 15:14:39] - Evaluating with PGD Attack...
[2025/03/30 15:17:31] - Test Loss: 1.0373  	 Test Acc: 0.6460  
 PGD Loss: 2.3428 	 PGD Acc: 0.2861 
 Best PGD Acc: 0.3865 	 Test Acc of best PGD ckpt: 0.6195
[2025/03/30 15:17:31] - epoch 194 lr 1.000000e-03
[2025/03/30 15:17:33] - Iter: [194][0/40]	Loss 0.451 (0.451)	Prec@1 0.836 (0.836)	
[2025/03/30 15:18:15] - Evaluating with standard images...
[2025/03/30 15:18:18] - Evaluating with PGD Attack...
[2025/03/30 15:21:12] - Test Loss: 0.9378  	 Test Acc: 0.6734  
 PGD Loss: 2.3524 	 PGD Acc: 0.2935 
 Best PGD Acc: 0.3865 	 Test Acc of best PGD ckpt: 0.6195
[2025/03/30 15:21:12] - epoch 195 lr 1.000000e-03
[2025/03/30 15:21:14] - Iter: [195][0/40]	Loss 0.477 (0.477)	Prec@1 0.805 (0.805)	
[2025/03/30 15:21:57] - Evaluating with standard images...
[2025/03/30 15:21:59] - Evaluating with PGD Attack...
[2025/03/30 15:24:58] - Test Loss: 1.0112  	 Test Acc: 0.6516  
 PGD Loss: 2.6619 	 PGD Acc: 0.2844 
 Best PGD Acc: 0.3865 	 Test Acc of best PGD ckpt: 0.6195
[2025/03/30 15:24:58] - epoch 196 lr 1.000000e-03
[2025/03/30 15:24:59] - Iter: [196][0/40]	Loss 0.403 (0.403)	Prec@1 0.883 (0.883)	
[2025/03/30 15:25:42] - Evaluating with standard images...
[2025/03/30 15:25:44] - Evaluating with PGD Attack...
[2025/03/30 15:28:37] - Test Loss: 0.9292  	 Test Acc: 0.6743  
 PGD Loss: 2.2341 	 PGD Acc: 0.2943 
 Best PGD Acc: 0.3865 	 Test Acc of best PGD ckpt: 0.6195
[2025/03/30 15:28:37] - epoch 197 lr 1.000000e-03
[2025/03/30 15:28:38] - Iter: [197][0/40]	Loss 0.473 (0.473)	Prec@1 0.812 (0.812)	
[2025/03/30 15:29:21] - Evaluating with standard images...
[2025/03/30 15:29:23] - Evaluating with PGD Attack...
[2025/03/30 15:32:16] - Test Loss: 0.9172  	 Test Acc: 0.6819  
 PGD Loss: 2.4883 	 PGD Acc: 0.2870 
 Best PGD Acc: 0.3865 	 Test Acc of best PGD ckpt: 0.6195
[2025/03/30 15:32:16] - epoch 198 lr 1.000000e-03
[2025/03/30 15:32:18] - Iter: [198][0/40]	Loss 0.421 (0.421)	Prec@1 0.844 (0.844)	
[2025/03/30 15:33:00] - Evaluating with standard images...
[2025/03/30 15:33:03] - Evaluating with PGD Attack...
[2025/03/30 15:35:56] - Test Loss: 0.9415  	 Test Acc: 0.6729  
 PGD Loss: 2.3369 	 PGD Acc: 0.2975 
 Best PGD Acc: 0.3865 	 Test Acc of best PGD ckpt: 0.6195
[2025/03/30 15:35:56] - epoch 199 lr 1.000000e-03
[2025/03/30 15:35:57] - Iter: [199][0/40]	Loss 0.428 (0.428)	Prec@1 0.867 (0.867)	
[2025/03/30 15:36:39] - Evaluating with standard images...
[2025/03/30 15:36:42] - Evaluating with PGD Attack...
[2025/03/30 15:39:35] - Test Loss: 0.9207  	 Test Acc: 0.6767  
 PGD Loss: 2.3770 	 PGD Acc: 0.2994 
 Best PGD Acc: 0.3865 	 Test Acc of best PGD ckpt: 0.6195
[2025/03/30 15:39:35] - Total train time: 734.0231 minutes
wandb: - 0.005 MB of 0.005 MB uploadedwandb: \ 0.005 MB of 0.098 MB uploadedwandb: | 0.008 MB of 0.098 MB uploadedwandb: / 0.008 MB of 0.098 MB uploadedwandb: - 0.008 MB of 0.098 MB uploadedwandb: \ 0.098 MB of 0.098 MB uploadedwandb: | 0.098 MB of 0.098 MB uploadedwandb: 
wandb: Run history:
wandb:       best_pgd_acc ▁▁▄▄▅▆▆▆▆▇▇▇▇███████████████████████████
wandb:              epoch ▁▁▁▁▂▂▂▂▂▃▃▃▃▃▃▄▄▄▄▄▅▅▅▅▅▅▆▆▆▆▆▇▇▇▇▇▇███
wandb:            pgd_acc ▁▁▄▄▆▅▆▆▇▇▇▆█████▇█▇▇▇▇▆▇▆▇▆▇▆▆▆▆▆▆▆▅▆▆▆
wandb:           pgd_loss ▆▆▄▅▂▂▂▂▂▁▁▂▁▁▁▁▁▂▁▂▂▂▃▄▃▆▃▅▄▄▅▄▆▅▅▆█▇▆▆
wandb:               step ▁▁▁▂▂▂▂▂▂▃▃▃▃▃▄▄▄▄▄▄▅▅▅▅▅▅▆▆▆▆▆▇▇▇▇▇▇███
wandb:           test_acc ▁▂▃▄▅▅▅▅▆▆▆▆▇▇▇▇▇▇▇██▇█▇██████████████▇█
wandb:  test_acc_best_pgd ▁▁▃▄▅▅▆▆▆▆▇▇▇███████████████████████████
wandb:          test_loss ██▆▆▅▄▄▄▃▃▃▃▂▂▂▂▂▂▂▂▂▂▁▂▁▂▁▁▁▁▂▁▁▁▁▁▁▁▂▁
wandb:          train_acc ▁▁▂▂▃▃▂▃▃▃▄▃▄▄▅▄▄▂▅▆▆▅▃▆▇▃▇▇▅▇█▇▆▆██▆█▇▇
wandb:         train_loss ██▇▆▆▆▆▆▅▆▅▆▅▄▅▄▄▇▃▃▃▃▅▃▂▆▂▂▄▂▁▂▂▄▁▁▆▁▁▁
wandb: train_time_minutes ▁
wandb: 
wandb: Run summary:
wandb:       best_pgd_acc 0.3865
wandb:              epoch 199
wandb:            pgd_acc 0.29938
wandb:           pgd_loss 2.37702
wandb:               step 7999
wandb:           test_acc 0.67675
wandb:  test_acc_best_pgd 0.6195
wandb:          test_loss 0.92067
wandb:          train_acc 0.625
wandb:         train_loss 1.31248
wandb: train_time_minutes 734.02309
wandb: 
wandb: 🚀 View run misty-dragon-14 at: https://wandb.ai/xuanzhu_07-university-of-sydney/stl/runs/d004cqwi
wandb: ️⚡ View job at https://wandb.ai/xuanzhu_07-university-of-sydney/stl/jobs/QXJ0aWZhY3RDb2xsZWN0aW9uOjU5MzczODY4OA==/version_details/v2
wandb: Synced 6 W&B file(s), 0 media file(s), 0 artifact file(s) and 0 other file(s)
wandb: Find logs at: ./wandb/run-20250330_032518-d004cqwi/logs
