nohup: ignoring input
wandb: Currently logged in as: xuanzhu_07 (xuanzhu_07-university-of-sydney). Use `wandb login --relogin` to force relogin
wandb: wandb version 0.19.8 is available!  To upgrade, please run:
wandb:  $ pip install wandb --upgrade
wandb: Tracking run with wandb version 0.16.3
wandb: Run data is saved locally in /home/yxma/hzx/hzx/hzx/rand_defence/wandb/run-20250330_012038-156tcd1a
wandb: Run `wandb offline` to turn off syncing.
wandb: Syncing run radiant-pond-6
wandb: ⭐️ View project at https://wandb.ai/xuanzhu_07-university-of-sydney/stl
wandb: 🚀 View run at https://wandb.ai/xuanzhu_07-university-of-sydney/stl/runs/156tcd1a
[2025/03/30 01:20:42] - Namespace(batch_size=128, data_dir='~/datasets/CIFAR/', dataset='stl10', epochs=200, network='ResNet18', worker=4, lr_schedule='multistep', lr_min=0.0, lr_max=0.1, weight_decay=0.0005, momentum=0.9, none_random_training=True, rand_deform_training=False, randpos_deform_training=False, randpos_multi_deform_training=False, is_n_repeat=False, reNum=5, only_adv_randpos_training=False, rand_path_training=False, epsilon=8, alpha=2, seed=0, attack_iters=7, restarts=1, none_adv_training=False, save_dir='ckpt/stl10/ResNet18/ckpt', pretrain=None, continue_training=False, lb=2048, pos=0, eot=False, hang=False, device=0, num_classes=10)
[2025/03/30 01:20:50] - ResNet(
  (conv1): Conv2d(3, 64, kernel_size=(3, 3), stride=(1, 1), padding=(1, 1), bias=False)
  (bn1): BatchNorm2d(64, eps=1e-05, momentum=0.1, affine=True, track_running_stats=True)
  (layer1): ModuleList(
    (0-1): 2 x BasicBlock(
      (bn1): BatchNorm2d(64, eps=1e-05, momentum=0.1, affine=True, track_running_stats=True)
      (conv1): Conv2d(64, 64, kernel_size=(3, 3), stride=(1, 1), padding=(1, 1), bias=False)
      (bn2): BatchNorm2d(64, eps=1e-05, momentum=0.1, affine=True, track_running_stats=True)
      (conv2): Conv2d(64, 64, kernel_size=(3, 3), stride=(1, 1), padding=(1, 1), bias=False)
      (shortcut): Sequential()
    )
  )
  (layer2): ModuleList(
    (0): BasicBlock(
      (bn1): BatchNorm2d(128, eps=1e-05, momentum=0.1, affine=True, track_running_stats=True)
      (conv1): Conv2d(64, 128, kernel_size=(3, 3), stride=(2, 2), padding=(1, 1), bias=False)
      (bn2): BatchNorm2d(128, eps=1e-05, momentum=0.1, affine=True, track_running_stats=True)
      (conv2): Conv2d(128, 128, kernel_size=(3, 3), stride=(1, 1), padding=(1, 1), bias=False)
      (shortcut): Sequential(
        (0): Conv2d(64, 128, kernel_size=(1, 1), stride=(2, 2), bias=False)
        (1): BatchNorm2d(128, eps=1e-05, momentum=0.1, affine=True, track_running_stats=True)
      )
    )
    (1): BasicBlock(
      (bn1): BatchNorm2d(128, eps=1e-05, momentum=0.1, affine=True, track_running_stats=True)
      (conv1): Conv2d(128, 128, kernel_size=(3, 3), stride=(1, 1), padding=(1, 1), bias=False)
      (bn2): BatchNorm2d(128, eps=1e-05, momentum=0.1, affine=True, track_running_stats=True)
      (conv2): Conv2d(128, 128, kernel_size=(3, 3), stride=(1, 1), padding=(1, 1), bias=False)
      (shortcut): Sequential()
    )
  )
  (layer3): ModuleList(
    (0): BasicBlock(
      (bn1): BatchNorm2d(256, eps=1e-05, momentum=0.1, affine=True, track_running_stats=True)
      (conv1): Conv2d(128, 256, kernel_size=(3, 3), stride=(2, 2), padding=(1, 1), bias=False)
      (bn2): BatchNorm2d(256, eps=1e-05, momentum=0.1, affine=True, track_running_stats=True)
      (conv2): Conv2d(256, 256, kernel_size=(3, 3), stride=(1, 1), padding=(1, 1), bias=False)
      (shortcut): Sequential(
        (0): Conv2d(128, 256, kernel_size=(1, 1), stride=(2, 2), bias=False)
        (1): BatchNorm2d(256, eps=1e-05, momentum=0.1, affine=True, track_running_stats=True)
      )
    )
    (1): BasicBlock(
      (bn1): BatchNorm2d(256, eps=1e-05, momentum=0.1, affine=True, track_running_stats=True)
      (conv1): Conv2d(256, 256, kernel_size=(3, 3), stride=(1, 1), padding=(1, 1), bias=False)
      (bn2): BatchNorm2d(256, eps=1e-05, momentum=0.1, affine=True, track_running_stats=True)
      (conv2): Conv2d(256, 256, kernel_size=(3, 3), stride=(1, 1), padding=(1, 1), bias=False)
      (shortcut): Sequential()
    )
  )
  (layer4): ModuleList(
    (0): BasicBlock(
      (bn1): BatchNorm2d(512, eps=1e-05, momentum=0.1, affine=True, track_running_stats=True)
      (conv1): Conv2d(256, 512, kernel_size=(3, 3), stride=(2, 2), padding=(1, 1), bias=False)
      (bn2): BatchNorm2d(512, eps=1e-05, momentum=0.1, affine=True, track_running_stats=True)
      (conv2): Conv2d(512, 512, kernel_size=(3, 3), stride=(1, 1), padding=(1, 1), bias=False)
      (shortcut): Sequential(
        (0): Conv2d(256, 512, kernel_size=(1, 1), stride=(2, 2), bias=False)
        (1): BatchNorm2d(512, eps=1e-05, momentum=0.1, affine=True, track_running_stats=True)
      )
    )
    (1): BasicBlock(
      (bn1): BatchNorm2d(512, eps=1e-05, momentum=0.1, affine=True, track_running_stats=True)
      (conv1): Conv2d(512, 512, kernel_size=(3, 3), stride=(1, 1), padding=(1, 1), bias=False)
      (bn2): BatchNorm2d(512, eps=1e-05, momentum=0.1, affine=True, track_running_stats=True)
      (conv2): Conv2d(512, 512, kernel_size=(3, 3), stride=(1, 1), padding=(1, 1), bias=False)
      (shortcut): Sequential()
    )
  )
  (linear): Linear(in_features=512, out_features=10, bias=True)
)
/home/yxma/anaconda3/envs/py39_torch/lib/python3.9/site-packages/torch/optim/lr_scheduler.py:143: UserWarning: Detected call of `lr_scheduler.step()` before `optimizer.step()`. In PyTorch 1.1.0 and later, you should call them in the opposite order: `optimizer.step()` before `lr_scheduler.step()`.  Failure to do this will result in PyTorch skipping the first value of the learning rate schedule. See more details at https://pytorch.org/docs/stable/optim.html#how-to-adjust-learning-rate
  warnings.warn("Detected call of `lr_scheduler.step()` before `optimizer.step()`. "
/home/yxma/anaconda3/envs/py39_torch/lib/python3.9/site-packages/torch/optim/lr_scheduler.py:454: UserWarning: To get the last learning rate computed by the scheduler, please use `get_last_lr()`.
  warnings.warn("To get the last learning rate computed by the scheduler, "
[2025/03/30 01:20:50] - epoch 0 lr 1.000000e-01
start_time 20250330012042
Process ID: 3938619
Files already downloaded and verified
Files already downloaded and verified


No checkpoint. Train from scratch.
Training using fixed weight.


[2025/03/30 01:20:51] - Iter: [0][0/40]	Loss 2.398 (2.398)	Prec@1 0.000 (0.000)	
[2025/03/30 01:20:56] - Evaluating with standard images...
[2025/03/30 01:20:57] - Evaluating with PGD Attack...
[2025/03/30 01:21:13] - Test Loss: 2.2817  	 Test Acc: 0.1234  
 PGD Loss: 2.3169 	 PGD Acc: 0.1126 
 Best PGD Acc: 0.1126 	 Test Acc of best PGD ckpt: 0.1234
[2025/03/30 01:21:13] - epoch 1 lr 1.000000e-01
New Best Adv Training
[2025/03/30 01:21:14] - Iter: [1][0/40]	Loss 2.293 (2.293)	Prec@1 0.164 (0.164)	
[2025/03/30 01:21:18] - Evaluating with standard images...
[2025/03/30 01:21:19] - Evaluating with PGD Attack...
[2025/03/30 01:21:36] - Test Loss: 2.2074  	 Test Acc: 0.1704  
 PGD Loss: 2.2611 	 PGD Acc: 0.1511 
 Best PGD Acc: 0.1511 	 Test Acc of best PGD ckpt: 0.1704
[2025/03/30 01:21:36] - epoch 2 lr 1.000000e-01
New Best Adv Training
[2025/03/30 01:21:36] - Iter: [2][0/40]	Loss 2.251 (2.251)	Prec@1 0.117 (0.117)	
[2025/03/30 01:21:40] - Evaluating with standard images...
[2025/03/30 01:21:41] - Evaluating with PGD Attack...
[2025/03/30 01:21:58] - Test Loss: 2.1545  	 Test Acc: 0.2051  
 PGD Loss: 2.2655 	 PGD Acc: 0.1727 
 Best PGD Acc: 0.1727 	 Test Acc of best PGD ckpt: 0.2051
[2025/03/30 01:21:58] - epoch 3 lr 1.000000e-01
New Best Adv Training
[2025/03/30 01:21:58] - Iter: [3][0/40]	Loss 2.226 (2.226)	Prec@1 0.172 (0.172)	
[2025/03/30 01:22:02] - Evaluating with standard images...
[2025/03/30 01:22:03] - Evaluating with PGD Attack...
[2025/03/30 01:22:28] - Test Loss: 2.1539  	 Test Acc: 0.1628  
 PGD Loss: 2.2140 	 PGD Acc: 0.1440 
 Best PGD Acc: 0.1727 	 Test Acc of best PGD ckpt: 0.2051
[2025/03/30 01:22:28] - epoch 4 lr 1.000000e-01
[2025/03/30 01:22:28] - Iter: [4][0/40]	Loss 2.263 (2.263)	Prec@1 0.125 (0.125)	
[2025/03/30 01:22:32] - Evaluating with standard images...
[2025/03/30 01:22:33] - Evaluating with PGD Attack...
[2025/03/30 01:22:49] - Test Loss: 2.0671  	 Test Acc: 0.2062  
 PGD Loss: 2.1589 	 PGD Acc: 0.1719 
 Best PGD Acc: 0.1727 	 Test Acc of best PGD ckpt: 0.2051
[2025/03/30 01:22:49] - epoch 5 lr 1.000000e-01
[2025/03/30 01:22:50] - Iter: [5][0/40]	Loss 2.189 (2.189)	Prec@1 0.133 (0.133)	
[2025/03/30 01:22:54] - Evaluating with standard images...
[2025/03/30 01:22:55] - Evaluating with PGD Attack...
[2025/03/30 01:23:12] - Test Loss: 2.0175  	 Test Acc: 0.2474  
 PGD Loss: 2.1312 	 PGD Acc: 0.2008 
 Best PGD Acc: 0.2008 	 Test Acc of best PGD ckpt: 0.2474
[2025/03/30 01:23:12] - epoch 6 lr 1.000000e-01
New Best Adv Training
[2025/03/30 01:23:12] - Iter: [6][0/40]	Loss 2.198 (2.198)	Prec@1 0.172 (0.172)	
[2025/03/30 01:23:16] - Evaluating with standard images...
[2025/03/30 01:23:17] - Evaluating with PGD Attack...
[2025/03/30 01:23:34] - Test Loss: 2.0077  	 Test Acc: 0.2437  
 PGD Loss: 2.1183 	 PGD Acc: 0.2000 
 Best PGD Acc: 0.2008 	 Test Acc of best PGD ckpt: 0.2474
[2025/03/30 01:23:34] - epoch 7 lr 1.000000e-01
[2025/03/30 01:23:34] - Iter: [7][0/40]	Loss 2.146 (2.146)	Prec@1 0.180 (0.180)	
[2025/03/30 01:23:38] - Evaluating with standard images...
[2025/03/30 01:23:39] - Evaluating with PGD Attack...
[2025/03/30 01:23:56] - Test Loss: 1.9513  	 Test Acc: 0.2565  
 PGD Loss: 2.1177 	 PGD Acc: 0.2067 
 Best PGD Acc: 0.2067 	 Test Acc of best PGD ckpt: 0.2565
[2025/03/30 01:23:56] - epoch 8 lr 1.000000e-01
New Best Adv Training
[2025/03/30 01:23:56] - Iter: [8][0/40]	Loss 2.058 (2.058)	Prec@1 0.227 (0.227)	
[2025/03/30 01:24:00] - Evaluating with standard images...
[2025/03/30 01:24:01] - Evaluating with PGD Attack...
[2025/03/30 01:24:18] - Test Loss: 1.9235  	 Test Acc: 0.2909  
 PGD Loss: 2.1544 	 PGD Acc: 0.2125 
 Best PGD Acc: 0.2125 	 Test Acc of best PGD ckpt: 0.2909
[2025/03/30 01:24:18] - epoch 9 lr 1.000000e-01
New Best Adv Training
[2025/03/30 01:24:18] - Iter: [9][0/40]	Loss 2.105 (2.105)	Prec@1 0.180 (0.180)	
[2025/03/30 01:24:22] - Evaluating with standard images...
[2025/03/30 01:24:23] - Evaluating with PGD Attack...
[2025/03/30 01:24:40] - Test Loss: 2.0475  	 Test Acc: 0.2838  
 PGD Loss: 2.3470 	 PGD Acc: 0.2057 
 Best PGD Acc: 0.2125 	 Test Acc of best PGD ckpt: 0.2909
[2025/03/30 01:24:40] - epoch 10 lr 1.000000e-01
[2025/03/30 01:24:40] - Iter: [10][0/40]	Loss 2.019 (2.019)	Prec@1 0.312 (0.312)	
[2025/03/30 01:24:46] - Evaluating with standard images...
[2025/03/30 01:24:47] - Evaluating with PGD Attack...
[2025/03/30 01:25:09] - Test Loss: 1.8343  	 Test Acc: 0.3174  
 PGD Loss: 2.1025 	 PGD Acc: 0.2326 
 Best PGD Acc: 0.2326 	 Test Acc of best PGD ckpt: 0.3174
[2025/03/30 01:25:09] - epoch 11 lr 1.000000e-01
New Best Adv Training
[2025/03/30 01:25:09] - Iter: [11][0/40]	Loss 2.083 (2.083)	Prec@1 0.156 (0.156)	
[2025/03/30 01:25:13] - Evaluating with standard images...
[2025/03/30 01:25:14] - Evaluating with PGD Attack...
[2025/03/30 01:25:31] - Test Loss: 1.7672  	 Test Acc: 0.3342  
 PGD Loss: 1.9930 	 PGD Acc: 0.2465 
 Best PGD Acc: 0.2465 	 Test Acc of best PGD ckpt: 0.3342
[2025/03/30 01:25:31] - epoch 12 lr 1.000000e-01
New Best Adv Training
[2025/03/30 01:25:31] - Iter: [12][0/40]	Loss 2.022 (2.022)	Prec@1 0.227 (0.227)	
[2025/03/30 01:25:35] - Evaluating with standard images...
[2025/03/30 01:25:36] - Evaluating with PGD Attack...
[2025/03/30 01:25:53] - Test Loss: 1.7617  	 Test Acc: 0.3294  
 PGD Loss: 2.0396 	 PGD Acc: 0.2412 
 Best PGD Acc: 0.2465 	 Test Acc of best PGD ckpt: 0.3342
[2025/03/30 01:25:53] - epoch 13 lr 1.000000e-01
[2025/03/30 01:25:53] - Iter: [13][0/40]	Loss 1.894 (1.894)	Prec@1 0.297 (0.297)	
[2025/03/30 01:25:58] - Evaluating with standard images...
[2025/03/30 01:25:58] - Evaluating with PGD Attack...
[2025/03/30 01:26:15] - Test Loss: 1.7443  	 Test Acc: 0.3305  
 PGD Loss: 1.9795 	 PGD Acc: 0.2425 
 Best PGD Acc: 0.2465 	 Test Acc of best PGD ckpt: 0.3342
[2025/03/30 01:26:15] - epoch 14 lr 1.000000e-01
[2025/03/30 01:26:16] - Iter: [14][0/40]	Loss 1.930 (1.930)	Prec@1 0.211 (0.211)	
[2025/03/30 01:26:20] - Evaluating with standard images...
[2025/03/30 01:26:21] - Evaluating with PGD Attack...
[2025/03/30 01:26:38] - Test Loss: 2.0564  	 Test Acc: 0.2936  
 PGD Loss: 2.5485 	 PGD Acc: 0.1928 
 Best PGD Acc: 0.2465 	 Test Acc of best PGD ckpt: 0.3342
[2025/03/30 01:26:38] - epoch 15 lr 1.000000e-01
[2025/03/30 01:26:38] - Iter: [15][0/40]	Loss 2.031 (2.031)	Prec@1 0.219 (0.219)	
[2025/03/30 01:26:42] - Evaluating with standard images...
[2025/03/30 01:26:43] - Evaluating with PGD Attack...
[2025/03/30 01:27:00] - Test Loss: 1.7737  	 Test Acc: 0.3543  
 PGD Loss: 2.0956 	 PGD Acc: 0.2495 
 Best PGD Acc: 0.2495 	 Test Acc of best PGD ckpt: 0.3543
[2025/03/30 01:27:00] - epoch 16 lr 1.000000e-01
New Best Adv Training
[2025/03/30 01:27:00] - Iter: [16][0/40]	Loss 1.904 (1.904)	Prec@1 0.328 (0.328)	
[2025/03/30 01:27:04] - Evaluating with standard images...
[2025/03/30 01:27:05] - Evaluating with PGD Attack...
[2025/03/30 01:27:22] - Test Loss: 1.8285  	 Test Acc: 0.3284  
 PGD Loss: 2.0788 	 PGD Acc: 0.2374 
 Best PGD Acc: 0.2495 	 Test Acc of best PGD ckpt: 0.3543
[2025/03/30 01:27:22] - epoch 17 lr 1.000000e-01
[2025/03/30 01:27:22] - Iter: [17][0/40]	Loss 1.934 (1.934)	Prec@1 0.273 (0.273)	
[2025/03/30 01:27:26] - Evaluating with standard images...
[2025/03/30 01:27:27] - Evaluating with PGD Attack...
[2025/03/30 01:27:44] - Test Loss: 1.7186  	 Test Acc: 0.3619  
 PGD Loss: 1.9650 	 PGD Acc: 0.2514 
 Best PGD Acc: 0.2514 	 Test Acc of best PGD ckpt: 0.3619
[2025/03/30 01:27:44] - epoch 18 lr 1.000000e-01
New Best Adv Training
[2025/03/30 01:27:45] - Iter: [18][0/40]	Loss 1.827 (1.827)	Prec@1 0.320 (0.320)	
[2025/03/30 01:27:49] - Evaluating with standard images...
[2025/03/30 01:27:50] - Evaluating with PGD Attack...
[2025/03/30 01:28:07] - Test Loss: 1.8243  	 Test Acc: 0.3267  
 PGD Loss: 2.1665 	 PGD Acc: 0.2135 
 Best PGD Acc: 0.2514 	 Test Acc of best PGD ckpt: 0.3619
[2025/03/30 01:28:07] - epoch 19 lr 1.000000e-01
[2025/03/30 01:28:07] - Iter: [19][0/40]	Loss 1.909 (1.909)	Prec@1 0.234 (0.234)	
[2025/03/30 01:28:11] - Evaluating with standard images...
[2025/03/30 01:28:12] - Evaluating with PGD Attack...
[2025/03/30 01:28:29] - Test Loss: 1.7973  	 Test Acc: 0.3145  
 PGD Loss: 2.1071 	 PGD Acc: 0.2004 
 Best PGD Acc: 0.2514 	 Test Acc of best PGD ckpt: 0.3619
[2025/03/30 01:28:29] - epoch 20 lr 1.000000e-01
[2025/03/30 01:28:29] - Iter: [20][0/40]	Loss 1.912 (1.912)	Prec@1 0.289 (0.289)	
[2025/03/30 01:28:33] - Evaluating with standard images...
[2025/03/30 01:28:34] - Evaluating with PGD Attack...
[2025/03/30 01:28:51] - Test Loss: 1.6658  	 Test Acc: 0.3535  
 PGD Loss: 1.9530 	 PGD Acc: 0.2502 
 Best PGD Acc: 0.2514 	 Test Acc of best PGD ckpt: 0.3619
[2025/03/30 01:28:51] - epoch 21 lr 1.000000e-01
[2025/03/30 01:28:51] - Iter: [21][0/40]	Loss 1.829 (1.829)	Prec@1 0.305 (0.305)	
[2025/03/30 01:28:56] - Evaluating with standard images...
[2025/03/30 01:28:57] - Evaluating with PGD Attack...
[2025/03/30 01:29:14] - Test Loss: 1.7387  	 Test Acc: 0.3605  
 PGD Loss: 2.0037 	 PGD Acc: 0.2374 
 Best PGD Acc: 0.2514 	 Test Acc of best PGD ckpt: 0.3619
[2025/03/30 01:29:14] - epoch 22 lr 1.000000e-01
[2025/03/30 01:29:14] - Iter: [22][0/40]	Loss 1.904 (1.904)	Prec@1 0.242 (0.242)	
[2025/03/30 01:29:18] - Evaluating with standard images...
[2025/03/30 01:29:19] - Evaluating with PGD Attack...
[2025/03/30 01:29:36] - Test Loss: 1.6130  	 Test Acc: 0.3966  
 PGD Loss: 1.9287 	 PGD Acc: 0.2592 
 Best PGD Acc: 0.2592 	 Test Acc of best PGD ckpt: 0.3966
[2025/03/30 01:29:36] - epoch 23 lr 1.000000e-01
New Best Adv Training
[2025/03/30 01:29:36] - Iter: [23][0/40]	Loss 1.835 (1.835)	Prec@1 0.281 (0.281)	
[2025/03/30 01:29:40] - Evaluating with standard images...
[2025/03/30 01:29:41] - Evaluating with PGD Attack...
[2025/03/30 01:29:58] - Test Loss: 1.6417  	 Test Acc: 0.3589  
 PGD Loss: 1.9195 	 PGD Acc: 0.2547 
 Best PGD Acc: 0.2592 	 Test Acc of best PGD ckpt: 0.3966
[2025/03/30 01:29:58] - epoch 24 lr 1.000000e-01
[2025/03/30 01:29:58] - Iter: [24][0/40]	Loss 1.841 (1.841)	Prec@1 0.242 (0.242)	
[2025/03/30 01:30:02] - Evaluating with standard images...
[2025/03/30 01:30:03] - Evaluating with PGD Attack...
[2025/03/30 01:30:20] - Test Loss: 1.6378  	 Test Acc: 0.3766  
 PGD Loss: 1.8747 	 PGD Acc: 0.2823 
 Best PGD Acc: 0.2823 	 Test Acc of best PGD ckpt: 0.3766
[2025/03/30 01:30:20] - epoch 25 lr 1.000000e-01
New Best Adv Training
[2025/03/30 01:30:20] - Iter: [25][0/40]	Loss 1.870 (1.870)	Prec@1 0.258 (0.258)	
[2025/03/30 01:30:25] - Evaluating with standard images...
[2025/03/30 01:30:26] - Evaluating with PGD Attack...
[2025/03/30 01:30:42] - Test Loss: 1.6033  	 Test Acc: 0.3839  
 PGD Loss: 1.9103 	 PGD Acc: 0.2480 
 Best PGD Acc: 0.2823 	 Test Acc of best PGD ckpt: 0.3766
[2025/03/30 01:30:42] - epoch 26 lr 1.000000e-01
[2025/03/30 01:30:43] - Iter: [26][0/40]	Loss 1.836 (1.836)	Prec@1 0.336 (0.336)	
[2025/03/30 01:30:47] - Evaluating with standard images...
[2025/03/30 01:30:48] - Evaluating with PGD Attack...
[2025/03/30 01:31:05] - Test Loss: 1.6466  	 Test Acc: 0.3862  
 PGD Loss: 1.9679 	 PGD Acc: 0.2599 
 Best PGD Acc: 0.2823 	 Test Acc of best PGD ckpt: 0.3766
[2025/03/30 01:31:05] - epoch 27 lr 1.000000e-01
[2025/03/30 01:31:05] - Iter: [27][0/40]	Loss 1.898 (1.898)	Prec@1 0.250 (0.250)	
[2025/03/30 01:31:09] - Evaluating with standard images...
[2025/03/30 01:31:10] - Evaluating with PGD Attack...
[2025/03/30 01:31:27] - Test Loss: 1.6288  	 Test Acc: 0.3827  
 PGD Loss: 1.9383 	 PGD Acc: 0.2636 
 Best PGD Acc: 0.2823 	 Test Acc of best PGD ckpt: 0.3766
[2025/03/30 01:31:27] - epoch 28 lr 1.000000e-01
[2025/03/30 01:31:27] - Iter: [28][0/40]	Loss 1.813 (1.813)	Prec@1 0.312 (0.312)	
[2025/03/30 01:31:31] - Evaluating with standard images...
[2025/03/30 01:31:32] - Evaluating with PGD Attack...
[2025/03/30 01:31:49] - Test Loss: 1.6025  	 Test Acc: 0.4091  
 PGD Loss: 1.8774 	 PGD Acc: 0.2764 
 Best PGD Acc: 0.2823 	 Test Acc of best PGD ckpt: 0.3766
[2025/03/30 01:31:49] - epoch 29 lr 1.000000e-01
[2025/03/30 01:31:49] - Iter: [29][0/40]	Loss 2.028 (2.028)	Prec@1 0.188 (0.188)	
[2025/03/30 01:31:53] - Evaluating with standard images...
[2025/03/30 01:31:54] - Evaluating with PGD Attack...
[2025/03/30 01:32:11] - Test Loss: 1.6064  	 Test Acc: 0.4129  
 PGD Loss: 1.8783 	 PGD Acc: 0.2731 
 Best PGD Acc: 0.2823 	 Test Acc of best PGD ckpt: 0.3766
[2025/03/30 01:32:11] - epoch 30 lr 1.000000e-01
[2025/03/30 01:32:11] - Iter: [30][0/40]	Loss 1.750 (1.750)	Prec@1 0.320 (0.320)	
[2025/03/30 01:32:15] - Evaluating with standard images...
[2025/03/30 01:32:16] - Evaluating with PGD Attack...
[2025/03/30 01:32:33] - Test Loss: 1.5951  	 Test Acc: 0.3901  
 PGD Loss: 1.8795 	 PGD Acc: 0.2602 
 Best PGD Acc: 0.2823 	 Test Acc of best PGD ckpt: 0.3766
[2025/03/30 01:32:33] - epoch 31 lr 1.000000e-01
[2025/03/30 01:32:33] - Iter: [31][0/40]	Loss 1.758 (1.758)	Prec@1 0.273 (0.273)	
[2025/03/30 01:32:38] - Evaluating with standard images...
[2025/03/30 01:32:38] - Evaluating with PGD Attack...
[2025/03/30 01:32:55] - Test Loss: 1.5804  	 Test Acc: 0.4090  
 PGD Loss: 1.8818 	 PGD Acc: 0.2716 
 Best PGD Acc: 0.2823 	 Test Acc of best PGD ckpt: 0.3766
[2025/03/30 01:32:55] - epoch 32 lr 1.000000e-01
[2025/03/30 01:32:56] - Iter: [32][0/40]	Loss 1.786 (1.786)	Prec@1 0.312 (0.312)	
[2025/03/30 01:33:00] - Evaluating with standard images...
[2025/03/30 01:33:01] - Evaluating with PGD Attack...
[2025/03/30 01:33:17] - Test Loss: 1.5744  	 Test Acc: 0.3951  
 PGD Loss: 1.8790 	 PGD Acc: 0.2655 
 Best PGD Acc: 0.2823 	 Test Acc of best PGD ckpt: 0.3766
[2025/03/30 01:33:17] - epoch 33 lr 1.000000e-01
[2025/03/30 01:33:18] - Iter: [33][0/40]	Loss 1.863 (1.863)	Prec@1 0.289 (0.289)	
[2025/03/30 01:33:22] - Evaluating with standard images...
[2025/03/30 01:33:23] - Evaluating with PGD Attack...
[2025/03/30 01:33:40] - Test Loss: 1.6398  	 Test Acc: 0.3987  
 PGD Loss: 1.9460 	 PGD Acc: 0.2621 
 Best PGD Acc: 0.2823 	 Test Acc of best PGD ckpt: 0.3766
[2025/03/30 01:33:40] - epoch 34 lr 1.000000e-01
[2025/03/30 01:33:40] - Iter: [34][0/40]	Loss 1.711 (1.711)	Prec@1 0.289 (0.289)	
[2025/03/30 01:33:44] - Evaluating with standard images...
[2025/03/30 01:33:45] - Evaluating with PGD Attack...
[2025/03/30 01:34:02] - Test Loss: 1.6006  	 Test Acc: 0.3964  
 PGD Loss: 1.9095 	 PGD Acc: 0.2770 
 Best PGD Acc: 0.2823 	 Test Acc of best PGD ckpt: 0.3766
[2025/03/30 01:34:02] - epoch 35 lr 1.000000e-01
[2025/03/30 01:34:03] - Iter: [35][0/40]	Loss 1.775 (1.775)	Prec@1 0.297 (0.297)	
[2025/03/30 01:34:07] - Evaluating with standard images...
[2025/03/30 01:34:08] - Evaluating with PGD Attack...
[2025/03/30 01:34:25] - Test Loss: 1.6433  	 Test Acc: 0.3810  
 PGD Loss: 1.9682 	 PGD Acc: 0.2675 
 Best PGD Acc: 0.2823 	 Test Acc of best PGD ckpt: 0.3766
[2025/03/30 01:34:25] - epoch 36 lr 1.000000e-01
[2025/03/30 01:34:25] - Iter: [36][0/40]	Loss 1.886 (1.886)	Prec@1 0.258 (0.258)	
[2025/03/30 01:34:29] - Evaluating with standard images...
[2025/03/30 01:34:30] - Evaluating with PGD Attack...
[2025/03/30 01:34:47] - Test Loss: 1.5206  	 Test Acc: 0.4305  
 PGD Loss: 1.8187 	 PGD Acc: 0.2871 
 Best PGD Acc: 0.2871 	 Test Acc of best PGD ckpt: 0.4305
[2025/03/30 01:34:47] - epoch 37 lr 1.000000e-01
New Best Adv Training
[2025/03/30 01:34:47] - Iter: [37][0/40]	Loss 1.659 (1.659)	Prec@1 0.359 (0.359)	
[2025/03/30 01:34:52] - Evaluating with standard images...
[2025/03/30 01:34:52] - Evaluating with PGD Attack...
[2025/03/30 01:35:10] - Test Loss: 1.5836  	 Test Acc: 0.4093  
 PGD Loss: 1.9052 	 PGD Acc: 0.2601 
 Best PGD Acc: 0.2871 	 Test Acc of best PGD ckpt: 0.4305
[2025/03/30 01:35:10] - epoch 38 lr 1.000000e-01
[2025/03/30 01:35:10] - Iter: [38][0/40]	Loss 1.755 (1.755)	Prec@1 0.336 (0.336)	
[2025/03/30 01:35:14] - Evaluating with standard images...
[2025/03/30 01:35:15] - Evaluating with PGD Attack...
[2025/03/30 01:35:32] - Test Loss: 1.5456  	 Test Acc: 0.4086  
 PGD Loss: 1.8944 	 PGD Acc: 0.2680 
 Best PGD Acc: 0.2871 	 Test Acc of best PGD ckpt: 0.4305
[2025/03/30 01:35:32] - epoch 39 lr 1.000000e-01
[2025/03/30 01:35:32] - Iter: [39][0/40]	Loss 1.723 (1.723)	Prec@1 0.352 (0.352)	
[2025/03/30 01:35:36] - Evaluating with standard images...
[2025/03/30 01:35:37] - Evaluating with PGD Attack...
[2025/03/30 01:35:54] - Test Loss: 1.5778  	 Test Acc: 0.3900  
 PGD Loss: 1.9012 	 PGD Acc: 0.2531 
 Best PGD Acc: 0.2871 	 Test Acc of best PGD ckpt: 0.4305
[2025/03/30 01:35:54] - epoch 40 lr 1.000000e-01
[2025/03/30 01:35:55] - Iter: [40][0/40]	Loss 1.721 (1.721)	Prec@1 0.336 (0.336)	
[2025/03/30 01:35:59] - Evaluating with standard images...
[2025/03/30 01:36:00] - Evaluating with PGD Attack...
[2025/03/30 01:36:17] - Test Loss: 1.5654  	 Test Acc: 0.4073  
 PGD Loss: 1.8643 	 PGD Acc: 0.2790 
 Best PGD Acc: 0.2871 	 Test Acc of best PGD ckpt: 0.4305
[2025/03/30 01:36:17] - epoch 41 lr 1.000000e-01
[2025/03/30 01:36:17] - Iter: [41][0/40]	Loss 1.708 (1.708)	Prec@1 0.289 (0.289)	
[2025/03/30 01:36:21] - Evaluating with standard images...
[2025/03/30 01:36:22] - Evaluating with PGD Attack...
[2025/03/30 01:36:39] - Test Loss: 1.5518  	 Test Acc: 0.4150  
 PGD Loss: 1.9031 	 PGD Acc: 0.2601 
 Best PGD Acc: 0.2871 	 Test Acc of best PGD ckpt: 0.4305
[2025/03/30 01:36:39] - epoch 42 lr 1.000000e-01
[2025/03/30 01:36:39] - Iter: [42][0/40]	Loss 1.607 (1.607)	Prec@1 0.367 (0.367)	
[2025/03/30 01:36:44] - Evaluating with standard images...
[2025/03/30 01:36:44] - Evaluating with PGD Attack...
[2025/03/30 01:37:02] - Test Loss: 1.5261  	 Test Acc: 0.4101  
 PGD Loss: 1.8479 	 PGD Acc: 0.2894 
 Best PGD Acc: 0.2894 	 Test Acc of best PGD ckpt: 0.4101
[2025/03/30 01:37:02] - epoch 43 lr 1.000000e-01
New Best Adv Training
[2025/03/30 01:37:02] - Iter: [43][0/40]	Loss 1.753 (1.753)	Prec@1 0.383 (0.383)	
[2025/03/30 01:37:07] - Evaluating with standard images...
[2025/03/30 01:37:07] - Evaluating with PGD Attack...
[2025/03/30 01:37:24] - Test Loss: 1.5121  	 Test Acc: 0.4294  
 PGD Loss: 1.8406 	 PGD Acc: 0.2797 
 Best PGD Acc: 0.2894 	 Test Acc of best PGD ckpt: 0.4101
[2025/03/30 01:37:24] - epoch 44 lr 1.000000e-01
[2025/03/30 01:37:25] - Iter: [44][0/40]	Loss 1.722 (1.722)	Prec@1 0.328 (0.328)	
[2025/03/30 01:37:29] - Evaluating with standard images...
[2025/03/30 01:37:30] - Evaluating with PGD Attack...
[2025/03/30 01:37:47] - Test Loss: 1.5583  	 Test Acc: 0.4295  
 PGD Loss: 1.9013 	 PGD Acc: 0.2851 
 Best PGD Acc: 0.2894 	 Test Acc of best PGD ckpt: 0.4101
[2025/03/30 01:37:47] - epoch 45 lr 1.000000e-01
[2025/03/30 01:37:47] - Iter: [45][0/40]	Loss 1.701 (1.701)	Prec@1 0.359 (0.359)	
[2025/03/30 01:37:51] - Evaluating with standard images...
[2025/03/30 01:37:52] - Evaluating with PGD Attack...
[2025/03/30 01:38:09] - Test Loss: 1.5728  	 Test Acc: 0.3905  
 PGD Loss: 1.9070 	 PGD Acc: 0.2644 
 Best PGD Acc: 0.2894 	 Test Acc of best PGD ckpt: 0.4101
[2025/03/30 01:38:09] - epoch 46 lr 1.000000e-01
[2025/03/30 01:38:09] - Iter: [46][0/40]	Loss 1.735 (1.735)	Prec@1 0.320 (0.320)	
[2025/03/30 01:38:13] - Evaluating with standard images...
[2025/03/30 01:38:14] - Evaluating with PGD Attack...
[2025/03/30 01:38:31] - Test Loss: 1.5182  	 Test Acc: 0.4270  
 PGD Loss: 1.8468 	 PGD Acc: 0.2761 
 Best PGD Acc: 0.2894 	 Test Acc of best PGD ckpt: 0.4101
[2025/03/30 01:38:31] - epoch 47 lr 1.000000e-01
[2025/03/30 01:38:32] - Iter: [47][0/40]	Loss 1.755 (1.755)	Prec@1 0.258 (0.258)	
[2025/03/30 01:38:36] - Evaluating with standard images...
[2025/03/30 01:38:37] - Evaluating with PGD Attack...
[2025/03/30 01:38:54] - Test Loss: 1.5046  	 Test Acc: 0.4330  
 PGD Loss: 1.9282 	 PGD Acc: 0.2636 
 Best PGD Acc: 0.2894 	 Test Acc of best PGD ckpt: 0.4101
[2025/03/30 01:38:54] - epoch 48 lr 1.000000e-01
[2025/03/30 01:38:54] - Iter: [48][0/40]	Loss 1.738 (1.738)	Prec@1 0.305 (0.305)	
[2025/03/30 01:38:58] - Evaluating with standard images...
[2025/03/30 01:38:59] - Evaluating with PGD Attack...
[2025/03/30 01:39:16] - Test Loss: 1.5547  	 Test Acc: 0.4060  
 PGD Loss: 1.8850 	 PGD Acc: 0.2784 
 Best PGD Acc: 0.2894 	 Test Acc of best PGD ckpt: 0.4101
[2025/03/30 01:39:16] - epoch 49 lr 1.000000e-01
[2025/03/30 01:39:17] - Iter: [49][0/40]	Loss 1.709 (1.709)	Prec@1 0.398 (0.398)	
[2025/03/30 01:39:21] - Evaluating with standard images...
[2025/03/30 01:39:22] - Evaluating with PGD Attack...
[2025/03/30 01:39:39] - Test Loss: 1.4594  	 Test Acc: 0.4530  
 PGD Loss: 1.8101 	 PGD Acc: 0.2910 
 Best PGD Acc: 0.2910 	 Test Acc of best PGD ckpt: 0.4530
[2025/03/30 01:39:39] - epoch 50 lr 1.000000e-01
New Best Adv Training
[2025/03/30 01:39:39] - Iter: [50][0/40]	Loss 1.631 (1.631)	Prec@1 0.328 (0.328)	
[2025/03/30 01:39:43] - Evaluating with standard images...
[2025/03/30 01:39:44] - Evaluating with PGD Attack...
[2025/03/30 01:40:01] - Test Loss: 1.5365  	 Test Acc: 0.4088  
 PGD Loss: 1.9177 	 PGD Acc: 0.2642 
 Best PGD Acc: 0.2910 	 Test Acc of best PGD ckpt: 0.4530
[2025/03/30 01:40:01] - epoch 51 lr 1.000000e-01
[2025/03/30 01:40:02] - Iter: [51][0/40]	Loss 1.765 (1.765)	Prec@1 0.305 (0.305)	
[2025/03/30 01:40:06] - Evaluating with standard images...
[2025/03/30 01:40:07] - Evaluating with PGD Attack...
[2025/03/30 01:40:24] - Test Loss: 1.5041  	 Test Acc: 0.4551  
 PGD Loss: 1.8330 	 PGD Acc: 0.2945 
 Best PGD Acc: 0.2945 	 Test Acc of best PGD ckpt: 0.4551
[2025/03/30 01:40:24] - epoch 52 lr 1.000000e-01
New Best Adv Training
[2025/03/30 01:40:24] - Iter: [52][0/40]	Loss 1.661 (1.661)	Prec@1 0.289 (0.289)	
[2025/03/30 01:40:28] - Evaluating with standard images...
[2025/03/30 01:40:29] - Evaluating with PGD Attack...
[2025/03/30 01:40:46] - Test Loss: 1.5469  	 Test Acc: 0.4226  
 PGD Loss: 1.8573 	 PGD Acc: 0.2820 
 Best PGD Acc: 0.2945 	 Test Acc of best PGD ckpt: 0.4551
[2025/03/30 01:40:46] - epoch 53 lr 1.000000e-01
[2025/03/30 01:40:47] - Iter: [53][0/40]	Loss 1.714 (1.714)	Prec@1 0.320 (0.320)	
[2025/03/30 01:40:51] - Evaluating with standard images...
[2025/03/30 01:40:52] - Evaluating with PGD Attack...
[2025/03/30 01:41:09] - Test Loss: 1.5234  	 Test Acc: 0.4415  
 PGD Loss: 1.9019 	 PGD Acc: 0.2750 
 Best PGD Acc: 0.2945 	 Test Acc of best PGD ckpt: 0.4551
[2025/03/30 01:41:09] - epoch 54 lr 1.000000e-01
[2025/03/30 01:41:09] - Iter: [54][0/40]	Loss 1.696 (1.696)	Prec@1 0.312 (0.312)	
[2025/03/30 01:41:14] - Evaluating with standard images...
[2025/03/30 01:41:14] - Evaluating with PGD Attack...
[2025/03/30 01:41:32] - Test Loss: 1.4632  	 Test Acc: 0.4640  
 PGD Loss: 1.8204 	 PGD Acc: 0.2954 
 Best PGD Acc: 0.2954 	 Test Acc of best PGD ckpt: 0.4640
[2025/03/30 01:41:32] - epoch 55 lr 1.000000e-01
New Best Adv Training
[2025/03/30 01:41:32] - Iter: [55][0/40]	Loss 1.661 (1.661)	Prec@1 0.336 (0.336)	
[2025/03/30 01:41:36] - Evaluating with standard images...
[2025/03/30 01:41:37] - Evaluating with PGD Attack...
[2025/03/30 01:41:54] - Test Loss: 1.5082  	 Test Acc: 0.4306  
 PGD Loss: 1.8991 	 PGD Acc: 0.2606 
 Best PGD Acc: 0.2954 	 Test Acc of best PGD ckpt: 0.4640
[2025/03/30 01:41:54] - epoch 56 lr 1.000000e-01
[2025/03/30 01:41:54] - Iter: [56][0/40]	Loss 1.604 (1.604)	Prec@1 0.344 (0.344)	
[2025/03/30 01:41:58] - Evaluating with standard images...
[2025/03/30 01:41:59] - Evaluating with PGD Attack...
[2025/03/30 01:42:16] - Test Loss: 1.4759  	 Test Acc: 0.4520  
 PGD Loss: 1.8203 	 PGD Acc: 0.2926 
 Best PGD Acc: 0.2954 	 Test Acc of best PGD ckpt: 0.4640
[2025/03/30 01:42:16] - epoch 57 lr 1.000000e-01
[2025/03/30 01:42:16] - Iter: [57][0/40]	Loss 1.705 (1.705)	Prec@1 0.297 (0.297)	
[2025/03/30 01:42:21] - Evaluating with standard images...
[2025/03/30 01:42:21] - Evaluating with PGD Attack...
[2025/03/30 01:42:38] - Test Loss: 1.4299  	 Test Acc: 0.4674  
 PGD Loss: 1.8392 	 PGD Acc: 0.2959 
 Best PGD Acc: 0.2959 	 Test Acc of best PGD ckpt: 0.4674
[2025/03/30 01:42:38] - epoch 58 lr 1.000000e-01
New Best Adv Training
[2025/03/30 01:42:39] - Iter: [58][0/40]	Loss 1.683 (1.683)	Prec@1 0.359 (0.359)	
[2025/03/30 01:42:43] - Evaluating with standard images...
[2025/03/30 01:42:44] - Evaluating with PGD Attack...
[2025/03/30 01:43:01] - Test Loss: 1.4854  	 Test Acc: 0.4516  
 PGD Loss: 1.8227 	 PGD Acc: 0.2935 
 Best PGD Acc: 0.2959 	 Test Acc of best PGD ckpt: 0.4674
[2025/03/30 01:43:01] - epoch 59 lr 1.000000e-03
[2025/03/30 01:43:01] - Iter: [59][0/40]	Loss 1.637 (1.637)	Prec@1 0.375 (0.375)	
[2025/03/30 01:43:06] - Evaluating with standard images...
[2025/03/30 01:43:06] - Evaluating with PGD Attack...
[2025/03/30 01:43:24] - Test Loss: 1.5261  	 Test Acc: 0.4469  
 PGD Loss: 1.8833 	 PGD Acc: 0.2983 
 Best PGD Acc: 0.2983 	 Test Acc of best PGD ckpt: 0.4469
[2025/03/30 01:43:24] - epoch 60 lr 1.000000e-02
New Best Adv Training
[2025/03/30 01:43:24] - Iter: [60][0/40]	Loss 1.535 (1.535)	Prec@1 0.398 (0.398)	
[2025/03/30 01:43:28] - Evaluating with standard images...
[2025/03/30 01:43:29] - Evaluating with PGD Attack...
[2025/03/30 01:43:46] - Test Loss: 1.4638  	 Test Acc: 0.4576  
 PGD Loss: 1.9464 	 PGD Acc: 0.2751 
 Best PGD Acc: 0.2983 	 Test Acc of best PGD ckpt: 0.4469
[2025/03/30 01:43:46] - epoch 61 lr 1.000000e-02
[2025/03/30 01:43:46] - Iter: [61][0/40]	Loss 1.490 (1.490)	Prec@1 0.461 (0.461)	
[2025/03/30 01:43:51] - Evaluating with standard images...
[2025/03/30 01:43:51] - Evaluating with PGD Attack...
[2025/03/30 01:44:09] - Test Loss: 1.3884  	 Test Acc: 0.4869  
 PGD Loss: 1.8367 	 PGD Acc: 0.3051 
 Best PGD Acc: 0.3051 	 Test Acc of best PGD ckpt: 0.4869
[2025/03/30 01:44:09] - epoch 62 lr 1.000000e-02
New Best Adv Training
[2025/03/30 01:44:09] - Iter: [62][0/40]	Loss 1.548 (1.548)	Prec@1 0.367 (0.367)	
[2025/03/30 01:44:13] - Evaluating with standard images...
[2025/03/30 01:44:14] - Evaluating with PGD Attack...
[2025/03/30 01:44:31] - Test Loss: 1.4047  	 Test Acc: 0.4695  
 PGD Loss: 1.8235 	 PGD Acc: 0.3005 
 Best PGD Acc: 0.3051 	 Test Acc of best PGD ckpt: 0.4869
[2025/03/30 01:44:31] - epoch 63 lr 1.000000e-02
[2025/03/30 01:44:31] - Iter: [63][0/40]	Loss 1.536 (1.536)	Prec@1 0.391 (0.391)	
[2025/03/30 01:44:36] - Evaluating with standard images...
[2025/03/30 01:44:36] - Evaluating with PGD Attack...
[2025/03/30 01:44:54] - Test Loss: 1.3747  	 Test Acc: 0.4918  
 PGD Loss: 1.7671 	 PGD Acc: 0.3155 
 Best PGD Acc: 0.3155 	 Test Acc of best PGD ckpt: 0.4918
[2025/03/30 01:44:54] - epoch 64 lr 1.000000e-02
New Best Adv Training
[2025/03/30 01:44:54] - Iter: [64][0/40]	Loss 1.553 (1.553)	Prec@1 0.398 (0.398)	
[2025/03/30 01:44:58] - Evaluating with standard images...
[2025/03/30 01:44:59] - Evaluating with PGD Attack...
[2025/03/30 01:45:16] - Test Loss: 1.3664  	 Test Acc: 0.4964  
 PGD Loss: 1.7909 	 PGD Acc: 0.3123 
 Best PGD Acc: 0.3155 	 Test Acc of best PGD ckpt: 0.4918
[2025/03/30 01:45:16] - epoch 65 lr 1.000000e-02
[2025/03/30 01:45:17] - Iter: [65][0/40]	Loss 1.419 (1.419)	Prec@1 0.383 (0.383)	
[2025/03/30 01:45:21] - Evaluating with standard images...
[2025/03/30 01:45:22] - Evaluating with PGD Attack...
[2025/03/30 01:45:39] - Test Loss: 1.3698  	 Test Acc: 0.5080  
 PGD Loss: 1.7796 	 PGD Acc: 0.3081 
 Best PGD Acc: 0.3155 	 Test Acc of best PGD ckpt: 0.4918
[2025/03/30 01:45:39] - epoch 66 lr 1.000000e-02
[2025/03/30 01:45:39] - Iter: [66][0/40]	Loss 1.586 (1.586)	Prec@1 0.328 (0.328)	
[2025/03/30 01:45:43] - Evaluating with standard images...
[2025/03/30 01:45:44] - Evaluating with PGD Attack...
[2025/03/30 01:46:01] - Test Loss: 1.3836  	 Test Acc: 0.4913  
 PGD Loss: 1.7946 	 PGD Acc: 0.3118 
 Best PGD Acc: 0.3155 	 Test Acc of best PGD ckpt: 0.4918
[2025/03/30 01:46:01] - epoch 67 lr 1.000000e-02
[2025/03/30 01:46:01] - Iter: [67][0/40]	Loss 1.457 (1.457)	Prec@1 0.469 (0.469)	
[2025/03/30 01:46:06] - Evaluating with standard images...
[2025/03/30 01:46:07] - Evaluating with PGD Attack...
[2025/03/30 01:46:24] - Test Loss: 1.3809  	 Test Acc: 0.4835  
 PGD Loss: 1.8762 	 PGD Acc: 0.2921 
 Best PGD Acc: 0.3155 	 Test Acc of best PGD ckpt: 0.4918
[2025/03/30 01:46:24] - epoch 68 lr 1.000000e-02
[2025/03/30 01:46:24] - Iter: [68][0/40]	Loss 1.509 (1.509)	Prec@1 0.375 (0.375)	
[2025/03/30 01:46:28] - Evaluating with standard images...
[2025/03/30 01:46:29] - Evaluating with PGD Attack...
[2025/03/30 01:46:46] - Test Loss: 1.3785  	 Test Acc: 0.4921  
 PGD Loss: 1.8286 	 PGD Acc: 0.2994 
 Best PGD Acc: 0.3155 	 Test Acc of best PGD ckpt: 0.4918
[2025/03/30 01:46:46] - epoch 69 lr 1.000000e-02
[2025/03/30 01:46:46] - Iter: [69][0/40]	Loss 1.505 (1.505)	Prec@1 0.430 (0.430)	
[2025/03/30 01:46:50] - Evaluating with standard images...
[2025/03/30 01:46:51] - Evaluating with PGD Attack...
[2025/03/30 01:47:08] - Test Loss: 1.3549  	 Test Acc: 0.4971  
 PGD Loss: 1.8730 	 PGD Acc: 0.2964 
 Best PGD Acc: 0.3155 	 Test Acc of best PGD ckpt: 0.4918
[2025/03/30 01:47:08] - epoch 70 lr 1.000000e-02
[2025/03/30 01:47:08] - Iter: [70][0/40]	Loss 1.554 (1.554)	Prec@1 0.430 (0.430)	
[2025/03/30 01:47:13] - Evaluating with standard images...
[2025/03/30 01:47:13] - Evaluating with PGD Attack...
[2025/03/30 01:47:31] - Test Loss: 1.3476  	 Test Acc: 0.4981  
 PGD Loss: 1.7877 	 PGD Acc: 0.3110 
 Best PGD Acc: 0.3155 	 Test Acc of best PGD ckpt: 0.4918
[2025/03/30 01:47:31] - epoch 71 lr 1.000000e-02
[2025/03/30 01:47:31] - Iter: [71][0/40]	Loss 1.533 (1.533)	Prec@1 0.367 (0.367)	
[2025/03/30 01:47:35] - Evaluating with standard images...
[2025/03/30 01:47:36] - Evaluating with PGD Attack...
[2025/03/30 01:47:53] - Test Loss: 1.3337  	 Test Acc: 0.5104  
 PGD Loss: 1.8381 	 PGD Acc: 0.2993 
 Best PGD Acc: 0.3155 	 Test Acc of best PGD ckpt: 0.4918
[2025/03/30 01:47:53] - epoch 72 lr 1.000000e-02
[2025/03/30 01:47:53] - Iter: [72][0/40]	Loss 1.437 (1.437)	Prec@1 0.414 (0.414)	
[2025/03/30 01:47:58] - Evaluating with standard images...
[2025/03/30 01:47:58] - Evaluating with PGD Attack...
[2025/03/30 01:48:15] - Test Loss: 1.4714  	 Test Acc: 0.4720  
 PGD Loss: 2.0126 	 PGD Acc: 0.2591 
 Best PGD Acc: 0.3155 	 Test Acc of best PGD ckpt: 0.4918
[2025/03/30 01:48:15] - epoch 73 lr 1.000000e-02
[2025/03/30 01:48:16] - Iter: [73][0/40]	Loss 1.465 (1.465)	Prec@1 0.391 (0.391)	
[2025/03/30 01:48:20] - Evaluating with standard images...
[2025/03/30 01:48:21] - Evaluating with PGD Attack...
[2025/03/30 01:48:38] - Test Loss: 1.3588  	 Test Acc: 0.5071  
 PGD Loss: 1.8154 	 PGD Acc: 0.3065 
 Best PGD Acc: 0.3155 	 Test Acc of best PGD ckpt: 0.4918
[2025/03/30 01:48:38] - epoch 74 lr 1.000000e-02
[2025/03/30 01:48:38] - Iter: [74][0/40]	Loss 1.567 (1.567)	Prec@1 0.375 (0.375)	
[2025/03/30 01:48:42] - Evaluating with standard images...
[2025/03/30 01:48:43] - Evaluating with PGD Attack...
[2025/03/30 01:49:00] - Test Loss: 1.3516  	 Test Acc: 0.4989  
 PGD Loss: 1.8298 	 PGD Acc: 0.3016 
 Best PGD Acc: 0.3155 	 Test Acc of best PGD ckpt: 0.4918
[2025/03/30 01:49:00] - epoch 75 lr 1.000000e-02
[2025/03/30 01:49:00] - Iter: [75][0/40]	Loss 1.390 (1.390)	Prec@1 0.422 (0.422)	
[2025/03/30 01:49:05] - Evaluating with standard images...
[2025/03/30 01:49:05] - Evaluating with PGD Attack...
[2025/03/30 01:49:22] - Test Loss: 1.3564  	 Test Acc: 0.4948  
 PGD Loss: 1.8987 	 PGD Acc: 0.2938 
 Best PGD Acc: 0.3155 	 Test Acc of best PGD ckpt: 0.4918
[2025/03/30 01:49:22] - epoch 76 lr 1.000000e-02
[2025/03/30 01:49:23] - Iter: [76][0/40]	Loss 1.439 (1.439)	Prec@1 0.484 (0.484)	
[2025/03/30 01:49:27] - Evaluating with standard images...
[2025/03/30 01:49:28] - Evaluating with PGD Attack...
[2025/03/30 01:49:45] - Test Loss: 1.3521  	 Test Acc: 0.5058  
 PGD Loss: 1.9104 	 PGD Acc: 0.2825 
 Best PGD Acc: 0.3155 	 Test Acc of best PGD ckpt: 0.4918
[2025/03/30 01:49:45] - epoch 77 lr 1.000000e-02
[2025/03/30 01:49:45] - Iter: [77][0/40]	Loss 1.436 (1.436)	Prec@1 0.453 (0.453)	
[2025/03/30 01:49:49] - Evaluating with standard images...
[2025/03/30 01:49:50] - Evaluating with PGD Attack...
[2025/03/30 01:50:07] - Test Loss: 1.4007  	 Test Acc: 0.4938  
 PGD Loss: 1.8482 	 PGD Acc: 0.3029 
 Best PGD Acc: 0.3155 	 Test Acc of best PGD ckpt: 0.4918
[2025/03/30 01:50:07] - epoch 78 lr 1.000000e-02
[2025/03/30 01:50:07] - Iter: [78][0/40]	Loss 1.433 (1.433)	Prec@1 0.516 (0.516)	
[2025/03/30 01:50:11] - Evaluating with standard images...
[2025/03/30 01:50:12] - Evaluating with PGD Attack...
[2025/03/30 01:50:29] - Test Loss: 1.3506  	 Test Acc: 0.5049  
 PGD Loss: 1.8611 	 PGD Acc: 0.3020 
 Best PGD Acc: 0.3155 	 Test Acc of best PGD ckpt: 0.4918
[2025/03/30 01:50:29] - epoch 79 lr 1.000000e-02
[2025/03/30 01:50:30] - Iter: [79][0/40]	Loss 1.511 (1.511)	Prec@1 0.367 (0.367)	
[2025/03/30 01:50:34] - Evaluating with standard images...
[2025/03/30 01:50:35] - Evaluating with PGD Attack...
[2025/03/30 01:50:52] - Test Loss: 1.4087  	 Test Acc: 0.4914  
 PGD Loss: 1.8956 	 PGD Acc: 0.2983 
 Best PGD Acc: 0.3155 	 Test Acc of best PGD ckpt: 0.4918
[2025/03/30 01:50:52] - epoch 80 lr 1.000000e-02
[2025/03/30 01:50:52] - Iter: [80][0/40]	Loss 1.505 (1.505)	Prec@1 0.461 (0.461)	
[2025/03/30 01:50:56] - Evaluating with standard images...
[2025/03/30 01:50:57] - Evaluating with PGD Attack...
[2025/03/30 01:51:14] - Test Loss: 1.3545  	 Test Acc: 0.4999  
 PGD Loss: 1.8528 	 PGD Acc: 0.2974 
 Best PGD Acc: 0.3155 	 Test Acc of best PGD ckpt: 0.4918
[2025/03/30 01:51:14] - epoch 81 lr 1.000000e-02
[2025/03/30 01:51:14] - Iter: [81][0/40]	Loss 1.450 (1.450)	Prec@1 0.422 (0.422)	
[2025/03/30 01:51:18] - Evaluating with standard images...
[2025/03/30 01:51:19] - Evaluating with PGD Attack...
[2025/03/30 01:51:36] - Test Loss: 1.4005  	 Test Acc: 0.4803  
 PGD Loss: 1.8659 	 PGD Acc: 0.2931 
 Best PGD Acc: 0.3155 	 Test Acc of best PGD ckpt: 0.4918
[2025/03/30 01:51:36] - epoch 82 lr 1.000000e-02
[2025/03/30 01:51:36] - Iter: [82][0/40]	Loss 1.439 (1.439)	Prec@1 0.430 (0.430)	
[2025/03/30 01:51:40] - Evaluating with standard images...
[2025/03/30 01:51:41] - Evaluating with PGD Attack...
[2025/03/30 01:51:58] - Test Loss: 1.3481  	 Test Acc: 0.5101  
 PGD Loss: 1.8918 	 PGD Acc: 0.2818 
 Best PGD Acc: 0.3155 	 Test Acc of best PGD ckpt: 0.4918
[2025/03/30 01:51:58] - epoch 83 lr 1.000000e-02
[2025/03/30 01:51:58] - Iter: [83][0/40]	Loss 1.511 (1.511)	Prec@1 0.367 (0.367)	
[2025/03/30 01:52:03] - Evaluating with standard images...
[2025/03/30 01:52:04] - Evaluating with PGD Attack...
[2025/03/30 01:52:21] - Test Loss: 1.3276  	 Test Acc: 0.5144  
 PGD Loss: 1.8611 	 PGD Acc: 0.2946 
 Best PGD Acc: 0.3155 	 Test Acc of best PGD ckpt: 0.4918
[2025/03/30 01:52:21] - epoch 84 lr 1.000000e-02
[2025/03/30 01:52:21] - Iter: [84][0/40]	Loss 1.461 (1.461)	Prec@1 0.406 (0.406)	
[2025/03/30 01:52:25] - Evaluating with standard images...
[2025/03/30 01:52:26] - Evaluating with PGD Attack...
[2025/03/30 01:53:07] - Test Loss: 1.3225  	 Test Acc: 0.5098  
 PGD Loss: 1.8500 	 PGD Acc: 0.3065 
 Best PGD Acc: 0.3155 	 Test Acc of best PGD ckpt: 0.4918
[2025/03/30 01:53:07] - epoch 85 lr 1.000000e-02
[2025/03/30 01:53:07] - Iter: [85][0/40]	Loss 1.509 (1.509)	Prec@1 0.328 (0.328)	
[2025/03/30 01:53:19] - Evaluating with standard images...
[2025/03/30 01:53:19] - Evaluating with PGD Attack...
[2025/03/30 01:54:07] - Test Loss: 1.3552  	 Test Acc: 0.4946  
 PGD Loss: 1.8539 	 PGD Acc: 0.3001 
 Best PGD Acc: 0.3155 	 Test Acc of best PGD ckpt: 0.4918
[2025/03/30 01:54:07] - epoch 86 lr 1.000000e-02
[2025/03/30 01:54:07] - Iter: [86][0/40]	Loss 1.459 (1.459)	Prec@1 0.359 (0.359)	
[2025/03/30 01:54:18] - Evaluating with standard images...
[2025/03/30 01:54:19] - Evaluating with PGD Attack...
[2025/03/30 01:55:07] - Test Loss: 1.4250  	 Test Acc: 0.4953  
 PGD Loss: 1.9757 	 PGD Acc: 0.2792 
 Best PGD Acc: 0.3155 	 Test Acc of best PGD ckpt: 0.4918
[2025/03/30 01:55:07] - epoch 87 lr 1.000000e-02
[2025/03/30 01:55:07] - Iter: [87][0/40]	Loss 1.514 (1.514)	Prec@1 0.375 (0.375)	
[2025/03/30 01:55:18] - Evaluating with standard images...
[2025/03/30 01:55:19] - Evaluating with PGD Attack...
[2025/03/30 01:56:06] - Test Loss: 1.3743  	 Test Acc: 0.4981  
 PGD Loss: 1.9524 	 PGD Acc: 0.2811 
 Best PGD Acc: 0.3155 	 Test Acc of best PGD ckpt: 0.4918
[2025/03/30 01:56:06] - epoch 88 lr 1.000000e-02
[2025/03/30 01:56:07] - Iter: [88][0/40]	Loss 1.456 (1.456)	Prec@1 0.398 (0.398)	
[2025/03/30 01:56:18] - Evaluating with standard images...
[2025/03/30 01:56:19] - Evaluating with PGD Attack...
[2025/03/30 01:57:06] - Test Loss: 1.3446  	 Test Acc: 0.5015  
 PGD Loss: 1.8942 	 PGD Acc: 0.2940 
 Best PGD Acc: 0.3155 	 Test Acc of best PGD ckpt: 0.4918
[2025/03/30 01:57:06] - epoch 89 lr 1.000000e-02
[2025/03/30 01:57:07] - Iter: [89][0/40]	Loss 1.608 (1.608)	Prec@1 0.375 (0.375)	
[2025/03/30 01:57:18] - Evaluating with standard images...
[2025/03/30 01:57:19] - Evaluating with PGD Attack...
[2025/03/30 01:58:06] - Test Loss: 1.3292  	 Test Acc: 0.5130  
 PGD Loss: 1.9120 	 PGD Acc: 0.2839 
 Best PGD Acc: 0.3155 	 Test Acc of best PGD ckpt: 0.4918
[2025/03/30 01:58:06] - epoch 90 lr 1.000000e-02
[2025/03/30 01:58:07] - Iter: [90][0/40]	Loss 1.493 (1.493)	Prec@1 0.398 (0.398)	
[2025/03/30 01:58:18] - Evaluating with standard images...
[2025/03/30 01:58:19] - Evaluating with PGD Attack...
[2025/03/30 01:59:06] - Test Loss: 1.3195  	 Test Acc: 0.5112  
 PGD Loss: 1.8612 	 PGD Acc: 0.2993 
 Best PGD Acc: 0.3155 	 Test Acc of best PGD ckpt: 0.4918
[2025/03/30 01:59:06] - epoch 91 lr 1.000000e-02
[2025/03/30 01:59:06] - Iter: [91][0/40]	Loss 1.494 (1.494)	Prec@1 0.398 (0.398)	
[2025/03/30 01:59:18] - Evaluating with standard images...
[2025/03/30 01:59:19] - Evaluating with PGD Attack...
[2025/03/30 02:00:06] - Test Loss: 1.3173  	 Test Acc: 0.5174  
 PGD Loss: 1.8632 	 PGD Acc: 0.2915 
 Best PGD Acc: 0.3155 	 Test Acc of best PGD ckpt: 0.4918
[2025/03/30 02:00:06] - epoch 92 lr 1.000000e-02
[2025/03/30 02:00:06] - Iter: [92][0/40]	Loss 1.385 (1.385)	Prec@1 0.492 (0.492)	
[2025/03/30 02:00:18] - Evaluating with standard images...
[2025/03/30 02:00:18] - Evaluating with PGD Attack...
[2025/03/30 02:01:03] - Test Loss: 1.3197  	 Test Acc: 0.5070  
 PGD Loss: 1.8732 	 PGD Acc: 0.2883 
 Best PGD Acc: 0.3155 	 Test Acc of best PGD ckpt: 0.4918
[2025/03/30 02:01:03] - epoch 93 lr 1.000000e-02
[2025/03/30 02:01:04] - Iter: [93][0/40]	Loss 1.444 (1.444)	Prec@1 0.367 (0.367)	
[2025/03/30 02:01:15] - Evaluating with standard images...
[2025/03/30 02:01:16] - Evaluating with PGD Attack...
[2025/03/30 02:02:03] - Test Loss: 1.3191  	 Test Acc: 0.5162  
 PGD Loss: 1.8813 	 PGD Acc: 0.2946 
 Best PGD Acc: 0.3155 	 Test Acc of best PGD ckpt: 0.4918
[2025/03/30 02:02:03] - epoch 94 lr 1.000000e-02
[2025/03/30 02:02:04] - Iter: [94][0/40]	Loss 1.296 (1.296)	Prec@1 0.492 (0.492)	
[2025/03/30 02:02:15] - Evaluating with standard images...
[2025/03/30 02:02:16] - Evaluating with PGD Attack...
[2025/03/30 02:03:03] - Test Loss: 1.3491  	 Test Acc: 0.5221  
 PGD Loss: 1.8718 	 PGD Acc: 0.3020 
 Best PGD Acc: 0.3155 	 Test Acc of best PGD ckpt: 0.4918
[2025/03/30 02:03:03] - epoch 95 lr 1.000000e-02
[2025/03/30 02:03:04] - Iter: [95][0/40]	Loss 1.408 (1.408)	Prec@1 0.469 (0.469)	
[2025/03/30 02:03:15] - Evaluating with standard images...
[2025/03/30 02:03:16] - Evaluating with PGD Attack...
[2025/03/30 02:04:03] - Test Loss: 1.3651  	 Test Acc: 0.4941  
 PGD Loss: 1.9747 	 PGD Acc: 0.2767 
 Best PGD Acc: 0.3155 	 Test Acc of best PGD ckpt: 0.4918
[2025/03/30 02:04:03] - epoch 96 lr 1.000000e-02
[2025/03/30 02:04:04] - Iter: [96][0/40]	Loss 1.469 (1.469)	Prec@1 0.352 (0.352)	
[2025/03/30 02:04:15] - Evaluating with standard images...
[2025/03/30 02:04:16] - Evaluating with PGD Attack...
[2025/03/30 02:05:02] - Test Loss: 1.3473  	 Test Acc: 0.5095  
 PGD Loss: 1.9069 	 PGD Acc: 0.3009 
 Best PGD Acc: 0.3155 	 Test Acc of best PGD ckpt: 0.4918
[2025/03/30 02:05:02] - epoch 97 lr 1.000000e-02
[2025/03/30 02:05:03] - Iter: [97][0/40]	Loss 1.381 (1.381)	Prec@1 0.430 (0.430)	
[2025/03/30 02:05:14] - Evaluating with standard images...
[2025/03/30 02:05:15] - Evaluating with PGD Attack...
[2025/03/30 02:06:02] - Test Loss: 1.2826  	 Test Acc: 0.5295  
 PGD Loss: 1.9405 	 PGD Acc: 0.2898 
 Best PGD Acc: 0.3155 	 Test Acc of best PGD ckpt: 0.4918
[2025/03/30 02:06:02] - epoch 98 lr 1.000000e-02
[2025/03/30 02:06:03] - Iter: [98][0/40]	Loss 1.344 (1.344)	Prec@1 0.430 (0.430)	
[2025/03/30 02:06:14] - Evaluating with standard images...
[2025/03/30 02:06:15] - Evaluating with PGD Attack...
[2025/03/30 02:07:03] - Test Loss: 1.3341  	 Test Acc: 0.5240  
 PGD Loss: 1.9492 	 PGD Acc: 0.2705 
 Best PGD Acc: 0.3155 	 Test Acc of best PGD ckpt: 0.4918
[2025/03/30 02:07:03] - epoch 99 lr 1.000000e-02
[2025/03/30 02:07:03] - Iter: [99][0/40]	Loss 1.270 (1.270)	Prec@1 0.508 (0.508)	
[2025/03/30 02:07:14] - Evaluating with standard images...
[2025/03/30 02:07:15] - Evaluating with PGD Attack...
[2025/03/30 02:08:03] - Test Loss: 1.3043  	 Test Acc: 0.5234  
 PGD Loss: 1.9283 	 PGD Acc: 0.2797 
 Best PGD Acc: 0.3155 	 Test Acc of best PGD ckpt: 0.4918
[2025/03/30 02:08:03] - epoch 100 lr 1.000000e-02
[2025/03/30 02:08:03] - Iter: [100][0/40]	Loss 1.401 (1.401)	Prec@1 0.445 (0.445)	
[2025/03/30 02:08:14] - Evaluating with standard images...
[2025/03/30 02:08:15] - Evaluating with PGD Attack...
[2025/03/30 02:09:01] - Test Loss: 1.3360  	 Test Acc: 0.5160  
 PGD Loss: 1.9230 	 PGD Acc: 0.2896 
 Best PGD Acc: 0.3155 	 Test Acc of best PGD ckpt: 0.4918
[2025/03/30 02:09:01] - epoch 101 lr 1.000000e-02
[2025/03/30 02:09:02] - Iter: [101][0/40]	Loss 1.350 (1.350)	Prec@1 0.422 (0.422)	
[2025/03/30 02:09:13] - Evaluating with standard images...
[2025/03/30 02:09:14] - Evaluating with PGD Attack...
[2025/03/30 02:10:01] - Test Loss: 1.3280  	 Test Acc: 0.5271  
 PGD Loss: 1.9474 	 PGD Acc: 0.2825 
 Best PGD Acc: 0.3155 	 Test Acc of best PGD ckpt: 0.4918
[2025/03/30 02:10:01] - epoch 102 lr 1.000000e-02
[2025/03/30 02:10:02] - Iter: [102][0/40]	Loss 1.332 (1.332)	Prec@1 0.477 (0.477)	
[2025/03/30 02:10:13] - Evaluating with standard images...
[2025/03/30 02:10:14] - Evaluating with PGD Attack...
[2025/03/30 02:11:02] - Test Loss: 1.3146  	 Test Acc: 0.5192  
 PGD Loss: 1.9941 	 PGD Acc: 0.2890 
 Best PGD Acc: 0.3155 	 Test Acc of best PGD ckpt: 0.4918
[2025/03/30 02:11:02] - epoch 103 lr 1.000000e-02
[2025/03/30 02:11:02] - Iter: [103][0/40]	Loss 1.352 (1.352)	Prec@1 0.438 (0.438)	
[2025/03/30 02:11:13] - Evaluating with standard images...
[2025/03/30 02:11:14] - Evaluating with PGD Attack...
[2025/03/30 02:12:01] - Test Loss: 1.4112  	 Test Acc: 0.4855  
 PGD Loss: 2.0603 	 PGD Acc: 0.2839 
 Best PGD Acc: 0.3155 	 Test Acc of best PGD ckpt: 0.4918
[2025/03/30 02:12:01] - epoch 104 lr 1.000000e-02
[2025/03/30 02:12:02] - Iter: [104][0/40]	Loss 1.437 (1.437)	Prec@1 0.438 (0.438)	
[2025/03/30 02:12:13] - Evaluating with standard images...
[2025/03/30 02:12:14] - Evaluating with PGD Attack...
[2025/03/30 02:13:00] - Test Loss: 1.3649  	 Test Acc: 0.5112  
 PGD Loss: 1.9819 	 PGD Acc: 0.2744 
 Best PGD Acc: 0.3155 	 Test Acc of best PGD ckpt: 0.4918
[2025/03/30 02:13:00] - epoch 105 lr 1.000000e-02
[2025/03/30 02:13:00] - Iter: [105][0/40]	Loss 1.252 (1.252)	Prec@1 0.492 (0.492)	
[2025/03/30 02:13:11] - Evaluating with standard images...
[2025/03/30 02:13:12] - Evaluating with PGD Attack...
[2025/03/30 02:14:00] - Test Loss: 1.3463  	 Test Acc: 0.5050  
 PGD Loss: 1.9788 	 PGD Acc: 0.2873 
 Best PGD Acc: 0.3155 	 Test Acc of best PGD ckpt: 0.4918
[2025/03/30 02:14:00] - epoch 106 lr 1.000000e-02
[2025/03/30 02:14:00] - Iter: [106][0/40]	Loss 1.202 (1.202)	Prec@1 0.594 (0.594)	
[2025/03/30 02:14:05] - Evaluating with standard images...
[2025/03/30 02:14:05] - Evaluating with PGD Attack...
[2025/03/30 02:14:22] - Test Loss: 1.4269  	 Test Acc: 0.4853  
 PGD Loss: 2.0466 	 PGD Acc: 0.2730 
 Best PGD Acc: 0.3155 	 Test Acc of best PGD ckpt: 0.4918
[2025/03/30 02:14:22] - epoch 107 lr 1.000000e-02
[2025/03/30 02:14:23] - Iter: [107][0/40]	Loss 1.259 (1.259)	Prec@1 0.562 (0.562)	
[2025/03/30 02:14:27] - Evaluating with standard images...
[2025/03/30 02:14:28] - Evaluating with PGD Attack...
[2025/03/30 02:14:45] - Test Loss: 1.3722  	 Test Acc: 0.5112  
 PGD Loss: 2.0269 	 PGD Acc: 0.2764 
 Best PGD Acc: 0.3155 	 Test Acc of best PGD ckpt: 0.4918
[2025/03/30 02:14:45] - epoch 108 lr 1.000000e-02
[2025/03/30 02:14:45] - Iter: [108][0/40]	Loss 1.242 (1.242)	Prec@1 0.484 (0.484)	
[2025/03/30 02:14:50] - Evaluating with standard images...
[2025/03/30 02:14:50] - Evaluating with PGD Attack...
[2025/03/30 02:15:07] - Test Loss: 1.3084  	 Test Acc: 0.5231  
 PGD Loss: 2.0736 	 PGD Acc: 0.2756 
 Best PGD Acc: 0.3155 	 Test Acc of best PGD ckpt: 0.4918
[2025/03/30 02:15:07] - epoch 109 lr 1.000000e-02
[2025/03/30 02:15:08] - Iter: [109][0/40]	Loss 1.393 (1.393)	Prec@1 0.422 (0.422)	
[2025/03/30 02:15:12] - Evaluating with standard images...
[2025/03/30 02:15:13] - Evaluating with PGD Attack...
[2025/03/30 02:15:30] - Test Loss: 1.3120  	 Test Acc: 0.5206  
 PGD Loss: 1.9927 	 PGD Acc: 0.2861 
 Best PGD Acc: 0.3155 	 Test Acc of best PGD ckpt: 0.4918
[2025/03/30 02:15:30] - epoch 110 lr 1.000000e-02
[2025/03/30 02:15:30] - Iter: [110][0/40]	Loss 1.297 (1.297)	Prec@1 0.500 (0.500)	
[2025/03/30 02:15:34] - Evaluating with standard images...
[2025/03/30 02:15:35] - Evaluating with PGD Attack...
[2025/03/30 02:15:52] - Test Loss: 1.3218  	 Test Acc: 0.5144  
 PGD Loss: 2.0606 	 PGD Acc: 0.2766 
 Best PGD Acc: 0.3155 	 Test Acc of best PGD ckpt: 0.4918
[2025/03/30 02:15:52] - epoch 111 lr 1.000000e-02
[2025/03/30 02:15:52] - Iter: [111][0/40]	Loss 1.339 (1.339)	Prec@1 0.414 (0.414)	
[2025/03/30 02:15:57] - Evaluating with standard images...
[2025/03/30 02:15:57] - Evaluating with PGD Attack...
[2025/03/30 02:16:14] - Test Loss: 1.3027  	 Test Acc: 0.5295  
 PGD Loss: 2.0744 	 PGD Acc: 0.2659 
 Best PGD Acc: 0.3155 	 Test Acc of best PGD ckpt: 0.4918
[2025/03/30 02:16:14] - epoch 112 lr 1.000000e-02
[2025/03/30 02:16:15] - Iter: [112][0/40]	Loss 1.274 (1.274)	Prec@1 0.516 (0.516)	
[2025/03/30 02:16:19] - Evaluating with standard images...
[2025/03/30 02:16:20] - Evaluating with PGD Attack...
[2025/03/30 02:16:37] - Test Loss: 1.3356  	 Test Acc: 0.5095  
 PGD Loss: 2.0750 	 PGD Acc: 0.2809 
 Best PGD Acc: 0.3155 	 Test Acc of best PGD ckpt: 0.4918
[2025/03/30 02:16:37] - epoch 113 lr 1.000000e-02
[2025/03/30 02:16:37] - Iter: [113][0/40]	Loss 1.235 (1.235)	Prec@1 0.414 (0.414)	
[2025/03/30 02:16:41] - Evaluating with standard images...
[2025/03/30 02:16:42] - Evaluating with PGD Attack...
[2025/03/30 02:16:59] - Test Loss: 1.3424  	 Test Acc: 0.5074  
 PGD Loss: 2.0274 	 PGD Acc: 0.2771 
 Best PGD Acc: 0.3155 	 Test Acc of best PGD ckpt: 0.4918
[2025/03/30 02:16:59] - epoch 114 lr 1.000000e-02
[2025/03/30 02:16:59] - Iter: [114][0/40]	Loss 1.187 (1.187)	Prec@1 0.484 (0.484)	
[2025/03/30 02:17:04] - Evaluating with standard images...
[2025/03/30 02:17:04] - Evaluating with PGD Attack...
[2025/03/30 02:17:21] - Test Loss: 1.3291  	 Test Acc: 0.5171  
 PGD Loss: 2.1024 	 PGD Acc: 0.2577 
 Best PGD Acc: 0.3155 	 Test Acc of best PGD ckpt: 0.4918
[2025/03/30 02:17:21] - epoch 115 lr 1.000000e-02
[2025/03/30 02:17:22] - Iter: [115][0/40]	Loss 1.259 (1.259)	Prec@1 0.453 (0.453)	
[2025/03/30 02:17:26] - Evaluating with standard images...
[2025/03/30 02:17:27] - Evaluating with PGD Attack...
[2025/03/30 02:17:43] - Test Loss: 1.3544  	 Test Acc: 0.5061  
 PGD Loss: 2.0263 	 PGD Acc: 0.2642 
 Best PGD Acc: 0.3155 	 Test Acc of best PGD ckpt: 0.4918
[2025/03/30 02:17:43] - epoch 116 lr 1.000000e-02
[2025/03/30 02:17:44] - Iter: [116][0/40]	Loss 1.357 (1.357)	Prec@1 0.422 (0.422)	
[2025/03/30 02:17:48] - Evaluating with standard images...
[2025/03/30 02:17:49] - Evaluating with PGD Attack...
[2025/03/30 02:18:06] - Test Loss: 1.3193  	 Test Acc: 0.5125  
 PGD Loss: 2.0279 	 PGD Acc: 0.2774 
 Best PGD Acc: 0.3155 	 Test Acc of best PGD ckpt: 0.4918
[2025/03/30 02:18:06] - epoch 117 lr 1.000000e-02
[2025/03/30 02:18:06] - Iter: [117][0/40]	Loss 1.225 (1.225)	Prec@1 0.547 (0.547)	
[2025/03/30 02:18:10] - Evaluating with standard images...
[2025/03/30 02:18:11] - Evaluating with PGD Attack...
[2025/03/30 02:18:28] - Test Loss: 1.3473  	 Test Acc: 0.5101  
 PGD Loss: 2.2043 	 PGD Acc: 0.2496 
 Best PGD Acc: 0.3155 	 Test Acc of best PGD ckpt: 0.4918
[2025/03/30 02:18:28] - epoch 118 lr 1.000000e-02
[2025/03/30 02:18:28] - Iter: [118][0/40]	Loss 1.221 (1.221)	Prec@1 0.562 (0.562)	
[2025/03/30 02:18:33] - Evaluating with standard images...
[2025/03/30 02:18:33] - Evaluating with PGD Attack...
[2025/03/30 02:18:51] - Test Loss: 1.3125  	 Test Acc: 0.5171  
 PGD Loss: 2.1731 	 PGD Acc: 0.2491 
 Best PGD Acc: 0.3155 	 Test Acc of best PGD ckpt: 0.4918
[2025/03/30 02:18:51] - epoch 119 lr 1.000000e-04
[2025/03/30 02:18:51] - Iter: [119][0/40]	Loss 1.272 (1.272)	Prec@1 0.500 (0.500)	
[2025/03/30 02:18:55] - Evaluating with standard images...
[2025/03/30 02:18:56] - Evaluating with PGD Attack...
[2025/03/30 02:19:13] - Test Loss: 1.2833  	 Test Acc: 0.5369  
 PGD Loss: 2.1652 	 PGD Acc: 0.2579 
 Best PGD Acc: 0.3155 	 Test Acc of best PGD ckpt: 0.4918
[2025/03/30 02:19:13] - epoch 120 lr 1.000000e-03
[2025/03/30 02:19:13] - Iter: [120][0/40]	Loss 1.225 (1.225)	Prec@1 0.469 (0.469)	
[2025/03/30 02:19:17] - Evaluating with standard images...
[2025/03/30 02:19:18] - Evaluating with PGD Attack...
[2025/03/30 02:19:35] - Test Loss: 1.2983  	 Test Acc: 0.5294  
 PGD Loss: 2.1190 	 PGD Acc: 0.2639 
 Best PGD Acc: 0.3155 	 Test Acc of best PGD ckpt: 0.4918
[2025/03/30 02:19:35] - epoch 121 lr 1.000000e-03
[2025/03/30 02:19:35] - Iter: [121][0/40]	Loss 1.210 (1.210)	Prec@1 0.531 (0.531)	
[2025/03/30 02:19:39] - Evaluating with standard images...
[2025/03/30 02:19:40] - Evaluating with PGD Attack...
[2025/03/30 02:19:57] - Test Loss: 1.3170  	 Test Acc: 0.5355  
 PGD Loss: 2.0776 	 PGD Acc: 0.2772 
 Best PGD Acc: 0.3155 	 Test Acc of best PGD ckpt: 0.4918
[2025/03/30 02:19:57] - epoch 122 lr 1.000000e-03
[2025/03/30 02:19:57] - Iter: [122][0/40]	Loss 1.196 (1.196)	Prec@1 0.492 (0.492)	
[2025/03/30 02:20:02] - Evaluating with standard images...
[2025/03/30 02:20:03] - Evaluating with PGD Attack...
[2025/03/30 02:20:20] - Test Loss: 1.2936  	 Test Acc: 0.5245  
 PGD Loss: 1.9816 	 PGD Acc: 0.2779 
 Best PGD Acc: 0.3155 	 Test Acc of best PGD ckpt: 0.4918
[2025/03/30 02:20:20] - epoch 123 lr 1.000000e-03
[2025/03/30 02:20:20] - Iter: [123][0/40]	Loss 1.198 (1.198)	Prec@1 0.523 (0.523)	
[2025/03/30 02:20:24] - Evaluating with standard images...
[2025/03/30 02:20:25] - Evaluating with PGD Attack...
[2025/03/30 02:20:42] - Test Loss: 1.3102  	 Test Acc: 0.5314  
 PGD Loss: 2.1274 	 PGD Acc: 0.2591 
 Best PGD Acc: 0.3155 	 Test Acc of best PGD ckpt: 0.4918
[2025/03/30 02:20:42] - epoch 124 lr 1.000000e-03
[2025/03/30 02:20:42] - Iter: [124][0/40]	Loss 1.206 (1.206)	Prec@1 0.477 (0.477)	
[2025/03/30 02:20:47] - Evaluating with standard images...
[2025/03/30 02:20:48] - Evaluating with PGD Attack...
[2025/03/30 02:21:04] - Test Loss: 1.3147  	 Test Acc: 0.5394  
 PGD Loss: 2.0817 	 PGD Acc: 0.2701 
 Best PGD Acc: 0.3155 	 Test Acc of best PGD ckpt: 0.4918
[2025/03/30 02:21:04] - epoch 125 lr 1.000000e-03
[2025/03/30 02:21:05] - Iter: [125][0/40]	Loss 1.308 (1.308)	Prec@1 0.469 (0.469)	
[2025/03/30 02:21:09] - Evaluating with standard images...
[2025/03/30 02:21:10] - Evaluating with PGD Attack...
[2025/03/30 02:21:27] - Test Loss: 1.2689  	 Test Acc: 0.5464  
 PGD Loss: 2.0002 	 PGD Acc: 0.2752 
 Best PGD Acc: 0.3155 	 Test Acc of best PGD ckpt: 0.4918
[2025/03/30 02:21:27] - epoch 126 lr 1.000000e-03
[2025/03/30 02:21:27] - Iter: [126][0/40]	Loss 1.140 (1.140)	Prec@1 0.594 (0.594)	
[2025/03/30 02:21:31] - Evaluating with standard images...
[2025/03/30 02:21:32] - Evaluating with PGD Attack...
[2025/03/30 02:21:49] - Test Loss: 1.2951  	 Test Acc: 0.5329  
 PGD Loss: 2.2052 	 PGD Acc: 0.2575 
 Best PGD Acc: 0.3155 	 Test Acc of best PGD ckpt: 0.4918
[2025/03/30 02:21:49] - epoch 127 lr 1.000000e-03
[2025/03/30 02:21:49] - Iter: [127][0/40]	Loss 1.234 (1.234)	Prec@1 0.461 (0.461)	
[2025/03/30 02:21:53] - Evaluating with standard images...
[2025/03/30 02:21:54] - Evaluating with PGD Attack...
[2025/03/30 02:22:11] - Test Loss: 1.3042  	 Test Acc: 0.5347  
 PGD Loss: 2.3452 	 PGD Acc: 0.2405 
 Best PGD Acc: 0.3155 	 Test Acc of best PGD ckpt: 0.4918
[2025/03/30 02:22:11] - epoch 128 lr 1.000000e-03
[2025/03/30 02:22:11] - Iter: [128][0/40]	Loss 1.200 (1.200)	Prec@1 0.484 (0.484)	
[2025/03/30 02:22:16] - Evaluating with standard images...
[2025/03/30 02:22:16] - Evaluating with PGD Attack...
[2025/03/30 02:22:33] - Test Loss: 1.2569  	 Test Acc: 0.5460  
 PGD Loss: 2.2107 	 PGD Acc: 0.2606 
 Best PGD Acc: 0.3155 	 Test Acc of best PGD ckpt: 0.4918
[2025/03/30 02:22:33] - epoch 129 lr 1.000000e-03
[2025/03/30 02:22:34] - Iter: [129][0/40]	Loss 1.065 (1.065)	Prec@1 0.578 (0.578)	
[2025/03/30 02:22:38] - Evaluating with standard images...
[2025/03/30 02:22:39] - Evaluating with PGD Attack...
[2025/03/30 02:22:56] - Test Loss: 1.2655  	 Test Acc: 0.5343  
 PGD Loss: 2.0774 	 PGD Acc: 0.2677 
 Best PGD Acc: 0.3155 	 Test Acc of best PGD ckpt: 0.4918
[2025/03/30 02:22:56] - epoch 130 lr 1.000000e-03
[2025/03/30 02:22:56] - Iter: [130][0/40]	Loss 1.088 (1.088)	Prec@1 0.578 (0.578)	
[2025/03/30 02:23:00] - Evaluating with standard images...
[2025/03/30 02:23:01] - Evaluating with PGD Attack...
[2025/03/30 02:23:18] - Test Loss: 1.2792  	 Test Acc: 0.5401  
 PGD Loss: 2.0574 	 PGD Acc: 0.2697 
 Best PGD Acc: 0.3155 	 Test Acc of best PGD ckpt: 0.4918
[2025/03/30 02:23:18] - epoch 131 lr 1.000000e-03
[2025/03/30 02:23:18] - Iter: [131][0/40]	Loss 1.128 (1.128)	Prec@1 0.555 (0.555)	
[2025/03/30 02:23:23] - Evaluating with standard images...
[2025/03/30 02:23:23] - Evaluating with PGD Attack...
[2025/03/30 02:23:41] - Test Loss: 1.2975  	 Test Acc: 0.5239  
 PGD Loss: 2.0552 	 PGD Acc: 0.2755 
 Best PGD Acc: 0.3155 	 Test Acc of best PGD ckpt: 0.4918
[2025/03/30 02:23:41] - epoch 132 lr 1.000000e-03
[2025/03/30 02:23:41] - Iter: [132][0/40]	Loss 1.115 (1.115)	Prec@1 0.547 (0.547)	
[2025/03/30 02:23:45] - Evaluating with standard images...
[2025/03/30 02:23:46] - Evaluating with PGD Attack...
[2025/03/30 02:24:03] - Test Loss: 1.2599  	 Test Acc: 0.5420  
 PGD Loss: 2.0856 	 PGD Acc: 0.2697 
 Best PGD Acc: 0.3155 	 Test Acc of best PGD ckpt: 0.4918
[2025/03/30 02:24:03] - epoch 133 lr 1.000000e-03
[2025/03/30 02:24:03] - Iter: [133][0/40]	Loss 1.164 (1.164)	Prec@1 0.516 (0.516)	
[2025/03/30 02:24:07] - Evaluating with standard images...
[2025/03/30 02:24:08] - Evaluating with PGD Attack...
[2025/03/30 02:24:25] - Test Loss: 1.3395  	 Test Acc: 0.5132  
 PGD Loss: 2.0548 	 PGD Acc: 0.2786 
 Best PGD Acc: 0.3155 	 Test Acc of best PGD ckpt: 0.4918
[2025/03/30 02:24:25] - epoch 134 lr 1.000000e-03
[2025/03/30 02:24:25] - Iter: [134][0/40]	Loss 1.247 (1.247)	Prec@1 0.461 (0.461)	
[2025/03/30 02:24:29] - Evaluating with standard images...
[2025/03/30 02:24:30] - Evaluating with PGD Attack...
[2025/03/30 02:24:47] - Test Loss: 1.2644  	 Test Acc: 0.5353  
 PGD Loss: 1.9899 	 PGD Acc: 0.2764 
 Best PGD Acc: 0.3155 	 Test Acc of best PGD ckpt: 0.4918
[2025/03/30 02:24:47] - epoch 135 lr 1.000000e-03
[2025/03/30 02:24:47] - Iter: [135][0/40]	Loss 1.141 (1.141)	Prec@1 0.508 (0.508)	
[2025/03/30 02:24:51] - Evaluating with standard images...
[2025/03/30 02:24:52] - Evaluating with PGD Attack...
[2025/03/30 02:25:09] - Test Loss: 1.2882  	 Test Acc: 0.5292  
 PGD Loss: 2.1758 	 PGD Acc: 0.2624 
 Best PGD Acc: 0.3155 	 Test Acc of best PGD ckpt: 0.4918
[2025/03/30 02:25:09] - epoch 136 lr 1.000000e-03
[2025/03/30 02:25:09] - Iter: [136][0/40]	Loss 1.153 (1.153)	Prec@1 0.492 (0.492)	
[2025/03/30 02:25:14] - Evaluating with standard images...
[2025/03/30 02:25:14] - Evaluating with PGD Attack...
[2025/03/30 02:25:31] - Test Loss: 1.2575  	 Test Acc: 0.5456  
 PGD Loss: 2.2420 	 PGD Acc: 0.2576 
 Best PGD Acc: 0.3155 	 Test Acc of best PGD ckpt: 0.4918
[2025/03/30 02:25:31] - epoch 137 lr 1.000000e-03
[2025/03/30 02:25:32] - Iter: [137][0/40]	Loss 1.056 (1.056)	Prec@1 0.562 (0.562)	
[2025/03/30 02:25:36] - Evaluating with standard images...
[2025/03/30 02:25:37] - Evaluating with PGD Attack...
[2025/03/30 02:25:54] - Test Loss: 1.2962  	 Test Acc: 0.5301  
 PGD Loss: 2.3050 	 PGD Acc: 0.2496 
 Best PGD Acc: 0.3155 	 Test Acc of best PGD ckpt: 0.4918
[2025/03/30 02:25:54] - epoch 138 lr 1.000000e-03
[2025/03/30 02:25:54] - Iter: [138][0/40]	Loss 1.256 (1.256)	Prec@1 0.477 (0.477)	
[2025/03/30 02:25:58] - Evaluating with standard images...
[2025/03/30 02:25:59] - Evaluating with PGD Attack...
[2025/03/30 02:26:16] - Test Loss: 1.2921  	 Test Acc: 0.5389  
 PGD Loss: 2.2637 	 PGD Acc: 0.2461 
 Best PGD Acc: 0.3155 	 Test Acc of best PGD ckpt: 0.4918
[2025/03/30 02:26:16] - epoch 139 lr 1.000000e-03
[2025/03/30 02:26:17] - Iter: [139][0/40]	Loss 1.242 (1.242)	Prec@1 0.477 (0.477)	
[2025/03/30 02:26:21] - Evaluating with standard images...
[2025/03/30 02:26:22] - Evaluating with PGD Attack...
[2025/03/30 02:26:39] - Test Loss: 1.3042  	 Test Acc: 0.5359  
 PGD Loss: 2.2011 	 PGD Acc: 0.2557 
 Best PGD Acc: 0.3155 	 Test Acc of best PGD ckpt: 0.4918
[2025/03/30 02:26:39] - epoch 140 lr 1.000000e-03
[2025/03/30 02:26:39] - Iter: [140][0/40]	Loss 1.038 (1.038)	Prec@1 0.602 (0.602)	
[2025/03/30 02:26:43] - Evaluating with standard images...
[2025/03/30 02:26:44] - Evaluating with PGD Attack...
[2025/03/30 02:27:01] - Test Loss: 1.3398  	 Test Acc: 0.5169  
 PGD Loss: 2.1451 	 PGD Acc: 0.2590 
 Best PGD Acc: 0.3155 	 Test Acc of best PGD ckpt: 0.4918
[2025/03/30 02:27:01] - epoch 141 lr 1.000000e-03
[2025/03/30 02:27:01] - Iter: [141][0/40]	Loss 1.183 (1.183)	Prec@1 0.516 (0.516)	
[2025/03/30 02:27:05] - Evaluating with standard images...
[2025/03/30 02:27:06] - Evaluating with PGD Attack...
[2025/03/30 02:27:23] - Test Loss: 1.2516  	 Test Acc: 0.5470  
 PGD Loss: 2.1438 	 PGD Acc: 0.2702 
 Best PGD Acc: 0.3155 	 Test Acc of best PGD ckpt: 0.4918
[2025/03/30 02:27:23] - epoch 142 lr 1.000000e-03
[2025/03/30 02:27:23] - Iter: [142][0/40]	Loss 1.263 (1.263)	Prec@1 0.500 (0.500)	
[2025/03/30 02:27:27] - Evaluating with standard images...
[2025/03/30 02:27:28] - Evaluating with PGD Attack...
[2025/03/30 02:27:45] - Test Loss: 1.3355  	 Test Acc: 0.5286  
 PGD Loss: 2.4384 	 PGD Acc: 0.2347 
 Best PGD Acc: 0.3155 	 Test Acc of best PGD ckpt: 0.4918
[2025/03/30 02:27:45] - epoch 143 lr 1.000000e-03
[2025/03/30 02:27:45] - Iter: [143][0/40]	Loss 1.157 (1.157)	Prec@1 0.523 (0.523)	
[2025/03/30 02:27:50] - Evaluating with standard images...
[2025/03/30 02:27:50] - Evaluating with PGD Attack...
[2025/03/30 02:28:08] - Test Loss: 1.2584  	 Test Acc: 0.5417  
 PGD Loss: 2.0734 	 PGD Acc: 0.2732 
 Best PGD Acc: 0.3155 	 Test Acc of best PGD ckpt: 0.4918
[2025/03/30 02:28:08] - epoch 144 lr 1.000000e-03
[2025/03/30 02:28:08] - Iter: [144][0/40]	Loss 1.149 (1.149)	Prec@1 0.469 (0.469)	
[2025/03/30 02:28:12] - Evaluating with standard images...
[2025/03/30 02:28:13] - Evaluating with PGD Attack...
[2025/03/30 02:28:30] - Test Loss: 1.2971  	 Test Acc: 0.5288  
 PGD Loss: 2.2183 	 PGD Acc: 0.2630 
 Best PGD Acc: 0.3155 	 Test Acc of best PGD ckpt: 0.4918
[2025/03/30 02:28:30] - epoch 145 lr 1.000000e-03
[2025/03/30 02:28:30] - Iter: [145][0/40]	Loss 1.157 (1.157)	Prec@1 0.508 (0.508)	
[2025/03/30 02:28:34] - Evaluating with standard images...
[2025/03/30 02:28:35] - Evaluating with PGD Attack...
[2025/03/30 02:28:52] - Test Loss: 1.2731  	 Test Acc: 0.5439  
 PGD Loss: 2.2500 	 PGD Acc: 0.2469 
 Best PGD Acc: 0.3155 	 Test Acc of best PGD ckpt: 0.4918
[2025/03/30 02:28:52] - epoch 146 lr 1.000000e-03
[2025/03/30 02:28:52] - Iter: [146][0/40]	Loss 1.095 (1.095)	Prec@1 0.547 (0.547)	
[2025/03/30 02:28:57] - Evaluating with standard images...
[2025/03/30 02:28:58] - Evaluating with PGD Attack...
[2025/03/30 02:29:15] - Test Loss: 1.3034  	 Test Acc: 0.5383  
 PGD Loss: 2.1757 	 PGD Acc: 0.2467 
 Best PGD Acc: 0.3155 	 Test Acc of best PGD ckpt: 0.4918
[2025/03/30 02:29:15] - epoch 147 lr 1.000000e-03
[2025/03/30 02:29:15] - Iter: [147][0/40]	Loss 1.181 (1.181)	Prec@1 0.500 (0.500)	
[2025/03/30 02:29:19] - Evaluating with standard images...
[2025/03/30 02:29:20] - Evaluating with PGD Attack...
[2025/03/30 02:29:37] - Test Loss: 1.2725  	 Test Acc: 0.5451  
 PGD Loss: 2.1686 	 PGD Acc: 0.2605 
 Best PGD Acc: 0.3155 	 Test Acc of best PGD ckpt: 0.4918
[2025/03/30 02:29:37] - epoch 148 lr 1.000000e-03
[2025/03/30 02:29:37] - Iter: [148][0/40]	Loss 1.122 (1.122)	Prec@1 0.516 (0.516)	
[2025/03/30 02:29:42] - Evaluating with standard images...
[2025/03/30 02:29:42] - Evaluating with PGD Attack...
[2025/03/30 02:29:59] - Test Loss: 1.3055  	 Test Acc: 0.5426  
 PGD Loss: 2.3446 	 PGD Acc: 0.2341 
 Best PGD Acc: 0.3155 	 Test Acc of best PGD ckpt: 0.4918
[2025/03/30 02:29:59] - epoch 149 lr 1.000000e-03
[2025/03/30 02:30:00] - Iter: [149][0/40]	Loss 1.091 (1.091)	Prec@1 0.547 (0.547)	
[2025/03/30 02:30:04] - Evaluating with standard images...
[2025/03/30 02:30:05] - Evaluating with PGD Attack...
[2025/03/30 02:30:22] - Test Loss: 1.2850  	 Test Acc: 0.5431  
 PGD Loss: 2.3576 	 PGD Acc: 0.2486 
 Best PGD Acc: 0.3155 	 Test Acc of best PGD ckpt: 0.4918
[2025/03/30 02:30:22] - epoch 150 lr 1.000000e-03
[2025/03/30 02:30:22] - Iter: [150][0/40]	Loss 1.206 (1.206)	Prec@1 0.523 (0.523)	
[2025/03/30 02:30:26] - Evaluating with standard images...
[2025/03/30 02:30:27] - Evaluating with PGD Attack...
[2025/03/30 02:30:44] - Test Loss: 1.3257  	 Test Acc: 0.5271  
 PGD Loss: 2.4648 	 PGD Acc: 0.2376 
 Best PGD Acc: 0.3155 	 Test Acc of best PGD ckpt: 0.4918
[2025/03/30 02:30:44] - epoch 151 lr 1.000000e-03
[2025/03/30 02:30:44] - Iter: [151][0/40]	Loss 1.107 (1.107)	Prec@1 0.586 (0.586)	
[2025/03/30 02:30:48] - Evaluating with standard images...
[2025/03/30 02:30:49] - Evaluating with PGD Attack...
[2025/03/30 02:31:06] - Test Loss: 1.3716  	 Test Acc: 0.5265  
 PGD Loss: 2.5412 	 PGD Acc: 0.2193 
 Best PGD Acc: 0.3155 	 Test Acc of best PGD ckpt: 0.4918
[2025/03/30 02:31:06] - epoch 152 lr 1.000000e-03
[2025/03/30 02:31:06] - Iter: [152][0/40]	Loss 1.095 (1.095)	Prec@1 0.562 (0.562)	
[2025/03/30 02:31:10] - Evaluating with standard images...
[2025/03/30 02:31:11] - Evaluating with PGD Attack...
[2025/03/30 02:31:28] - Test Loss: 1.3361  	 Test Acc: 0.5262  
 PGD Loss: 2.1247 	 PGD Acc: 0.2614 
 Best PGD Acc: 0.3155 	 Test Acc of best PGD ckpt: 0.4918
[2025/03/30 02:31:28] - epoch 153 lr 1.000000e-03
[2025/03/30 02:31:28] - Iter: [153][0/40]	Loss 1.039 (1.039)	Prec@1 0.656 (0.656)	
[2025/03/30 02:31:32] - Evaluating with standard images...
[2025/03/30 02:31:33] - Evaluating with PGD Attack...
[2025/03/30 02:31:51] - Test Loss: 1.2921  	 Test Acc: 0.5304  
 PGD Loss: 2.1518 	 PGD Acc: 0.2636 
 Best PGD Acc: 0.3155 	 Test Acc of best PGD ckpt: 0.4918
[2025/03/30 02:31:51] - epoch 154 lr 1.000000e-03
[2025/03/30 02:31:51] - Iter: [154][0/40]	Loss 1.053 (1.053)	Prec@1 0.570 (0.570)	
[2025/03/30 02:31:55] - Evaluating with standard images...
[2025/03/30 02:31:56] - Evaluating with PGD Attack...
[2025/03/30 02:32:13] - Test Loss: 1.3135  	 Test Acc: 0.5188  
 PGD Loss: 2.1865 	 PGD Acc: 0.2461 
 Best PGD Acc: 0.3155 	 Test Acc of best PGD ckpt: 0.4918
[2025/03/30 02:32:13] - epoch 155 lr 1.000000e-03
[2025/03/30 02:32:13] - Iter: [155][0/40]	Loss 0.976 (0.976)	Prec@1 0.664 (0.664)	
[2025/03/30 02:32:17] - Evaluating with standard images...
[2025/03/30 02:32:18] - Evaluating with PGD Attack...
[2025/03/30 02:32:35] - Test Loss: 1.2825  	 Test Acc: 0.5453  
 PGD Loss: 2.4491 	 PGD Acc: 0.2325 
 Best PGD Acc: 0.3155 	 Test Acc of best PGD ckpt: 0.4918
[2025/03/30 02:32:35] - epoch 156 lr 1.000000e-03
[2025/03/30 02:32:35] - Iter: [156][0/40]	Loss 1.135 (1.135)	Prec@1 0.539 (0.539)	
[2025/03/30 02:32:39] - Evaluating with standard images...
[2025/03/30 02:32:40] - Evaluating with PGD Attack...
[2025/03/30 02:32:57] - Test Loss: 1.2772  	 Test Acc: 0.5375  
 PGD Loss: 2.2501 	 PGD Acc: 0.2581 
 Best PGD Acc: 0.3155 	 Test Acc of best PGD ckpt: 0.4918
[2025/03/30 02:32:57] - epoch 157 lr 1.000000e-03
[2025/03/30 02:32:57] - Iter: [157][0/40]	Loss 1.059 (1.059)	Prec@1 0.562 (0.562)	
[2025/03/30 02:33:02] - Evaluating with standard images...
[2025/03/30 02:33:03] - Evaluating with PGD Attack...
[2025/03/30 02:33:19] - Test Loss: 1.2693  	 Test Acc: 0.5323  
 PGD Loss: 2.1338 	 PGD Acc: 0.2705 
 Best PGD Acc: 0.3155 	 Test Acc of best PGD ckpt: 0.4918
[2025/03/30 02:33:19] - epoch 158 lr 1.000000e-03
[2025/03/30 02:33:20] - Iter: [158][0/40]	Loss 1.178 (1.178)	Prec@1 0.445 (0.445)	
[2025/03/30 02:33:24] - Evaluating with standard images...
[2025/03/30 02:33:25] - Evaluating with PGD Attack...
[2025/03/30 02:33:41] - Test Loss: 1.3245  	 Test Acc: 0.5464  
 PGD Loss: 2.3944 	 PGD Acc: 0.2278 
 Best PGD Acc: 0.3155 	 Test Acc of best PGD ckpt: 0.4918
[2025/03/30 02:33:41] - epoch 159 lr 1.000000e-03
[2025/03/30 02:33:42] - Iter: [159][0/40]	Loss 1.154 (1.154)	Prec@1 0.523 (0.523)	
[2025/03/30 02:33:46] - Evaluating with standard images...
[2025/03/30 02:33:47] - Evaluating with PGD Attack...
[2025/03/30 02:34:04] - Test Loss: 1.3045  	 Test Acc: 0.5359  
 PGD Loss: 2.3102 	 PGD Acc: 0.2565 
 Best PGD Acc: 0.3155 	 Test Acc of best PGD ckpt: 0.4918
[2025/03/30 02:34:04] - epoch 160 lr 1.000000e-03
[2025/03/30 02:34:04] - Iter: [160][0/40]	Loss 1.015 (1.015)	Prec@1 0.570 (0.570)	
[2025/03/30 02:34:08] - Evaluating with standard images...
[2025/03/30 02:34:09] - Evaluating with PGD Attack...
[2025/03/30 02:34:26] - Test Loss: 1.3098  	 Test Acc: 0.5347  
 PGD Loss: 2.1124 	 PGD Acc: 0.2680 
 Best PGD Acc: 0.3155 	 Test Acc of best PGD ckpt: 0.4918
[2025/03/30 02:34:26] - epoch 161 lr 1.000000e-03
[2025/03/30 02:34:26] - Iter: [161][0/40]	Loss 1.011 (1.011)	Prec@1 0.609 (0.609)	
[2025/03/30 02:34:30] - Evaluating with standard images...
[2025/03/30 02:34:31] - Evaluating with PGD Attack...
[2025/03/30 02:34:48] - Test Loss: 1.3360  	 Test Acc: 0.5250  
 PGD Loss: 2.3956 	 PGD Acc: 0.2480 
 Best PGD Acc: 0.3155 	 Test Acc of best PGD ckpt: 0.4918
[2025/03/30 02:34:48] - epoch 162 lr 1.000000e-03
[2025/03/30 02:34:48] - Iter: [162][0/40]	Loss 1.041 (1.041)	Prec@1 0.578 (0.578)	
[2025/03/30 02:34:53] - Evaluating with standard images...
[2025/03/30 02:34:53] - Evaluating with PGD Attack...
[2025/03/30 02:35:10] - Test Loss: 1.2963  	 Test Acc: 0.5410  
 PGD Loss: 2.3333 	 PGD Acc: 0.2391 
 Best PGD Acc: 0.3155 	 Test Acc of best PGD ckpt: 0.4918
[2025/03/30 02:35:10] - epoch 163 lr 1.000000e-03
[2025/03/30 02:35:11] - Iter: [163][0/40]	Loss 1.106 (1.106)	Prec@1 0.539 (0.539)	
[2025/03/30 02:35:15] - Evaluating with standard images...
[2025/03/30 02:35:16] - Evaluating with PGD Attack...
[2025/03/30 02:35:32] - Test Loss: 1.2902  	 Test Acc: 0.5437  
 PGD Loss: 2.3580 	 PGD Acc: 0.2434 
 Best PGD Acc: 0.3155 	 Test Acc of best PGD ckpt: 0.4918
[2025/03/30 02:35:32] - epoch 164 lr 1.000000e-03
[2025/03/30 02:35:33] - Iter: [164][0/40]	Loss 1.027 (1.027)	Prec@1 0.586 (0.586)	
[2025/03/30 02:35:37] - Evaluating with standard images...
[2025/03/30 02:35:38] - Evaluating with PGD Attack...
[2025/03/30 02:35:55] - Test Loss: 1.3380  	 Test Acc: 0.5041  
 PGD Loss: 2.2728 	 PGD Acc: 0.2479 
 Best PGD Acc: 0.3155 	 Test Acc of best PGD ckpt: 0.4918
[2025/03/30 02:35:55] - epoch 165 lr 1.000000e-03
[2025/03/30 02:35:55] - Iter: [165][0/40]	Loss 0.977 (0.977)	Prec@1 0.609 (0.609)	
[2025/03/30 02:35:59] - Evaluating with standard images...
[2025/03/30 02:36:00] - Evaluating with PGD Attack...
[2025/03/30 02:36:17] - Test Loss: 1.2817  	 Test Acc: 0.5456  
 PGD Loss: 2.2365 	 PGD Acc: 0.2599 
 Best PGD Acc: 0.3155 	 Test Acc of best PGD ckpt: 0.4918
[2025/03/30 02:36:17] - epoch 166 lr 1.000000e-03
[2025/03/30 02:36:17] - Iter: [166][0/40]	Loss 0.989 (0.989)	Prec@1 0.672 (0.672)	
[2025/03/30 02:36:22] - Evaluating with standard images...
[2025/03/30 02:36:23] - Evaluating with PGD Attack...
[2025/03/30 02:36:40] - Test Loss: 1.2850  	 Test Acc: 0.5435  
 PGD Loss: 2.3005 	 PGD Acc: 0.2549 
 Best PGD Acc: 0.3155 	 Test Acc of best PGD ckpt: 0.4918
[2025/03/30 02:36:40] - epoch 167 lr 1.000000e-03
[2025/03/30 02:36:40] - Iter: [167][0/40]	Loss 1.100 (1.100)	Prec@1 0.547 (0.547)	
[2025/03/30 02:36:44] - Evaluating with standard images...
[2025/03/30 02:36:45] - Evaluating with PGD Attack...
[2025/03/30 02:37:02] - Test Loss: 1.3049  	 Test Acc: 0.5245  
 PGD Loss: 2.3046 	 PGD Acc: 0.2617 
 Best PGD Acc: 0.3155 	 Test Acc of best PGD ckpt: 0.4918
[2025/03/30 02:37:02] - epoch 168 lr 1.000000e-03
[2025/03/30 02:37:02] - Iter: [168][0/40]	Loss 1.092 (1.092)	Prec@1 0.625 (0.625)	
[2025/03/30 02:37:06] - Evaluating with standard images...
[2025/03/30 02:37:07] - Evaluating with PGD Attack...
[2025/03/30 02:37:24] - Test Loss: 1.3266  	 Test Acc: 0.5356  
 PGD Loss: 2.5410 	 PGD Acc: 0.2344 
 Best PGD Acc: 0.3155 	 Test Acc of best PGD ckpt: 0.4918
[2025/03/30 02:37:24] - epoch 169 lr 1.000000e-03
[2025/03/30 02:37:25] - Iter: [169][0/40]	Loss 0.962 (0.962)	Prec@1 0.602 (0.602)	
[2025/03/30 02:37:29] - Evaluating with standard images...
[2025/03/30 02:37:29] - Evaluating with PGD Attack...
[2025/03/30 02:37:47] - Test Loss: 1.2584  	 Test Acc: 0.5559  
 PGD Loss: 2.2795 	 PGD Acc: 0.2460 
 Best PGD Acc: 0.3155 	 Test Acc of best PGD ckpt: 0.4918
[2025/03/30 02:37:47] - epoch 170 lr 1.000000e-03
[2025/03/30 02:37:47] - Iter: [170][0/40]	Loss 1.056 (1.056)	Prec@1 0.594 (0.594)	
[2025/03/30 02:37:51] - Evaluating with standard images...
[2025/03/30 02:37:52] - Evaluating with PGD Attack...
[2025/03/30 02:38:09] - Test Loss: 1.3171  	 Test Acc: 0.5439  
 PGD Loss: 2.3187 	 PGD Acc: 0.2475 
 Best PGD Acc: 0.3155 	 Test Acc of best PGD ckpt: 0.4918
[2025/03/30 02:38:09] - epoch 171 lr 1.000000e-03
[2025/03/30 02:38:09] - Iter: [171][0/40]	Loss 1.072 (1.072)	Prec@1 0.516 (0.516)	
[2025/03/30 02:38:13] - Evaluating with standard images...
[2025/03/30 02:38:14] - Evaluating with PGD Attack...
[2025/03/30 02:38:31] - Test Loss: 1.3029  	 Test Acc: 0.5335  
 PGD Loss: 2.2725 	 PGD Acc: 0.2541 
 Best PGD Acc: 0.3155 	 Test Acc of best PGD ckpt: 0.4918
[2025/03/30 02:38:31] - epoch 172 lr 1.000000e-03
[2025/03/30 02:38:31] - Iter: [172][0/40]	Loss 0.989 (0.989)	Prec@1 0.625 (0.625)	
[2025/03/30 02:38:36] - Evaluating with standard images...
[2025/03/30 02:38:37] - Evaluating with PGD Attack...
[2025/03/30 02:38:53] - Test Loss: 1.3902  	 Test Acc: 0.5209  
 PGD Loss: 2.6616 	 PGD Acc: 0.2082 
 Best PGD Acc: 0.3155 	 Test Acc of best PGD ckpt: 0.4918
[2025/03/30 02:38:53] - epoch 173 lr 1.000000e-03
[2025/03/30 02:38:54] - Iter: [173][0/40]	Loss 0.994 (0.994)	Prec@1 0.586 (0.586)	
[2025/03/30 02:38:58] - Evaluating with standard images...
[2025/03/30 02:38:59] - Evaluating with PGD Attack...
[2025/03/30 02:39:16] - Test Loss: 1.3018  	 Test Acc: 0.5353  
 PGD Loss: 2.3208 	 PGD Acc: 0.2574 
 Best PGD Acc: 0.3155 	 Test Acc of best PGD ckpt: 0.4918
[2025/03/30 02:39:16] - epoch 174 lr 1.000000e-03
[2025/03/30 02:39:16] - Iter: [174][0/40]	Loss 1.037 (1.037)	Prec@1 0.555 (0.555)	
[2025/03/30 02:39:20] - Evaluating with standard images...
[2025/03/30 02:39:21] - Evaluating with PGD Attack...
[2025/03/30 02:39:38] - Test Loss: 1.3052  	 Test Acc: 0.5517  
 PGD Loss: 2.6029 	 PGD Acc: 0.2234 
 Best PGD Acc: 0.3155 	 Test Acc of best PGD ckpt: 0.4918
[2025/03/30 02:39:38] - epoch 175 lr 1.000000e-03
[2025/03/30 02:39:38] - Iter: [175][0/40]	Loss 0.938 (0.938)	Prec@1 0.656 (0.656)	
[2025/03/30 02:39:42] - Evaluating with standard images...
[2025/03/30 02:39:43] - Evaluating with PGD Attack...
[2025/03/30 02:40:00] - Test Loss: 1.3139  	 Test Acc: 0.5435  
 PGD Loss: 2.4178 	 PGD Acc: 0.2397 
 Best PGD Acc: 0.3155 	 Test Acc of best PGD ckpt: 0.4918
[2025/03/30 02:40:00] - epoch 176 lr 1.000000e-03
[2025/03/30 02:40:00] - Iter: [176][0/40]	Loss 1.045 (1.045)	Prec@1 0.562 (0.562)	
[2025/03/30 02:40:05] - Evaluating with standard images...
[2025/03/30 02:40:06] - Evaluating with PGD Attack...
[2025/03/30 02:40:22] - Test Loss: 1.3077  	 Test Acc: 0.5311  
 PGD Loss: 2.2785 	 PGD Acc: 0.2515 
 Best PGD Acc: 0.3155 	 Test Acc of best PGD ckpt: 0.4918
[2025/03/30 02:40:22] - epoch 177 lr 1.000000e-03
[2025/03/30 02:40:23] - Iter: [177][0/40]	Loss 1.138 (1.138)	Prec@1 0.531 (0.531)	
[2025/03/30 02:40:27] - Evaluating with standard images...
[2025/03/30 02:40:28] - Evaluating with PGD Attack...
[2025/03/30 02:40:45] - Test Loss: 1.2849  	 Test Acc: 0.5426  
 PGD Loss: 2.3943 	 PGD Acc: 0.2445 
 Best PGD Acc: 0.3155 	 Test Acc of best PGD ckpt: 0.4918
[2025/03/30 02:40:45] - epoch 178 lr 1.000000e-03
[2025/03/30 02:40:45] - Iter: [178][0/40]	Loss 0.984 (0.984)	Prec@1 0.586 (0.586)	
[2025/03/30 02:40:49] - Evaluating with standard images...
[2025/03/30 02:40:50] - Evaluating with PGD Attack...
[2025/03/30 02:41:07] - Test Loss: 1.3035  	 Test Acc: 0.5447  
 PGD Loss: 2.3666 	 PGD Acc: 0.2450 
 Best PGD Acc: 0.3155 	 Test Acc of best PGD ckpt: 0.4918
[2025/03/30 02:41:07] - epoch 179 lr 1.000000e-03
[2025/03/30 02:41:08] - Iter: [179][0/40]	Loss 1.013 (1.013)	Prec@1 0.586 (0.586)	
[2025/03/30 02:41:12] - Evaluating with standard images...
[2025/03/30 02:41:13] - Evaluating with PGD Attack...
[2025/03/30 02:41:30] - Test Loss: 1.3035  	 Test Acc: 0.5439  
 PGD Loss: 2.3453 	 PGD Acc: 0.2329 
 Best PGD Acc: 0.3155 	 Test Acc of best PGD ckpt: 0.4918
[2025/03/30 02:41:30] - epoch 180 lr 1.000000e-03
[2025/03/30 02:41:30] - Iter: [180][0/40]	Loss 1.029 (1.029)	Prec@1 0.570 (0.570)	
[2025/03/30 02:41:34] - Evaluating with standard images...
[2025/03/30 02:41:35] - Evaluating with PGD Attack...
[2025/03/30 02:41:52] - Test Loss: 1.2853  	 Test Acc: 0.5481  
 PGD Loss: 2.5164 	 PGD Acc: 0.2412 
 Best PGD Acc: 0.3155 	 Test Acc of best PGD ckpt: 0.4918
[2025/03/30 02:41:52] - epoch 181 lr 1.000000e-03
[2025/03/30 02:41:52] - Iter: [181][0/40]	Loss 0.989 (0.989)	Prec@1 0.609 (0.609)	
[2025/03/30 02:41:56] - Evaluating with standard images...
[2025/03/30 02:41:57] - Evaluating with PGD Attack...
[2025/03/30 02:42:14] - Test Loss: 1.3670  	 Test Acc: 0.5264  
 PGD Loss: 2.7025 	 PGD Acc: 0.2061 
 Best PGD Acc: 0.3155 	 Test Acc of best PGD ckpt: 0.4918
[2025/03/30 02:42:14] - epoch 182 lr 1.000000e-03
[2025/03/30 02:42:14] - Iter: [182][0/40]	Loss 0.913 (0.913)	Prec@1 0.617 (0.617)	
[2025/03/30 02:42:19] - Evaluating with standard images...
[2025/03/30 02:42:19] - Evaluating with PGD Attack...
[2025/03/30 02:42:36] - Test Loss: 1.3105  	 Test Acc: 0.5363  
 PGD Loss: 2.3725 	 PGD Acc: 0.2450 
 Best PGD Acc: 0.3155 	 Test Acc of best PGD ckpt: 0.4918
[2025/03/30 02:42:36] - epoch 183 lr 1.000000e-03
[2025/03/30 02:42:37] - Iter: [183][0/40]	Loss 1.095 (1.095)	Prec@1 0.562 (0.562)	
[2025/03/30 02:42:41] - Evaluating with standard images...
[2025/03/30 02:42:42] - Evaluating with PGD Attack...
[2025/03/30 02:42:59] - Test Loss: 1.3550  	 Test Acc: 0.5445  
 PGD Loss: 2.6342 	 PGD Acc: 0.2137 
 Best PGD Acc: 0.3155 	 Test Acc of best PGD ckpt: 0.4918
[2025/03/30 02:42:59] - epoch 184 lr 1.000000e-03
[2025/03/30 02:42:59] - Iter: [184][0/40]	Loss 0.947 (0.947)	Prec@1 0.648 (0.648)	
[2025/03/30 02:43:03] - Evaluating with standard images...
[2025/03/30 02:43:04] - Evaluating with PGD Attack...
[2025/03/30 02:43:21] - Test Loss: 1.2709  	 Test Acc: 0.5407  
 PGD Loss: 2.2532 	 PGD Acc: 0.2527 
 Best PGD Acc: 0.3155 	 Test Acc of best PGD ckpt: 0.4918
[2025/03/30 02:43:21] - epoch 185 lr 1.000000e-03
[2025/03/30 02:43:21] - Iter: [185][0/40]	Loss 0.948 (0.948)	Prec@1 0.602 (0.602)	
[2025/03/30 02:43:26] - Evaluating with standard images...
[2025/03/30 02:43:26] - Evaluating with PGD Attack...
[2025/03/30 02:43:43] - Test Loss: 1.3401  	 Test Acc: 0.5363  
 PGD Loss: 2.6455 	 PGD Acc: 0.2135 
 Best PGD Acc: 0.3155 	 Test Acc of best PGD ckpt: 0.4918
[2025/03/30 02:43:43] - epoch 186 lr 1.000000e-03
[2025/03/30 02:43:44] - Iter: [186][0/40]	Loss 0.950 (0.950)	Prec@1 0.602 (0.602)	
[2025/03/30 02:43:48] - Evaluating with standard images...
[2025/03/30 02:43:49] - Evaluating with PGD Attack...
[2025/03/30 02:44:05] - Test Loss: 1.2924  	 Test Acc: 0.5404  
 PGD Loss: 2.3121 	 PGD Acc: 0.2519 
 Best PGD Acc: 0.3155 	 Test Acc of best PGD ckpt: 0.4918
[2025/03/30 02:44:05] - epoch 187 lr 1.000000e-03
[2025/03/30 02:44:06] - Iter: [187][0/40]	Loss 0.995 (0.995)	Prec@1 0.594 (0.594)	
[2025/03/30 02:44:10] - Evaluating with standard images...
[2025/03/30 02:44:11] - Evaluating with PGD Attack...
[2025/03/30 02:44:28] - Test Loss: 1.2953  	 Test Acc: 0.5427  
 PGD Loss: 2.3739 	 PGD Acc: 0.2429 
 Best PGD Acc: 0.3155 	 Test Acc of best PGD ckpt: 0.4918
[2025/03/30 02:44:28] - epoch 188 lr 1.000000e-03
[2025/03/30 02:44:28] - Iter: [188][0/40]	Loss 1.059 (1.059)	Prec@1 0.555 (0.555)	
[2025/03/30 02:44:32] - Evaluating with standard images...
[2025/03/30 02:44:33] - Evaluating with PGD Attack...
[2025/03/30 02:44:50] - Test Loss: 1.3009  	 Test Acc: 0.5265  
 PGD Loss: 2.3941 	 PGD Acc: 0.2459 
 Best PGD Acc: 0.3155 	 Test Acc of best PGD ckpt: 0.4918
[2025/03/30 02:44:50] - epoch 189 lr 1.000000e-03
[2025/03/30 02:44:50] - Iter: [189][0/40]	Loss 0.906 (0.906)	Prec@1 0.656 (0.656)	
[2025/03/30 02:44:54] - Evaluating with standard images...
[2025/03/30 02:44:55] - Evaluating with PGD Attack...
[2025/03/30 02:45:12] - Test Loss: 1.2837  	 Test Acc: 0.5506  
 PGD Loss: 2.2937 	 PGD Acc: 0.2496 
 Best PGD Acc: 0.3155 	 Test Acc of best PGD ckpt: 0.4918
[2025/03/30 02:45:12] - epoch 190 lr 1.000000e-03
[2025/03/30 02:45:12] - Iter: [190][0/40]	Loss 0.994 (0.994)	Prec@1 0.570 (0.570)	
[2025/03/30 02:45:17] - Evaluating with standard images...
[2025/03/30 02:45:18] - Evaluating with PGD Attack...
[2025/03/30 02:45:34] - Test Loss: 1.2860  	 Test Acc: 0.5439  
 PGD Loss: 2.3257 	 PGD Acc: 0.2500 
 Best PGD Acc: 0.3155 	 Test Acc of best PGD ckpt: 0.4918
[2025/03/30 02:45:34] - epoch 191 lr 1.000000e-03
[2025/03/30 02:45:35] - Iter: [191][0/40]	Loss 0.981 (0.981)	Prec@1 0.664 (0.664)	
[2025/03/30 02:45:39] - Evaluating with standard images...
[2025/03/30 02:45:40] - Evaluating with PGD Attack...
[2025/03/30 02:45:57] - Test Loss: 1.3052  	 Test Acc: 0.5373  
 PGD Loss: 2.4926 	 PGD Acc: 0.2429 
 Best PGD Acc: 0.3155 	 Test Acc of best PGD ckpt: 0.4918
[2025/03/30 02:45:57] - epoch 192 lr 1.000000e-03
[2025/03/30 02:45:57] - Iter: [192][0/40]	Loss 1.031 (1.031)	Prec@1 0.586 (0.586)	
[2025/03/30 02:46:01] - Evaluating with standard images...
[2025/03/30 02:46:02] - Evaluating with PGD Attack...
[2025/03/30 02:46:19] - Test Loss: 1.3311  	 Test Acc: 0.5327  
 PGD Loss: 2.5673 	 PGD Acc: 0.2340 
 Best PGD Acc: 0.3155 	 Test Acc of best PGD ckpt: 0.4918
[2025/03/30 02:46:19] - epoch 193 lr 1.000000e-03
[2025/03/30 02:46:19] - Iter: [193][0/40]	Loss 1.033 (1.033)	Prec@1 0.539 (0.539)	
[2025/03/30 02:46:23] - Evaluating with standard images...
[2025/03/30 02:46:24] - Evaluating with PGD Attack...
[2025/03/30 02:46:41] - Test Loss: 1.3799  	 Test Acc: 0.5210  
 PGD Loss: 2.4662 	 PGD Acc: 0.2412 
 Best PGD Acc: 0.3155 	 Test Acc of best PGD ckpt: 0.4918
[2025/03/30 02:46:41] - epoch 194 lr 1.000000e-03
[2025/03/30 02:46:41] - Iter: [194][0/40]	Loss 0.911 (0.911)	Prec@1 0.648 (0.648)	
[2025/03/30 02:46:46] - Evaluating with standard images...
[2025/03/30 02:46:47] - Evaluating with PGD Attack...
[2025/03/30 02:47:04] - Test Loss: 1.3227  	 Test Acc: 0.5353  
 PGD Loss: 2.5605 	 PGD Acc: 0.2323 
 Best PGD Acc: 0.3155 	 Test Acc of best PGD ckpt: 0.4918
[2025/03/30 02:47:04] - epoch 195 lr 1.000000e-03
[2025/03/30 02:47:04] - Iter: [195][0/40]	Loss 0.906 (0.906)	Prec@1 0.633 (0.633)	
[2025/03/30 02:47:08] - Evaluating with standard images...
[2025/03/30 02:47:09] - Evaluating with PGD Attack...
[2025/03/30 02:47:26] - Test Loss: 1.3214  	 Test Acc: 0.5356  
 PGD Loss: 2.6647 	 PGD Acc: 0.2455 
 Best PGD Acc: 0.3155 	 Test Acc of best PGD ckpt: 0.4918
[2025/03/30 02:47:26] - epoch 196 lr 1.000000e-03
[2025/03/30 02:47:26] - Iter: [196][0/40]	Loss 0.936 (0.936)	Prec@1 0.641 (0.641)	
[2025/03/30 02:47:30] - Evaluating with standard images...
[2025/03/30 02:47:31] - Evaluating with PGD Attack...
[2025/03/30 02:47:48] - Test Loss: 1.3084  	 Test Acc: 0.5308  
 PGD Loss: 2.4022 	 PGD Acc: 0.2411 
 Best PGD Acc: 0.3155 	 Test Acc of best PGD ckpt: 0.4918
[2025/03/30 02:47:48] - epoch 197 lr 1.000000e-03
[2025/03/30 02:47:48] - Iter: [197][0/40]	Loss 0.917 (0.917)	Prec@1 0.617 (0.617)	
[2025/03/30 02:47:52] - Evaluating with standard images...
[2025/03/30 02:47:53] - Evaluating with PGD Attack...
[2025/03/30 02:48:10] - Test Loss: 1.2863  	 Test Acc: 0.5603  
 PGD Loss: 2.5636 	 PGD Acc: 0.2255 
 Best PGD Acc: 0.3155 	 Test Acc of best PGD ckpt: 0.4918
[2025/03/30 02:48:10] - epoch 198 lr 1.000000e-03
[2025/03/30 02:48:10] - Iter: [198][0/40]	Loss 0.923 (0.923)	Prec@1 0.602 (0.602)	
[2025/03/30 02:48:14] - Evaluating with standard images...
[2025/03/30 02:48:15] - Evaluating with PGD Attack...
[2025/03/30 02:48:32] - Test Loss: 1.3133  	 Test Acc: 0.5325  
 PGD Loss: 2.5060 	 PGD Acc: 0.2489 
 Best PGD Acc: 0.3155 	 Test Acc of best PGD ckpt: 0.4918
[2025/03/30 02:48:32] - epoch 199 lr 1.000000e-03
[2025/03/30 02:48:32] - Iter: [199][0/40]	Loss 1.003 (1.003)	Prec@1 0.586 (0.586)	
[2025/03/30 02:48:36] - Evaluating with standard images...
[2025/03/30 02:48:37] - Evaluating with PGD Attack...
[2025/03/30 02:48:54] - Test Loss: 1.2545  	 Test Acc: 0.5477  
 PGD Loss: 2.3955 	 PGD Acc: 0.2514 
 Best PGD Acc: 0.3155 	 Test Acc of best PGD ckpt: 0.4918
[2025/03/30 02:48:54] - Total train time: 88.0665 minutes
wandb: - 0.005 MB of 0.005 MB uploadedwandb: \ 0.005 MB of 0.005 MB uploadedwandb: | 0.005 MB of 0.005 MB uploadedwandb: / 0.005 MB of 0.005 MB uploadedwandb: - 0.013 MB of 0.099 MB uploaded (0.003 MB deduped)wandb: \ 0.022 MB of 0.106 MB uploaded (0.003 MB deduped)wandb: | 0.106 MB of 0.106 MB uploaded (0.003 MB deduped)wandb: / 0.106 MB of 0.106 MB uploaded (0.003 MB deduped)wandb: - 0.106 MB of 0.106 MB uploaded (0.003 MB deduped)wandb: 
wandb: Run history:
wandb:       best_pgd_acc ▁▃▅▆▆▇▇▇▇▇▇▇▇███████████████████████████
wandb:              epoch ▁▁▁▁▂▂▂▂▂▃▃▃▃▃▃▄▄▄▄▄▅▅▅▅▅▅▆▆▆▆▆▇▇▇▇▇▇███
wandb:            pgd_acc ▁▃▅▅▅▅▆▆▆▆█▆█▇██▇▇▇▇▇▇▆▅▇▅▇▅▇▆▆▆▅▆▆▅▄▅▅▆
wandb:           pgd_loss ▅▄▂▃▂▂▁▂▂▂▁▂▁▁▁▁▁▂▁▂▂▃▃▄▃▅▃▅▃▄▄▄▆▅▅▆█▆▇▆
wandb:               step ▁▁▁▂▂▂▂▂▂▃▃▃▃▃▄▄▄▄▄▄▅▅▅▅▅▅▆▆▆▆▆▇▇▇▇▇▇███
wandb:           test_acc ▁▂▄▄▅▅▅▅▆▅▆▆▇▇▇▇▇▇▇██▇█▇██▇█████████████
wandb:  test_acc_best_pgd ▁▃▅▅▆▆▆▆▇▆▇▇▇███████████████████████████
wandb:          test_loss █▇▅▅▅▄▃▄▃▃▃▃▂▂▂▂▂▂▁▁▂▂▁▂▁▁▂▁▁▁▁▁▁▁▁▁▂▁▂▁
wandb:          train_acc ▁▂▂▃▃▄▃▃▃▃▄▃▄▄▃▄▄▃▆▆▅▆▅▅▅▁▆▇▃▇▇▆▆▅▇█▆▇▇█
wandb:         train_loss ▇▆▆▅▅▅▅▅▄▄▅▅▄▄▅▄▄▇▃▃▃▃▄▃▂█▂▂▃▂▁▂▃▅▁▁▃▂▁▁
wandb: train_time_minutes ▁
wandb: 
wandb: Run summary:
wandb:       best_pgd_acc 0.3155
wandb:              epoch 199
wandb:            pgd_acc 0.25138
wandb:           pgd_loss 2.39552
wandb:               step 7999
wandb:           test_acc 0.54775
wandb:  test_acc_best_pgd 0.49175
wandb:          test_loss 1.25447
wandb:          train_acc 0.5
wandb:         train_loss 1.14634
wandb: train_time_minutes 88.06645
wandb: 
wandb: 🚀 View run radiant-pond-6 at: https://wandb.ai/xuanzhu_07-university-of-sydney/stl/runs/156tcd1a
wandb: ️⚡ View job at https://wandb.ai/xuanzhu_07-university-of-sydney/stl/jobs/QXJ0aWZhY3RDb2xsZWN0aW9uOjU5MzczODY4OA==/version_details/v2
wandb: Synced 6 W&B file(s), 0 media file(s), 2 artifact file(s) and 0 other file(s)
wandb: Find logs at: ./wandb/run-20250330_012038-156tcd1a/logs
