nohup: ignoring input
wandb: Currently logged in as: xuanzhu_07 (xuanzhu_07-university-of-sydney). Use `wandb login --relogin` to force relogin
wandb: wandb version 0.19.8 is available!  To upgrade, please run:
wandb:  $ pip install wandb --upgrade
wandb: Tracking run with wandb version 0.17.5
wandb: Run data is saved locally in /home/yxma/hzx/hzx/rand_defence/wandb/run-20250326_032529-fzrr1al8
wandb: Run `wandb offline` to turn off syncing.
wandb: Syncing run cerulean-spaceship-153
wandb: â­ï¸ View project at https://wandb.ai/xuanzhu_07-university-of-sydney/findVitVit
wandb: ðŸš€ View run at https://wandb.ai/xuanzhu_07-university-of-sydney/findVitVit/runs/fzrr1al8
[2025/03/26 03:25:32] - Namespace(batch_size=128, data_dir='~/datasets/CIFAR/', dataset='cifar10', epochs=200, network='earlyVit', worker=4, lr_schedule='multistep', lr_min=0.0, lr_max=0.1, weight_decay=0.0005, momentum=0.9, none_random_training=True, rand_deform_training=False, randpos_deform_training=True, randpos_multi_deform_training=False, only_adv_randpos_training=False, rand_path_training=False, layerNum=2, randType='repeated', epsilon=8, alpha=2, seed=0, attack_iters=7, restarts=1, none_adv_training=False, save_dir='ckpt/cifar10/earlyVit/ckpt', pretrain=None, continue_training=False, lb=2048, pos=0, eot=False, hang=False, device=3, num_classes=10)
[2025/03/26 03:25:34] - EarlyConvViT(
  (conv_layers): Sequential(
    (0): Sequential(
      (0): MaskedConv2d(3, 48, kernel_size=(5, 5), stride=(2, 2), padding=(2, 2))
    )
    (1): Sequential(
      (0): Conv2d(48, 96, kernel_size=(3, 3), stride=(2, 2), padding=(1, 1))
    )
    (2): Sequential(
      (0): Conv2d(96, 192, kernel_size=(3, 3), stride=(2, 2), padding=(1, 1))
    )
    (3): Sequential(
      (0): Conv2d(192, 384, kernel_size=(3, 3), stride=(2, 2), padding=(1, 1))
    )
    (conv_1x1): Conv2d(384, 192, kernel_size=(1, 1), stride=(1, 1))
    (flatten image): Rearrange('batch channels height width -> batch (height width) channels')
  )
  (dropout): Dropout(p=0.0, inplace=False)
  (transformer): Transformer(
    (layers): ModuleList(
      (0-10): 11 x ModuleList(
        (0): PreNorm(
          (norm): LayerNorm((192,), eps=1e-05, elementwise_affine=True)
          (fn): Attention(
            (attend): Softmax(dim=-1)
            (to_qkv): Linear(in_features=192, out_features=576, bias=False)
            (to_out): Sequential(
              (0): Linear(in_features=192, out_features=192, bias=True)
              (1): Dropout(p=0.0, inplace=False)
            )
          )
        )
        (1): PreNorm(
          (norm): LayerNorm((192,), eps=1e-05, elementwise_affine=True)
          (fn): FeedForward(
            (net): Sequential(
              (0): Linear(in_features=192, out_features=576, bias=True)
              (1): GELU(approximate='none')
              (2): Dropout(p=0.0, inplace=False)
              (3): Linear(in_features=576, out_features=192, bias=True)
              (4): Dropout(p=0.0, inplace=False)
            )
          )
        )
      )
    )
  )
  (to_latent): Identity()
  (mlp_head): Sequential(
    (0): LayerNorm((192,), eps=1e-05, elementwise_affine=True)
    (1): Linear(in_features=192, out_features=10, bias=True)
  )
)
/home/yxma/anaconda3/envs/py39_torch/lib/python3.9/site-packages/torch/optim/lr_scheduler.py:139: UserWarning: Detected call of `lr_scheduler.step()` before `optimizer.step()`. In PyTorch 1.1.0 and later, you should call them in the opposite order: `optimizer.step()` before `lr_scheduler.step()`.  Failure to do this will result in PyTorch skipping the first value of the learning rate schedule. See more details at https://pytorch.org/docs/stable/optim.html#how-to-adjust-learning-rate
  warnings.warn("Detected call of `lr_scheduler.step()` before `optimizer.step()`. "
/home/yxma/anaconda3/envs/py39_torch/lib/python3.9/site-packages/torch/optim/lr_scheduler.py:437: UserWarning: To get the last learning rate computed by the scheduler, please use `get_last_lr()`.
  warnings.warn("To get the last learning rate computed by the scheduler, "
[2025/03/26 03:25:34] - epoch 0 lr 1.000000e-01
start_time 20250326032532
Process ID: 2189237
Files already downloaded and verified
Files already downloaded and verified


No checkpoint. Train from scratch.
Training using fixed weight.


[2025/03/26 03:25:36] - Iter: [0][0/391]	Loss 2.443 (2.443)	Prec@1 0.125 (0.125)	
[2025/03/26 03:26:05] - Iter: [0][50/391]	Loss 2.390 (3.939)	Prec@1 0.109 (0.106)	
[2025/03/26 03:26:35] - Iter: [0][100/391]	Loss 2.355 (3.156)	Prec@1 0.117 (0.105)	
[2025/03/26 03:27:05] - Iter: [0][150/391]	Loss 2.316 (2.882)	Prec@1 0.094 (0.101)	
[2025/03/26 03:27:35] - Iter: [0][200/391]	Loss 2.315 (2.746)	Prec@1 0.109 (0.101)	
[2025/03/26 03:28:04] - Iter: [0][250/391]	Loss 2.302 (2.660)	Prec@1 0.148 (0.101)	
[2025/03/26 03:28:34] - Iter: [0][300/391]	Loss 2.301 (2.602)	Prec@1 0.094 (0.101)	
[2025/03/26 03:29:04] - Iter: [0][350/391]	Loss 2.299 (2.562)	Prec@1 0.133 (0.101)	
[2025/03/26 03:29:28] - Evaluating with standard images with random mask...
tensor([[[[0., 0., 0., 0., 0.],
          [0., 0., 1., 0., 0.],
          [0., 0., 0., 0., 0.],
          [0., 0., 0., 0., 0.],
          [0., 0., 0., 1., 0.]]],


        [[[0., 0., 0., 0., 0.],
          [0., 0., 1., 0., 0.],
          [0., 0., 0., 0., 0.],
          [0., 0., 0., 0., 0.],
          [0., 0., 0., 1., 0.]]],


        [[[0., 0., 0., 0., 0.],
          [0., 0., 1., 0., 0.],
          [0., 0., 0., 0., 0.],
          [0., 0., 0., 0., 0.],
          [0., 0., 0., 1., 0.]]],


        ...,


        [[[0., 0., 0., 0., 0.],
          [0., 0., 1., 0., 0.],
          [0., 0., 0., 0., 0.],
          [0., 0., 0., 0., 0.],
          [0., 0., 0., 1., 0.]]],


        [[[0., 0., 0., 0., 0.],
          [0., 0., 1., 0., 0.],
          [0., 0., 0., 0., 0.],
          [0., 0., 0., 0., 0.],
          [0., 0., 0., 1., 0.]]],


        [[[0., 0., 0., 0., 0.],
          [0., 0., 1., 0., 0.],
          [0., 0., 0., 0., 0.],
          [0., 0., 0., 0., 0.],
          [0., 0., 0., 1., 0.]]]], device='cuda:0')
[2025/03/26 03:29:31] - Evaluating with PGD Attack with random mask...
[2025/03/26 03:35:33] - Test Loss: 2.3119  	 Test Acc: 0.1000  
 PGD Loss: 2.3119 	 PGD Acc: 0.1000 
 Best PGD Acc: 0.1000 	 Test Acc of best PGD ckpt: 0.1000
[2025/03/26 03:35:33] - epoch 1 lr 1.000000e-01
New Best Adv Training
[2025/03/26 03:35:34] - Iter: [1][0/391]	Loss 2.319 (2.319)	Prec@1 0.133 (0.133)	
[2025/03/26 03:36:04] - Iter: [1][50/391]	Loss 2.327 (2.310)	Prec@1 0.070 (0.101)	
[2025/03/26 03:36:33] - Iter: [1][100/391]	Loss 2.313 (2.310)	Prec@1 0.086 (0.100)	
[2025/03/26 03:37:03] - Iter: [1][150/391]	Loss 2.308 (2.310)	Prec@1 0.109 (0.101)	
[2025/03/26 03:37:33] - Iter: [1][200/391]	Loss 2.303 (2.311)	Prec@1 0.109 (0.101)	
[2025/03/26 03:38:03] - Iter: [1][250/391]	Loss 2.302 (2.311)	Prec@1 0.055 (0.100)	
[2025/03/26 03:38:32] - Iter: [1][300/391]	Loss 2.318 (2.310)	Prec@1 0.102 (0.101)	
[2025/03/26 03:39:02] - Iter: [1][350/391]	Loss 2.302 (2.310)	Prec@1 0.133 (0.101)	
[2025/03/26 03:39:26] - Evaluating with standard images with random mask...
[2025/03/26 03:39:29] - Evaluating with PGD Attack with random mask...
[2025/03/26 03:45:30] - Test Loss: 2.3043  	 Test Acc: 0.1000  
 PGD Loss: 2.3043 	 PGD Acc: 0.1000 
 Best PGD Acc: 0.1000 	 Test Acc of best PGD ckpt: 0.1000
[2025/03/26 03:45:30] - epoch 2 lr 1.000000e-01
[2025/03/26 03:45:31] - Iter: [2][0/391]	Loss 2.303 (2.303)	Prec@1 0.086 (0.086)	
[2025/03/26 03:46:00] - Iter: [2][50/391]	Loss 2.300 (2.307)	Prec@1 0.125 (0.099)	
[2025/03/26 03:46:30] - Iter: [2][100/391]	Loss 2.315 (2.306)	Prec@1 0.086 (0.099)	
[2025/03/26 03:47:00] - Iter: [2][150/391]	Loss 2.309 (2.307)	Prec@1 0.078 (0.099)	
[2025/03/26 03:47:29] - Iter: [2][200/391]	Loss 2.317 (2.307)	Prec@1 0.047 (0.099)	
[2025/03/26 03:47:59] - Iter: [2][250/391]	Loss 2.306 (2.307)	Prec@1 0.109 (0.098)	
[2025/03/26 03:48:29] - Iter: [2][300/391]	Loss 2.286 (2.307)	Prec@1 0.141 (0.100)	
[2025/03/26 03:48:59] - Iter: [2][350/391]	Loss 2.301 (2.306)	Prec@1 0.086 (0.101)	
[2025/03/26 03:49:22] - Evaluating with standard images with random mask...
[2025/03/26 03:49:25] - Evaluating with PGD Attack with random mask...
[2025/03/26 03:55:27] - Test Loss: 2.3065  	 Test Acc: 0.1000  
 PGD Loss: 2.3065 	 PGD Acc: 0.1000 
 Best PGD Acc: 0.1000 	 Test Acc of best PGD ckpt: 0.1000
[2025/03/26 03:55:27] - epoch 3 lr 1.000000e-01
[2025/03/26 03:55:28] - Iter: [3][0/391]	Loss 2.301 (2.301)	Prec@1 0.117 (0.117)	
[2025/03/26 03:55:57] - Iter: [3][50/391]	Loss 2.300 (2.305)	Prec@1 0.117 (0.101)	
[2025/03/26 03:56:27] - Iter: [3][100/391]	Loss 2.324 (2.305)	Prec@1 0.055 (0.101)	
[2025/03/26 03:56:57] - Iter: [3][150/391]	Loss 2.301 (2.305)	Prec@1 0.086 (0.099)	
[2025/03/26 03:57:27] - Iter: [3][200/391]	Loss 2.308 (2.305)	Prec@1 0.062 (0.100)	
[2025/03/26 03:57:56] - Iter: [3][250/391]	Loss 2.310 (2.305)	Prec@1 0.094 (0.100)	
[2025/03/26 03:58:26] - Iter: [3][300/391]	Loss 2.296 (2.305)	Prec@1 0.133 (0.101)	
[2025/03/26 03:58:56] - Iter: [3][350/391]	Loss 2.301 (2.305)	Prec@1 0.102 (0.100)	
[2025/03/26 03:59:19] - Evaluating with standard images with random mask...
[2025/03/26 03:59:22] - Evaluating with PGD Attack with random mask...
[2025/03/26 04:05:23] - Test Loss: 2.3042  	 Test Acc: 0.1000  
 PGD Loss: 2.3042 	 PGD Acc: 0.1000 
 Best PGD Acc: 0.1000 	 Test Acc of best PGD ckpt: 0.1000
[2025/03/26 04:05:23] - epoch 4 lr 1.000000e-01
[2025/03/26 04:05:24] - Iter: [4][0/391]	Loss 2.308 (2.308)	Prec@1 0.102 (0.102)	
[2025/03/26 04:05:54] - Iter: [4][50/391]	Loss 2.300 (2.304)	Prec@1 0.094 (0.098)	
[2025/03/26 04:06:24] - Iter: [4][100/391]	Loss 2.334 (2.305)	Prec@1 0.094 (0.097)	
[2025/03/26 04:06:53] - Iter: [4][150/391]	Loss 2.307 (2.305)	Prec@1 0.070 (0.101)	
[2025/03/26 04:07:23] - Iter: [4][200/391]	Loss 2.303 (2.305)	Prec@1 0.125 (0.102)	
[2025/03/26 04:07:53] - Iter: [4][250/391]	Loss 2.307 (2.305)	Prec@1 0.070 (0.101)	
[2025/03/26 04:08:22] - Iter: [4][300/391]	Loss 2.305 (2.305)	Prec@1 0.102 (0.101)	
[2025/03/26 04:08:52] - Iter: [4][350/391]	Loss 2.304 (2.305)	Prec@1 0.094 (0.101)	
[2025/03/26 04:09:16] - Evaluating with standard images with random mask...
[2025/03/26 04:09:19] - Evaluating with PGD Attack with random mask...
[2025/03/26 04:15:20] - Test Loss: 2.3041  	 Test Acc: 0.1000  
 PGD Loss: 2.3041 	 PGD Acc: 0.1000 
 Best PGD Acc: 0.1000 	 Test Acc of best PGD ckpt: 0.1000
[2025/03/26 04:15:20] - epoch 5 lr 1.000000e-01
[2025/03/26 04:15:21] - Iter: [5][0/391]	Loss 2.303 (2.303)	Prec@1 0.117 (0.117)	
[2025/03/26 04:15:51] - Iter: [5][50/391]	Loss 2.301 (2.304)	Prec@1 0.102 (0.102)	
[2025/03/26 04:16:21] - Iter: [5][100/391]	Loss 2.296 (2.304)	Prec@1 0.109 (0.101)	
[2025/03/26 04:16:50] - Iter: [5][150/391]	Loss 2.295 (2.304)	Prec@1 0.172 (0.099)	
[2025/03/26 04:17:20] - Iter: [5][200/391]	Loss 2.304 (2.304)	Prec@1 0.094 (0.099)	
[2025/03/26 04:17:50] - Iter: [5][250/391]	Loss 2.305 (2.304)	Prec@1 0.078 (0.099)	
[2025/03/26 04:18:19] - Iter: [5][300/391]	Loss 2.291 (2.304)	Prec@1 0.102 (0.100)	
[2025/03/26 04:18:49] - Iter: [5][350/391]	Loss 2.304 (2.304)	Prec@1 0.078 (0.100)	
[2025/03/26 04:19:13] - Evaluating with standard images with random mask...
[2025/03/26 04:19:16] - Evaluating with PGD Attack with random mask...
[2025/03/26 04:25:17] - Test Loss: 2.3045  	 Test Acc: 0.1000  
 PGD Loss: 2.3045 	 PGD Acc: 0.1000 
 Best PGD Acc: 0.1000 	 Test Acc of best PGD ckpt: 0.1000
[2025/03/26 04:25:17] - epoch 6 lr 1.000000e-01
[2025/03/26 04:25:18] - Iter: [6][0/391]	Loss 2.308 (2.308)	Prec@1 0.047 (0.047)	
[2025/03/26 04:25:48] - Iter: [6][50/391]	Loss 2.307 (2.305)	Prec@1 0.102 (0.096)	
[2025/03/26 04:26:17] - Iter: [6][100/391]	Loss 2.311 (2.304)	Prec@1 0.109 (0.100)	
[2025/03/26 04:26:47] - Iter: [6][150/391]	Loss 2.299 (2.304)	Prec@1 0.141 (0.100)	
[2025/03/26 04:27:17] - Iter: [6][200/391]	Loss 2.297 (2.305)	Prec@1 0.133 (0.099)	
[2025/03/26 04:27:46] - Iter: [6][250/391]	Loss 2.299 (2.305)	Prec@1 0.141 (0.100)	
[2025/03/26 04:28:16] - Iter: [6][300/391]	Loss 2.306 (2.304)	Prec@1 0.078 (0.100)	
[2025/03/26 04:28:46] - Iter: [6][350/391]	Loss 2.301 (2.304)	Prec@1 0.117 (0.100)	
[2025/03/26 04:29:09] - Evaluating with standard images with random mask...
[2025/03/26 04:29:13] - Evaluating with PGD Attack with random mask...
[2025/03/26 04:35:14] - Test Loss: 2.3064  	 Test Acc: 0.1000  
 PGD Loss: 2.3064 	 PGD Acc: 0.1000 
 Best PGD Acc: 0.1000 	 Test Acc of best PGD ckpt: 0.1000
[2025/03/26 04:35:14] - epoch 7 lr 1.000000e-01
[2025/03/26 04:35:15] - Iter: [7][0/391]	Loss 2.303 (2.303)	Prec@1 0.055 (0.055)	
[2025/03/26 04:35:45] - Iter: [7][50/391]	Loss 2.303 (2.305)	Prec@1 0.094 (0.099)	
[2025/03/26 04:36:14] - Iter: [7][100/391]	Loss 2.312 (2.305)	Prec@1 0.102 (0.100)	
[2025/03/26 04:36:44] - Iter: [7][150/391]	Loss 2.299 (2.305)	Prec@1 0.125 (0.100)	
[2025/03/26 04:37:14] - Iter: [7][200/391]	Loss 2.306 (2.304)	Prec@1 0.078 (0.100)	
[2025/03/26 04:37:43] - Iter: [7][250/391]	Loss 2.307 (2.304)	Prec@1 0.102 (0.100)	
[2025/03/26 04:38:13] - Iter: [7][300/391]	Loss 2.300 (2.304)	Prec@1 0.062 (0.100)	
[2025/03/26 04:38:43] - Iter: [7][350/391]	Loss 2.302 (2.304)	Prec@1 0.109 (0.101)	
[2025/03/26 04:39:06] - Evaluating with standard images with random mask...
[2025/03/26 04:39:09] - Evaluating with PGD Attack with random mask...
[2025/03/26 04:45:11] - Test Loss: 2.3040  	 Test Acc: 0.1000  
 PGD Loss: 2.3040 	 PGD Acc: 0.1000 
 Best PGD Acc: 0.1000 	 Test Acc of best PGD ckpt: 0.1000
[2025/03/26 04:45:11] - epoch 8 lr 1.000000e-01
[2025/03/26 04:45:12] - Iter: [8][0/391]	Loss 2.299 (2.299)	Prec@1 0.109 (0.109)	
[2025/03/26 04:45:41] - Iter: [8][50/391]	Loss 2.313 (2.305)	Prec@1 0.062 (0.105)	
[2025/03/26 04:46:11] - Iter: [8][100/391]	Loss 2.314 (2.304)	Prec@1 0.086 (0.103)	
[2025/03/26 04:46:41] - Iter: [8][150/391]	Loss 2.309 (2.304)	Prec@1 0.086 (0.100)	
[2025/03/26 04:47:11] - Iter: [8][200/391]	Loss 2.296 (2.304)	Prec@1 0.094 (0.100)	
[2025/03/26 04:47:40] - Iter: [8][250/391]	Loss 2.295 (2.305)	Prec@1 0.148 (0.099)	
[2025/03/26 04:48:10] - Iter: [8][300/391]	Loss 2.301 (2.305)	Prec@1 0.141 (0.100)	
[2025/03/26 04:48:40] - Iter: [8][350/391]	Loss 2.302 (2.305)	Prec@1 0.117 (0.100)	
[2025/03/26 04:49:03] - Evaluating with standard images with random mask...
[2025/03/26 04:49:06] - Evaluating with PGD Attack with random mask...
[2025/03/26 04:55:08] - Test Loss: 2.3043  	 Test Acc: 0.1000  
 PGD Loss: 2.3043 	 PGD Acc: 0.1000 
 Best PGD Acc: 0.1000 	 Test Acc of best PGD ckpt: 0.1000
[2025/03/26 04:55:08] - epoch 9 lr 1.000000e-01
[2025/03/26 04:55:09] - Iter: [9][0/391]	Loss 2.309 (2.309)	Prec@1 0.086 (0.086)	
[2025/03/26 04:55:38] - Iter: [9][50/391]	Loss 2.308 (2.304)	Prec@1 0.094 (0.102)	
[2025/03/26 04:56:08] - Iter: [9][100/391]	Loss 2.303 (2.304)	Prec@1 0.102 (0.100)	
[2025/03/26 04:56:38] - Iter: [9][150/391]	Loss 2.301 (2.304)	Prec@1 0.086 (0.098)	
[2025/03/26 04:57:08] - Iter: [9][200/391]	Loss 2.306 (2.304)	Prec@1 0.117 (0.100)	
[2025/03/26 04:57:37] - Iter: [9][250/391]	Loss 2.307 (2.305)	Prec@1 0.078 (0.099)	
[2025/03/26 04:58:07] - Iter: [9][300/391]	Loss 2.308 (2.305)	Prec@1 0.102 (0.098)	
[2025/03/26 04:58:37] - Iter: [9][350/391]	Loss 2.294 (2.304)	Prec@1 0.109 (0.099)	
[2025/03/26 04:59:00] - Evaluating with standard images with random mask...
[2025/03/26 04:59:03] - Evaluating with PGD Attack with random mask...
[2025/03/26 05:05:05] - Test Loss: 2.3036  	 Test Acc: 0.1000  
 PGD Loss: 2.3036 	 PGD Acc: 0.1000 
 Best PGD Acc: 0.1000 	 Test Acc of best PGD ckpt: 0.1000
[2025/03/26 05:05:05] - epoch 10 lr 1.000000e-01
[2025/03/26 05:05:06] - Iter: [10][0/391]	Loss 2.305 (2.305)	Prec@1 0.086 (0.086)	
[2025/03/26 05:05:35] - Iter: [10][50/391]	Loss 2.305 (2.304)	Prec@1 0.070 (0.101)	
[2025/03/26 05:06:05] - Iter: [10][100/391]	Loss 2.303 (2.304)	Prec@1 0.094 (0.101)	
[2025/03/26 05:06:35] - Iter: [10][150/391]	Loss 2.305 (2.304)	Prec@1 0.133 (0.101)	
[2025/03/26 05:07:04] - Iter: [10][200/391]	Loss 2.304 (2.304)	Prec@1 0.102 (0.100)	
[2025/03/26 05:07:34] - Iter: [10][250/391]	Loss 2.306 (2.304)	Prec@1 0.078 (0.099)	
[2025/03/26 05:08:04] - Iter: [10][300/391]	Loss 2.308 (2.304)	Prec@1 0.086 (0.099)	
[2025/03/26 05:08:34] - Iter: [10][350/391]	Loss 2.298 (2.304)	Prec@1 0.094 (0.100)	
[2025/03/26 05:08:57] - Evaluating with standard images with random mask...
[2025/03/26 05:09:00] - Evaluating with PGD Attack with random mask...
[2025/03/26 05:15:02] - Test Loss: 2.3035  	 Test Acc: 0.1000  
 PGD Loss: 2.3035 	 PGD Acc: 0.1000 
 Best PGD Acc: 0.1000 	 Test Acc of best PGD ckpt: 0.1000
[2025/03/26 05:15:02] - epoch 11 lr 1.000000e-01
[2025/03/26 05:15:03] - Iter: [11][0/391]	Loss 2.307 (2.307)	Prec@1 0.094 (0.094)	
[2025/03/26 05:15:32] - Iter: [11][50/391]	Loss 2.313 (2.304)	Prec@1 0.062 (0.099)	
[2025/03/26 05:16:02] - Iter: [11][100/391]	Loss 2.311 (2.305)	Prec@1 0.062 (0.100)	
[2025/03/26 05:16:32] - Iter: [11][150/391]	Loss 2.297 (2.305)	Prec@1 0.117 (0.099)	
[2025/03/26 05:17:01] - Iter: [11][200/391]	Loss 2.313 (2.304)	Prec@1 0.102 (0.100)	
[2025/03/26 05:17:31] - Iter: [11][250/391]	Loss 2.304 (2.305)	Prec@1 0.078 (0.100)	
[2025/03/26 05:18:01] - Iter: [11][300/391]	Loss 2.309 (2.304)	Prec@1 0.078 (0.100)	
[2025/03/26 05:18:30] - Iter: [11][350/391]	Loss 2.301 (2.304)	Prec@1 0.086 (0.101)	
[2025/03/26 05:18:54] - Evaluating with standard images with random mask...
[2025/03/26 05:18:57] - Evaluating with PGD Attack with random mask...
[2025/03/26 05:24:59] - Test Loss: 2.3038  	 Test Acc: 0.1000  
 PGD Loss: 2.3038 	 PGD Acc: 0.1000 
 Best PGD Acc: 0.1000 	 Test Acc of best PGD ckpt: 0.1000
[2025/03/26 05:24:59] - epoch 12 lr 1.000000e-01
[2025/03/26 05:25:00] - Iter: [12][0/391]	Loss 2.297 (2.297)	Prec@1 0.133 (0.133)	
[2025/03/26 05:25:29] - Iter: [12][50/391]	Loss 2.304 (2.304)	Prec@1 0.109 (0.101)	
[2025/03/26 05:25:59] - Iter: [12][100/391]	Loss 2.303 (2.304)	Prec@1 0.094 (0.100)	
[2025/03/26 05:26:29] - Iter: [12][150/391]	Loss 2.298 (2.304)	Prec@1 0.102 (0.101)	
[2025/03/26 05:26:58] - Iter: [12][200/391]	Loss 2.301 (2.304)	Prec@1 0.125 (0.101)	
[2025/03/26 05:27:28] - Iter: [12][250/391]	Loss 2.309 (2.304)	Prec@1 0.086 (0.102)	
[2025/03/26 05:27:58] - Iter: [12][300/391]	Loss 2.311 (2.304)	Prec@1 0.062 (0.103)	
[2025/03/26 05:28:27] - Iter: [12][350/391]	Loss 2.311 (2.304)	Prec@1 0.086 (0.102)	
[2025/03/26 05:28:51] - Evaluating with standard images with random mask...
[2025/03/26 05:28:54] - Evaluating with PGD Attack with random mask...
[2025/03/26 05:34:56] - Test Loss: 2.3050  	 Test Acc: 0.1000  
 PGD Loss: 2.3050 	 PGD Acc: 0.1000 
 Best PGD Acc: 0.1000 	 Test Acc of best PGD ckpt: 0.1000
[2025/03/26 05:34:56] - epoch 13 lr 1.000000e-01
[2025/03/26 05:34:57] - Iter: [13][0/391]	Loss 2.309 (2.309)	Prec@1 0.094 (0.094)	
[2025/03/26 05:35:26] - Iter: [13][50/391]	Loss 2.310 (2.304)	Prec@1 0.086 (0.105)	
[2025/03/26 05:35:56] - Iter: [13][100/391]	Loss 2.310 (2.304)	Prec@1 0.070 (0.104)	
[2025/03/26 05:36:26] - Iter: [13][150/391]	Loss 2.293 (2.304)	Prec@1 0.133 (0.105)	
[2025/03/26 05:36:56] - Iter: [13][200/391]	Loss 2.298 (2.304)	Prec@1 0.062 (0.103)	
[2025/03/26 05:37:25] - Iter: [13][250/391]	Loss 2.304 (2.304)	Prec@1 0.086 (0.103)	
[2025/03/26 05:37:55] - Iter: [13][300/391]	Loss 2.312 (2.304)	Prec@1 0.047 (0.103)	
[2025/03/26 05:38:25] - Iter: [13][350/391]	Loss 2.303 (2.304)	Prec@1 0.094 (0.102)	
[2025/03/26 05:38:48] - Evaluating with standard images with random mask...
[2025/03/26 05:38:51] - Evaluating with PGD Attack with random mask...
[2025/03/26 05:44:53] - Test Loss: 2.3038  	 Test Acc: 0.1000  
 PGD Loss: 2.3038 	 PGD Acc: 0.1000 
 Best PGD Acc: 0.1000 	 Test Acc of best PGD ckpt: 0.1000
[2025/03/26 05:44:53] - epoch 14 lr 1.000000e-01
[2025/03/26 05:44:54] - Iter: [14][0/391]	Loss 2.304 (2.304)	Prec@1 0.070 (0.070)	
[2025/03/26 05:45:24] - Iter: [14][50/391]	Loss 2.301 (2.304)	Prec@1 0.117 (0.106)	
[2025/03/26 05:45:53] - Iter: [14][100/391]	Loss 2.306 (2.304)	Prec@1 0.070 (0.104)	
[2025/03/26 05:46:23] - Iter: [14][150/391]	Loss 2.301 (2.304)	Prec@1 0.133 (0.102)	
[2025/03/26 05:46:53] - Iter: [14][200/391]	Loss 2.302 (2.304)	Prec@1 0.094 (0.101)	
[2025/03/26 05:47:22] - Iter: [14][250/391]	Loss 2.305 (2.304)	Prec@1 0.070 (0.101)	
[2025/03/26 05:47:52] - Iter: [14][300/391]	Loss 2.302 (2.304)	Prec@1 0.070 (0.101)	
[2025/03/26 05:48:22] - Iter: [14][350/391]	Loss 2.301 (2.304)	Prec@1 0.117 (0.101)	
[2025/03/26 05:48:45] - Evaluating with standard images with random mask...
[2025/03/26 05:48:49] - Evaluating with PGD Attack with random mask...
[2025/03/26 05:54:50] - Test Loss: 2.3053  	 Test Acc: 0.1000  
 PGD Loss: 2.3053 	 PGD Acc: 0.1000 
 Best PGD Acc: 0.1000 	 Test Acc of best PGD ckpt: 0.1000
[2025/03/26 05:54:50] - epoch 15 lr 1.000000e-01
[2025/03/26 05:54:51] - Iter: [15][0/391]	Loss 2.302 (2.302)	Prec@1 0.141 (0.141)	
[2025/03/26 05:55:21] - Iter: [15][50/391]	Loss 2.309 (2.304)	Prec@1 0.094 (0.106)	
[2025/03/26 05:55:51] - Iter: [15][100/391]	Loss 2.310 (2.305)	Prec@1 0.086 (0.102)	
[2025/03/26 05:56:20] - Iter: [15][150/391]	Loss 2.301 (2.304)	Prec@1 0.109 (0.102)	
[2025/03/26 05:56:50] - Iter: [15][200/391]	Loss 2.301 (2.304)	Prec@1 0.078 (0.101)	
[2025/03/26 05:57:20] - Iter: [15][250/391]	Loss 2.307 (2.304)	Prec@1 0.148 (0.102)	
[2025/03/26 05:57:49] - Iter: [15][300/391]	Loss 2.306 (2.304)	Prec@1 0.102 (0.102)	
[2025/03/26 05:58:19] - Iter: [15][350/391]	Loss 2.301 (2.304)	Prec@1 0.125 (0.102)	
[2025/03/26 05:58:43] - Evaluating with standard images with random mask...
[2025/03/26 05:58:46] - Evaluating with PGD Attack with random mask...
[2025/03/26 06:04:47] - Test Loss: 2.3044  	 Test Acc: 0.1000  
 PGD Loss: 2.3044 	 PGD Acc: 0.1000 
 Best PGD Acc: 0.1000 	 Test Acc of best PGD ckpt: 0.1000
[2025/03/26 06:04:47] - epoch 16 lr 1.000000e-01
[2025/03/26 06:04:48] - Iter: [16][0/391]	Loss 2.317 (2.317)	Prec@1 0.070 (0.070)	
[2025/03/26 06:05:18] - Iter: [16][50/391]	Loss 2.304 (2.304)	Prec@1 0.094 (0.098)	
[2025/03/26 06:05:47] - Iter: [16][100/391]	Loss 2.311 (2.304)	Prec@1 0.102 (0.099)	
[2025/03/26 06:06:17] - Iter: [16][150/391]	Loss 2.306 (2.304)	Prec@1 0.117 (0.100)	
[2025/03/26 06:06:47] - Iter: [16][200/391]	Loss 2.297 (2.304)	Prec@1 0.102 (0.100)	
[2025/03/26 06:07:17] - Iter: [16][250/391]	Loss 2.305 (2.304)	Prec@1 0.133 (0.100)	
[2025/03/26 06:07:46] - Iter: [16][300/391]	Loss 2.310 (2.304)	Prec@1 0.094 (0.099)	
[2025/03/26 06:08:16] - Iter: [16][350/391]	Loss 2.305 (2.304)	Prec@1 0.047 (0.099)	
[2025/03/26 06:08:39] - Evaluating with standard images with random mask...
[2025/03/26 06:08:43] - Evaluating with PGD Attack with random mask...
[2025/03/26 06:14:44] - Test Loss: 2.3045  	 Test Acc: 0.1000  
 PGD Loss: 2.3045 	 PGD Acc: 0.1000 
 Best PGD Acc: 0.1000 	 Test Acc of best PGD ckpt: 0.1000
[2025/03/26 06:14:44] - epoch 17 lr 1.000000e-01
[2025/03/26 06:14:45] - Iter: [17][0/391]	Loss 2.314 (2.314)	Prec@1 0.070 (0.070)	
[2025/03/26 06:15:15] - Iter: [17][50/391]	Loss 2.300 (2.304)	Prec@1 0.125 (0.100)	
[2025/03/26 06:15:44] - Iter: [17][100/391]	Loss 2.307 (2.305)	Prec@1 0.078 (0.100)	
[2025/03/26 06:16:14] - Iter: [17][150/391]	Loss 2.303 (2.305)	Prec@1 0.070 (0.099)	
[2025/03/26 06:16:44] - Iter: [17][200/391]	Loss 2.308 (2.305)	Prec@1 0.102 (0.101)	
wandb: ERROR Error while calling W&B API: context deadline exceeded (<Response [500]>)
[2025/03/26 06:17:13] - Iter: [17][250/391]	Loss 2.305 (2.305)	Prec@1 0.062 (0.100)	
[2025/03/26 06:17:43] - Iter: [17][300/391]	Loss 2.307 (2.305)	Prec@1 0.086 (0.100)	
[2025/03/26 06:18:13] - Iter: [17][350/391]	Loss 2.301 (2.305)	Prec@1 0.078 (0.099)	
[2025/03/26 06:18:36] - Evaluating with standard images with random mask...
[2025/03/26 06:18:39] - Evaluating with PGD Attack with random mask...
[2025/03/26 06:24:41] - Test Loss: 2.3034  	 Test Acc: 0.1000  
 PGD Loss: 2.3034 	 PGD Acc: 0.1000 
 Best PGD Acc: 0.1000 	 Test Acc of best PGD ckpt: 0.1000
[2025/03/26 06:24:41] - epoch 18 lr 1.000000e-01
[2025/03/26 06:24:42] - Iter: [18][0/391]	Loss 2.303 (2.303)	Prec@1 0.094 (0.094)	
[2025/03/26 06:25:12] - Iter: [18][50/391]	Loss 2.297 (2.304)	Prec@1 0.109 (0.105)	
[2025/03/26 06:25:41] - Iter: [18][100/391]	Loss 2.300 (2.304)	Prec@1 0.164 (0.103)	
[2025/03/26 06:26:11] - Iter: [18][150/391]	Loss 2.302 (2.304)	Prec@1 0.086 (0.104)	
[2025/03/26 06:26:41] - Iter: [18][200/391]	Loss 2.301 (2.304)	Prec@1 0.133 (0.104)	
[2025/03/26 06:27:10] - Iter: [18][250/391]	Loss 2.313 (2.304)	Prec@1 0.062 (0.103)	
[2025/03/26 06:27:40] - Iter: [18][300/391]	Loss 2.302 (2.304)	Prec@1 0.078 (0.102)	
[2025/03/26 06:28:10] - Iter: [18][350/391]	Loss 2.303 (2.304)	Prec@1 0.086 (0.101)	
[2025/03/26 06:28:33] - Evaluating with standard images with random mask...
[2025/03/26 06:28:36] - Evaluating with PGD Attack with random mask...
[2025/03/26 06:34:38] - Test Loss: 2.3039  	 Test Acc: 0.1000  
 PGD Loss: 2.3039 	 PGD Acc: 0.1000 
 Best PGD Acc: 0.1000 	 Test Acc of best PGD ckpt: 0.1000
[2025/03/26 06:34:38] - epoch 19 lr 1.000000e-01
[2025/03/26 06:34:39] - Iter: [19][0/391]	Loss 2.308 (2.308)	Prec@1 0.078 (0.078)	
[2025/03/26 06:35:09] - Iter: [19][50/391]	Loss 2.306 (2.305)	Prec@1 0.086 (0.093)	
[2025/03/26 06:35:38] - Iter: [19][100/391]	Loss 2.295 (2.305)	Prec@1 0.133 (0.096)	
[2025/03/26 06:36:08] - Iter: [19][150/391]	Loss 2.304 (2.305)	Prec@1 0.125 (0.099)	
[2025/03/26 06:36:38] - Iter: [19][200/391]	Loss 2.312 (2.305)	Prec@1 0.109 (0.098)	
[2025/03/26 06:37:07] - Iter: [19][250/391]	Loss 2.306 (2.305)	Prec@1 0.117 (0.098)	
[2025/03/26 06:37:37] - Iter: [19][300/391]	Loss 2.300 (2.305)	Prec@1 0.109 (0.098)	
[2025/03/26 06:38:07] - Iter: [19][350/391]	Loss 2.302 (2.305)	Prec@1 0.109 (0.098)	
[2025/03/26 06:38:30] - Evaluating with standard images with random mask...
[2025/03/26 06:38:33] - Evaluating with PGD Attack with random mask...
[2025/03/26 06:44:35] - Test Loss: 2.3035  	 Test Acc: 0.1000  
 PGD Loss: 2.3035 	 PGD Acc: 0.1000 
 Best PGD Acc: 0.1000 	 Test Acc of best PGD ckpt: 0.1000
[2025/03/26 06:44:35] - epoch 20 lr 1.000000e-01
[2025/03/26 06:44:36] - Iter: [20][0/391]	Loss 2.308 (2.308)	Prec@1 0.094 (0.094)	
[2025/03/26 06:45:06] - Iter: [20][50/391]	Loss 2.302 (2.304)	Prec@1 0.109 (0.102)	
[2025/03/26 06:45:36] - Iter: [20][100/391]	Loss 2.300 (2.304)	Prec@1 0.109 (0.100)	
[2025/03/26 06:46:05] - Iter: [20][150/391]	Loss 2.298 (2.304)	Prec@1 0.117 (0.101)	
[2025/03/26 06:46:35] - Iter: [20][200/391]	Loss 2.299 (2.304)	Prec@1 0.133 (0.100)	
[2025/03/26 06:47:05] - Iter: [20][250/391]	Loss 2.299 (2.304)	Prec@1 0.102 (0.100)	
[2025/03/26 06:47:34] - Iter: [20][300/391]	Loss 2.295 (2.304)	Prec@1 0.109 (0.099)	
[2025/03/26 06:48:04] - Iter: [20][350/391]	Loss 2.298 (2.304)	Prec@1 0.117 (0.099)	
[2025/03/26 06:48:28] - Evaluating with standard images with random mask...
[2025/03/26 06:48:31] - Evaluating with PGD Attack with random mask...
[2025/03/26 06:54:33] - Test Loss: 2.3049  	 Test Acc: 0.1000  
 PGD Loss: 2.3049 	 PGD Acc: 0.1000 
 Best PGD Acc: 0.1000 	 Test Acc of best PGD ckpt: 0.1000
[2025/03/26 06:54:33] - epoch 21 lr 1.000000e-01
[2025/03/26 06:54:34] - Iter: [21][0/391]	Loss 2.301 (2.301)	Prec@1 0.141 (0.141)	
[2025/03/26 06:55:03] - Iter: [21][50/391]	Loss 2.308 (2.305)	Prec@1 0.078 (0.098)	
[2025/03/26 06:55:33] - Iter: [21][100/391]	Loss 2.299 (2.304)	Prec@1 0.109 (0.102)	
[2025/03/26 06:56:03] - Iter: [21][150/391]	Loss 2.311 (2.305)	Prec@1 0.094 (0.099)	
[2025/03/26 06:56:33] - Iter: [21][200/391]	Loss 2.305 (2.305)	Prec@1 0.086 (0.100)	
[2025/03/26 06:57:02] - Iter: [21][250/391]	Loss 2.311 (2.305)	Prec@1 0.102 (0.099)	
[2025/03/26 06:57:32] - Iter: [21][300/391]	Loss 2.307 (2.305)	Prec@1 0.078 (0.099)	
[2025/03/26 06:58:02] - Iter: [21][350/391]	Loss 2.301 (2.305)	Prec@1 0.086 (0.098)	
[2025/03/26 06:58:25] - Evaluating with standard images with random mask...
[2025/03/26 06:58:28] - Evaluating with PGD Attack with random mask...
[2025/03/26 07:04:30] - Test Loss: 2.3059  	 Test Acc: 0.1000  
 PGD Loss: 2.3059 	 PGD Acc: 0.1000 
 Best PGD Acc: 0.1000 	 Test Acc of best PGD ckpt: 0.1000
[2025/03/26 07:04:30] - epoch 22 lr 1.000000e-01
[2025/03/26 07:04:31] - Iter: [22][0/391]	Loss 2.307 (2.307)	Prec@1 0.102 (0.102)	
[2025/03/26 07:05:01] - Iter: [22][50/391]	Loss 2.308 (2.305)	Prec@1 0.094 (0.104)	
[2025/03/26 07:05:31] - Iter: [22][100/391]	Loss 2.306 (2.304)	Prec@1 0.070 (0.102)	
[2025/03/26 07:06:01] - Iter: [22][150/391]	Loss 2.291 (2.304)	Prec@1 0.133 (0.103)	
[2025/03/26 07:06:30] - Iter: [22][200/391]	Loss 2.303 (2.304)	Prec@1 0.109 (0.100)	
[2025/03/26 07:07:00] - Iter: [22][250/391]	Loss 2.303 (2.304)	Prec@1 0.086 (0.100)	
[2025/03/26 07:07:30] - Iter: [22][300/391]	Loss 2.308 (2.304)	Prec@1 0.109 (0.101)	
[2025/03/26 07:08:00] - Iter: [22][350/391]	Loss 2.308 (2.304)	Prec@1 0.094 (0.101)	
[2025/03/26 07:08:23] - Evaluating with standard images with random mask...
[2025/03/26 07:08:26] - Evaluating with PGD Attack with random mask...
[2025/03/26 07:14:29] - Test Loss: 2.3044  	 Test Acc: 0.1000  
 PGD Loss: 2.3044 	 PGD Acc: 0.1000 
 Best PGD Acc: 0.1000 	 Test Acc of best PGD ckpt: 0.1000
[2025/03/26 07:14:29] - epoch 23 lr 1.000000e-01
[2025/03/26 07:14:30] - Iter: [23][0/391]	Loss 2.301 (2.301)	Prec@1 0.148 (0.148)	
[2025/03/26 07:14:59] - Iter: [23][50/391]	Loss 2.304 (2.305)	Prec@1 0.094 (0.096)	
[2025/03/26 07:15:29] - Iter: [23][100/391]	Loss 2.320 (2.304)	Prec@1 0.047 (0.100)	
[2025/03/26 07:15:59] - Iter: [23][150/391]	Loss 2.299 (2.304)	Prec@1 0.125 (0.100)	
[2025/03/26 07:16:29] - Iter: [23][200/391]	Loss 2.305 (2.304)	Prec@1 0.102 (0.101)	
[2025/03/26 07:16:58] - Iter: [23][250/391]	Loss 2.308 (2.304)	Prec@1 0.070 (0.101)	
[2025/03/26 07:17:28] - Iter: [23][300/391]	Loss 2.309 (2.304)	Prec@1 0.039 (0.100)	
[2025/03/26 07:17:58] - Iter: [23][350/391]	Loss 2.308 (2.304)	Prec@1 0.094 (0.100)	
[2025/03/26 07:18:22] - Evaluating with standard images with random mask...
[2025/03/26 07:18:25] - Evaluating with PGD Attack with random mask...
[2025/03/26 07:24:27] - Test Loss: 2.3041  	 Test Acc: 0.1000  
 PGD Loss: 2.3041 	 PGD Acc: 0.1000 
 Best PGD Acc: 0.1000 	 Test Acc of best PGD ckpt: 0.1000
[2025/03/26 07:24:27] - epoch 24 lr 1.000000e-01
[2025/03/26 07:24:28] - Iter: [24][0/391]	Loss 2.303 (2.303)	Prec@1 0.109 (0.109)	
[2025/03/26 07:24:58] - Iter: [24][50/391]	Loss 2.303 (2.304)	Prec@1 0.172 (0.102)	
[2025/03/26 07:25:27] - Iter: [24][100/391]	Loss 2.310 (2.305)	Prec@1 0.086 (0.100)	
[2025/03/26 07:25:57] - Iter: [24][150/391]	Loss 2.302 (2.305)	Prec@1 0.133 (0.099)	
[2025/03/26 07:26:27] - Iter: [24][200/391]	Loss 2.308 (2.305)	Prec@1 0.070 (0.098)	
[2025/03/26 07:26:57] - Iter: [24][250/391]	Loss 2.304 (2.304)	Prec@1 0.133 (0.098)	
[2025/03/26 07:27:26] - Iter: [24][300/391]	Loss 2.302 (2.304)	Prec@1 0.094 (0.098)	
[2025/03/26 07:27:56] - Iter: [24][350/391]	Loss 2.310 (2.304)	Prec@1 0.062 (0.098)	
[2025/03/26 07:28:20] - Evaluating with standard images with random mask...
[2025/03/26 07:28:23] - Evaluating with PGD Attack with random mask...
[2025/03/26 07:34:25] - Test Loss: 2.3060  	 Test Acc: 0.1000  
 PGD Loss: 2.3060 	 PGD Acc: 0.1000 
 Best PGD Acc: 0.1000 	 Test Acc of best PGD ckpt: 0.1000
[2025/03/26 07:34:25] - epoch 25 lr 1.000000e-01
[2025/03/26 07:34:26] - Iter: [25][0/391]	Loss 2.308 (2.308)	Prec@1 0.102 (0.102)	
[2025/03/26 07:34:56] - Iter: [25][50/391]	Loss 2.311 (2.304)	Prec@1 0.094 (0.100)	
[2025/03/26 07:35:26] - Iter: [25][100/391]	Loss 2.306 (2.304)	Prec@1 0.141 (0.103)	
[2025/03/26 07:35:55] - Iter: [25][150/391]	Loss 2.311 (2.304)	Prec@1 0.078 (0.103)	
[2025/03/26 07:36:25] - Iter: [25][200/391]	Loss 2.305 (2.304)	Prec@1 0.094 (0.101)	
[2025/03/26 07:36:55] - Iter: [25][250/391]	Loss 2.299 (2.304)	Prec@1 0.109 (0.101)	
[2025/03/26 07:37:25] - Iter: [25][300/391]	Loss 2.304 (2.304)	Prec@1 0.102 (0.101)	
[2025/03/26 07:37:54] - Iter: [25][350/391]	Loss 2.305 (2.304)	Prec@1 0.109 (0.102)	
[2025/03/26 07:38:18] - Evaluating with standard images with random mask...
[2025/03/26 07:38:21] - Evaluating with PGD Attack with random mask...
[2025/03/26 07:44:23] - Test Loss: 2.3047  	 Test Acc: 0.1000  
 PGD Loss: 2.3047 	 PGD Acc: 0.1000 
 Best PGD Acc: 0.1000 	 Test Acc of best PGD ckpt: 0.1000
[2025/03/26 07:44:23] - epoch 26 lr 1.000000e-01
[2025/03/26 07:44:24] - Iter: [26][0/391]	Loss 2.304 (2.304)	Prec@1 0.125 (0.125)	
[2025/03/26 07:44:54] - Iter: [26][50/391]	Loss 2.295 (2.304)	Prec@1 0.117 (0.103)	
[2025/03/26 07:45:24] - Iter: [26][100/391]	Loss 2.308 (2.305)	Prec@1 0.109 (0.102)	
[2025/03/26 07:45:54] - Iter: [26][150/391]	Loss 2.311 (2.304)	Prec@1 0.102 (0.100)	
[2025/03/26 07:46:23] - Iter: [26][200/391]	Loss 2.301 (2.305)	Prec@1 0.094 (0.099)	
[2025/03/26 07:46:53] - Iter: [26][250/391]	Loss 2.301 (2.304)	Prec@1 0.094 (0.099)	
[2025/03/26 07:47:23] - Iter: [26][300/391]	Loss 2.304 (2.304)	Prec@1 0.086 (0.098)	
[2025/03/26 07:47:53] - Iter: [26][350/391]	Loss 2.308 (2.305)	Prec@1 0.086 (0.098)	
[2025/03/26 07:48:16] - Evaluating with standard images with random mask...
[2025/03/26 07:48:19] - Evaluating with PGD Attack with random mask...
[2025/03/26 07:54:21] - Test Loss: 2.3048  	 Test Acc: 0.1000  
 PGD Loss: 2.3048 	 PGD Acc: 0.1000 
 Best PGD Acc: 0.1000 	 Test Acc of best PGD ckpt: 0.1000
[2025/03/26 07:54:21] - epoch 27 lr 1.000000e-01
[2025/03/26 07:54:22] - Iter: [27][0/391]	Loss 2.310 (2.310)	Prec@1 0.125 (0.125)	
[2025/03/26 07:54:52] - Iter: [27][50/391]	Loss 2.306 (2.304)	Prec@1 0.070 (0.102)	
[2025/03/26 07:55:22] - Iter: [27][100/391]	Loss 2.313 (2.305)	Prec@1 0.102 (0.101)	
[2025/03/26 07:55:51] - Iter: [27][150/391]	Loss 2.314 (2.305)	Prec@1 0.047 (0.100)	
[2025/03/26 07:56:21] - Iter: [27][200/391]	Loss 2.314 (2.305)	Prec@1 0.094 (0.100)	
[2025/03/26 07:56:51] - Iter: [27][250/391]	Loss 2.312 (2.305)	Prec@1 0.078 (0.100)	
[2025/03/26 07:57:21] - Iter: [27][300/391]	Loss 2.306 (2.305)	Prec@1 0.047 (0.099)	
[2025/03/26 07:57:50] - Iter: [27][350/391]	Loss 2.308 (2.305)	Prec@1 0.109 (0.099)	
[2025/03/26 07:58:14] - Evaluating with standard images with random mask...
[2025/03/26 07:58:17] - Evaluating with PGD Attack with random mask...
[2025/03/26 08:04:19] - Test Loss: 2.3056  	 Test Acc: 0.1000  
 PGD Loss: 2.3056 	 PGD Acc: 0.1000 
 Best PGD Acc: 0.1000 	 Test Acc of best PGD ckpt: 0.1000
[2025/03/26 08:04:19] - epoch 28 lr 1.000000e-01
[2025/03/26 08:04:20] - Iter: [28][0/391]	Loss 2.293 (2.293)	Prec@1 0.133 (0.133)	
[2025/03/26 08:04:50] - Iter: [28][50/391]	Loss 2.302 (2.304)	Prec@1 0.109 (0.099)	
[2025/03/26 08:05:20] - Iter: [28][100/391]	Loss 2.308 (2.304)	Prec@1 0.078 (0.098)	
[2025/03/26 08:05:49] - Iter: [28][150/391]	Loss 2.310 (2.304)	Prec@1 0.102 (0.099)	
[2025/03/26 08:06:19] - Iter: [28][200/391]	Loss 2.302 (2.304)	Prec@1 0.109 (0.101)	
[2025/03/26 08:06:49] - Iter: [28][250/391]	Loss 2.305 (2.304)	Prec@1 0.102 (0.101)	
[2025/03/26 08:07:19] - Iter: [28][300/391]	Loss 2.307 (2.304)	Prec@1 0.094 (0.101)	
[2025/03/26 08:07:48] - Iter: [28][350/391]	Loss 2.306 (2.304)	Prec@1 0.086 (0.100)	
[2025/03/26 08:08:12] - Evaluating with standard images with random mask...
[2025/03/26 08:08:15] - Evaluating with PGD Attack with random mask...
[2025/03/26 08:14:17] - Test Loss: 2.3050  	 Test Acc: 0.1000  
 PGD Loss: 2.3050 	 PGD Acc: 0.1000 
 Best PGD Acc: 0.1000 	 Test Acc of best PGD ckpt: 0.1000
[2025/03/26 08:14:17] - epoch 29 lr 1.000000e-01
[2025/03/26 08:14:18] - Iter: [29][0/391]	Loss 2.298 (2.298)	Prec@1 0.109 (0.109)	
[2025/03/26 08:14:48] - Iter: [29][50/391]	Loss 2.306 (2.305)	Prec@1 0.094 (0.098)	
[2025/03/26 08:15:18] - Iter: [29][100/391]	Loss 2.311 (2.305)	Prec@1 0.062 (0.099)	
[2025/03/26 08:15:47] - Iter: [29][150/391]	Loss 2.315 (2.305)	Prec@1 0.070 (0.099)	
[2025/03/26 08:16:17] - Iter: [29][200/391]	Loss 2.299 (2.305)	Prec@1 0.109 (0.098)	
[2025/03/26 08:16:47] - Iter: [29][250/391]	Loss 2.303 (2.305)	Prec@1 0.117 (0.098)	
[2025/03/26 08:17:17] - Iter: [29][300/391]	Loss 2.308 (2.305)	Prec@1 0.094 (0.098)	
[2025/03/26 08:17:46] - Iter: [29][350/391]	Loss 2.303 (2.305)	Prec@1 0.117 (0.097)	
[2025/03/26 08:18:10] - Evaluating with standard images with random mask...
[2025/03/26 08:18:13] - Evaluating with PGD Attack with random mask...
[2025/03/26 08:24:15] - Test Loss: 2.3051  	 Test Acc: 0.1000  
 PGD Loss: 2.3051 	 PGD Acc: 0.1000 
 Best PGD Acc: 0.1000 	 Test Acc of best PGD ckpt: 0.1000
[2025/03/26 08:24:15] - epoch 30 lr 1.000000e-01
[2025/03/26 08:24:16] - Iter: [30][0/391]	Loss 2.298 (2.298)	Prec@1 0.117 (0.117)	
[2025/03/26 08:24:46] - Iter: [30][50/391]	Loss 2.301 (2.303)	Prec@1 0.102 (0.104)	
[2025/03/26 08:25:16] - Iter: [30][100/391]	Loss 2.310 (2.304)	Prec@1 0.055 (0.101)	
[2025/03/26 08:25:45] - Iter: [30][150/391]	Loss 2.307 (2.304)	Prec@1 0.125 (0.098)	
[2025/03/26 08:26:15] - Iter: [30][200/391]	Loss 2.303 (2.304)	Prec@1 0.086 (0.099)	
[2025/03/26 08:26:45] - Iter: [30][250/391]	Loss 2.306 (2.304)	Prec@1 0.125 (0.101)	
[2025/03/26 08:27:15] - Iter: [30][300/391]	Loss 2.297 (2.304)	Prec@1 0.094 (0.101)	
[2025/03/26 08:27:44] - Iter: [30][350/391]	Loss 2.303 (2.304)	Prec@1 0.062 (0.101)	
[2025/03/26 08:28:08] - Evaluating with standard images with random mask...
[2025/03/26 08:28:11] - Evaluating with PGD Attack with random mask...
[2025/03/26 08:34:13] - Test Loss: 2.3059  	 Test Acc: 0.1000  
 PGD Loss: 2.3059 	 PGD Acc: 0.1000 
 Best PGD Acc: 0.1000 	 Test Acc of best PGD ckpt: 0.1000
[2025/03/26 08:34:13] - epoch 31 lr 1.000000e-01
[2025/03/26 08:34:14] - Iter: [31][0/391]	Loss 2.312 (2.312)	Prec@1 0.102 (0.102)	
[2025/03/26 08:34:44] - Iter: [31][50/391]	Loss 2.301 (2.305)	Prec@1 0.117 (0.105)	
[2025/03/26 08:35:14] - Iter: [31][100/391]	Loss 2.311 (2.305)	Prec@1 0.078 (0.104)	
[2025/03/26 08:35:44] - Iter: [31][150/391]	Loss 2.299 (2.304)	Prec@1 0.109 (0.104)	
[2025/03/26 08:36:13] - Iter: [31][200/391]	Loss 2.306 (2.304)	Prec@1 0.117 (0.103)	
[2025/03/26 08:36:43] - Iter: [31][250/391]	Loss 2.307 (2.305)	Prec@1 0.117 (0.103)	
[2025/03/26 08:37:13] - Iter: [31][300/391]	Loss 2.301 (2.305)	Prec@1 0.125 (0.102)	
[2025/03/26 08:37:43] - Iter: [31][350/391]	Loss 2.312 (2.305)	Prec@1 0.078 (0.101)	
[2025/03/26 08:38:06] - Evaluating with standard images with random mask...
[2025/03/26 08:38:09] - Evaluating with PGD Attack with random mask...
[2025/03/26 08:44:12] - Test Loss: 2.3053  	 Test Acc: 0.1000  
 PGD Loss: 2.3053 	 PGD Acc: 0.1000 
 Best PGD Acc: 0.1000 	 Test Acc of best PGD ckpt: 0.1000
[2025/03/26 08:44:12] - epoch 32 lr 1.000000e-01
[2025/03/26 08:44:13] - Iter: [32][0/391]	Loss 2.319 (2.319)	Prec@1 0.086 (0.086)	
[2025/03/26 08:44:42] - Iter: [32][50/391]	Loss 2.310 (2.305)	Prec@1 0.078 (0.102)	
[2025/03/26 08:45:12] - Iter: [32][100/391]	Loss 2.305 (2.305)	Prec@1 0.109 (0.098)	
[2025/03/26 08:45:42] - Iter: [32][150/391]	Loss 2.301 (2.305)	Prec@1 0.125 (0.098)	
[2025/03/26 08:46:12] - Iter: [32][200/391]	Loss 2.306 (2.305)	Prec@1 0.094 (0.099)	
[2025/03/26 08:46:41] - Iter: [32][250/391]	Loss 2.308 (2.305)	Prec@1 0.070 (0.101)	
[2025/03/26 08:47:11] - Iter: [32][300/391]	Loss 2.306 (2.305)	Prec@1 0.125 (0.101)	
[2025/03/26 08:47:41] - Iter: [32][350/391]	Loss 2.302 (2.305)	Prec@1 0.094 (0.100)	
[2025/03/26 08:48:05] - Evaluating with standard images with random mask...
[2025/03/26 08:48:08] - Evaluating with PGD Attack with random mask...
[2025/03/26 08:54:10] - Test Loss: 2.3048  	 Test Acc: 0.1000  
 PGD Loss: 2.3048 	 PGD Acc: 0.1000 
 Best PGD Acc: 0.1000 	 Test Acc of best PGD ckpt: 0.1000
[2025/03/26 08:54:10] - epoch 33 lr 1.000000e-01
[2025/03/26 08:54:11] - Iter: [33][0/391]	Loss 2.285 (2.285)	Prec@1 0.172 (0.172)	
[2025/03/26 08:54:41] - Iter: [33][50/391]	Loss 2.302 (2.305)	Prec@1 0.102 (0.100)	
[2025/03/26 08:55:10] - Iter: [33][100/391]	Loss 2.308 (2.305)	Prec@1 0.125 (0.100)	
[2025/03/26 08:55:40] - Iter: [33][150/391]	Loss 2.299 (2.305)	Prec@1 0.109 (0.099)	
[2025/03/26 08:56:10] - Iter: [33][200/391]	Loss 2.307 (2.305)	Prec@1 0.062 (0.099)	
[2025/03/26 08:56:40] - Iter: [33][250/391]	Loss 2.313 (2.305)	Prec@1 0.062 (0.099)	
[2025/03/26 08:57:09] - Iter: [33][300/391]	Loss 2.304 (2.305)	Prec@1 0.094 (0.099)	
[2025/03/26 08:57:39] - Iter: [33][350/391]	Loss 2.299 (2.305)	Prec@1 0.117 (0.100)	
[2025/03/26 08:58:03] - Evaluating with standard images with random mask...
[2025/03/26 08:58:06] - Evaluating with PGD Attack with random mask...
[2025/03/26 09:04:08] - Test Loss: 2.3051  	 Test Acc: 0.1000  
 PGD Loss: 2.3051 	 PGD Acc: 0.1000 
 Best PGD Acc: 0.1000 	 Test Acc of best PGD ckpt: 0.1000
[2025/03/26 09:04:08] - epoch 34 lr 1.000000e-01
[2025/03/26 09:04:09] - Iter: [34][0/391]	Loss 2.306 (2.306)	Prec@1 0.164 (0.164)	
[2025/03/26 09:04:39] - Iter: [34][50/391]	Loss 2.308 (2.304)	Prec@1 0.117 (0.105)	
[2025/03/26 09:05:09] - Iter: [34][100/391]	Loss 2.308 (2.304)	Prec@1 0.086 (0.103)	
[2025/03/26 09:05:39] - Iter: [34][150/391]	Loss 2.301 (2.305)	Prec@1 0.117 (0.102)	
[2025/03/26 09:06:08] - Iter: [34][200/391]	Loss 2.304 (2.305)	Prec@1 0.102 (0.102)	
[2025/03/26 09:06:38] - Iter: [34][250/391]	Loss 2.306 (2.305)	Prec@1 0.086 (0.101)	
[2025/03/26 09:07:08] - Iter: [34][300/391]	Loss 2.306 (2.305)	Prec@1 0.102 (0.101)	
[2025/03/26 09:07:38] - Iter: [34][350/391]	Loss 2.314 (2.305)	Prec@1 0.055 (0.101)	
[2025/03/26 09:08:01] - Evaluating with standard images with random mask...
[2025/03/26 09:08:04] - Evaluating with PGD Attack with random mask...
[2025/03/26 09:14:07] - Test Loss: 2.3034  	 Test Acc: 0.1000  
 PGD Loss: 2.3034 	 PGD Acc: 0.1000 
 Best PGD Acc: 0.1000 	 Test Acc of best PGD ckpt: 0.1000
[2025/03/26 09:14:07] - epoch 35 lr 1.000000e-01
[2025/03/26 09:14:08] - Iter: [35][0/391]	Loss 2.300 (2.300)	Prec@1 0.102 (0.102)	
[2025/03/26 09:14:38] - Iter: [35][50/391]	Loss 2.308 (2.304)	Prec@1 0.094 (0.100)	
[2025/03/26 09:15:07] - Iter: [35][100/391]	Loss 2.305 (2.304)	Prec@1 0.109 (0.101)	
[2025/03/26 09:15:37] - Iter: [35][150/391]	Loss 2.314 (2.304)	Prec@1 0.109 (0.099)	
[2025/03/26 09:16:07] - Iter: [35][200/391]	Loss 2.308 (2.304)	Prec@1 0.117 (0.098)	
[2025/03/26 09:16:37] - Iter: [35][250/391]	Loss 2.301 (2.304)	Prec@1 0.164 (0.100)	
[2025/03/26 09:17:06] - Iter: [35][300/391]	Loss 2.304 (2.304)	Prec@1 0.078 (0.101)	
[2025/03/26 09:17:36] - Iter: [35][350/391]	Loss 2.303 (2.304)	Prec@1 0.109 (0.100)	
[2025/03/26 09:18:00] - Evaluating with standard images with random mask...
[2025/03/26 09:18:03] - Evaluating with PGD Attack with random mask...
[2025/03/26 09:24:06] - Test Loss: 2.3048  	 Test Acc: 0.1000  
 PGD Loss: 2.3048 	 PGD Acc: 0.1000 
 Best PGD Acc: 0.1000 	 Test Acc of best PGD ckpt: 0.1000
[2025/03/26 09:24:06] - epoch 36 lr 1.000000e-01
[2025/03/26 09:24:07] - Iter: [36][0/391]	Loss 2.295 (2.295)	Prec@1 0.148 (0.148)	
[2025/03/26 09:24:36] - Iter: [36][50/391]	Loss 2.301 (2.304)	Prec@1 0.109 (0.104)	
[2025/03/26 09:25:06] - Iter: [36][100/391]	Loss 2.307 (2.305)	Prec@1 0.078 (0.101)	
[2025/03/26 09:25:36] - Iter: [36][150/391]	Loss 2.298 (2.304)	Prec@1 0.117 (0.100)	
[2025/03/26 09:26:06] - Iter: [36][200/391]	Loss 2.303 (2.304)	Prec@1 0.102 (0.098)	
[2025/03/26 09:26:35] - Iter: [36][250/391]	Loss 2.299 (2.304)	Prec@1 0.086 (0.096)	
[2025/03/26 09:27:05] - Iter: [36][300/391]	Loss 2.301 (2.305)	Prec@1 0.125 (0.096)	
[2025/03/26 09:27:35] - Iter: [36][350/391]	Loss 2.302 (2.305)	Prec@1 0.117 (0.097)	
[2025/03/26 09:27:59] - Evaluating with standard images with random mask...
[2025/03/26 09:28:02] - Evaluating with PGD Attack with random mask...
[2025/03/26 09:34:04] - Test Loss: 2.3047  	 Test Acc: 0.1000  
 PGD Loss: 2.3047 	 PGD Acc: 0.1000 
 Best PGD Acc: 0.1000 	 Test Acc of best PGD ckpt: 0.1000
[2025/03/26 09:34:04] - epoch 37 lr 1.000000e-01
[2025/03/26 09:34:05] - Iter: [37][0/391]	Loss 2.306 (2.306)	Prec@1 0.102 (0.102)	
[2025/03/26 09:34:35] - Iter: [37][50/391]	Loss 2.312 (2.305)	Prec@1 0.062 (0.093)	
[2025/03/26 09:35:05] - Iter: [37][100/391]	Loss 2.302 (2.305)	Prec@1 0.070 (0.092)	
[2025/03/26 09:35:35] - Iter: [37][150/391]	Loss 2.294 (2.304)	Prec@1 0.125 (0.093)	
[2025/03/26 09:36:05] - Iter: [37][200/391]	Loss 2.309 (2.304)	Prec@1 0.078 (0.094)	
[2025/03/26 09:36:34] - Iter: [37][250/391]	Loss 2.299 (2.304)	Prec@1 0.102 (0.096)	
[2025/03/26 09:37:04] - Iter: [37][300/391]	Loss 2.301 (2.304)	Prec@1 0.109 (0.097)	
[2025/03/26 09:37:34] - Iter: [37][350/391]	Loss 2.305 (2.304)	Prec@1 0.094 (0.097)	
[2025/03/26 09:37:58] - Evaluating with standard images with random mask...
[2025/03/26 09:38:01] - Evaluating with PGD Attack with random mask...
[2025/03/26 09:44:03] - Test Loss: 2.3042  	 Test Acc: 0.1000  
 PGD Loss: 2.3042 	 PGD Acc: 0.1000 
 Best PGD Acc: 0.1000 	 Test Acc of best PGD ckpt: 0.1000
[2025/03/26 09:44:03] - epoch 38 lr 1.000000e-01
[2025/03/26 09:44:04] - Iter: [38][0/391]	Loss 2.302 (2.302)	Prec@1 0.125 (0.125)	
[2025/03/26 09:44:34] - Iter: [38][50/391]	Loss 2.295 (2.304)	Prec@1 0.133 (0.107)	
[2025/03/26 09:45:04] - Iter: [38][100/391]	Loss 2.302 (2.304)	Prec@1 0.117 (0.102)	
[2025/03/26 09:45:34] - Iter: [38][150/391]	Loss 2.310 (2.304)	Prec@1 0.102 (0.102)	
[2025/03/26 09:46:04] - Iter: [38][200/391]	Loss 2.303 (2.304)	Prec@1 0.086 (0.102)	
[2025/03/26 09:46:33] - Iter: [38][250/391]	Loss 2.300 (2.304)	Prec@1 0.109 (0.102)	
[2025/03/26 09:47:03] - Iter: [38][300/391]	Loss 2.299 (2.304)	Prec@1 0.109 (0.102)	
[2025/03/26 09:47:33] - Iter: [38][350/391]	Loss 2.311 (2.304)	Prec@1 0.078 (0.101)	
[2025/03/26 09:47:57] - Evaluating with standard images with random mask...
[2025/03/26 09:48:00] - Evaluating with PGD Attack with random mask...
[2025/03/26 09:54:02] - Test Loss: 2.3035  	 Test Acc: 0.1000  
 PGD Loss: 2.3035 	 PGD Acc: 0.1000 
 Best PGD Acc: 0.1000 	 Test Acc of best PGD ckpt: 0.1000
[2025/03/26 09:54:02] - epoch 39 lr 1.000000e-01
[2025/03/26 09:54:03] - Iter: [39][0/391]	Loss 2.301 (2.301)	Prec@1 0.133 (0.133)	
[2025/03/26 09:54:33] - Iter: [39][50/391]	Loss 2.305 (2.304)	Prec@1 0.102 (0.105)	
[2025/03/26 09:55:03] - Iter: [39][100/391]	Loss 2.300 (2.304)	Prec@1 0.094 (0.103)	
[2025/03/26 09:55:32] - Iter: [39][150/391]	Loss 2.307 (2.304)	Prec@1 0.102 (0.102)	
[2025/03/26 09:56:02] - Iter: [39][200/391]	Loss 2.304 (2.304)	Prec@1 0.094 (0.101)	
[2025/03/26 09:56:32] - Iter: [39][250/391]	Loss 2.299 (2.304)	Prec@1 0.117 (0.101)	
[2025/03/26 09:57:02] - Iter: [39][300/391]	Loss 2.306 (2.304)	Prec@1 0.078 (0.100)	
[2025/03/26 09:57:32] - Iter: [39][350/391]	Loss 2.314 (2.304)	Prec@1 0.109 (0.101)	
[2025/03/26 09:57:55] - Evaluating with standard images with random mask...
[2025/03/26 09:57:58] - Evaluating with PGD Attack with random mask...
[2025/03/26 10:04:01] - Test Loss: 2.3031  	 Test Acc: 0.1000  
 PGD Loss: 2.3031 	 PGD Acc: 0.1000 
 Best PGD Acc: 0.1000 	 Test Acc of best PGD ckpt: 0.1000
[2025/03/26 10:04:01] - epoch 40 lr 1.000000e-01
[2025/03/26 10:04:02] - Iter: [40][0/391]	Loss 2.303 (2.303)	Prec@1 0.094 (0.094)	
[2025/03/26 10:04:32] - Iter: [40][50/391]	Loss 2.304 (2.304)	Prec@1 0.125 (0.101)	
[2025/03/26 10:05:02] - Iter: [40][100/391]	Loss 2.298 (2.304)	Prec@1 0.086 (0.097)	
[2025/03/26 10:05:31] - Iter: [40][150/391]	Loss 2.308 (2.304)	Prec@1 0.125 (0.098)	
[2025/03/26 10:06:01] - Iter: [40][200/391]	Loss 2.306 (2.304)	Prec@1 0.086 (0.097)	
[2025/03/26 10:06:31] - Iter: [40][250/391]	Loss 2.309 (2.304)	Prec@1 0.102 (0.097)	
[2025/03/26 10:07:01] - Iter: [40][300/391]	Loss 2.302 (2.304)	Prec@1 0.109 (0.099)	
[2025/03/26 10:07:30] - Iter: [40][350/391]	Loss 2.303 (2.305)	Prec@1 0.109 (0.098)	
[2025/03/26 10:07:54] - Evaluating with standard images with random mask...
[2025/03/26 10:07:57] - Evaluating with PGD Attack with random mask...
[2025/03/26 10:14:00] - Test Loss: 2.3047  	 Test Acc: 0.1000  
 PGD Loss: 2.3047 	 PGD Acc: 0.1000 
 Best PGD Acc: 0.1000 	 Test Acc of best PGD ckpt: 0.1000
[2025/03/26 10:14:00] - epoch 41 lr 1.000000e-01
[2025/03/26 10:14:01] - Iter: [41][0/391]	Loss 2.300 (2.300)	Prec@1 0.094 (0.094)	
[2025/03/26 10:14:30] - Iter: [41][50/391]	Loss 2.304 (2.305)	Prec@1 0.102 (0.101)	
[2025/03/26 10:15:00] - Iter: [41][100/391]	Loss 2.305 (2.304)	Prec@1 0.133 (0.102)	
[2025/03/26 10:15:30] - Iter: [41][150/391]	Loss 2.304 (2.304)	Prec@1 0.094 (0.100)	
[2025/03/26 10:16:00] - Iter: [41][200/391]	Loss 2.294 (2.304)	Prec@1 0.188 (0.100)	
[2025/03/26 10:16:29] - Iter: [41][250/391]	Loss 2.308 (2.305)	Prec@1 0.078 (0.099)	
[2025/03/26 10:16:59] - Iter: [41][300/391]	Loss 2.306 (2.305)	Prec@1 0.094 (0.099)	
[2025/03/26 10:17:29] - Iter: [41][350/391]	Loss 2.302 (2.305)	Prec@1 0.102 (0.098)	
[2025/03/26 10:17:53] - Evaluating with standard images with random mask...
[2025/03/26 10:17:56] - Evaluating with PGD Attack with random mask...
[2025/03/26 10:23:58] - Test Loss: 2.3044  	 Test Acc: 0.1000  
 PGD Loss: 2.3044 	 PGD Acc: 0.1000 
 Best PGD Acc: 0.1000 	 Test Acc of best PGD ckpt: 0.1000
[2025/03/26 10:23:58] - epoch 42 lr 1.000000e-01
[2025/03/26 10:23:59] - Iter: [42][0/391]	Loss 2.303 (2.303)	Prec@1 0.125 (0.125)	
[2025/03/26 10:24:29] - Iter: [42][50/391]	Loss 2.310 (2.305)	Prec@1 0.078 (0.099)	
[2025/03/26 10:24:59] - Iter: [42][100/391]	Loss 2.292 (2.304)	Prec@1 0.172 (0.097)	
[2025/03/26 10:25:29] - Iter: [42][150/391]	Loss 2.304 (2.305)	Prec@1 0.094 (0.098)	
[2025/03/26 10:25:58] - Iter: [42][200/391]	Loss 2.314 (2.305)	Prec@1 0.062 (0.099)	
[2025/03/26 10:26:28] - Iter: [42][250/391]	Loss 2.313 (2.305)	Prec@1 0.062 (0.099)	
[2025/03/26 10:26:58] - Iter: [42][300/391]	Loss 2.303 (2.305)	Prec@1 0.102 (0.098)	
[2025/03/26 10:27:28] - Iter: [42][350/391]	Loss 2.301 (2.305)	Prec@1 0.117 (0.098)	
[2025/03/26 10:27:51] - Evaluating with standard images with random mask...
[2025/03/26 10:27:54] - Evaluating with PGD Attack with random mask...
[2025/03/26 10:33:57] - Test Loss: 2.3039  	 Test Acc: 0.1000  
 PGD Loss: 2.3039 	 PGD Acc: 0.1000 
 Best PGD Acc: 0.1000 	 Test Acc of best PGD ckpt: 0.1000
[2025/03/26 10:33:57] - epoch 43 lr 1.000000e-01
[2025/03/26 10:33:58] - Iter: [43][0/391]	Loss 2.310 (2.310)	Prec@1 0.070 (0.070)	
[2025/03/26 10:34:27] - Iter: [43][50/391]	Loss 2.304 (2.305)	Prec@1 0.125 (0.099)	
[2025/03/26 10:34:57] - Iter: [43][100/391]	Loss 2.304 (2.305)	Prec@1 0.078 (0.100)	
[2025/03/26 10:35:27] - Iter: [43][150/391]	Loss 2.293 (2.304)	Prec@1 0.141 (0.100)	
[2025/03/26 10:35:57] - Iter: [43][200/391]	Loss 2.306 (2.304)	Prec@1 0.117 (0.100)	
[2025/03/26 10:36:27] - Iter: [43][250/391]	Loss 2.302 (2.305)	Prec@1 0.094 (0.100)	
[2025/03/26 10:36:56] - Iter: [43][300/391]	Loss 2.304 (2.304)	Prec@1 0.094 (0.101)	
[2025/03/26 10:37:26] - Iter: [43][350/391]	Loss 2.306 (2.304)	Prec@1 0.094 (0.101)	
[2025/03/26 10:37:50] - Evaluating with standard images with random mask...
[2025/03/26 10:37:53] - Evaluating with PGD Attack with random mask...
[2025/03/26 10:43:56] - Test Loss: 2.3046  	 Test Acc: 0.1000  
 PGD Loss: 2.3046 	 PGD Acc: 0.1000 
 Best PGD Acc: 0.1000 	 Test Acc of best PGD ckpt: 0.1000
[2025/03/26 10:43:56] - epoch 44 lr 1.000000e-01
[2025/03/26 10:43:56] - Iter: [44][0/391]	Loss 2.306 (2.306)	Prec@1 0.109 (0.109)	
[2025/03/26 10:44:26] - Iter: [44][50/391]	Loss 2.297 (2.304)	Prec@1 0.125 (0.106)	
[2025/03/26 10:44:56] - Iter: [44][100/391]	Loss 2.310 (2.304)	Prec@1 0.070 (0.102)	
[2025/03/26 10:45:26] - Iter: [44][150/391]	Loss 2.299 (2.304)	Prec@1 0.109 (0.100)	
[2025/03/26 10:45:56] - Iter: [44][200/391]	Loss 2.309 (2.304)	Prec@1 0.078 (0.099)	
[2025/03/26 10:46:25] - Iter: [44][250/391]	Loss 2.299 (2.304)	Prec@1 0.125 (0.098)	
[2025/03/26 10:46:55] - Iter: [44][300/391]	Loss 2.306 (2.305)	Prec@1 0.070 (0.099)	
[2025/03/26 10:47:25] - Iter: [44][350/391]	Loss 2.297 (2.305)	Prec@1 0.156 (0.099)	
[2025/03/26 10:47:49] - Evaluating with standard images with random mask...
[2025/03/26 10:47:52] - Evaluating with PGD Attack with random mask...
[2025/03/26 10:53:54] - Test Loss: 2.3051  	 Test Acc: 0.1000  
 PGD Loss: 2.3051 	 PGD Acc: 0.1000 
 Best PGD Acc: 0.1000 	 Test Acc of best PGD ckpt: 0.1000
[2025/03/26 10:53:54] - epoch 45 lr 1.000000e-01
[2025/03/26 10:53:55] - Iter: [45][0/391]	Loss 2.317 (2.317)	Prec@1 0.078 (0.078)	
[2025/03/26 10:54:25] - Iter: [45][50/391]	Loss 2.303 (2.305)	Prec@1 0.094 (0.102)	
[2025/03/26 10:54:55] - Iter: [45][100/391]	Loss 2.301 (2.305)	Prec@1 0.125 (0.102)	
[2025/03/26 10:55:25] - Iter: [45][150/391]	Loss 2.307 (2.305)	Prec@1 0.078 (0.102)	
[2025/03/26 10:55:54] - Iter: [45][200/391]	Loss 2.301 (2.304)	Prec@1 0.078 (0.101)	
[2025/03/26 10:56:24] - Iter: [45][250/391]	Loss 2.299 (2.304)	Prec@1 0.117 (0.101)	
[2025/03/26 10:56:54] - Iter: [45][300/391]	Loss 2.304 (2.305)	Prec@1 0.109 (0.101)	
[2025/03/26 10:57:24] - Iter: [45][350/391]	Loss 2.308 (2.305)	Prec@1 0.125 (0.101)	
[2025/03/26 10:57:48] - Evaluating with standard images with random mask...
[2025/03/26 10:57:50] - Evaluating with PGD Attack with random mask...
[2025/03/26 11:03:53] - Test Loss: 2.3041  	 Test Acc: 0.1000  
 PGD Loss: 2.3041 	 PGD Acc: 0.1000 
 Best PGD Acc: 0.1000 	 Test Acc of best PGD ckpt: 0.1000
[2025/03/26 11:03:53] - epoch 46 lr 1.000000e-01
[2025/03/26 11:03:54] - Iter: [46][0/391]	Loss 2.301 (2.301)	Prec@1 0.125 (0.125)	
[2025/03/26 11:04:24] - Iter: [46][50/391]	Loss 2.297 (2.304)	Prec@1 0.156 (0.102)	
[2025/03/26 11:04:54] - Iter: [46][100/391]	Loss 2.305 (2.304)	Prec@1 0.102 (0.101)	
[2025/03/26 11:05:24] - Iter: [46][150/391]	Loss 2.309 (2.304)	Prec@1 0.078 (0.101)	
[2025/03/26 11:05:54] - Iter: [46][200/391]	Loss 2.305 (2.305)	Prec@1 0.102 (0.099)	
[2025/03/26 11:06:23] - Iter: [46][250/391]	Loss 2.324 (2.304)	Prec@1 0.055 (0.099)	
[2025/03/26 11:06:53] - Iter: [46][300/391]	Loss 2.310 (2.305)	Prec@1 0.117 (0.099)	
[2025/03/26 11:07:23] - Iter: [46][350/391]	Loss 2.304 (2.305)	Prec@1 0.086 (0.099)	
[2025/03/26 11:07:47] - Evaluating with standard images with random mask...
[2025/03/26 11:07:49] - Evaluating with PGD Attack with random mask...
[2025/03/26 11:13:52] - Test Loss: 2.3040  	 Test Acc: 0.1000  
 PGD Loss: 2.3040 	 PGD Acc: 0.1000 
 Best PGD Acc: 0.1000 	 Test Acc of best PGD ckpt: 0.1000
[2025/03/26 11:13:52] - epoch 47 lr 1.000000e-01
[2025/03/26 11:13:53] - Iter: [47][0/391]	Loss 2.299 (2.299)	Prec@1 0.109 (0.109)	
[2025/03/26 11:14:23] - Iter: [47][50/391]	Loss 2.316 (2.304)	Prec@1 0.078 (0.099)	
[2025/03/26 11:14:53] - Iter: [47][100/391]	Loss 2.304 (2.304)	Prec@1 0.094 (0.096)	
[2025/03/26 11:15:23] - Iter: [47][150/391]	Loss 2.302 (2.305)	Prec@1 0.102 (0.097)	
[2025/03/26 11:15:52] - Iter: [47][200/391]	Loss 2.304 (2.304)	Prec@1 0.094 (0.098)	
[2025/03/26 11:16:22] - Iter: [47][250/391]	Loss 2.304 (2.304)	Prec@1 0.133 (0.098)	
[2025/03/26 11:16:52] - Iter: [47][300/391]	Loss 2.303 (2.304)	Prec@1 0.109 (0.098)	
[2025/03/26 11:17:22] - Iter: [47][350/391]	Loss 2.309 (2.304)	Prec@1 0.086 (0.098)	
[2025/03/26 11:17:45] - Evaluating with standard images with random mask...
[2025/03/26 11:17:48] - Evaluating with PGD Attack with random mask...
[2025/03/26 11:23:51] - Test Loss: 2.3038  	 Test Acc: 0.1000  
 PGD Loss: 2.3038 	 PGD Acc: 0.1000 
 Best PGD Acc: 0.1000 	 Test Acc of best PGD ckpt: 0.1000
[2025/03/26 11:23:51] - epoch 48 lr 1.000000e-01
[2025/03/26 11:23:52] - Iter: [48][0/391]	Loss 2.302 (2.302)	Prec@1 0.109 (0.109)	
[2025/03/26 11:24:21] - Iter: [48][50/391]	Loss 2.300 (2.305)	Prec@1 0.141 (0.098)	
[2025/03/26 11:24:51] - Iter: [48][100/391]	Loss 2.297 (2.305)	Prec@1 0.148 (0.098)	
[2025/03/26 11:25:21] - Iter: [48][150/391]	Loss 2.297 (2.305)	Prec@1 0.141 (0.099)	
[2025/03/26 11:25:51] - Iter: [48][200/391]	Loss 2.305 (2.305)	Prec@1 0.125 (0.099)	
[2025/03/26 11:26:20] - Iter: [48][250/391]	Loss 2.306 (2.305)	Prec@1 0.109 (0.099)	
[2025/03/26 11:26:50] - Iter: [48][300/391]	Loss 2.311 (2.305)	Prec@1 0.047 (0.098)	
[2025/03/26 11:27:20] - Iter: [48][350/391]	Loss 2.306 (2.305)	Prec@1 0.070 (0.098)	
[2025/03/26 11:27:44] - Evaluating with standard images with random mask...
[2025/03/26 11:27:47] - Evaluating with PGD Attack with random mask...
[2025/03/26 11:33:49] - Test Loss: 2.3052  	 Test Acc: 0.1000  
 PGD Loss: 2.3052 	 PGD Acc: 0.1000 
 Best PGD Acc: 0.1000 	 Test Acc of best PGD ckpt: 0.1000
[2025/03/26 11:33:49] - epoch 49 lr 1.000000e-01
[2025/03/26 11:33:50] - Iter: [49][0/391]	Loss 2.312 (2.312)	Prec@1 0.094 (0.094)	
[2025/03/26 11:34:20] - Iter: [49][50/391]	Loss 2.304 (2.305)	Prec@1 0.109 (0.102)	
[2025/03/26 11:34:50] - Iter: [49][100/391]	Loss 2.302 (2.305)	Prec@1 0.102 (0.102)	
[2025/03/26 11:35:19] - Iter: [49][150/391]	Loss 2.312 (2.304)	Prec@1 0.117 (0.102)	
[2025/03/26 11:35:49] - Iter: [49][200/391]	Loss 2.298 (2.304)	Prec@1 0.148 (0.102)	
[2025/03/26 11:36:19] - Iter: [49][250/391]	Loss 2.304 (2.304)	Prec@1 0.125 (0.102)	
[2025/03/26 11:36:49] - Iter: [49][300/391]	Loss 2.305 (2.304)	Prec@1 0.070 (0.102)	
[2025/03/26 11:37:19] - Iter: [49][350/391]	Loss 2.308 (2.305)	Prec@1 0.055 (0.101)	
[2025/03/26 11:37:42] - Evaluating with standard images with random mask...
[2025/03/26 11:37:45] - Evaluating with PGD Attack with random mask...
[2025/03/26 11:43:48] - Test Loss: 2.3045  	 Test Acc: 0.1000  
 PGD Loss: 2.3045 	 PGD Acc: 0.1000 
 Best PGD Acc: 0.1000 	 Test Acc of best PGD ckpt: 0.1000
[2025/03/26 11:43:48] - epoch 50 lr 1.000000e-01
[2025/03/26 11:43:48] - Iter: [50][0/391]	Loss 2.304 (2.304)	Prec@1 0.078 (0.078)	
[2025/03/26 11:44:18] - Iter: [50][50/391]	Loss 2.305 (2.305)	Prec@1 0.141 (0.099)	
[2025/03/26 11:44:48] - Iter: [50][100/391]	Loss 2.307 (2.305)	Prec@1 0.039 (0.098)	
[2025/03/26 11:45:18] - Iter: [50][150/391]	Loss 2.301 (2.304)	Prec@1 0.109 (0.100)	
[2025/03/26 11:45:48] - Iter: [50][200/391]	Loss 2.308 (2.304)	Prec@1 0.125 (0.100)	
[2025/03/26 11:46:18] - Iter: [50][250/391]	Loss 2.308 (2.304)	Prec@1 0.117 (0.102)	
[2025/03/26 11:46:47] - Iter: [50][300/391]	Loss 2.315 (2.304)	Prec@1 0.055 (0.102)	
[2025/03/26 11:47:17] - Iter: [50][350/391]	Loss 2.309 (2.304)	Prec@1 0.117 (0.102)	
[2025/03/26 11:47:41] - Evaluating with standard images with random mask...
[2025/03/26 11:47:44] - Evaluating with PGD Attack with random mask...
[2025/03/26 11:53:47] - Test Loss: 2.3040  	 Test Acc: 0.1000  
 PGD Loss: 2.3040 	 PGD Acc: 0.1000 
 Best PGD Acc: 0.1000 	 Test Acc of best PGD ckpt: 0.1000
[2025/03/26 11:53:47] - epoch 51 lr 1.000000e-01
[2025/03/26 11:53:47] - Iter: [51][0/391]	Loss 2.301 (2.301)	Prec@1 0.102 (0.102)	
[2025/03/26 11:54:17] - Iter: [51][50/391]	Loss 2.298 (2.304)	Prec@1 0.086 (0.101)	
[2025/03/26 11:54:47] - Iter: [51][100/391]	Loss 2.310 (2.304)	Prec@1 0.070 (0.101)	
[2025/03/26 11:55:17] - Iter: [51][150/391]	Loss 2.302 (2.304)	Prec@1 0.117 (0.102)	
[2025/03/26 11:55:47] - Iter: [51][200/391]	Loss 2.295 (2.304)	Prec@1 0.148 (0.102)	
[2025/03/26 11:56:17] - Iter: [51][250/391]	Loss 2.300 (2.304)	Prec@1 0.148 (0.101)	
[2025/03/26 11:56:46] - Iter: [51][300/391]	Loss 2.310 (2.304)	Prec@1 0.086 (0.101)	
[2025/03/26 11:57:16] - Iter: [51][350/391]	Loss 2.298 (2.304)	Prec@1 0.109 (0.101)	
[2025/03/26 11:57:40] - Evaluating with standard images with random mask...
[2025/03/26 11:57:43] - Evaluating with PGD Attack with random mask...
[2025/03/26 12:04:46] - Test Loss: 2.3045  	 Test Acc: 0.1000  
 PGD Loss: 2.3045 	 PGD Acc: 0.1000 
 Best PGD Acc: 0.1000 	 Test Acc of best PGD ckpt: 0.1000
[2025/03/26 12:04:46] - epoch 52 lr 1.000000e-01
[2025/03/26 12:05:31] - Iter: [52][0/391]	Loss 2.306 (2.306)	Prec@1 0.109 (0.109)	
[2025/03/26 12:07:41] - Iter: [52][50/391]	Loss 2.311 (2.305)	Prec@1 0.039 (0.095)	
[2025/03/26 12:11:58] - Iter: [52][100/391]	Loss 2.305 (2.304)	Prec@1 0.094 (0.101)	
[2025/03/26 12:12:27] - Iter: [52][150/391]	Loss 2.300 (2.305)	Prec@1 0.102 (0.099)	
[2025/03/26 12:12:57] - Iter: [52][200/391]	Loss 2.302 (2.304)	Prec@1 0.102 (0.099)	
[2025/03/26 12:13:27] - Iter: [52][250/391]	Loss 2.301 (2.304)	Prec@1 0.102 (0.100)	
[2025/03/26 12:13:57] - Iter: [52][300/391]	Loss 2.304 (2.304)	Prec@1 0.125 (0.101)	
[2025/03/26 12:14:27] - Iter: [52][350/391]	Loss 2.298 (2.304)	Prec@1 0.125 (0.100)	
[2025/03/26 12:14:50] - Evaluating with standard images with random mask...
[2025/03/26 12:14:53] - Evaluating with PGD Attack with random mask...
[2025/03/26 12:20:56] - Test Loss: 2.3042  	 Test Acc: 0.1000  
 PGD Loss: 2.3042 	 PGD Acc: 0.1000 
 Best PGD Acc: 0.1000 	 Test Acc of best PGD ckpt: 0.1000
[2025/03/26 12:20:56] - epoch 53 lr 1.000000e-01
[2025/03/26 12:20:57] - Iter: [53][0/391]	Loss 2.308 (2.308)	Prec@1 0.086 (0.086)	
[2025/03/26 12:21:27] - Iter: [53][50/391]	Loss 2.312 (2.304)	Prec@1 0.094 (0.102)	
[2025/03/26 12:21:56] - Iter: [53][100/391]	Loss 2.308 (2.304)	Prec@1 0.078 (0.101)	
[2025/03/26 12:22:26] - Iter: [53][150/391]	Loss 2.303 (2.304)	Prec@1 0.078 (0.101)	
[2025/03/26 12:22:56] - Iter: [53][200/391]	Loss 2.304 (2.304)	Prec@1 0.125 (0.100)	
[2025/03/26 12:23:26] - Iter: [53][250/391]	Loss 2.308 (2.304)	Prec@1 0.055 (0.101)	
[2025/03/26 12:23:56] - Iter: [53][300/391]	Loss 2.304 (2.304)	Prec@1 0.133 (0.100)	
[2025/03/26 12:24:25] - Iter: [53][350/391]	Loss 2.310 (2.304)	Prec@1 0.109 (0.099)	
[2025/03/26 12:24:49] - Evaluating with standard images with random mask...
[2025/03/26 12:24:52] - Evaluating with PGD Attack with random mask...
[2025/03/26 12:30:55] - Test Loss: 2.3039  	 Test Acc: 0.1000  
 PGD Loss: 2.3039 	 PGD Acc: 0.1000 
 Best PGD Acc: 0.1000 	 Test Acc of best PGD ckpt: 0.1000
[2025/03/26 12:30:55] - epoch 54 lr 1.000000e-01
[2025/03/26 12:30:56] - Iter: [54][0/391]	Loss 2.309 (2.309)	Prec@1 0.102 (0.102)	
[2025/03/26 12:31:26] - Iter: [54][50/391]	Loss 2.303 (2.305)	Prec@1 0.117 (0.097)	
[2025/03/26 12:31:56] - Iter: [54][100/391]	Loss 2.305 (2.305)	Prec@1 0.086 (0.097)	
[2025/03/26 12:32:25] - Iter: [54][150/391]	Loss 2.308 (2.305)	Prec@1 0.133 (0.098)	
[2025/03/26 12:32:55] - Iter: [54][200/391]	Loss 2.311 (2.304)	Prec@1 0.086 (0.098)	
[2025/03/26 12:33:25] - Iter: [54][250/391]	Loss 2.309 (2.304)	Prec@1 0.086 (0.099)	
[2025/03/26 12:33:55] - Iter: [54][300/391]	Loss 2.312 (2.304)	Prec@1 0.070 (0.098)	
[2025/03/26 12:34:25] - Iter: [54][350/391]	Loss 2.312 (2.305)	Prec@1 0.062 (0.099)	
[2025/03/26 12:34:48] - Evaluating with standard images with random mask...
[2025/03/26 12:34:51] - Evaluating with PGD Attack with random mask...
[2025/03/26 12:40:54] - Test Loss: 2.3047  	 Test Acc: 0.1000  
 PGD Loss: 2.3047 	 PGD Acc: 0.1000 
 Best PGD Acc: 0.1000 	 Test Acc of best PGD ckpt: 0.1000
[2025/03/26 12:40:54] - epoch 55 lr 1.000000e-01
[2025/03/26 12:40:55] - Iter: [55][0/391]	Loss 2.304 (2.304)	Prec@1 0.117 (0.117)	
[2025/03/26 12:41:25] - Iter: [55][50/391]	Loss 2.303 (2.305)	Prec@1 0.086 (0.097)	
[2025/03/26 12:41:55] - Iter: [55][100/391]	Loss 2.305 (2.305)	Prec@1 0.078 (0.096)	
[2025/03/26 12:42:25] - Iter: [55][150/391]	Loss 2.304 (2.305)	Prec@1 0.086 (0.098)	
[2025/03/26 12:42:54] - Iter: [55][200/391]	Loss 2.309 (2.305)	Prec@1 0.109 (0.097)	
[2025/03/26 12:43:24] - Iter: [55][250/391]	Loss 2.293 (2.305)	Prec@1 0.164 (0.099)	
[2025/03/26 12:43:54] - Iter: [55][300/391]	Loss 2.307 (2.305)	Prec@1 0.086 (0.098)	
[2025/03/26 12:44:24] - Iter: [55][350/391]	Loss 2.298 (2.305)	Prec@1 0.102 (0.099)	
[2025/03/26 12:44:48] - Evaluating with standard images with random mask...
[2025/03/26 12:44:50] - Evaluating with PGD Attack with random mask...
[2025/03/26 12:50:54] - Test Loss: 2.3046  	 Test Acc: 0.1000  
 PGD Loss: 2.3046 	 PGD Acc: 0.1000 
 Best PGD Acc: 0.1000 	 Test Acc of best PGD ckpt: 0.1000
[2025/03/26 12:50:54] - epoch 56 lr 1.000000e-01
[2025/03/26 12:50:54] - Iter: [56][0/391]	Loss 2.297 (2.297)	Prec@1 0.156 (0.156)	
[2025/03/26 12:51:24] - Iter: [56][50/391]	Loss 2.307 (2.304)	Prec@1 0.141 (0.100)	
[2025/03/26 12:51:54] - Iter: [56][100/391]	Loss 2.305 (2.305)	Prec@1 0.094 (0.098)	
[2025/03/26 12:52:24] - Iter: [56][150/391]	Loss 2.292 (2.304)	Prec@1 0.180 (0.100)	
[2025/03/26 12:52:54] - Iter: [56][200/391]	Loss 2.316 (2.304)	Prec@1 0.078 (0.099)	
[2025/03/26 12:53:24] - Iter: [56][250/391]	Loss 2.305 (2.305)	Prec@1 0.070 (0.098)	
[2025/03/26 12:53:53] - Iter: [56][300/391]	Loss 2.292 (2.304)	Prec@1 0.141 (0.098)	
[2025/03/26 12:54:23] - Iter: [56][350/391]	Loss 2.302 (2.304)	Prec@1 0.102 (0.099)	
[2025/03/26 12:54:47] - Evaluating with standard images with random mask...
[2025/03/26 12:54:50] - Evaluating with PGD Attack with random mask...
[2025/03/26 13:00:53] - Test Loss: 2.3046  	 Test Acc: 0.1000  
 PGD Loss: 2.3046 	 PGD Acc: 0.1000 
 Best PGD Acc: 0.1000 	 Test Acc of best PGD ckpt: 0.1000
[2025/03/26 13:00:53] - epoch 57 lr 1.000000e-01
[2025/03/26 13:00:54] - Iter: [57][0/391]	Loss 2.306 (2.306)	Prec@1 0.102 (0.102)	
[2025/03/26 13:01:24] - Iter: [57][50/391]	Loss 2.310 (2.304)	Prec@1 0.078 (0.097)	
[2025/03/26 13:01:53] - Iter: [57][100/391]	Loss 2.290 (2.304)	Prec@1 0.133 (0.101)	
[2025/03/26 13:02:23] - Iter: [57][150/391]	Loss 2.305 (2.304)	Prec@1 0.078 (0.099)	
[2025/03/26 13:02:53] - Iter: [57][200/391]	Loss 2.300 (2.304)	Prec@1 0.125 (0.100)	
[2025/03/26 13:03:23] - Iter: [57][250/391]	Loss 2.302 (2.304)	Prec@1 0.094 (0.100)	
[2025/03/26 13:03:53] - Iter: [57][300/391]	Loss 2.307 (2.304)	Prec@1 0.102 (0.100)	
[2025/03/26 13:04:23] - Iter: [57][350/391]	Loss 2.309 (2.304)	Prec@1 0.094 (0.100)	
[2025/03/26 13:04:46] - Evaluating with standard images with random mask...
[2025/03/26 13:04:49] - Evaluating with PGD Attack with random mask...
[2025/03/26 13:10:52] - Test Loss: 2.3037  	 Test Acc: 0.1000  
 PGD Loss: 2.3037 	 PGD Acc: 0.1000 
 Best PGD Acc: 0.1000 	 Test Acc of best PGD ckpt: 0.1000
[2025/03/26 13:10:52] - epoch 58 lr 1.000000e-01
[2025/03/26 13:10:53] - Iter: [58][0/391]	Loss 2.310 (2.310)	Prec@1 0.070 (0.070)	
[2025/03/26 13:11:23] - Iter: [58][50/391]	Loss 2.297 (2.304)	Prec@1 0.102 (0.100)	
[2025/03/26 13:11:53] - Iter: [58][100/391]	Loss 2.311 (2.304)	Prec@1 0.078 (0.103)	
[2025/03/26 13:12:23] - Iter: [58][150/391]	Loss 2.300 (2.304)	Prec@1 0.148 (0.100)	
[2025/03/26 13:12:53] - Iter: [58][200/391]	Loss 2.301 (2.304)	Prec@1 0.094 (0.100)	
[2025/03/26 13:13:23] - Iter: [58][250/391]	Loss 2.308 (2.304)	Prec@1 0.070 (0.100)	
[2025/03/26 13:13:53] - Iter: [58][300/391]	Loss 2.313 (2.304)	Prec@1 0.078 (0.100)	
[2025/03/26 13:14:22] - Iter: [58][350/391]	Loss 2.312 (2.304)	Prec@1 0.055 (0.100)	
[2025/03/26 13:14:46] - Evaluating with standard images with random mask...
[2025/03/26 13:14:49] - Evaluating with PGD Attack with random mask...
[2025/03/26 13:20:52] - Test Loss: 2.3054  	 Test Acc: 0.1000  
 PGD Loss: 2.3054 	 PGD Acc: 0.1000 
 Best PGD Acc: 0.1000 	 Test Acc of best PGD ckpt: 0.1000
[2025/03/26 13:20:52] - epoch 59 lr 1.000000e-03
[2025/03/26 13:20:53] - Iter: [59][0/391]	Loss 2.308 (2.308)	Prec@1 0.109 (0.109)	
[2025/03/26 13:21:23] - Iter: [59][50/391]	Loss 2.295 (2.305)	Prec@1 0.109 (0.102)	
[2025/03/26 13:21:52] - Iter: [59][100/391]	Loss 2.305 (2.304)	Prec@1 0.086 (0.098)	
[2025/03/26 13:22:22] - Iter: [59][150/391]	Loss 2.302 (2.304)	Prec@1 0.109 (0.098)	
[2025/03/26 13:22:52] - Iter: [59][200/391]	Loss 2.303 (2.304)	Prec@1 0.078 (0.097)	
[2025/03/26 13:23:22] - Iter: [59][250/391]	Loss 2.303 (2.304)	Prec@1 0.086 (0.096)	
[2025/03/26 13:23:52] - Iter: [59][300/391]	Loss 2.303 (2.303)	Prec@1 0.094 (0.096)	
[2025/03/26 13:24:22] - Iter: [59][350/391]	Loss 2.303 (2.303)	Prec@1 0.086 (0.096)	
[2025/03/26 13:24:45] - Evaluating with standard images with random mask...
[2025/03/26 13:24:48] - Evaluating with PGD Attack with random mask...
[2025/03/26 13:30:51] - Test Loss: 2.3026  	 Test Acc: 0.1000  
 PGD Loss: 2.3026 	 PGD Acc: 0.1000 
 Best PGD Acc: 0.1000 	 Test Acc of best PGD ckpt: 0.1000
[2025/03/26 13:30:51] - epoch 60 lr 1.000000e-02
[2025/03/26 13:30:52] - Iter: [60][0/391]	Loss 2.302 (2.302)	Prec@1 0.070 (0.070)	
[2025/03/26 13:31:22] - Iter: [60][50/391]	Loss 2.302 (2.303)	Prec@1 0.086 (0.100)	
[2025/03/26 13:31:52] - Iter: [60][100/391]	Loss 2.302 (2.303)	Prec@1 0.102 (0.097)	
[2025/03/26 13:32:22] - Iter: [60][150/391]	Loss 2.304 (2.303)	Prec@1 0.078 (0.100)	
[2025/03/26 13:32:51] - Iter: [60][200/391]	Loss 2.302 (2.303)	Prec@1 0.125 (0.099)	
[2025/03/26 13:33:21] - Iter: [60][250/391]	Loss 2.300 (2.303)	Prec@1 0.148 (0.100)	
[2025/03/26 13:33:51] - Iter: [60][300/391]	Loss 2.304 (2.303)	Prec@1 0.070 (0.099)	
[2025/03/26 13:34:21] - Iter: [60][350/391]	Loss 2.303 (2.303)	Prec@1 0.109 (0.098)	
[2025/03/26 13:34:45] - Evaluating with standard images with random mask...
[2025/03/26 13:34:48] - Evaluating with PGD Attack with random mask...
[2025/03/26 13:40:50] - Test Loss: 2.3026  	 Test Acc: 0.1000  
 PGD Loss: 2.3026 	 PGD Acc: 0.1000 
 Best PGD Acc: 0.1000 	 Test Acc of best PGD ckpt: 0.1000
[2025/03/26 13:40:50] - epoch 61 lr 1.000000e-02
[2025/03/26 13:40:51] - Iter: [61][0/391]	Loss 2.303 (2.303)	Prec@1 0.055 (0.055)	
[2025/03/26 13:41:21] - Iter: [61][50/391]	Loss 2.301 (2.303)	Prec@1 0.094 (0.095)	
[2025/03/26 13:41:51] - Iter: [61][100/391]	Loss 2.305 (2.303)	Prec@1 0.086 (0.103)	
[2025/03/26 13:42:21] - Iter: [61][150/391]	Loss 2.303 (2.303)	Prec@1 0.109 (0.100)	
[2025/03/26 13:42:51] - Iter: [61][200/391]	Loss 2.302 (2.303)	Prec@1 0.086 (0.100)	
[2025/03/26 13:43:20] - Iter: [61][250/391]	Loss 2.303 (2.303)	Prec@1 0.086 (0.100)	
[2025/03/26 13:43:50] - Iter: [61][300/391]	Loss 2.304 (2.303)	Prec@1 0.078 (0.099)	
[2025/03/26 13:44:20] - Iter: [61][350/391]	Loss 2.303 (2.303)	Prec@1 0.094 (0.100)	
[2025/03/26 13:44:44] - Evaluating with standard images with random mask...
[2025/03/26 13:44:47] - Evaluating with PGD Attack with random mask...
[2025/03/26 13:50:50] - Test Loss: 2.3026  	 Test Acc: 0.1000  
 PGD Loss: 2.3026 	 PGD Acc: 0.1000 
 Best PGD Acc: 0.1000 	 Test Acc of best PGD ckpt: 0.1000
[2025/03/26 13:50:50] - epoch 62 lr 1.000000e-02
[2025/03/26 13:50:51] - Iter: [62][0/391]	Loss 2.304 (2.304)	Prec@1 0.078 (0.078)	
[2025/03/26 13:51:20] - Iter: [62][50/391]	Loss 2.302 (2.303)	Prec@1 0.102 (0.103)	
[2025/03/26 13:51:50] - Iter: [62][100/391]	Loss 2.301 (2.303)	Prec@1 0.148 (0.101)	
[2025/03/26 13:52:20] - Iter: [62][150/391]	Loss 2.304 (2.303)	Prec@1 0.070 (0.101)	
[2025/03/26 13:52:50] - Iter: [62][200/391]	Loss 2.301 (2.303)	Prec@1 0.117 (0.101)	
[2025/03/26 13:53:20] - Iter: [62][250/391]	Loss 2.305 (2.303)	Prec@1 0.109 (0.101)	
[2025/03/26 13:53:50] - Iter: [62][300/391]	Loss 2.300 (2.303)	Prec@1 0.141 (0.101)	
[2025/03/26 13:54:19] - Iter: [62][350/391]	Loss 2.307 (2.303)	Prec@1 0.062 (0.100)	
[2025/03/26 13:54:43] - Evaluating with standard images with random mask...
[2025/03/26 13:54:46] - Evaluating with PGD Attack with random mask...
[2025/03/26 14:00:49] - Test Loss: 2.3027  	 Test Acc: 0.1000  
 PGD Loss: 2.3027 	 PGD Acc: 0.1000 
 Best PGD Acc: 0.1000 	 Test Acc of best PGD ckpt: 0.1000
[2025/03/26 14:00:49] - epoch 63 lr 1.000000e-02
[2025/03/26 14:00:50] - Iter: [63][0/391]	Loss 2.302 (2.302)	Prec@1 0.117 (0.117)	
[2025/03/26 14:01:20] - Iter: [63][50/391]	Loss 2.304 (2.303)	Prec@1 0.109 (0.103)	
[2025/03/26 14:01:50] - Iter: [63][100/391]	Loss 2.304 (2.303)	Prec@1 0.070 (0.101)	
[2025/03/26 14:02:19] - Iter: [63][150/391]	Loss 2.302 (2.303)	Prec@1 0.148 (0.102)	
[2025/03/26 14:02:49] - Iter: [63][200/391]	Loss 2.304 (2.303)	Prec@1 0.109 (0.101)	
[2025/03/26 14:03:19] - Iter: [63][250/391]	Loss 2.303 (2.303)	Prec@1 0.086 (0.101)	
[2025/03/26 14:03:49] - Iter: [63][300/391]	Loss 2.303 (2.303)	Prec@1 0.133 (0.100)	
[2025/03/26 14:04:19] - Iter: [63][350/391]	Loss 2.304 (2.303)	Prec@1 0.078 (0.100)	
[2025/03/26 14:04:42] - Evaluating with standard images with random mask...
[2025/03/26 14:04:45] - Evaluating with PGD Attack with random mask...
[2025/03/26 14:10:48] - Test Loss: 2.3026  	 Test Acc: 0.1000  
 PGD Loss: 2.3026 	 PGD Acc: 0.1000 
 Best PGD Acc: 0.1000 	 Test Acc of best PGD ckpt: 0.1000
[2025/03/26 14:10:48] - epoch 64 lr 1.000000e-02
[2025/03/26 14:10:49] - Iter: [64][0/391]	Loss 2.302 (2.302)	Prec@1 0.125 (0.125)	
[2025/03/26 14:11:19] - Iter: [64][50/391]	Loss 2.302 (2.303)	Prec@1 0.102 (0.096)	
[2025/03/26 14:11:49] - Iter: [64][100/391]	Loss 2.304 (2.303)	Prec@1 0.086 (0.100)	
[2025/03/26 14:12:19] - Iter: [64][150/391]	Loss 2.300 (2.303)	Prec@1 0.117 (0.101)	
[2025/03/26 14:12:49] - Iter: [64][200/391]	Loss 2.304 (2.303)	Prec@1 0.047 (0.100)	
[2025/03/26 14:13:19] - Iter: [64][250/391]	Loss 2.303 (2.303)	Prec@1 0.125 (0.100)	
[2025/03/26 14:13:49] - Iter: [64][300/391]	Loss 2.302 (2.303)	Prec@1 0.125 (0.099)	
[2025/03/26 14:14:18] - Iter: [64][350/391]	Loss 2.300 (2.303)	Prec@1 0.180 (0.099)	
[2025/03/26 14:14:42] - Evaluating with standard images with random mask...
[2025/03/26 14:14:45] - Evaluating with PGD Attack with random mask...
[2025/03/26 14:20:48] - Test Loss: 2.3028  	 Test Acc: 0.1000  
 PGD Loss: 2.3028 	 PGD Acc: 0.1000 
 Best PGD Acc: 0.1000 	 Test Acc of best PGD ckpt: 0.1000
[2025/03/26 14:20:48] - epoch 65 lr 1.000000e-02
[2025/03/26 14:20:49] - Iter: [65][0/391]	Loss 2.300 (2.300)	Prec@1 0.141 (0.141)	
[2025/03/26 14:21:19] - Iter: [65][50/391]	Loss 2.303 (2.303)	Prec@1 0.102 (0.104)	
[2025/03/26 14:21:49] - Iter: [65][100/391]	Loss 2.303 (2.303)	Prec@1 0.094 (0.099)	
[2025/03/26 14:22:18] - Iter: [65][150/391]	Loss 2.300 (2.303)	Prec@1 0.188 (0.100)	
[2025/03/26 14:22:48] - Iter: [65][200/391]	Loss 2.305 (2.303)	Prec@1 0.094 (0.099)	
[2025/03/26 14:23:18] - Iter: [65][250/391]	Loss 2.305 (2.303)	Prec@1 0.078 (0.099)	
[2025/03/26 14:23:48] - Iter: [65][300/391]	Loss 2.303 (2.303)	Prec@1 0.117 (0.100)	
[2025/03/26 14:24:18] - Iter: [65][350/391]	Loss 2.301 (2.303)	Prec@1 0.141 (0.099)	
[2025/03/26 14:24:42] - Evaluating with standard images with random mask...
[2025/03/26 14:24:44] - Evaluating with PGD Attack with random mask...
[2025/03/26 14:30:47] - Test Loss: 2.3027  	 Test Acc: 0.1000  
 PGD Loss: 2.3027 	 PGD Acc: 0.1000 
 Best PGD Acc: 0.1000 	 Test Acc of best PGD ckpt: 0.1000
[2025/03/26 14:30:47] - epoch 66 lr 1.000000e-02
[2025/03/26 14:30:48] - Iter: [66][0/391]	Loss 2.302 (2.302)	Prec@1 0.156 (0.156)	
[2025/03/26 14:31:18] - Iter: [66][50/391]	Loss 2.302 (2.303)	Prec@1 0.102 (0.102)	
[2025/03/26 14:31:48] - Iter: [66][100/391]	Loss 2.306 (2.303)	Prec@1 0.102 (0.102)	
[2025/03/26 14:32:18] - Iter: [66][150/391]	Loss 2.302 (2.303)	Prec@1 0.078 (0.100)	
[2025/03/26 14:32:48] - Iter: [66][200/391]	Loss 2.302 (2.303)	Prec@1 0.109 (0.100)	
[2025/03/26 14:33:18] - Iter: [66][250/391]	Loss 2.301 (2.303)	Prec@1 0.086 (0.099)	
[2025/03/26 14:33:47] - Iter: [66][300/391]	Loss 2.303 (2.303)	Prec@1 0.102 (0.099)	
[2025/03/26 14:34:17] - Iter: [66][350/391]	Loss 2.302 (2.303)	Prec@1 0.078 (0.098)	
[2025/03/26 14:34:41] - Evaluating with standard images with random mask...
[2025/03/26 14:34:44] - Evaluating with PGD Attack with random mask...
[2025/03/26 14:40:47] - Test Loss: 2.3028  	 Test Acc: 0.1000  
 PGD Loss: 2.3028 	 PGD Acc: 0.1000 
 Best PGD Acc: 0.1000 	 Test Acc of best PGD ckpt: 0.1000
[2025/03/26 14:40:47] - epoch 67 lr 1.000000e-02
[2025/03/26 14:40:48] - Iter: [67][0/391]	Loss 2.301 (2.301)	Prec@1 0.164 (0.164)	
[2025/03/26 14:41:17] - Iter: [67][50/391]	Loss 2.304 (2.303)	Prec@1 0.070 (0.098)	
[2025/03/26 14:41:47] - Iter: [67][100/391]	Loss 2.304 (2.303)	Prec@1 0.070 (0.100)	
[2025/03/26 14:42:17] - Iter: [67][150/391]	Loss 2.302 (2.303)	Prec@1 0.125 (0.097)	
[2025/03/26 14:42:47] - Iter: [67][200/391]	Loss 2.302 (2.303)	Prec@1 0.141 (0.098)	
[2025/03/26 14:43:17] - Iter: [67][250/391]	Loss 2.302 (2.303)	Prec@1 0.117 (0.098)	
[2025/03/26 14:43:47] - Iter: [67][300/391]	Loss 2.303 (2.303)	Prec@1 0.109 (0.098)	
[2025/03/26 14:44:17] - Iter: [67][350/391]	Loss 2.301 (2.303)	Prec@1 0.156 (0.099)	
[2025/03/26 14:44:40] - Evaluating with standard images with random mask...
[2025/03/26 14:44:43] - Evaluating with PGD Attack with random mask...
[2025/03/26 14:50:46] - Test Loss: 2.3026  	 Test Acc: 0.1000  
 PGD Loss: 2.3026 	 PGD Acc: 0.1000 
 Best PGD Acc: 0.1000 	 Test Acc of best PGD ckpt: 0.1000
[2025/03/26 14:50:46] - epoch 68 lr 1.000000e-02
[2025/03/26 14:50:47] - Iter: [68][0/391]	Loss 2.304 (2.304)	Prec@1 0.102 (0.102)	
[2025/03/26 14:51:17] - Iter: [68][50/391]	Loss 2.300 (2.303)	Prec@1 0.125 (0.104)	
[2025/03/26 14:51:47] - Iter: [68][100/391]	Loss 2.301 (2.303)	Prec@1 0.141 (0.103)	
[2025/03/26 14:52:17] - Iter: [68][150/391]	Loss 2.300 (2.303)	Prec@1 0.133 (0.100)	
[2025/03/26 14:52:47] - Iter: [68][200/391]	Loss 2.301 (2.303)	Prec@1 0.148 (0.101)	
[2025/03/26 14:53:16] - Iter: [68][250/391]	Loss 2.306 (2.303)	Prec@1 0.094 (0.101)	
[2025/03/26 14:53:46] - Iter: [68][300/391]	Loss 2.303 (2.303)	Prec@1 0.102 (0.100)	
[2025/03/26 14:54:16] - Iter: [68][350/391]	Loss 2.304 (2.303)	Prec@1 0.094 (0.101)	
[2025/03/26 14:54:40] - Evaluating with standard images with random mask...
[2025/03/26 14:54:43] - Evaluating with PGD Attack with random mask...
[2025/03/26 15:00:46] - Test Loss: 2.3026  	 Test Acc: 0.1000  
 PGD Loss: 2.3026 	 PGD Acc: 0.1000 
 Best PGD Acc: 0.1000 	 Test Acc of best PGD ckpt: 0.1000
[2025/03/26 15:00:46] - epoch 69 lr 1.000000e-02
[2025/03/26 15:00:47] - Iter: [69][0/391]	Loss 2.303 (2.303)	Prec@1 0.086 (0.086)	
[2025/03/26 15:01:17] - Iter: [69][50/391]	Loss 2.301 (2.303)	Prec@1 0.109 (0.096)	
[2025/03/26 15:01:47] - Iter: [69][100/391]	Loss 2.303 (2.303)	Prec@1 0.102 (0.099)	
[2025/03/26 15:02:17] - Iter: [69][150/391]	Loss 2.304 (2.303)	Prec@1 0.062 (0.098)	
[2025/03/26 15:02:47] - Iter: [69][200/391]	Loss 2.302 (2.303)	Prec@1 0.117 (0.098)	
[2025/03/26 15:03:17] - Iter: [69][250/391]	Loss 2.304 (2.303)	Prec@1 0.094 (0.099)	
[2025/03/26 15:03:46] - Iter: [69][300/391]	Loss 2.304 (2.303)	Prec@1 0.094 (0.098)	
[2025/03/26 15:04:16] - Iter: [69][350/391]	Loss 2.303 (2.303)	Prec@1 0.109 (0.098)	
[2025/03/26 15:04:40] - Evaluating with standard images with random mask...
[2025/03/26 15:04:43] - Evaluating with PGD Attack with random mask...
[2025/03/26 15:10:46] - Test Loss: 2.3027  	 Test Acc: 0.1000  
 PGD Loss: 2.3027 	 PGD Acc: 0.1000 
 Best PGD Acc: 0.1000 	 Test Acc of best PGD ckpt: 0.1000
[2025/03/26 15:10:46] - epoch 70 lr 1.000000e-02
[2025/03/26 15:10:47] - Iter: [70][0/391]	Loss 2.304 (2.304)	Prec@1 0.070 (0.070)	
[2025/03/26 15:11:17] - Iter: [70][50/391]	Loss 2.302 (2.303)	Prec@1 0.125 (0.100)	
[2025/03/26 15:11:46] - Iter: [70][100/391]	Loss 2.302 (2.303)	Prec@1 0.102 (0.098)	
[2025/03/26 15:12:16] - Iter: [70][150/391]	Loss 2.304 (2.303)	Prec@1 0.086 (0.100)	
[2025/03/26 15:12:46] - Iter: [70][200/391]	Loss 2.302 (2.303)	Prec@1 0.094 (0.098)	
[2025/03/26 15:13:16] - Iter: [70][250/391]	Loss 2.303 (2.303)	Prec@1 0.125 (0.098)	
[2025/03/26 15:13:46] - Iter: [70][300/391]	Loss 2.301 (2.303)	Prec@1 0.117 (0.099)	
[2025/03/26 15:14:16] - Iter: [70][350/391]	Loss 2.303 (2.303)	Prec@1 0.094 (0.098)	
[2025/03/26 15:14:39] - Evaluating with standard images with random mask...
[2025/03/26 15:14:42] - Evaluating with PGD Attack with random mask...
[2025/03/26 15:20:45] - Test Loss: 2.3026  	 Test Acc: 0.1000  
 PGD Loss: 2.3026 	 PGD Acc: 0.1000 
 Best PGD Acc: 0.1000 	 Test Acc of best PGD ckpt: 0.1000
[2025/03/26 15:20:45] - epoch 71 lr 1.000000e-02
[2025/03/26 15:20:46] - Iter: [71][0/391]	Loss 2.302 (2.302)	Prec@1 0.125 (0.125)	
[2025/03/26 15:21:16] - Iter: [71][50/391]	Loss 2.302 (2.302)	Prec@1 0.086 (0.097)	
[2025/03/26 15:21:46] - Iter: [71][100/391]	Loss 2.303 (2.303)	Prec@1 0.086 (0.097)	
[2025/03/26 15:22:16] - Iter: [71][150/391]	Loss 2.304 (2.303)	Prec@1 0.062 (0.097)	
[2025/03/26 15:22:46] - Iter: [71][200/391]	Loss 2.302 (2.303)	Prec@1 0.094 (0.097)	
[2025/03/26 15:23:15] - Iter: [71][250/391]	Loss 2.303 (2.303)	Prec@1 0.102 (0.097)	
[2025/03/26 15:23:45] - Iter: [71][300/391]	Loss 2.302 (2.303)	Prec@1 0.133 (0.097)	
[2025/03/26 15:24:15] - Iter: [71][350/391]	Loss 2.304 (2.303)	Prec@1 0.039 (0.097)	
[2025/03/26 15:24:39] - Evaluating with standard images with random mask...
[2025/03/26 15:24:42] - Evaluating with PGD Attack with random mask...
[2025/03/26 15:30:45] - Test Loss: 2.3026  	 Test Acc: 0.1000  
 PGD Loss: 2.3026 	 PGD Acc: 0.1000 
 Best PGD Acc: 0.1000 	 Test Acc of best PGD ckpt: 0.1000
[2025/03/26 15:30:45] - epoch 72 lr 1.000000e-02
[2025/03/26 15:30:45] - Iter: [72][0/391]	Loss 2.303 (2.303)	Prec@1 0.086 (0.086)	
[2025/03/26 15:31:15] - Iter: [72][50/391]	Loss 2.302 (2.303)	Prec@1 0.156 (0.104)	
[2025/03/26 15:31:45] - Iter: [72][100/391]	Loss 2.304 (2.303)	Prec@1 0.070 (0.102)	
[2025/03/26 15:32:15] - Iter: [72][150/391]	Loss 2.302 (2.303)	Prec@1 0.125 (0.102)	
[2025/03/26 15:32:45] - Iter: [72][200/391]	Loss 2.302 (2.303)	Prec@1 0.141 (0.102)	
[2025/03/26 15:33:15] - Iter: [72][250/391]	Loss 2.304 (2.303)	Prec@1 0.078 (0.101)	
[2025/03/26 15:33:44] - Iter: [72][300/391]	Loss 2.303 (2.303)	Prec@1 0.094 (0.102)	
[2025/03/26 15:34:14] - Iter: [72][350/391]	Loss 2.303 (2.303)	Prec@1 0.133 (0.101)	
[2025/03/26 15:34:38] - Evaluating with standard images with random mask...
[2025/03/26 15:34:41] - Evaluating with PGD Attack with random mask...
[2025/03/26 15:40:44] - Test Loss: 2.3027  	 Test Acc: 0.1000  
 PGD Loss: 2.3027 	 PGD Acc: 0.1000 
 Best PGD Acc: 0.1000 	 Test Acc of best PGD ckpt: 0.1000
[2025/03/26 15:40:44] - epoch 73 lr 1.000000e-02
[2025/03/26 15:40:45] - Iter: [73][0/391]	Loss 2.301 (2.301)	Prec@1 0.148 (0.148)	
[2025/03/26 15:41:14] - Iter: [73][50/391]	Loss 2.302 (2.303)	Prec@1 0.133 (0.101)	
[2025/03/26 15:41:44] - Iter: [73][100/391]	Loss 2.301 (2.303)	Prec@1 0.141 (0.101)	
[2025/03/26 15:42:14] - Iter: [73][150/391]	Loss 2.303 (2.303)	Prec@1 0.086 (0.101)	
[2025/03/26 15:42:44] - Iter: [73][200/391]	Loss 2.303 (2.303)	Prec@1 0.117 (0.100)	
[2025/03/26 15:43:14] - Iter: [73][250/391]	Loss 2.305 (2.303)	Prec@1 0.109 (0.100)	
[2025/03/26 15:43:44] - Iter: [73][300/391]	Loss 2.302 (2.303)	Prec@1 0.133 (0.100)	
[2025/03/26 15:44:13] - Iter: [73][350/391]	Loss 2.301 (2.303)	Prec@1 0.141 (0.100)	
[2025/03/26 15:44:37] - Evaluating with standard images with random mask...
[2025/03/26 15:44:40] - Evaluating with PGD Attack with random mask...
[2025/03/26 15:50:43] - Test Loss: 2.3027  	 Test Acc: 0.1000  
 PGD Loss: 2.3027 	 PGD Acc: 0.1000 
 Best PGD Acc: 0.1000 	 Test Acc of best PGD ckpt: 0.1000
[2025/03/26 15:50:43] - epoch 74 lr 1.000000e-02
[2025/03/26 15:50:44] - Iter: [74][0/391]	Loss 2.302 (2.302)	Prec@1 0.117 (0.117)	
[2025/03/26 15:51:14] - Iter: [74][50/391]	Loss 2.302 (2.303)	Prec@1 0.117 (0.100)	
[2025/03/26 15:51:43] - Iter: [74][100/391]	Loss 2.303 (2.303)	Prec@1 0.125 (0.099)	
[2025/03/26 15:52:13] - Iter: [74][150/391]	Loss 2.303 (2.303)	Prec@1 0.094 (0.100)	
[2025/03/26 15:52:43] - Iter: [74][200/391]	Loss 2.302 (2.303)	Prec@1 0.148 (0.100)	
[2025/03/26 15:53:13] - Iter: [74][250/391]	Loss 2.305 (2.303)	Prec@1 0.078 (0.099)	
[2025/03/26 15:53:43] - Iter: [74][300/391]	Loss 2.302 (2.303)	Prec@1 0.117 (0.099)	
[2025/03/26 15:54:13] - Iter: [74][350/391]	Loss 2.304 (2.303)	Prec@1 0.070 (0.099)	
[2025/03/26 15:54:36] - Evaluating with standard images with random mask...
[2025/03/26 15:54:39] - Evaluating with PGD Attack with random mask...
[2025/03/26 16:00:42] - Test Loss: 2.3026  	 Test Acc: 0.1000  
 PGD Loss: 2.3026 	 PGD Acc: 0.1000 
 Best PGD Acc: 0.1000 	 Test Acc of best PGD ckpt: 0.1000
[2025/03/26 16:00:42] - epoch 75 lr 1.000000e-02
[2025/03/26 16:00:43] - Iter: [75][0/391]	Loss 2.302 (2.302)	Prec@1 0.094 (0.094)	
[2025/03/26 16:01:13] - Iter: [75][50/391]	Loss 2.302 (2.303)	Prec@1 0.133 (0.100)	
[2025/03/26 16:01:42] - Iter: [75][100/391]	Loss 2.303 (2.303)	Prec@1 0.109 (0.100)	
[2025/03/26 16:02:12] - Iter: [75][150/391]	Loss 2.303 (2.303)	Prec@1 0.094 (0.101)	
[2025/03/26 16:02:42] - Iter: [75][200/391]	Loss 2.302 (2.303)	Prec@1 0.117 (0.100)	
[2025/03/26 16:03:12] - Iter: [75][250/391]	Loss 2.303 (2.303)	Prec@1 0.133 (0.099)	
[2025/03/26 16:03:42] - Iter: [75][300/391]	Loss 2.303 (2.303)	Prec@1 0.117 (0.099)	
[2025/03/26 16:04:11] - Iter: [75][350/391]	Loss 2.303 (2.303)	Prec@1 0.086 (0.099)	
[2025/03/26 16:04:35] - Evaluating with standard images with random mask...
[2025/03/26 16:04:38] - Evaluating with PGD Attack with random mask...
[2025/03/26 16:10:41] - Test Loss: 2.3027  	 Test Acc: 0.1000  
 PGD Loss: 2.3027 	 PGD Acc: 0.1000 
 Best PGD Acc: 0.1000 	 Test Acc of best PGD ckpt: 0.1000
[2025/03/26 16:10:41] - epoch 76 lr 1.000000e-02
[2025/03/26 16:10:42] - Iter: [76][0/391]	Loss 2.304 (2.304)	Prec@1 0.094 (0.094)	
[2025/03/26 16:11:12] - Iter: [76][50/391]	Loss 2.302 (2.303)	Prec@1 0.117 (0.098)	
[2025/03/26 16:11:42] - Iter: [76][100/391]	Loss 2.304 (2.303)	Prec@1 0.070 (0.099)	
[2025/03/26 16:12:12] - Iter: [76][150/391]	Loss 2.303 (2.303)	Prec@1 0.109 (0.099)	
[2025/03/26 16:12:41] - Iter: [76][200/391]	Loss 2.302 (2.303)	Prec@1 0.117 (0.099)	
[2025/03/26 16:13:11] - Iter: [76][250/391]	Loss 2.302 (2.303)	Prec@1 0.133 (0.099)	
[2025/03/26 16:13:41] - Iter: [76][300/391]	Loss 2.304 (2.303)	Prec@1 0.109 (0.099)	
[2025/03/26 16:14:11] - Iter: [76][350/391]	Loss 2.303 (2.303)	Prec@1 0.094 (0.098)	
[2025/03/26 16:14:35] - Evaluating with standard images with random mask...
[2025/03/26 16:14:38] - Evaluating with PGD Attack with random mask...
[2025/03/26 16:20:41] - Test Loss: 2.3026  	 Test Acc: 0.1000  
 PGD Loss: 2.3026 	 PGD Acc: 0.1000 
 Best PGD Acc: 0.1000 	 Test Acc of best PGD ckpt: 0.1000
[2025/03/26 16:20:41] - epoch 77 lr 1.000000e-02
[2025/03/26 16:20:41] - Iter: [77][0/391]	Loss 2.303 (2.303)	Prec@1 0.125 (0.125)	
[2025/03/26 16:21:11] - Iter: [77][50/391]	Loss 2.305 (2.303)	Prec@1 0.047 (0.101)	
[2025/03/26 16:21:41] - Iter: [77][100/391]	Loss 2.303 (2.303)	Prec@1 0.102 (0.101)	
[2025/03/26 16:22:11] - Iter: [77][150/391]	Loss 2.304 (2.303)	Prec@1 0.109 (0.102)	
[2025/03/26 16:22:41] - Iter: [77][200/391]	Loss 2.304 (2.303)	Prec@1 0.070 (0.101)	
[2025/03/26 16:23:11] - Iter: [77][250/391]	Loss 2.302 (2.303)	Prec@1 0.141 (0.101)	
[2025/03/26 16:23:40] - Iter: [77][300/391]	Loss 2.303 (2.303)	Prec@1 0.086 (0.101)	
[2025/03/26 16:24:10] - Iter: [77][350/391]	Loss 2.302 (2.303)	Prec@1 0.102 (0.100)	
[2025/03/26 16:24:34] - Evaluating with standard images with random mask...
[2025/03/26 16:24:37] - Evaluating with PGD Attack with random mask...
[2025/03/26 16:30:40] - Test Loss: 2.3027  	 Test Acc: 0.1000  
 PGD Loss: 2.3027 	 PGD Acc: 0.1000 
 Best PGD Acc: 0.1000 	 Test Acc of best PGD ckpt: 0.1000
[2025/03/26 16:30:40] - epoch 78 lr 1.000000e-02
[2025/03/26 16:30:41] - Iter: [78][0/391]	Loss 2.305 (2.305)	Prec@1 0.070 (0.070)	
[2025/03/26 16:31:11] - Iter: [78][50/391]	Loss 2.304 (2.303)	Prec@1 0.094 (0.101)	
[2025/03/26 16:31:40] - Iter: [78][100/391]	Loss 2.302 (2.303)	Prec@1 0.117 (0.100)	
[2025/03/26 16:32:10] - Iter: [78][150/391]	Loss 2.304 (2.303)	Prec@1 0.070 (0.101)	
[2025/03/26 16:32:40] - Iter: [78][200/391]	Loss 2.303 (2.303)	Prec@1 0.070 (0.099)	
[2025/03/26 16:33:10] - Iter: [78][250/391]	Loss 2.302 (2.303)	Prec@1 0.125 (0.099)	
[2025/03/26 16:33:40] - Iter: [78][300/391]	Loss 2.304 (2.303)	Prec@1 0.062 (0.100)	
[2025/03/26 16:34:10] - Iter: [78][350/391]	Loss 2.303 (2.303)	Prec@1 0.094 (0.099)	
[2025/03/26 16:34:33] - Evaluating with standard images with random mask...
[2025/03/26 16:34:36] - Evaluating with PGD Attack with random mask...
[2025/03/26 16:40:39] - Test Loss: 2.3027  	 Test Acc: 0.1000  
 PGD Loss: 2.3027 	 PGD Acc: 0.1000 
 Best PGD Acc: 0.1000 	 Test Acc of best PGD ckpt: 0.1000
[2025/03/26 16:40:39] - epoch 79 lr 1.000000e-02
[2025/03/26 16:40:40] - Iter: [79][0/391]	Loss 2.303 (2.303)	Prec@1 0.078 (0.078)	
[2025/03/26 16:41:10] - Iter: [79][50/391]	Loss 2.304 (2.303)	Prec@1 0.047 (0.102)	
[2025/03/26 16:41:40] - Iter: [79][100/391]	Loss 2.304 (2.303)	Prec@1 0.133 (0.102)	
[2025/03/26 16:42:10] - Iter: [79][150/391]	Loss 2.303 (2.303)	Prec@1 0.094 (0.100)	
[2025/03/26 16:42:40] - Iter: [79][200/391]	Loss 2.303 (2.303)	Prec@1 0.117 (0.101)	
[2025/03/26 16:43:09] - Iter: [79][250/391]	Loss 2.304 (2.303)	Prec@1 0.055 (0.101)	
[2025/03/26 16:43:39] - Iter: [79][300/391]	Loss 2.303 (2.303)	Prec@1 0.117 (0.101)	
[2025/03/26 16:44:09] - Iter: [79][350/391]	Loss 2.302 (2.303)	Prec@1 0.125 (0.100)	
[2025/03/26 16:44:33] - Evaluating with standard images with random mask...
[2025/03/26 16:44:36] - Evaluating with PGD Attack with random mask...
[2025/03/26 16:50:39] - Test Loss: 2.3027  	 Test Acc: 0.1000  
 PGD Loss: 2.3027 	 PGD Acc: 0.1000 
 Best PGD Acc: 0.1000 	 Test Acc of best PGD ckpt: 0.1000
[2025/03/26 16:50:39] - epoch 80 lr 1.000000e-02
[2025/03/26 16:50:40] - Iter: [80][0/391]	Loss 2.302 (2.302)	Prec@1 0.078 (0.078)	
[2025/03/26 16:51:10] - Iter: [80][50/391]	Loss 2.306 (2.303)	Prec@1 0.047 (0.100)	
[2025/03/26 16:51:39] - Iter: [80][100/391]	Loss 2.299 (2.303)	Prec@1 0.125 (0.101)	
[2025/03/26 16:52:09] - Iter: [80][150/391]	Loss 2.302 (2.303)	Prec@1 0.086 (0.100)	
[2025/03/26 16:52:39] - Iter: [80][200/391]	Loss 2.302 (2.303)	Prec@1 0.094 (0.100)	
[2025/03/26 16:53:09] - Iter: [80][250/391]	Loss 2.302 (2.303)	Prec@1 0.141 (0.100)	
[2025/03/26 16:53:39] - Iter: [80][300/391]	Loss 2.304 (2.303)	Prec@1 0.086 (0.100)	
[2025/03/26 16:54:09] - Iter: [80][350/391]	Loss 2.301 (2.303)	Prec@1 0.109 (0.100)	
[2025/03/26 16:54:32] - Evaluating with standard images with random mask...
[2025/03/26 16:54:35] - Evaluating with PGD Attack with random mask...
